    {
        "timestamp": "/Date(1782969813782)/",
        "source": "windows_defender",
        "event_id": 1117,
        "event_type": "remediation_started",
        "severity": "medium",
        "hostname": "NYLPC0LWVEN",
        "provider": "Microsoft-Windows-Windows Defender",
        "message": "Microsoft Defender Antivirus has detected malware or potentially unwanted software using Defender security intelligence and applied the remediation action defined in the security settings.\r\n For more information please see the following:\r\nhttps://go.microsoft.com/fwlink/?linkid=37020&name=Trojan:Win64/Shellcoderunner!MSR&threatid=2147832953&enterprise=0\r\n \tName: Trojan:Win64/Shellcoderunner!MSR\r\n \tID: 2147832953\r\n \tSeverity: Severe\r\n \tCategory: Trojan\r\n \tPath: file:_C:\\Users\\Admin\\Desktop\\caldera\\plugins\\atomic\\data\\atomic-red-team\\atomics\\T1055.004\\bin\\x64\\NtQueueApcThreadEx.exe; file:_C:\\Users\\Admin\\Desktop\\caldera\\plugins\\atomic\\data\\atomic-red-team\\atomics\\T1055.012\\bin\\x64\\CreateProcessWithPipe.exe; file:_C:\\Users\\Admin\\Desktop\\caldera\\plugins\\atomic\\data\\atomic-red-team\\atomics\\T1106\\bin\\x64\\Syscall.exe\r\n \tDetection Origin: Local machine\r\n \tDetection Type: Concrete\r\n \tDetection Source: Real-Time Protection\r\n \tUser: NT AUTHORITY\\SYSTEM\r\n \tProcess Name: C:\\Windows\\System32\\dllhost.exe\r\n \tAction: Quarantine\r\n \tAction Status:  No additional actions required\r\n \tError Code: 0x00000000\r\n \tError description: The operation completed successfully. \r\n \tSecurity intelligence Version: AV: 1.453.382.0, AS: 1.453.382.0, NIS: 1.453.382.0\r\n \tEngine Version: AM: 1.1.26050.11, NIS: 1.1.26050.11",
        "raw": {
            "TimeCreated": "/Date(1782969813782)/",
            "Id": 1117,
            "ProviderName": "Microsoft-Windows-Windows Defender",
            "MachineName": "NYLPC0LWVEN",
            "Message": "Microsoft Defender Antivirus has detected malware or potentially unwanted software using Defender security intelligence and applied the remediation action defined in the security settings.\r\n For more information please see the following:\r\nhttps://go.microsoft.com/fwlink/?linkid=37020&name=Trojan:Win64/Shellcoderunner!MSR&threatid=2147832953&enterprise=0\r\n \tName: Trojan:Win64/Shellcoderunner!MSR\r\n \tID: 2147832953\r\n \tSeverity: Severe\r\n \tCategory: Trojan\r\n \tPath: file:_C:\\Users\\Admin\\Desktop\\caldera\\plugins\\atomic\\data\\atomic-red-team\\atomics\\T1055.004\\bin\\x64\\NtQueueApcThreadEx.exe; file:_C:\\Users\\Admin\\Desktop\\caldera\\plugins\\atomic\\data\\atomic-red-team\\atomics\\T1055.012\\bin\\x64\\CreateProcessWithPipe.exe; file:_C:\\Users\\Admin\\Desktop\\caldera\\plugins\\atomic\\data\\atomic-red-team\\atomics\\T1106\\bin\\x64\\Syscall.exe\r\n \tDetection Origin: Local machine\r\n \tDetection Type: Concrete\r\n \tDetection Source: Real-Time Protection\r\n \tUser: NT AUTHORITY\\SYSTEM\r\n \tProcess Name: C:\\Windows\\System32\\dllhost.exe\r\n \tAction: Quarantine\r\n \tAction Status:  No additional actions required\r\n \tError Code: 0x00000000\r\n \tError description: The operation completed successfully. \r\n \tSecurity intelligence Version: AV: 1.453.382.0, AS: 1.453.382.0, NIS: 1.453.382.0\r\n \tEngine Version: AM: 1.1.26050.11, NIS: 1.1.26050.11"
        }
    },
    {
        "timestamp": "/Date(1782969813778)/",
        "source": "windows_defender",
        "event_id": 1117,
        "event_type": "remediation_started",
        "severity": "medium",
        "hostname": "NYLPC0LWVEN",
        "provider": "Microsoft-Windows-Windows Defender",
        "message": "Microsoft Defender Antivirus has detected malware or potentially unwanted software using Defender security intelligence and applied the remediation action defined in the security settings.\r\n For more information please see the following:\r\nhttps://go.microsoft.com/fwlink/?linkid=37020&name=Trojan:Win64/Malgent!MSR&threatid=2147782947&enterprise=0\r\n \tName: Trojan:Win64/Malgent!MSR\r\n \tID: 2147782947\r\n \tSeverity: Severe\r\n \tCategory: Trojan\r\n \tPath: file:_C:\\Users\\Admin\\Desktop\\caldera\\plugins\\atomic\\data\\atomic-red-team\\atomics\\T1055.004\\bin\\x64\\EarlyBird.exe; file:_C:\\Users\\Admin\\Desktop\\caldera\\plugins\\atomic\\data\\atomic-red-team\\atomics\\T1055\\bin\\x64\\CreateThread.exe; file:_C:\\Users\\Admin\\Desktop\\caldera\\plugins\\atomic\\data\\atomic-red-team\\atomics\\T1055\\bin\\x64\\uuid_injection.exe; file:_C:\\Users\\Admin\\Desktop\\caldera\\plugins\\atomic\\data\\atomic-red-team\\atomics\\T1574.001\\bin\\libcurl.dll\r\n \tDetection Origin: Local machine\r\n \tDetection Type: Concrete\r\n \tDetection Source: Real-Time Protection\r\n \tUser: NT AUTHORITY\\SYSTEM\r\n \tProcess Name: C:\\Windows\\System32\\dllhost.exe\r\n \tAction: Quarantine\r\n \tAction Status:  No additional actions required\r\n \tError Code: 0x00000000\r\n \tError description: The operation completed successfully. \r\n \tSecurity intelligence Version: AV: 1.453.382.0, AS: 1.453.382.0, NIS: 1.453.382.0\r\n \tEngine Version: AM: 1.1.26050.11, NIS: 1.1.26050.11",
        "raw": {
            "TimeCreated": "/Date(1782969813778)/",
            "Id": 1117,
            "ProviderName": "Microsoft-Windows-Windows Defender",
            "MachineName": "NYLPC0LWVEN",
            "Message": "Microsoft Defender Antivirus has detected malware or potentially unwanted software using Defender security intelligence and applied the remediation action defined in the security settings.\r\n For more information please see the following:\r\nhttps://go.microsoft.com/fwlink/?linkid=37020&name=Trojan:Win64/Malgent!MSR&threatid=2147782947&enterprise=0\r\n \tName: Trojan:Win64/Malgent!MSR\r\n \tID: 2147782947\r\n \tSeverity: Severe\r\n \tCategory: Trojan\r\n \tPath: file:_C:\\Users\\Admin\\Desktop\\caldera\\plugins\\atomic\\data\\atomic-red-team\\atomics\\T1055.004\\bin\\x64\\EarlyBird.exe; file:_C:\\Users\\Admin\\Desktop\\caldera\\plugins\\atomic\\data\\atomic-red-team\\atomics\\T1055\\bin\\x64\\CreateThread.exe; file:_C:\\Users\\Admin\\Desktop\\caldera\\plugins\\atomic\\data\\atomic-red-team\\atomics\\T1055\\bin\\x64\\uuid_injection.exe; file:_C:\\Users\\Admin\\Desktop\\caldera\\plugins\\atomic\\data\\atomic-red-team\\atomics\\T1574.001\\bin\\libcurl.dll\r\n \tDetection Origin: Local machine\r\n \tDetection Type: Concrete\r\n \tDetection Source: Real-Time Protection\r\n \tUser: NT AUTHORITY\\SYSTEM\r\n \tProcess Name: C:\\Windows\\System32\\dllhost.exe\r\n \tAction: Quarantine\r\n \tAction Status:  No additional actions required\r\n \tError Code: 0x00000000\r\n \tError description: The operation completed successfully. \r\n \tSecurity intelligence Version: AV: 1.453.382.0, AS: 1.453.382.0, NIS: 1.453.382.0\r\n \tEngine Version: AM: 1.1.26050.11, NIS: 1.1.26050.11"
        }
    },
    {
        "timestamp": "/Date(1782969813775)/",
        "source": "windows_defender",
        "event_id": 1117,
        "event_type": "remediation_started",
        "severity": "medium",
        "hostname": "NYLPC0LWVEN",
        "provider": "Microsoft-Windows-Windows Defender",
        "message": "Microsoft Defender Antivirus has detected malware or potentially unwanted software using Defender security intelligence and applied the remediation action defined in the security settings.\r\n For more information please see the following:\r\nhttps://go.microsoft.com/fwlink/?linkid=37020&name=Trojan:Win32/Skeeyah!MTB&threatid=2147731129&enterprise=0\r\n \tName: Trojan:Win32/Skeeyah!MTB\r\n \tID: 2147731129\r\n \tSeverity: Severe\r\n \tCategory: Trojan\r\n \tPath: file:_C:\\Users\\Admin\\Desktop\\caldera\\plugins\\atomic\\data\\atomic-red-team\\atomics\\T1055.004\\bin\\T1055.exe\r\n \tDetection Origin: Local machine\r\n \tDetection Type: Concrete\r\n \tDetection Source: Real-Time Protection\r\n \tUser: NT AUTHORITY\\SYSTEM\r\n \tProcess Name: C:\\Windows\\System32\\dllhost.exe\r\n \tAction: Quarantine\r\n \tAction Status:  No additional actions required\r\n \tError Code: 0x00000000\r\n \tError description: The operation completed successfully. \r\n \tSecurity intelligence Version: AV: 1.453.382.0, AS: 1.453.382.0, NIS: 1.453.382.0\r\n \tEngine Version: AM: 1.1.26050.11, NIS: 1.1.26050.11",
        "raw": {
            "TimeCreated": "/Date(1782969813775)/",
            "Id": 1117,
            "ProviderName": "Microsoft-Windows-Windows Defender",
            "MachineName": "NYLPC0LWVEN",
            "Message": "Microsoft Defender Antivirus has detected malware or potentially unwanted software using Defender security intelligence and applied the remediation action defined in the security settings.\r\n For more information please see the following:\r\nhttps://go.microsoft.com/fwlink/?linkid=37020&name=Trojan:Win32/Skeeyah!MTB&threatid=2147731129&enterprise=0\r\n \tName: Trojan:Win32/Skeeyah!MTB\r\n \tID: 2147731129\r\n \tSeverity: Severe\r\n \tCategory: Trojan\r\n \tPath: file:_C:\\Users\\Admin\\Desktop\\caldera\\plugins\\atomic\\data\\atomic-red-team\\atomics\\T1055.004\\bin\\T1055.exe\r\n \tDetection Origin: Local machine\r\n \tDetection Type: Concrete\r\n \tDetection Source: Real-Time Protection\r\n \tUser: NT AUTHORITY\\SYSTEM\r\n \tProcess Name: C:\\Windows\\System32\\dllhost.exe\r\n \tAction: Quarantine\r\n \tAction Status:  No additional actions required\r\n \tError Code: 0x00000000\r\n \tError description: The operation completed successfully. \r\n \tSecurity intelligence Version: AV: 1.453.382.0, AS: 1.453.382.0, NIS: 1.453.382.0\r\n \tEngine Version: AM: 1.1.26050.11, NIS: 1.1.26050.11"
        }
    },
    {
        "timestamp": "/Date(1782969813770)/",
        "source": "windows_defender",
        "event_id": 1117,
        "event_type": "remediation_started",
        "severity": "medium",
        "hostname": "NYLPC0LWVEN",
        "provider": "Microsoft-Windows-Windows Defender",
        "message": "Microsoft Defender Antivirus has detected malware or potentially unwanted software using Defender security intelligence and applied the remediation action defined in the security settings.\r\n For more information please see the following:\r\nhttps://go.microsoft.com/fwlink/?linkid=37020&name=VirTool:Win32/Meterpreter&threatid=2147765144&enterprise=0\r\n \tName: VirTool:Win32/Meterpreter\r\n \tID: 2147765144\r\n \tSeverity: Severe\r\n \tCategory: Tool\r\n \tPath: file:_C:\\Users\\Admin\\Desktop\\caldera\\plugins\\atomic\\data\\atomic-red-team\\atomics\\T1055.003\\bin\\InjectContext.exe; file:_C:\\Users\\Admin\\Desktop\\caldera\\plugins\\atomic\\data\\atomic-red-team\\atomics\\T1055\\bin\\x64\\InjectView.exe\r\n \tDetection Origin: Local machine\r\n \tDetection Type: Concrete\r\n \tDetection Source: Real-Time Protection\r\n \tUser: NT AUTHORITY\\SYSTEM\r\n \tProcess Name: C:\\Windows\\System32\\dllhost.exe\r\n \tAction: Quarantine\r\n \tAction Status:  No additional actions required\r\n \tError Code: 0x00000000\r\n \tError description: The operation completed successfully. \r\n \tSecurity intelligence Version: AV: 1.453.382.0, AS: 1.453.382.0, NIS: 1.453.382.0\r\n \tEngine Version: AM: 1.1.26050.11, NIS: 1.1.26050.11",
        "raw": {
            "TimeCreated": "/Date(1782969813770)/",
            "Id": 1117,
            "ProviderName": "Microsoft-Windows-Windows Defender",
            "MachineName": "NYLPC0LWVEN",
            "Message": "Microsoft Defender Antivirus has detected malware or potentially unwanted software using Defender security intelligence and applied the remediation action defined in the security settings.\r\n For more information please see the following:\r\nhttps://go.microsoft.com/fwlink/?linkid=37020&name=VirTool:Win32/Meterpreter&threatid=2147765144&enterprise=0\r\n \tName: VirTool:Win32/Meterpreter\r\n \tID: 2147765144\r\n \tSeverity: Severe\r\n \tCategory: Tool\r\n \tPath: file:_C:\\Users\\Admin\\Desktop\\caldera\\plugins\\atomic\\data\\atomic-red-team\\atomics\\T1055.003\\bin\\InjectContext.exe; file:_C:\\Users\\Admin\\Desktop\\caldera\\plugins\\atomic\\data\\atomic-red-team\\atomics\\T1055\\bin\\x64\\InjectView.exe\r\n \tDetection Origin: Local machine\r\n \tDetection Type: Concrete\r\n \tDetection Source: Real-Time Protection\r\n \tUser: NT AUTHORITY\\SYSTEM\r\n \tProcess Name: C:\\Windows\\System32\\dllhost.exe\r\n \tAction: Quarantine\r\n \tAction Status:  No additional actions required\r\n \tError Code: 0x00000000\r\n \tError description: The operation completed successfully. \r\n \tSecurity intelligence Version: AV: 1.453.382.0, AS: 1.453.382.0, NIS: 1.453.382.0\r\n \tEngine Version: AM: 1.1.26050.11, NIS: 1.1.26050.11"
        }
    },
    {
        "timestamp": "/Date(1782969813767)/",
        "source": "windows_defender",
        "event_id": 1117,
        "event_type": "remediation_started",
        "severity": "medium",
        "hostname": "NYLPC0LWVEN",
        "provider": "Microsoft-Windows-Windows Defender",
        "message": "Microsoft Defender Antivirus has detected malware or potentially unwanted software using Defender security intelligence and applied the remediation action defined in the security settings.\r\n For more information please see the following:\r\nhttps://go.microsoft.com/fwlink/?linkid=37020&name=Trojan:Win64/Phave.MK!MTB&threatid=2147965658&enterprise=0\r\n \tName: Trojan:Win64/Phave.MK!MTB\r\n \tID: 2147965658\r\n \tSeverity: Severe\r\n \tCategory: Trojan\r\n \tPath: file:_C:\\Users\\Admin\\Desktop\\caldera\\plugins\\atomic\\data\\atomic-red-team\\atomics\\T1055.002\\bin\\RedInjection.exe\r\n \tDetection Origin: Local machine\r\n \tDetection Type: Concrete\r\n \tDetection Source: Real-Time Protection\r\n \tUser: NT AUTHORITY\\SYSTEM\r\n \tProcess Name: C:\\Windows\\System32\\dllhost.exe\r\n \tAction: Quarantine\r\n \tAction Status:  No additional actions required\r\n \tError Code: 0x00000000\r\n \tError description: The operation completed successfully. \r\n \tSecurity intelligence Version: AV: 1.453.382.0, AS: 1.453.382.0, NIS: 1.453.382.0\r\n \tEngine Version: AM: 1.1.26050.11, NIS: 1.1.26050.11",
        "raw": {
            "TimeCreated": "/Date(1782969813767)/",
            "Id": 1117,
            "ProviderName": "Microsoft-Windows-Windows Defender",
            "MachineName": "NYLPC0LWVEN",
            "Message": "Microsoft Defender Antivirus has detected malware or potentially unwanted software using Defender security intelligence and applied the remediation action defined in the security settings.\r\n For more information please see the following:\r\nhttps://go.microsoft.com/fwlink/?linkid=37020&name=Trojan:Win64/Phave.MK!MTB&threatid=2147965658&enterprise=0\r\n \tName: Trojan:Win64/Phave.MK!MTB\r\n \tID: 2147965658\r\n \tSeverity: Severe\r\n \tCategory: Trojan\r\n \tPath: file:_C:\\Users\\Admin\\Desktop\\caldera\\plugins\\atomic\\data\\atomic-red-team\\atomics\\T1055.002\\bin\\RedInjection.exe\r\n \tDetection Origin: Local machine\r\n \tDetection Type: Concrete\r\n \tDetection Source: Real-Time Protection\r\n \tUser: NT AUTHORITY\\SYSTEM\r\n \tProcess Name: C:\\Windows\\System32\\dllhost.exe\r\n \tAction: Quarantine\r\n \tAction Status:  No additional actions required\r\n \tError Code: 0x00000000\r\n \tError description: The operation completed successfully. \r\n \tSecurity intelligence Version: AV: 1.453.382.0, AS: 1.453.382.0, NIS: 1.453.382.0\r\n \tEngine Version: AM: 1.1.26050.11, NIS: 1.1.26050.11"
        }
    },
    {
        "timestamp": "/Date(1782969813763)/",
        "source": "windows_defender",
        "event_id": 1117,
        "event_type": "remediation_started",
        "severity": "medium",
        "hostname": "NYLPC0LWVEN",
        "provider": "Microsoft-Windows-Windows Defender",
        "message": "Microsoft Defender Antivirus has detected malware or potentially unwanted software using Defender security intelligence and applied the remediation action defined in the security settings.\r\n For more information please see the following:\r\nhttps://go.microsoft.com/fwlink/?linkid=37020&name=Trojan:Win32/Malgent!AMTB&threatid=2147929796&enterprise=0\r\n \tName: Trojan:Win32/Malgent!AMTB\r\n \tID: 2147929796\r\n \tSeverity: Severe\r\n \tCategory: Trojan\r\n \tPath: file:_C:\\Users\\Admin\\Desktop\\caldera\\plugins\\atomic\\data\\atomic-red-team\\atomics\\T1055.001\\src\\x64\\T1055.001.dll; file:_C:\\Users\\Admin\\Desktop\\caldera\\plugins\\atomic\\data\\atomic-red-team\\atomics\\T1055.004\\src\\x64\\T1055.dll; file:_C:\\Users\\Admin\\Desktop\\caldera\\plugins\\atomic\\data\\atomic-red-team\\atomics\\T1056.004\\src\\x64\\T1056.004.dll; file:_C:\\Users\\Admin\\Desktop\\caldera\\plugins\\atomic\\data\\atomic-red-team\\atomics\\T1218\\src\\x64\\T1218.dll\r\n \tDetection Origin: Local machine\r\n \tDetection Type: Concrete\r\n \tDetection Source: Real-Time Protection\r\n \tUser: NT AUTHORITY\\SYSTEM\r\n \tProcess Name: C:\\Windows\\System32\\dllhost.exe\r\n \tAction: Quarantine\r\n \tAction Status:  No additional actions required\r\n \tError Code: 0x00000000\r\n \tError description: The operation completed successfully. \r\n \tSecurity intelligence Version: AV: 1.453.382.0, AS: 1.453.382.0, NIS: 1.453.382.0\r\n \tEngine Version: AM: 1.1.26050.11, NIS: 1.1.26050.11",
        "raw": {
            "TimeCreated": "/Date(1782969813763)/",
            "Id": 1117,
            "ProviderName": "Microsoft-Windows-Windows Defender",
            "MachineName": "NYLPC0LWVEN",
            "Message": "Microsoft Defender Antivirus has detected malware or potentially unwanted software using Defender security intelligence and applied the remediation action defined in the security settings.\r\n For more information please see the following:\r\nhttps://go.microsoft.com/fwlink/?linkid=37020&name=Trojan:Win32/Malgent!AMTB&threatid=2147929796&enterprise=0\r\n \tName: Trojan:Win32/Malgent!AMTB\r\n \tID: 2147929796\r\n \tSeverity: Severe\r\n \tCategory: Trojan\r\n \tPath: file:_C:\\Users\\Admin\\Desktop\\caldera\\plugins\\atomic\\data\\atomic-red-team\\atomics\\T1055.001\\src\\x64\\T1055.001.dll; file:_C:\\Users\\Admin\\Desktop\\caldera\\plugins\\atomic\\data\\atomic-red-team\\atomics\\T1055.004\\src\\x64\\T1055.dll; file:_C:\\Users\\Admin\\Desktop\\caldera\\plugins\\atomic\\data\\atomic-red-team\\atomics\\T1056.004\\src\\x64\\T1056.004.dll; file:_C:\\Users\\Admin\\Desktop\\caldera\\plugins\\atomic\\data\\atomic-red-team\\atomics\\T1218\\src\\x64\\T1218.dll\r\n \tDetection Origin: Local machine\r\n \tDetection Type: Concrete\r\n \tDetection Source: Real-Time Protection\r\n \tUser: NT AUTHORITY\\SYSTEM\r\n \tProcess Name: C:\\Windows\\System32\\dllhost.exe\r\n \tAction: Quarantine\r\n \tAction Status:  No additional actions required\r\n \tError Code: 0x00000000\r\n \tError description: The operation completed successfully. \r\n \tSecurity intelligence Version: AV: 1.453.382.0, AS: 1.453.382.0, NIS: 1.453.382.0\r\n \tEngine Version: AM: 1.1.26050.11, NIS: 1.1.26050.11"
        }
    },
    {
        "timestamp": "/Date(1782969813760)/",
        "source": "windows_defender",
        "event_id": 1117,
        "event_type": "remediation_started",
        "severity": "medium",
        "hostname": "NYLPC0LWVEN",
        "provider": "Microsoft-Windows-Windows Defender",
        "message": "Microsoft Defender Antivirus has detected malware or potentially unwanted software using Defender security intelligence and applied the remediation action defined in the security settings.\r\n For more information please see the following:\r\nhttps://go.microsoft.com/fwlink/?linkid=37020&name=Trojan:Win32/CryptInject!MSR&threatid=2147742967&enterprise=0\r\n \tName: Trojan:Win32/CryptInject!MSR\r\n \tID: 2147742967\r\n \tSeverity: Severe\r\n \tCategory: Trojan\r\n \tPath: file:_C:\\Users\\Admin\\Desktop\\caldera\\plugins\\atomic\\data\\atomic-red-team\\atomics\\T1036.003\\bin\\T1036.003.exe\r\n \tDetection Origin: Local machine\r\n \tDetection Type: Concrete\r\n \tDetection Source: Real-Time Protection\r\n \tUser: NT AUTHORITY\\SYSTEM\r\n \tProcess Name: C:\\Windows\\System32\\dllhost.exe\r\n \tAction: Quarantine\r\n \tAction Status:  No additional actions required\r\n \tError Code: 0x00000000\r\n \tError description: The operation completed successfully. \r\n \tSecurity intelligence Version: AV: 1.453.382.0, AS: 1.453.382.0, NIS: 1.453.382.0\r\n \tEngine Version: AM: 1.1.26050.11, NIS: 1.1.26050.11",
        "raw": {
            "TimeCreated": "/Date(1782969813760)/",
            "Id": 1117,
            "ProviderName": "Microsoft-Windows-Windows Defender",
            "MachineName": "NYLPC0LWVEN",
            "Message": "Microsoft Defender Antivirus has detected malware or potentially unwanted software using Defender security intelligence and applied the remediation action defined in the security settings.\r\n For more information please see the following:\r\nhttps://go.microsoft.com/fwlink/?linkid=37020&name=Trojan:Win32/CryptInject!MSR&threatid=2147742967&enterprise=0\r\n \tName: Trojan:Win32/CryptInject!MSR\r\n \tID: 2147742967\r\n \tSeverity: Severe\r\n \tCategory: Trojan\r\n \tPath: file:_C:\\Users\\Admin\\Desktop\\caldera\\plugins\\atomic\\data\\atomic-red-team\\atomics\\T1036.003\\bin\\T1036.003.exe\r\n \tDetection Origin: Local machine\r\n \tDetection Type: Concrete\r\n \tDetection Source: Real-Time Protection\r\n \tUser: NT AUTHORITY\\SYSTEM\r\n \tProcess Name: C:\\Windows\\System32\\dllhost.exe\r\n \tAction: Quarantine\r\n \tAction Status:  No additional actions required\r\n \tError Code: 0x00000000\r\n \tError description: The operation completed successfully. \r\n \tSecurity intelligence Version: AV: 1.453.382.0, AS: 1.453.382.0, NIS: 1.453.382.0\r\n \tEngine Version: AM: 1.1.26050.11, NIS: 1.1.26050.11"
        }
    }
]