[
    {
        "timestamp": "/Date(1783605463205)/",
        "source": "windows_defender",
        "event_id": 5007,
        "event_type": "defender_configuration_changed",
        "severity": "medium",
        "hostname": "NYLPC0LWVEN",
        "provider": "Microsoft-Windows-Windows Defender",
        "message": "Microsoft Defender Antivirus Configuration has changed. If this is an unexpected event you should review the settings as this may be the result of malware.\r\n \tOld value: HKLM\\SOFTWARE\\Microsoft\\Windows Defender\\UX Configuration\\ToastOrSsoTrigger = 0x1\r\n \tNew value: HKLM\\SOFTWARE\\Microsoft\\Windows Defender\\UX Configuration\\ToastOrSsoTrigger = 0x0",
        "raw": {
            "TimeCreated": "/Date(1783605463205)/",
            "Id": 5007,
            "ProviderName": "Microsoft-Windows-Windows Defender",
            "MachineName": "NYLPC0LWVEN",
            "Message": "Microsoft Defender Antivirus Configuration has changed. If this is an unexpected event you should review the settings as this may be the result of malware.\r\n \tOld value: HKLM\\SOFTWARE\\Microsoft\\Windows Defender\\UX Configuration\\ToastOrSsoTrigger = 0x1\r\n \tNew value: HKLM\\SOFTWARE\\Microsoft\\Windows Defender\\UX Configuration\\ToastOrSsoTrigger = 0x0"
        }
    },
    {
        "timestamp": "/Date(1783567202596)/",
        "source": "windows_defender",
        "event_id": 5007,
        "event_type": "defender_configuration_changed",
        "severity": "medium",
        "hostname": "NYLPC0LWVEN",
        "provider": "Microsoft-Windows-Windows Defender",
        "message": "Microsoft Defender Antivirus Configuration has changed. If this is an unexpected event you should review the settings as this may be the result of malware.\r\n \tOld value: HKLM\\SOFTWARE\\Microsoft\\Windows Defender\\ServiceStartStates = 0x1\r\n \tNew value: Default\\ServiceStartStates = 0x0",
        "raw": {
            "TimeCreated": "/Date(1783567202596)/",
            "Id": 5007,
            "ProviderName": "Microsoft-Windows-Windows Defender",
            "MachineName": "NYLPC0LWVEN",
            "Message": "Microsoft Defender Antivirus Configuration has changed. If this is an unexpected event you should review the settings as this may be the result of malware.\r\n \tOld value: HKLM\\SOFTWARE\\Microsoft\\Windows Defender\\ServiceStartStates = 0x1\r\n \tNew value: Default\\ServiceStartStates = 0x0"
        }
    },
    {
        "timestamp": "/Date(1783567155051)/",
        "source": "windows_defender",
        "event_id": 5007,
        "event_type": "defender_configuration_changed",
        "severity": "medium",
        "hostname": "NYLPC0LWVEN",
        "provider": "Microsoft-Windows-Windows Defender",
        "message": "Microsoft Defender Antivirus Configuration has changed. If this is an unexpected event you should review the settings as this may be the result of malware.\r\n \tOld value: HKLM\\SOFTWARE\\Microsoft\\Windows Defender\\Diagnostics\\InitializingComponentProgress = LoadingEngine\r\n \tNew value: HKLM\\SOFTWARE\\Microsoft\\Windows Defender\\Diagnostics\\InitializingComponentProgress = ServiceStartedSuccessfully",
        "raw": {
            "TimeCreated": "/Date(1783567155051)/",
            "Id": 5007,
            "ProviderName": "Microsoft-Windows-Windows Defender",
            "MachineName": "NYLPC0LWVEN",
            "Message": "Microsoft Defender Antivirus Configuration has changed. If this is an unexpected event you should review the settings as this may be the result of malware.\r\n \tOld value: HKLM\\SOFTWARE\\Microsoft\\Windows Defender\\Diagnostics\\InitializingComponentProgress = LoadingEngine\r\n \tNew value: HKLM\\SOFTWARE\\Microsoft\\Windows Defender\\Diagnostics\\InitializingComponentProgress = ServiceStartedSuccessfully"
        }
    },
    {
        "timestamp": "/Date(1783567155050)/",
        "source": "windows_defender",
        "event_id": 5007,
        "event_type": "defender_configuration_changed",
        "severity": "medium",
        "hostname": "NYLPC0LWVEN",
        "provider": "Microsoft-Windows-Windows Defender",
        "message": "Microsoft Defender Antivirus Configuration has changed. If this is an unexpected event you should review the settings as this may be the result of malware.\r\n \tOld value: Default\\ProductAppDataPath = C:\\ProgramData\\Microsoft\\Windows Defender\r\n \tNew value: HKLM\\SOFTWARE\\Microsoft\\Windows Defender\\ProductAppDataPath = C:\\ProgramData\\Microsoft\\Windows Defender",
        "raw": {
            "TimeCreated": "/Date(1783567155050)/",
            "Id": 5007,
            "ProviderName": "Microsoft-Windows-Windows Defender",
            "MachineName": "NYLPC0LWVEN",
            "Message": "Microsoft Defender Antivirus Configuration has changed. If this is an unexpected event you should review the settings as this may be the result of malware.\r\n \tOld value: Default\\ProductAppDataPath = C:\\ProgramData\\Microsoft\\Windows Defender\r\n \tNew value: HKLM\\SOFTWARE\\Microsoft\\Windows Defender\\ProductAppDataPath = C:\\ProgramData\\Microsoft\\Windows Defender"
        }
    },
    {
        "timestamp": "/Date(1783567155049)/",
        "source": "windows_defender",
        "event_id": 5007,
        "event_type": "defender_configuration_changed",
        "severity": "medium",
        "hostname": "NYLPC0LWVEN",
        "provider": "Microsoft-Windows-Windows Defender",
        "message": "Microsoft Defender Antivirus Configuration has changed. If this is an unexpected event you should review the settings as this may be the result of malware.\r\n \tOld value: HKLM\\SOFTWARE\\Microsoft\\Windows Defender\\InstallLocation = C:\\ProgramData\\Microsoft\\Windows Defender\\Platform\\4.18.26050.15-0\\\r\n \tNew value: HKLM\\SOFTWARE\\Microsoft\\Windows Defender\\InstallLocation = C:\\ProgramData\\Microsoft\\Windows Defender\\Platform\\4.18.26060.3008-0\\",
        "raw": {
            "TimeCreated": "/Date(1783567155049)/",
            "Id": 5007,
            "ProviderName": "Microsoft-Windows-Windows Defender",
            "MachineName": "NYLPC0LWVEN",
            "Message": "Microsoft Defender Antivirus Configuration has changed. If this is an unexpected event you should review the settings as this may be the result of malware.\r\n \tOld value: HKLM\\SOFTWARE\\Microsoft\\Windows Defender\\InstallLocation = C:\\ProgramData\\Microsoft\\Windows Defender\\Platform\\4.18.26050.15-0\\\r\n \tNew value: HKLM\\SOFTWARE\\Microsoft\\Windows Defender\\InstallLocation = C:\\ProgramData\\Microsoft\\Windows Defender\\Platform\\4.18.26060.3008-0\\"
        }
    },
    {
        "timestamp": "/Date(1783567142713)/",
        "source": "windows_defender",
        "event_id": 5007,
        "event_type": "defender_configuration_changed",
        "severity": "medium",
        "hostname": "NYLPC0LWVEN",
        "provider": "Microsoft-Windows-Windows Defender",
        "message": "Microsoft Defender Antivirus Configuration has changed. If this is an unexpected event you should review the settings as this may be the result of malware.\r\n \tOld value: HKLM\\SOFTWARE\\Microsoft\\Windows Defender\\Diagnostics\\InitializingComponentProgress = InitRtpPlugin\r\n \tNew value: HKLM\\SOFTWARE\\Microsoft\\Windows Defender\\Diagnostics\\InitializingComponentProgress = LoadingEngine",
        "raw": {
            "TimeCreated": "/Date(1783567142713)/",
            "Id": 5007,
            "ProviderName": "Microsoft-Windows-Windows Defender",
            "MachineName": "NYLPC0LWVEN",
            "Message": "Microsoft Defender Antivirus Configuration has changed. If this is an unexpected event you should review the settings as this may be the result of malware.\r\n \tOld value: HKLM\\SOFTWARE\\Microsoft\\Windows Defender\\Diagnostics\\InitializingComponentProgress = InitRtpPlugin\r\n \tNew value: HKLM\\SOFTWARE\\Microsoft\\Windows Defender\\Diagnostics\\InitializingComponentProgress = LoadingEngine"
        }
    },
    {
        "timestamp": "/Date(1783567142167)/",
        "source": "windows_defender",
        "event_id": 5007,
        "event_type": "defender_configuration_changed",
        "severity": "medium",
        "hostname": "NYLPC0LWVEN",
        "provider": "Microsoft-Windows-Windows Defender",
        "message": "Microsoft Defender Antivirus Configuration has changed. If this is an unexpected event you should review the settings as this may be the result of malware.\r\n \tOld value: HKLM\\SOFTWARE\\Microsoft\\Windows Defender\\Diagnostics\\InitializingComponentProgress = PostPlatformUpdate\r\n \tNew value: HKLM\\SOFTWARE\\Microsoft\\Windows Defender\\Diagnostics\\InitializingComponentProgress = InitRtpPlugin",
        "raw": {
            "TimeCreated": "/Date(1783567142167)/",
            "Id": 5007,
            "ProviderName": "Microsoft-Windows-Windows Defender",
            "MachineName": "NYLPC0LWVEN",
            "Message": "Microsoft Defender Antivirus Configuration has changed. If this is an unexpected event you should review the settings as this may be the result of malware.\r\n \tOld value: HKLM\\SOFTWARE\\Microsoft\\Windows Defender\\Diagnostics\\InitializingComponentProgress = PostPlatformUpdate\r\n \tNew value: HKLM\\SOFTWARE\\Microsoft\\Windows Defender\\Diagnostics\\InitializingComponentProgress = InitRtpPlugin"
        }
    },
    {
        "timestamp": "/Date(1783567142164)/",
        "source": "windows_defender",
        "event_id": 5007,
        "event_type": "defender_configuration_changed",
        "severity": "medium",
        "hostname": "NYLPC0LWVEN",
        "provider": "Microsoft-Windows-Windows Defender",
        "message": "Microsoft Defender Antivirus Configuration has changed. If this is an unexpected event you should review the settings as this may be the result of malware.\r\n \tOld value: Default\\ServiceStartStates = 0x0\r\n \tNew value: HKLM\\SOFTWARE\\Microsoft\\Windows Defender\\ServiceStartStates = 0x1",
        "raw": {
            "TimeCreated": "/Date(1783567142164)/",
            "Id": 5007,
            "ProviderName": "Microsoft-Windows-Windows Defender",
            "MachineName": "NYLPC0LWVEN",
            "Message": "Microsoft Defender Antivirus Configuration has changed. If this is an unexpected event you should review the settings as this may be the result of malware.\r\n \tOld value: Default\\ServiceStartStates = 0x0\r\n \tNew value: HKLM\\SOFTWARE\\Microsoft\\Windows Defender\\ServiceStartStates = 0x1"
        }
    },
    {
        "timestamp": "/Date(1783567133907)/",
        "source": "windows_defender",
        "event_id": 5007,
        "event_type": "defender_configuration_changed",
        "severity": "medium",
        "hostname": "NYLPC0LWVEN",
        "provider": "Microsoft-Windows-Windows Defender",
        "message": "Microsoft Defender Antivirus Configuration has changed. If this is an unexpected event you should review the settings as this may be the result of malware.\r\n \tOld value: Default\\Diagnostics\\LastKnownGoodPlatformCandidate = \r\n \tNew value: HKLM\\SOFTWARE\\Microsoft\\Windows Defender\\Diagnostics\\LastKnownGoodPlatformCandidate = C:\\ProgramData\\Microsoft\\Windows Defender\\Platform\\4.18.26050.15-0",
        "raw": {
            "TimeCreated": "/Date(1783567133907)/",
            "Id": 5007,
            "ProviderName": "Microsoft-Windows-Windows Defender",
            "MachineName": "NYLPC0LWVEN",
            "Message": "Microsoft Defender Antivirus Configuration has changed. If this is an unexpected event you should review the settings as this may be the result of malware.\r\n \tOld value: Default\\Diagnostics\\LastKnownGoodPlatformCandidate = \r\n \tNew value: HKLM\\SOFTWARE\\Microsoft\\Windows Defender\\Diagnostics\\LastKnownGoodPlatformCandidate = C:\\ProgramData\\Microsoft\\Windows Defender\\Platform\\4.18.26050.15-0"
        }
    },
    {
        "timestamp": "/Date(1783567133907)/",
        "source": "windows_defender",
        "event_id": 5007,
        "event_type": "defender_configuration_changed",
        "severity": "medium",
        "hostname": "NYLPC0LWVEN",
        "provider": "Microsoft-Windows-Windows Defender",
        "message": "Microsoft Defender Antivirus Configuration has changed. If this is an unexpected event you should review the settings as this may be the result of malware.\r\n \tOld value: HKLM\\SOFTWARE\\Microsoft\\Windows Defender\\Diagnostics\\InitializingComponentProgress = InitializeMiscConfigLibrary\r\n \tNew value: HKLM\\SOFTWARE\\Microsoft\\Windows Defender\\Diagnostics\\InitializingComponentProgress = PostPlatformUpdate",
        "raw": {
            "TimeCreated": "/Date(1783567133907)/",
            "Id": 5007,
            "ProviderName": "Microsoft-Windows-Windows Defender",
            "MachineName": "NYLPC0LWVEN",
            "Message": "Microsoft Defender Antivirus Configuration has changed. If this is an unexpected event you should review the settings as this may be the result of malware.\r\n \tOld value: HKLM\\SOFTWARE\\Microsoft\\Windows Defender\\Diagnostics\\InitializingComponentProgress = InitializeMiscConfigLibrary\r\n \tNew value: HKLM\\SOFTWARE\\Microsoft\\Windows Defender\\Diagnostics\\InitializingComponentProgress = PostPlatformUpdate"
        }
    },
    {
        "timestamp": "/Date(1783567133906)/",
        "source": "windows_defender",
        "event_id": 5007,
        "event_type": "defender_configuration_changed",
        "severity": "medium",
        "hostname": "NYLPC0LWVEN",
        "provider": "Microsoft-Windows-Windows Defender",
        "message": "Microsoft Defender Antivirus Configuration has changed. If this is an unexpected event you should review the settings as this may be the result of malware.\r\n \tOld value: Default\\IsServiceRunning = 0x0\r\n \tNew value: HKLM\\SOFTWARE\\Microsoft\\Windows Defender\\IsServiceRunning = 0x1",
        "raw": {
            "TimeCreated": "/Date(1783567133906)/",
            "Id": 5007,
            "ProviderName": "Microsoft-Windows-Windows Defender",
            "MachineName": "NYLPC0LWVEN",
            "Message": "Microsoft Defender Antivirus Configuration has changed. If this is an unexpected event you should review the settings as this may be the result of malware.\r\n \tOld value: Default\\IsServiceRunning = 0x0\r\n \tNew value: HKLM\\SOFTWARE\\Microsoft\\Windows Defender\\IsServiceRunning = 0x1"
        }
    },
    {
        "timestamp": "/Date(1783567130335)/",
        "source": "windows_defender",
        "event_id": 5007,
        "event_type": "defender_configuration_changed",
        "severity": "medium",
        "hostname": "NYLPC0LWVEN",
        "provider": "Microsoft-Windows-Windows Defender",
        "message": "Microsoft Defender Antivirus Configuration has changed. If this is an unexpected event you should review the settings as this may be the result of malware.\r\n \tOld value: HKLM\\SOFTWARE\\Microsoft\\Windows Defender\\Diagnostics\\CleanupComponentProgress = CleanupCompleted\r\n \tNew value: HKLM\\SOFTWARE\\Microsoft\\Windows Defender\\Diagnostics\\CleanupComponentProgress = RtpPluginStop",
        "raw": {
            "TimeCreated": "/Date(1783567130335)/",
            "Id": 5007,
            "ProviderName": "Microsoft-Windows-Windows Defender",
            "MachineName": "NYLPC0LWVEN",
            "Message": "Microsoft Defender Antivirus Configuration has changed. If this is an unexpected event you should review the settings as this may be the result of malware.\r\n \tOld value: HKLM\\SOFTWARE\\Microsoft\\Windows Defender\\Diagnostics\\CleanupComponentProgress = CleanupCompleted\r\n \tNew value: HKLM\\SOFTWARE\\Microsoft\\Windows Defender\\Diagnostics\\CleanupComponentProgress = RtpPluginStop"
        }
    },
    {
        "timestamp": "/Date(1783566971968)/",
        "source": "windows_defender",
        "event_id": 5007,
        "event_type": "defender_configuration_changed",
        "severity": "medium",
        "hostname": "NYLPC0LWVEN",
        "provider": "Microsoft-Windows-Windows Defender",
        "message": "Microsoft Defender Antivirus Configuration has changed. If this is an unexpected event you should review the settings as this may be the result of malware.\r\n \tOld value: HKLM\\SOFTWARE\\Microsoft\\Windows Defender\\CoreService\\WdConfigHash = 0x1803E554\r\n \tNew value: HKLM\\SOFTWARE\\Microsoft\\Windows Defender\\CoreService\\WdConfigHash = 0xD666C712",
        "raw": {
            "TimeCreated": "/Date(1783566971968)/",
            "Id": 5007,
            "ProviderName": "Microsoft-Windows-Windows Defender",
            "MachineName": "NYLPC0LWVEN",
            "Message": "Microsoft Defender Antivirus Configuration has changed. If this is an unexpected event you should review the settings as this may be the result of malware.\r\n \tOld value: HKLM\\SOFTWARE\\Microsoft\\Windows Defender\\CoreService\\WdConfigHash = 0x1803E554\r\n \tNew value: HKLM\\SOFTWARE\\Microsoft\\Windows Defender\\CoreService\\WdConfigHash = 0xD666C712"
        }
    },
    {
        "timestamp": "/Date(1783559253107)/",
        "source": "windows_defender",
        "event_id": 5007,
        "event_type": "defender_configuration_changed",
        "severity": "medium",
        "hostname": "NYLPC0LWVEN",
        "provider": "Microsoft-Windows-Windows Defender",
        "message": "Microsoft Defender Antivirus Configuration has changed. If this is an unexpected event you should review the settings as this may be the result of malware.\r\n \tOld value: HKLM\\SOFTWARE\\Microsoft\\Windows Defender\\UX Configuration\\ToastOrSsoTrigger = 0x0\r\n \tNew value: HKLM\\SOFTWARE\\Microsoft\\Windows Defender\\UX Configuration\\ToastOrSsoTrigger = 0x1",
        "raw": {
            "TimeCreated": "/Date(1783559253107)/",
            "Id": 5007,
            "ProviderName": "Microsoft-Windows-Windows Defender",
            "MachineName": "NYLPC0LWVEN",
            "Message": "Microsoft Defender Antivirus Configuration has changed. If this is an unexpected event you should review the settings as this may be the result of malware.\r\n \tOld value: HKLM\\SOFTWARE\\Microsoft\\Windows Defender\\UX Configuration\\ToastOrSsoTrigger = 0x0\r\n \tNew value: HKLM\\SOFTWARE\\Microsoft\\Windows Defender\\UX Configuration\\ToastOrSsoTrigger = 0x1"
        }
    },
    {
        "timestamp": "/Date(1783519856474)/",
        "source": "windows_defender",
        "event_id": 5007,
        "event_type": "defender_configuration_changed",
        "severity": "medium",
        "hostname": "NYLPC0LWVEN",
        "provider": "Microsoft-Windows-Windows Defender",
        "message": "Microsoft Defender Antivirus Configuration has changed. If this is an unexpected event you should review the settings as this may be the result of malware.\r\n \tOld value: HKLM\\SOFTWARE\\Microsoft\\Windows Defender\\UX Configuration\\ToastOrSsoTrigger = 0x1\r\n \tNew value: HKLM\\SOFTWARE\\Microsoft\\Windows Defender\\UX Configuration\\ToastOrSsoTrigger = 0x0",
        "raw": {
            "TimeCreated": "/Date(1783519856474)/",
            "Id": 5007,
            "ProviderName": "Microsoft-Windows-Windows Defender",
            "MachineName": "NYLPC0LWVEN",
            "Message": "Microsoft Defender Antivirus Configuration has changed. If this is an unexpected event you should review the settings as this may be the result of malware.\r\n \tOld value: HKLM\\SOFTWARE\\Microsoft\\Windows Defender\\UX Configuration\\ToastOrSsoTrigger = 0x1\r\n \tNew value: HKLM\\SOFTWARE\\Microsoft\\Windows Defender\\UX Configuration\\ToastOrSsoTrigger = 0x0"
        }
    },
    {
        "timestamp": "/Date(1783519755452)/",
        "source": "windows_defender",
        "event_id": 5007,
        "event_type": "defender_configuration_changed",
        "severity": "medium",
        "hostname": "NYLPC0LWVEN",
        "provider": "Microsoft-Windows-Windows Defender",
        "message": "Microsoft Defender Antivirus Configuration has changed. If this is an unexpected event you should review the settings as this may be the result of malware.\r\n \tOld value: HKLM\\SOFTWARE\\Microsoft\\Windows Defender\\CoreService\\WdConfigHash = 0x87A97BB7\r\n \tNew value: HKLM\\SOFTWARE\\Microsoft\\Windows Defender\\CoreService\\WdConfigHash = 0x1803E554",
        "raw": {
            "TimeCreated": "/Date(1783519755452)/",
            "Id": 5007,
            "ProviderName": "Microsoft-Windows-Windows Defender",
            "MachineName": "NYLPC0LWVEN",
            "Message": "Microsoft Defender Antivirus Configuration has changed. If this is an unexpected event you should review the settings as this may be the result of malware.\r\n \tOld value: HKLM\\SOFTWARE\\Microsoft\\Windows Defender\\CoreService\\WdConfigHash = 0x87A97BB7\r\n \tNew value: HKLM\\SOFTWARE\\Microsoft\\Windows Defender\\CoreService\\WdConfigHash = 0x1803E554"
        }
    },
    {
        "timestamp": "/Date(1783433660492)/",
        "source": "windows_defender",
        "event_id": 5007,
        "event_type": "defender_configuration_changed",
        "severity": "medium",
        "hostname": "NYLPC0LWVEN",
        "provider": "Microsoft-Windows-Windows Defender",
        "message": "Microsoft Defender Antivirus Configuration has changed. If this is an unexpected event you should review the settings as this may be the result of malware.\r\n \tOld value: HKLM\\SOFTWARE\\Microsoft\\Windows Defender\\UX Configuration\\ToastOrSsoTrigger = 0x0\r\n \tNew value: HKLM\\SOFTWARE\\Microsoft\\Windows Defender\\UX Configuration\\ToastOrSsoTrigger = 0x1",
        "raw": {
            "TimeCreated": "/Date(1783433660492)/",
            "Id": 5007,
            "ProviderName": "Microsoft-Windows-Windows Defender",
            "MachineName": "NYLPC0LWVEN",
            "Message": "Microsoft Defender Antivirus Configuration has changed. If this is an unexpected event you should review the settings as this may be the result of malware.\r\n \tOld value: HKLM\\SOFTWARE\\Microsoft\\Windows Defender\\UX Configuration\\ToastOrSsoTrigger = 0x0\r\n \tNew value: HKLM\\SOFTWARE\\Microsoft\\Windows Defender\\UX Configuration\\ToastOrSsoTrigger = 0x1"
        }
    },
    {
        "timestamp": "/Date(1783417348872)/",
        "source": "windows_defender",
        "event_id": 5007,
        "event_type": "defender_configuration_changed",
        "severity": "medium",
        "hostname": "NYLPC0LWVEN",
        "provider": "Microsoft-Windows-Windows Defender",
        "message": "Microsoft Defender Antivirus Configuration has changed. If this is an unexpected event you should review the settings as this may be the result of malware.\r\n \tOld value: HKLM\\SOFTWARE\\Microsoft\\Windows Defender\\Features\\Controls\\203 = 0x1\r\n \tNew value: ",
        "raw": {
            "TimeCreated": "/Date(1783417348872)/",
            "Id": 5007,
            "ProviderName": "Microsoft-Windows-Windows Defender",
            "MachineName": "NYLPC0LWVEN",
            "Message": "Microsoft Defender Antivirus Configuration has changed. If this is an unexpected event you should review the settings as this may be the result of malware.\r\n \tOld value: HKLM\\SOFTWARE\\Microsoft\\Windows Defender\\Features\\Controls\\203 = 0x1\r\n \tNew value: "
        }
    },
    {
        "timestamp": "/Date(1783417348855)/",
        "source": "windows_defender",
        "event_id": 5007,
        "event_type": "defender_configuration_changed",
        "severity": "medium",
        "hostname": "NYLPC0LWVEN",
        "provider": "Microsoft-Windows-Windows Defender",
        "message": "Microsoft Defender Antivirus Configuration has changed. If this is an unexpected event you should review the settings as this may be the result of malware.\r\n \tOld value: HKLM\\SOFTWARE\\Microsoft\\Windows Defender\\CoreService\\WdConfigHash = 0xCF6B237F\r\n \tNew value: HKLM\\SOFTWARE\\Microsoft\\Windows Defender\\CoreService\\WdConfigHash = 0x87A97BB7",
        "raw": {
            "TimeCreated": "/Date(1783417348855)/",
            "Id": 5007,
            "ProviderName": "Microsoft-Windows-Windows Defender",
            "MachineName": "NYLPC0LWVEN",
            "Message": "Microsoft Defender Antivirus Configuration has changed. If this is an unexpected event you should review the settings as this may be the result of malware.\r\n \tOld value: HKLM\\SOFTWARE\\Microsoft\\Windows Defender\\CoreService\\WdConfigHash = 0xCF6B237F\r\n \tNew value: HKLM\\SOFTWARE\\Microsoft\\Windows Defender\\CoreService\\WdConfigHash = 0x87A97BB7"
        }
    },
    {
        "timestamp": "/Date(1783349163547)/",
        "source": "windows_defender",
        "event_id": 5007,
        "event_type": "defender_configuration_changed",
        "severity": "medium",
        "hostname": "NYLPC0LWVEN",
        "provider": "Microsoft-Windows-Windows Defender",
        "message": "Microsoft Defender Antivirus Configuration has changed. If this is an unexpected event you should review the settings as this may be the result of malware.\r\n \tOld value: HKLM\\SOFTWARE\\Microsoft\\Windows Defender\\CoreService\\WdConfigHash = 0x73E8CE83\r\n \tNew value: HKLM\\SOFTWARE\\Microsoft\\Windows Defender\\CoreService\\WdConfigHash = 0xCF6B237F",
        "raw": {
            "TimeCreated": "/Date(1783349163547)/",
            "Id": 5007,
            "ProviderName": "Microsoft-Windows-Windows Defender",
            "MachineName": "NYLPC0LWVEN",
            "Message": "Microsoft Defender Antivirus Configuration has changed. If this is an unexpected event you should review the settings as this may be the result of malware.\r\n \tOld value: HKLM\\SOFTWARE\\Microsoft\\Windows Defender\\CoreService\\WdConfigHash = 0x73E8CE83\r\n \tNew value: HKLM\\SOFTWARE\\Microsoft\\Windows Defender\\CoreService\\WdConfigHash = 0xCF6B237F"
        }
    },
    {
        "timestamp": "/Date(1783348835197)/",
        "source": "windows_defender",
        "event_id": 5007,
        "event_type": "defender_configuration_changed",
        "severity": "medium",
        "hostname": "NYLPC0LWVEN",
        "provider": "Microsoft-Windows-Windows Defender",
        "message": "Microsoft Defender Antivirus Configuration has changed. If this is an unexpected event you should review the settings as this may be the result of malware.\r\n \tOld value: HKLM\\SOFTWARE\\Microsoft\\Windows Defender\\UX Configuration\\ToastOrSsoTrigger = 0x1\r\n \tNew value: HKLM\\SOFTWARE\\Microsoft\\Windows Defender\\UX Configuration\\ToastOrSsoTrigger = 0x0",
        "raw": {
            "TimeCreated": "/Date(1783348835197)/",
            "Id": 5007,
            "ProviderName": "Microsoft-Windows-Windows Defender",
            "MachineName": "NYLPC0LWVEN",
            "Message": "Microsoft Defender Antivirus Configuration has changed. If this is an unexpected event you should review the settings as this may be the result of malware.\r\n \tOld value: HKLM\\SOFTWARE\\Microsoft\\Windows Defender\\UX Configuration\\ToastOrSsoTrigger = 0x1\r\n \tNew value: HKLM\\SOFTWARE\\Microsoft\\Windows Defender\\UX Configuration\\ToastOrSsoTrigger = 0x0"
        }
    },
    {
        "timestamp": "/Date(1783316038461)/",
        "source": "windows_defender",
        "event_id": 5007,
        "event_type": "defender_configuration_changed",
        "severity": "medium",
        "hostname": "NYLPC0LWVEN",
        "provider": "Microsoft-Windows-Windows Defender",
        "message": "Microsoft Defender Antivirus Configuration has changed. If this is an unexpected event you should review the settings as this may be the result of malware.\r\n \tOld value: Default\\ProductAppDataPath = C:\\ProgramData\\Microsoft\\Windows Defender\r\n \tNew value: HKLM\\SOFTWARE\\Microsoft\\Windows Defender\\ProductAppDataPath = C:\\ProgramData\\Microsoft\\Windows Defender",
        "raw": {
            "TimeCreated": "/Date(1783316038461)/",
            "Id": 5007,
            "ProviderName": "Microsoft-Windows-Windows Defender",
            "MachineName": "NYLPC0LWVEN",
            "Message": "Microsoft Defender Antivirus Configuration has changed. If this is an unexpected event you should review the settings as this may be the result of malware.\r\n \tOld value: Default\\ProductAppDataPath = C:\\ProgramData\\Microsoft\\Windows Defender\r\n \tNew value: HKLM\\SOFTWARE\\Microsoft\\Windows Defender\\ProductAppDataPath = C:\\ProgramData\\Microsoft\\Windows Defender"
        }
    },
    {
        "timestamp": "/Date(1783316038461)/",
        "source": "windows_defender",
        "event_id": 5007,
        "event_type": "defender_configuration_changed",
        "severity": "medium",
        "hostname": "NYLPC0LWVEN",
        "provider": "Microsoft-Windows-Windows Defender",
        "message": "Microsoft Defender Antivirus Configuration has changed. If this is an unexpected event you should review the settings as this may be the result of malware.\r\n \tOld value: HKLM\\SOFTWARE\\Microsoft\\Windows Defender\\ServiceStartStates = 0x1\r\n \tNew value: Default\\ServiceStartStates = 0x0",
        "raw": {
            "TimeCreated": "/Date(1783316038461)/",
            "Id": 5007,
            "ProviderName": "Microsoft-Windows-Windows Defender",
            "MachineName": "NYLPC0LWVEN",
            "Message": "Microsoft Defender Antivirus Configuration has changed. If this is an unexpected event you should review the settings as this may be the result of malware.\r\n \tOld value: HKLM\\SOFTWARE\\Microsoft\\Windows Defender\\ServiceStartStates = 0x1\r\n \tNew value: Default\\ServiceStartStates = 0x0"
        }
    },
    {
        "timestamp": "/Date(1783315986570)/",
        "source": "windows_defender",
        "event_id": 5007,
        "event_type": "defender_configuration_changed",
        "severity": "medium",
        "hostname": "NYLPC0LWVEN",
        "provider": "Microsoft-Windows-Windows Defender",
        "message": "Microsoft Defender Antivirus Configuration has changed. If this is an unexpected event you should review the settings as this may be the result of malware.\r\n \tOld value: HKLM\\SOFTWARE\\Microsoft\\Windows Defender\\Diagnostics\\InitializingComponentProgress = LoadingEngine\r\n \tNew value: HKLM\\SOFTWARE\\Microsoft\\Windows Defender\\Diagnostics\\InitializingComponentProgress = ServiceStartedSuccessfully",
        "raw": {
            "TimeCreated": "/Date(1783315986570)/",
            "Id": 5007,
            "ProviderName": "Microsoft-Windows-Windows Defender",
            "MachineName": "NYLPC0LWVEN",
            "Message": "Microsoft Defender Antivirus Configuration has changed. If this is an unexpected event you should review the settings as this may be the result of malware.\r\n \tOld value: HKLM\\SOFTWARE\\Microsoft\\Windows Defender\\Diagnostics\\InitializingComponentProgress = LoadingEngine\r\n \tNew value: HKLM\\SOFTWARE\\Microsoft\\Windows Defender\\Diagnostics\\InitializingComponentProgress = ServiceStartedSuccessfully"
        }
    },
    {
        "timestamp": "/Date(1783315986569)/",
        "source": "windows_defender",
        "event_id": 5007,
        "event_type": "defender_configuration_changed",
        "severity": "medium",
        "hostname": "NYLPC0LWVEN",
        "provider": "Microsoft-Windows-Windows Defender",
        "message": "Microsoft Defender Antivirus Configuration has changed. If this is an unexpected event you should review the settings as this may be the result of malware.\r\n \tOld value: HKLM\\SOFTWARE\\Microsoft\\Windows Defender\\CoreService\\WdConfigHash = 0x68A6C6A8\r\n \tNew value: HKLM\\SOFTWARE\\Microsoft\\Windows Defender\\CoreService\\WdConfigHash = 0x73E8CE83",
        "raw": {
            "TimeCreated": "/Date(1783315986569)/",
            "Id": 5007,
            "ProviderName": "Microsoft-Windows-Windows Defender",
            "MachineName": "NYLPC0LWVEN",
            "Message": "Microsoft Defender Antivirus Configuration has changed. If this is an unexpected event you should review the settings as this may be the result of malware.\r\n \tOld value: HKLM\\SOFTWARE\\Microsoft\\Windows Defender\\CoreService\\WdConfigHash = 0x68A6C6A8\r\n \tNew value: HKLM\\SOFTWARE\\Microsoft\\Windows Defender\\CoreService\\WdConfigHash = 0x73E8CE83"
        }
    },
    {
        "timestamp": "/Date(1783315978051)/",
        "source": "windows_defender",
        "event_id": 5007,
        "event_type": "defender_configuration_changed",
        "severity": "medium",
        "hostname": "NYLPC0LWVEN",
        "provider": "Microsoft-Windows-Windows Defender",
        "message": "Microsoft Defender Antivirus Configuration has changed. If this is an unexpected event you should review the settings as this may be the result of malware.\r\n \tOld value: HKLM\\SOFTWARE\\Microsoft\\Windows Defender\\Diagnostics\\InitializingComponentProgress = PostPlatformUpdate\r\n \tNew value: HKLM\\SOFTWARE\\Microsoft\\Windows Defender\\Diagnostics\\InitializingComponentProgress = LoadingEngine",
        "raw": {
            "TimeCreated": "/Date(1783315978051)/",
            "Id": 5007,
            "ProviderName": "Microsoft-Windows-Windows Defender",
            "MachineName": "NYLPC0LWVEN",
            "Message": "Microsoft Defender Antivirus Configuration has changed. If this is an unexpected event you should review the settings as this may be the result of malware.\r\n \tOld value: HKLM\\SOFTWARE\\Microsoft\\Windows Defender\\Diagnostics\\InitializingComponentProgress = PostPlatformUpdate\r\n \tNew value: HKLM\\SOFTWARE\\Microsoft\\Windows Defender\\Diagnostics\\InitializingComponentProgress = LoadingEngine"
        }
    },
    {
        "timestamp": "/Date(1783315978049)/",
        "source": "windows_defender",
        "event_id": 5007,
        "event_type": "defender_configuration_changed",
        "severity": "medium",
        "hostname": "NYLPC0LWVEN",
        "provider": "Microsoft-Windows-Windows Defender",
        "message": "Microsoft Defender Antivirus Configuration has changed. If this is an unexpected event you should review the settings as this may be the result of malware.\r\n \tOld value: Default\\ServiceStartStates = 0x0\r\n \tNew value: HKLM\\SOFTWARE\\Microsoft\\Windows Defender\\ServiceStartStates = 0x1",
        "raw": {
            "TimeCreated": "/Date(1783315978049)/",
            "Id": 5007,
            "ProviderName": "Microsoft-Windows-Windows Defender",
            "MachineName": "NYLPC0LWVEN",
            "Message": "Microsoft Defender Antivirus Configuration has changed. If this is an unexpected event you should review the settings as this may be the result of malware.\r\n \tOld value: Default\\ServiceStartStates = 0x0\r\n \tNew value: HKLM\\SOFTWARE\\Microsoft\\Windows Defender\\ServiceStartStates = 0x1"
        }
    },
    {
        "timestamp": "/Date(1783315972535)/",
        "source": "windows_defender",
        "event_id": 5007,
        "event_type": "defender_configuration_changed",
        "severity": "medium",
        "hostname": "NYLPC0LWVEN",
        "provider": "Microsoft-Windows-Windows Defender",
        "message": "Microsoft Defender Antivirus Configuration has changed. If this is an unexpected event you should review the settings as this may be the result of malware.\r\n \tOld value: HKLM\\SOFTWARE\\Microsoft\\Windows Defender\\Diagnostics\\InitializingComponentProgress = InitializeMiscConfigLibrary\r\n \tNew value: HKLM\\SOFTWARE\\Microsoft\\Windows Defender\\Diagnostics\\InitializingComponentProgress = InitializeSampleManager",
        "raw": {
            "TimeCreated": "/Date(1783315972535)/",
            "Id": 5007,
            "ProviderName": "Microsoft-Windows-Windows Defender",
            "MachineName": "NYLPC0LWVEN",
            "Message": "Microsoft Defender Antivirus Configuration has changed. If this is an unexpected event you should review the settings as this may be the result of malware.\r\n \tOld value: HKLM\\SOFTWARE\\Microsoft\\Windows Defender\\Diagnostics\\InitializingComponentProgress = InitializeMiscConfigLibrary\r\n \tNew value: HKLM\\SOFTWARE\\Microsoft\\Windows Defender\\Diagnostics\\InitializingComponentProgress = InitializeSampleManager"
        }
    },
    {
        "timestamp": "/Date(1783315972534)/",
        "source": "windows_defender",
        "event_id": 5007,
        "event_type": "defender_configuration_changed",
        "severity": "medium",
        "hostname": "NYLPC0LWVEN",
        "provider": "Microsoft-Windows-Windows Defender",
        "message": "Microsoft Defender Antivirus Configuration has changed. If this is an unexpected event you should review the settings as this may be the result of malware.\r\n \tOld value: Default\\IsServiceRunning = 0x0\r\n \tNew value: HKLM\\SOFTWARE\\Microsoft\\Windows Defender\\IsServiceRunning = 0x1",
        "raw": {
            "TimeCreated": "/Date(1783315972534)/",
            "Id": 5007,
            "ProviderName": "Microsoft-Windows-Windows Defender",
            "MachineName": "NYLPC0LWVEN",
            "Message": "Microsoft Defender Antivirus Configuration has changed. If this is an unexpected event you should review the settings as this may be the result of malware.\r\n \tOld value: Default\\IsServiceRunning = 0x0\r\n \tNew value: HKLM\\SOFTWARE\\Microsoft\\Windows Defender\\IsServiceRunning = 0x1"
        }
    },
    {
        "timestamp": "/Date(1783315939287)/",
        "source": "windows_defender",
        "event_id": 5007,
        "event_type": "defender_configuration_changed",
        "severity": "medium",
        "hostname": "NYLPC0LWVEN",
        "provider": "Microsoft-Windows-Windows Defender",
        "message": "Microsoft Defender Antivirus Configuration has changed. If this is an unexpected event you should review the settings as this may be the result of malware.\r\n \tOld value: HKLM\\SOFTWARE\\Microsoft\\Windows Defender\\Diagnostics\\CleanupComponentProgress = CleanupCompleted\r\n \tNew value: HKLM\\SOFTWARE\\Microsoft\\Windows Defender\\Diagnostics\\CleanupComponentProgress = RtpPluginStop",
        "raw": {
            "TimeCreated": "/Date(1783315939287)/",
            "Id": 5007,
            "ProviderName": "Microsoft-Windows-Windows Defender",
            "MachineName": "NYLPC0LWVEN",
            "Message": "Microsoft Defender Antivirus Configuration has changed. If this is an unexpected event you should review the settings as this may be the result of malware.\r\n \tOld value: HKLM\\SOFTWARE\\Microsoft\\Windows Defender\\Diagnostics\\CleanupComponentProgress = CleanupCompleted\r\n \tNew value: HKLM\\SOFTWARE\\Microsoft\\Windows Defender\\Diagnostics\\CleanupComponentProgress = RtpPluginStop"
        }
    },
    {
        "timestamp": "/Date(1783300817578)/",
        "source": "windows_defender",
        "event_id": 5007,
        "event_type": "defender_configuration_changed",
        "severity": "medium",
        "hostname": "NYLPC0LWVEN",
        "provider": "Microsoft-Windows-Windows Defender",
        "message": "Microsoft Defender Antivirus Configuration has changed. If this is an unexpected event you should review the settings as this may be the result of malware.\r\n \tOld value: HKLM\\SOFTWARE\\Microsoft\\Windows Defender\\UX Configuration\\ToastOrSsoTrigger = 0x0\r\n \tNew value: HKLM\\SOFTWARE\\Microsoft\\Windows Defender\\UX Configuration\\ToastOrSsoTrigger = 0x1",
        "raw": {
            "TimeCreated": "/Date(1783300817578)/",
            "Id": 5007,
            "ProviderName": "Microsoft-Windows-Windows Defender",
            "MachineName": "NYLPC0LWVEN",
            "Message": "Microsoft Defender Antivirus Configuration has changed. If this is an unexpected event you should review the settings as this may be the result of malware.\r\n \tOld value: HKLM\\SOFTWARE\\Microsoft\\Windows Defender\\UX Configuration\\ToastOrSsoTrigger = 0x0\r\n \tNew value: HKLM\\SOFTWARE\\Microsoft\\Windows Defender\\UX Configuration\\ToastOrSsoTrigger = 0x1"
        }
    },
    {
        "timestamp": "/Date(1783264763168)/",
        "source": "windows_defender",
        "event_id": 5007,
        "event_type": "defender_configuration_changed",
        "severity": "medium",
        "hostname": "NYLPC0LWVEN",
        "provider": "Microsoft-Windows-Windows Defender",
        "message": "Microsoft Defender Antivirus Configuration has changed. If this is an unexpected event you should review the settings as this may be the result of malware.\r\n \tOld value: HKLM\\SOFTWARE\\Microsoft\\Windows Defender\\CoreService\\WdConfigHash = 0xAF6361F8\r\n \tNew value: HKLM\\SOFTWARE\\Microsoft\\Windows Defender\\CoreService\\WdConfigHash = 0x73E8CE83",
        "raw": {
            "TimeCreated": "/Date(1783264763168)/",
            "Id": 5007,
            "ProviderName": "Microsoft-Windows-Windows Defender",
            "MachineName": "NYLPC0LWVEN",
            "Message": "Microsoft Defender Antivirus Configuration has changed. If this is an unexpected event you should review the settings as this may be the result of malware.\r\n \tOld value: HKLM\\SOFTWARE\\Microsoft\\Windows Defender\\CoreService\\WdConfigHash = 0xAF6361F8\r\n \tNew value: HKLM\\SOFTWARE\\Microsoft\\Windows Defender\\CoreService\\WdConfigHash = 0x73E8CE83"
        }
    },
    {
        "timestamp": "/Date(1783259901216)/",
        "source": "windows_defender",
        "event_id": 5007,
        "event_type": "defender_configuration_changed",
        "severity": "medium",
        "hostname": "NYLPC0LWVEN",
        "provider": "Microsoft-Windows-Windows Defender",
        "message": "Microsoft Defender Antivirus Configuration has changed. If this is an unexpected event you should review the settings as this may be the result of malware.\r\n \tOld value: HKLM\\SOFTWARE\\Microsoft\\Windows Defender\\UX Configuration\\ToastOrSsoTrigger = 0x1\r\n \tNew value: HKLM\\SOFTWARE\\Microsoft\\Windows Defender\\UX Configuration\\ToastOrSsoTrigger = 0x0",
        "raw": {
            "TimeCreated": "/Date(1783259901216)/",
            "Id": 5007,
            "ProviderName": "Microsoft-Windows-Windows Defender",
            "MachineName": "NYLPC0LWVEN",
            "Message": "Microsoft Defender Antivirus Configuration has changed. If this is an unexpected event you should review the settings as this may be the result of malware.\r\n \tOld value: HKLM\\SOFTWARE\\Microsoft\\Windows Defender\\UX Configuration\\ToastOrSsoTrigger = 0x1\r\n \tNew value: HKLM\\SOFTWARE\\Microsoft\\Windows Defender\\UX Configuration\\ToastOrSsoTrigger = 0x0"
        }
    },
    {
        "timestamp": "/Date(1783182954149)/",
        "source": "windows_defender",
        "event_id": 5007,
        "event_type": "defender_configuration_changed",
        "severity": "medium",
        "hostname": "NYLPC0LWVEN",
        "provider": "Microsoft-Windows-Windows Defender",
        "message": "Microsoft Defender Antivirus Configuration has changed. If this is an unexpected event you should review the settings as this may be the result of malware.\r\n \tOld value: HKLM\\SOFTWARE\\Microsoft\\Windows Defender\\CoreService\\WdConfigHash = 0xB604F516\r\n \tNew value: HKLM\\SOFTWARE\\Microsoft\\Windows Defender\\CoreService\\WdConfigHash = 0xAF6361F8",
        "raw": {
            "TimeCreated": "/Date(1783182954149)/",
            "Id": 5007,
            "ProviderName": "Microsoft-Windows-Windows Defender",
            "MachineName": "NYLPC0LWVEN",
            "Message": "Microsoft Defender Antivirus Configuration has changed. If this is an unexpected event you should review the settings as this may be the result of malware.\r\n \tOld value: HKLM\\SOFTWARE\\Microsoft\\Windows Defender\\CoreService\\WdConfigHash = 0xB604F516\r\n \tNew value: HKLM\\SOFTWARE\\Microsoft\\Windows Defender\\CoreService\\WdConfigHash = 0xAF6361F8"
        }
    },
    {
        "timestamp": "/Date(1783171288072)/",
        "source": "windows_defender",
        "event_id": 5007,
        "event_type": "defender_configuration_changed",
        "severity": "medium",
        "hostname": "NYLPC0LWVEN",
        "provider": "Microsoft-Windows-Windows Defender",
        "message": "Microsoft Defender Antivirus Configuration has changed. If this is an unexpected event you should review the settings as this may be the result of malware.\r\n \tOld value: HKLM\\SOFTWARE\\Microsoft\\Windows Defender\\UX Configuration\\ToastOrSsoTrigger = 0x0\r\n \tNew value: HKLM\\SOFTWARE\\Microsoft\\Windows Defender\\UX Configuration\\ToastOrSsoTrigger = 0x1",
        "raw": {
            "TimeCreated": "/Date(1783171288072)/",
            "Id": 5007,
            "ProviderName": "Microsoft-Windows-Windows Defender",
            "MachineName": "NYLPC0LWVEN",
            "Message": "Microsoft Defender Antivirus Configuration has changed. If this is an unexpected event you should review the settings as this may be the result of malware.\r\n \tOld value: HKLM\\SOFTWARE\\Microsoft\\Windows Defender\\UX Configuration\\ToastOrSsoTrigger = 0x0\r\n \tNew value: HKLM\\SOFTWARE\\Microsoft\\Windows Defender\\UX Configuration\\ToastOrSsoTrigger = 0x1"
        }
    },
    {
        "timestamp": "/Date(1783104326813)/",
        "source": "windows_defender",
        "event_id": 5007,
        "event_type": "defender_configuration_changed",
        "severity": "medium",
        "hostname": "NYLPC0LWVEN",
        "provider": "Microsoft-Windows-Windows Defender",
        "message": "Microsoft Defender Antivirus Configuration has changed. If this is an unexpected event you should review the settings as this may be the result of malware.\r\n \tOld value: \r\n \tNew value: HKLM\\SOFTWARE\\Microsoft\\Windows Defender\\Features\\Controls\\203 = 0x1",
        "raw": {
            "TimeCreated": "/Date(1783104326813)/",
            "Id": 5007,
            "ProviderName": "Microsoft-Windows-Windows Defender",
            "MachineName": "NYLPC0LWVEN",
            "Message": "Microsoft Defender Antivirus Configuration has changed. If this is an unexpected event you should review the settings as this may be the result of malware.\r\n \tOld value: \r\n \tNew value: HKLM\\SOFTWARE\\Microsoft\\Windows Defender\\Features\\Controls\\203 = 0x1"
        }
    },
    {
        "timestamp": "/Date(1783104326813)/",
        "source": "windows_defender",
        "event_id": 5007,
        "event_type": "defender_configuration_changed",
        "severity": "medium",
        "hostname": "NYLPC0LWVEN",
        "provider": "Microsoft-Windows-Windows Defender",
        "message": "Microsoft Defender Antivirus Configuration has changed. If this is an unexpected event you should review the settings as this may be the result of malware.\r\n \tOld value: \r\n \tNew value: HKLM\\SOFTWARE\\Microsoft\\Windows Defender\\Features\\Controls\\217 = 0x1",
        "raw": {
            "TimeCreated": "/Date(1783104326813)/",
            "Id": 5007,
            "ProviderName": "Microsoft-Windows-Windows Defender",
            "MachineName": "NYLPC0LWVEN",
            "Message": "Microsoft Defender Antivirus Configuration has changed. If this is an unexpected event you should review the settings as this may be the result of malware.\r\n \tOld value: \r\n \tNew value: HKLM\\SOFTWARE\\Microsoft\\Windows Defender\\Features\\Controls\\217 = 0x1"
        }
    },
    {
        "timestamp": "/Date(1783104326805)/",
        "source": "windows_defender",
        "event_id": 5007,
        "event_type": "defender_configuration_changed",
        "severity": "medium",
        "hostname": "NYLPC0LWVEN",
        "provider": "Microsoft-Windows-Windows Defender",
        "message": "Microsoft Defender Antivirus Configuration has changed. If this is an unexpected event you should review the settings as this may be the result of malware.\r\n \tOld value: HKLM\\SOFTWARE\\Microsoft\\Windows Defender\\CoreService\\WdConfigHash = 0xD363CE50\r\n \tNew value: HKLM\\SOFTWARE\\Microsoft\\Windows Defender\\CoreService\\WdConfigHash = 0xB604F516",
        "raw": {
            "TimeCreated": "/Date(1783104326805)/",
            "Id": 5007,
            "ProviderName": "Microsoft-Windows-Windows Defender",
            "MachineName": "NYLPC0LWVEN",
            "Message": "Microsoft Defender Antivirus Configuration has changed. If this is an unexpected event you should review the settings as this may be the result of malware.\r\n \tOld value: HKLM\\SOFTWARE\\Microsoft\\Windows Defender\\CoreService\\WdConfigHash = 0xD363CE50\r\n \tNew value: HKLM\\SOFTWARE\\Microsoft\\Windows Defender\\CoreService\\WdConfigHash = 0xB604F516"
        }
    },
    {
        "timestamp": "/Date(1783104326273)/",
        "source": "windows_defender",
        "event_id": 5007,
        "event_type": "defender_configuration_changed",
        "severity": "medium",
        "hostname": "NYLPC0LWVEN",
        "provider": "Microsoft-Windows-Windows Defender",
        "message": "Microsoft Defender Antivirus Configuration has changed. If this is an unexpected event you should review the settings as this may be the result of malware.\r\n \tOld value: HKLM\\SOFTWARE\\Microsoft\\Windows Defender\\Features\\EcsConfigs\\ETag\\Tag = \"4NNTXWn7TMyKosnQKfMcEBiHsJpC71BqUHEcsrULPFk=\"\r\n \tNew value: HKLM\\SOFTWARE\\Microsoft\\Windows Defender\\Features\\EcsConfigs\\ETag\\Tag = \"vDr8nDNs3cAysV2ZALXk2bdQEoh+52OL2pbgz7eac7A=\"",
        "raw": {
            "TimeCreated": "/Date(1783104326273)/",
            "Id": 5007,
            "ProviderName": "Microsoft-Windows-Windows Defender",
            "MachineName": "NYLPC0LWVEN",
            "Message": "Microsoft Defender Antivirus Configuration has changed. If this is an unexpected event you should review the settings as this may be the result of malware.\r\n \tOld value: HKLM\\SOFTWARE\\Microsoft\\Windows Defender\\Features\\EcsConfigs\\ETag\\Tag = \"4NNTXWn7TMyKosnQKfMcEBiHsJpC71BqUHEcsrULPFk=\"\r\n \tNew value: HKLM\\SOFTWARE\\Microsoft\\Windows Defender\\Features\\EcsConfigs\\ETag\\Tag = \"vDr8nDNs3cAysV2ZALXk2bdQEoh+52OL2pbgz7eac7A=\""
        }
    },
