    {
        "timestamp": "/Date(1783226741146)/",
        "event_id": 1,
        "event_type": "process_create",
        "host": "local_endpoint",
        "user": "NYLPC0LWVEN\\Admin",
        "image": "C:\\Program Files\\Git\\cmd\\git.exe",
        "process_guid": "{0f4cb63d-e175-6a49-ed45-000000006500}",
        "process_id": "20084",
        "command_line": "\"C:\\Program Files\\Git\\cmd\\git.exe\" for-each-ref --format=%%(refname)The operation completed successfully.%%(upstream:short)The operation completed successfully.%%(objectname)The operation completed successfully.%%(upstream:track)The operation completed successfully.%%(upstream:remotename)The operation completed successfully.%%(upstream:remoteref) --ignore-case refs/heads/feature/sysmon-collector refs/remotes/feature/sysmon-collector",
        "current_directory": "C:\\Users\\Admin\\Documents\\Detection-Engineering-Lab\\",
        "parent_image": "C:\\Users\\Admin\\AppData\\Local\\Programs\\Microsoft VS Code\\Code.exe",
        "parent_command_line": "\"C:\\Users\\Admin\\AppData\\Local\\Programs\\Microsoft VS Code\\Code.exe\" --type=utility --utility-sub-type=node.mojom.NodeService --lang=en-US --service-sandbox-type=none --dns-result-order=ipv4first --experimental-network-inspection --inspect-port=0 --video-capture-use-gpu-memory-buffer --user-data-dir=\"C:\\Users\\Admin\\AppData\\Roaming\\Code\" --standard-schemes=vscode-webview,vscode-file --enable-sandbox --secure-schemes=vscode-webview,vscode-file --cors-schemes=vscode-webview,vscode-file --fetch-schemes=vscode-webview,vscode-file --service-worker-schemes=vscode-webview --code-cache-schemes=vscode-webview,vscode-file --field-trial-handle=1872,i,11658720543533691094,16837983864148106908,262144 --enable-features=DocumentPolicyIncludeJSCallStacksInCrashReports,EarlyEstablishGpuChannel,EnableTransparentHwndEnlargement,EstablishGpuChannelAsync --disable-features=CalculateNativeWinOcclusion,LocalNetworkAccessChecks,ScreenAIOCREnabled,SpareRendererForSitePerProcess,TraceSiteInstanceGetProcessCreation --variations-seed-version --trace-process-track-uuid=3190708992871164437 --mojo-platform-channel-handle=4368 /prefetch:8",
        "integrity_level": "High",
        "hashes": "SHA256=FEC691D80FCCC35FCC309FBC9F720536C1D795B8A562EC169F28C9923DA9600F",
        "raw_message": "Process Create:\r\nRuleName: -\r\nUtcTime: 2026-07-05 04:45:41.105\r\nProcessGuid: {0f4cb63d-e175-6a49-ed45-000000006500}\r\nProcessId: 20084\r\nImage: C:\\Program Files\\Git\\cmd\\git.exe\r\nFileVersion: 2.49.0.windows.1\r\nDescription: Git for Windows\r\nProduct: Git\r\nCompany: The Git Development Community\r\nOriginalFileName: git.exe\r\nCommandLine: \"C:\\Program Files\\Git\\cmd\\git.exe\" for-each-ref --format=%%(refname)The operation completed successfully.%%(upstream:short)The operation completed successfully.%%(objectname)The operation completed successfully.%%(upstream:track)The operation completed successfully.%%(upstream:remotename)The operation completed successfully.%%(upstream:remoteref) --ignore-case refs/heads/feature/sysmon-collector refs/remotes/feature/sysmon-collector\r\nCurrentDirectory: C:\\Users\\Admin\\Documents\\Detection-Engineering-Lab\\\r\nUser: NYLPC0LWVEN\\Admin\r\nLogonGuid: {0f4cb63d-8753-6a42-8593-0a0000000000}\r\nLogonId: 0xA9385\r\nTerminalSessionId: 1\r\nIntegrityLevel: High\r\nHashes: SHA256=FEC691D80FCCC35FCC309FBC9F720536C1D795B8A562EC169F28C9923DA9600F\r\nParentProcessGuid: {0f4cb63d-0b23-6a48-831f-000000006500}\r\nParentProcessId: 11868\r\nParentImage: C:\\Users\\Admin\\AppData\\Local\\Programs\\Microsoft VS Code\\Code.exe\r\nParentCommandLine: \"C:\\Users\\Admin\\AppData\\Local\\Programs\\Microsoft VS Code\\Code.exe\" --type=utility --utility-sub-type=node.mojom.NodeService --lang=en-US --service-sandbox-type=none --dns-result-order=ipv4first --experimental-network-inspection --inspect-port=0 --video-capture-use-gpu-memory-buffer --user-data-dir=\"C:\\Users\\Admin\\AppData\\Roaming\\Code\" --standard-schemes=vscode-webview,vscode-file --enable-sandbox --secure-schemes=vscode-webview,vscode-file --cors-schemes=vscode-webview,vscode-file --fetch-schemes=vscode-webview,vscode-file --service-worker-schemes=vscode-webview --code-cache-schemes=vscode-webview,vscode-file --field-trial-handle=1872,i,11658720543533691094,16837983864148106908,262144 --enable-features=DocumentPolicyIncludeJSCallStacksInCrashReports,EarlyEstablishGpuChannel,EnableTransparentHwndEnlargement,EstablishGpuChannelAsync --disable-features=CalculateNativeWinOcclusion,LocalNetworkAccessChecks,ScreenAIOCREnabled,SpareRendererForSitePerProcess,TraceSiteInstanceGetProcessCreation --variations-seed-version --trace-process-track-uuid=3190708992871164437 --mojo-platform-channel-handle=4368 /prefetch:8\r\nParentUser: NYLPC0LWVEN\\Admin"
    },
    {
        "timestamp": "/Date(1783226741145)/",
        "event_id": 1,
        "event_type": "process_create",
        "host": "local_endpoint",
        "user": "NYLPC0LWVEN\\Admin",
        "image": "C:\\Program Files\\Git\\cmd\\git.exe",
        "process_guid": "{0f4cb63d-e175-6a49-ec45-000000006500}",
        "process_id": "17548",
        "command_line": "\"C:\\Program Files\\Git\\cmd\\git.exe\" config --get commit.template",
        "current_directory": "C:\\Users\\Admin\\Documents\\Detection-Engineering-Lab\\",
        "parent_image": "C:\\Users\\Admin\\AppData\\Local\\Programs\\Microsoft VS Code\\Code.exe",
        "parent_command_line": "\"C:\\Users\\Admin\\AppData\\Local\\Programs\\Microsoft VS Code\\Code.exe\" --type=utility --utility-sub-type=node.mojom.NodeService --lang=en-US --service-sandbox-type=none --dns-result-order=ipv4first --experimental-network-inspection --inspect-port=0 --video-capture-use-gpu-memory-buffer --user-data-dir=\"C:\\Users\\Admin\\AppData\\Roaming\\Code\" --standard-schemes=vscode-webview,vscode-file --enable-sandbox --secure-schemes=vscode-webview,vscode-file --cors-schemes=vscode-webview,vscode-file --fetch-schemes=vscode-webview,vscode-file --service-worker-schemes=vscode-webview --code-cache-schemes=vscode-webview,vscode-file --field-trial-handle=1872,i,11658720543533691094,16837983864148106908,262144 --enable-features=DocumentPolicyIncludeJSCallStacksInCrashReports,EarlyEstablishGpuChannel,EnableTransparentHwndEnlargement,EstablishGpuChannelAsync --disable-features=CalculateNativeWinOcclusion,LocalNetworkAccessChecks,ScreenAIOCREnabled,SpareRendererForSitePerProcess,TraceSiteInstanceGetProcessCreation --variations-seed-version --trace-process-track-uuid=3190708992871164437 --mojo-platform-channel-handle=4368 /prefetch:8",
        "integrity_level": "High",
        "hashes": "SHA256=FEC691D80FCCC35FCC309FBC9F720536C1D795B8A562EC169F28C9923DA9600F",
        "raw_message": "Process Create:\r\nRuleName: -\r\nUtcTime: 2026-07-05 04:45:41.096\r\nProcessGuid: {0f4cb63d-e175-6a49-ec45-000000006500}\r\nProcessId: 17548\r\nImage: C:\\Program Files\\Git\\cmd\\git.exe\r\nFileVersion: 2.49.0.windows.1\r\nDescription: Git for Windows\r\nProduct: Git\r\nCompany: The Git Development Community\r\nOriginalFileName: git.exe\r\nCommandLine: \"C:\\Program Files\\Git\\cmd\\git.exe\" config --get commit.template\r\nCurrentDirectory: C:\\Users\\Admin\\Documents\\Detection-Engineering-Lab\\\r\nUser: NYLPC0LWVEN\\Admin\r\nLogonGuid: {0f4cb63d-8753-6a42-8593-0a0000000000}\r\nLogonId: 0xA9385\r\nTerminalSessionId: 1\r\nIntegrityLevel: High\r\nHashes: SHA256=FEC691D80FCCC35FCC309FBC9F720536C1D795B8A562EC169F28C9923DA9600F\r\nParentProcessGuid: {0f4cb63d-0b23-6a48-831f-000000006500}\r\nParentProcessId: 11868\r\nParentImage: C:\\Users\\Admin\\AppData\\Local\\Programs\\Microsoft VS Code\\Code.exe\r\nParentCommandLine: \"C:\\Users\\Admin\\AppData\\Local\\Programs\\Microsoft VS Code\\Code.exe\" --type=utility --utility-sub-type=node.mojom.NodeService --lang=en-US --service-sandbox-type=none --dns-result-order=ipv4first --experimental-network-inspection --inspect-port=0 --video-capture-use-gpu-memory-buffer --user-data-dir=\"C:\\Users\\Admin\\AppData\\Roaming\\Code\" --standard-schemes=vscode-webview,vscode-file --enable-sandbox --secure-schemes=vscode-webview,vscode-file --cors-schemes=vscode-webview,vscode-file --fetch-schemes=vscode-webview,vscode-file --service-worker-schemes=vscode-webview --code-cache-schemes=vscode-webview,vscode-file --field-trial-handle=1872,i,11658720543533691094,16837983864148106908,262144 --enable-features=DocumentPolicyIncludeJSCallStacksInCrashReports,EarlyEstablishGpuChannel,EnableTransparentHwndEnlargement,EstablishGpuChannelAsync --disable-features=CalculateNativeWinOcclusion,LocalNetworkAccessChecks,ScreenAIOCREnabled,SpareRendererForSitePerProcess,TraceSiteInstanceGetProcessCreation --variations-seed-version --trace-process-track-uuid=3190708992871164437 --mojo-platform-channel-handle=4368 /prefetch:8\r\nParentUser: NYLPC0LWVEN\\Admin"
    },
    {
        "timestamp": "/Date(1783226705799)/",
        "event_id": 1,
        "event_type": "process_create",
        "host": "local_endpoint",
        "user": "NYLPC0LWVEN\\Admin",
        "image": "C:\\Windows\\System32\\SearchProtocolHost.exe",
        "process_guid": "{0f4cb63d-e151-6a49-eb45-000000006500}",
        "process_id": "7692",
        "command_line": "\"C:\\WINDOWS\\system32\\SearchProtocolHost.exe\" Global\\UsGthrFltPipeMssGthrPipe_S-1-5-21-1490266278-2490039293-3589649691-1001487_ Global\\UsGthrCtrlFltPipeMssGthrPipe_S-1-5-21-1490266278-2490039293-3589649691-1001487 1 -2147483646 \"Software\\Microsoft\\Windows Search\" \"Mozilla/4.0 (compatible; MSIE 6.0; Windows NT; MS Search 4.0 Robot)\" \"C:\\ProgramData\\Microsoft\\Search\\Data\\Temp\\usgthrsvc\" \"DownLevelDaemon\"  \"1\"",
        "current_directory": "C:\\WINDOWS\\system32\\",
        "parent_image": "C:\\Windows\\System32\\SearchIndexer.exe",
        "parent_command_line": "C:\\WINDOWS\\system32\\SearchIndexer.exe /Embedding",
        "integrity_level": "Medium",
        "hashes": "SHA256=09B2571EBFADF5CE1429905E8F465C22DBFD5A2A3C3124A0C8AE0FB658BB6025",
        "raw_message": "Process Create:\r\nRuleName: -\r\nUtcTime: 2026-07-05 04:45:05.784\r\nProcessGuid: {0f4cb63d-e151-6a49-eb45-000000006500}\r\nProcessId: 7692\r\nImage: C:\\Windows\\System32\\SearchProtocolHost.exe\r\nFileVersion: 7.0.19041.6456 (WinBuild.160101.0800)\r\nDescription: Microsoft Windows Search Protocol Host\r\nProduct: Windowsr Search\r\nCompany: Microsoft Corporation\r\nOriginalFileName: SearchProtocolHost.exe\r\nCommandLine: \"C:\\WINDOWS\\system32\\SearchProtocolHost.exe\" Global\\UsGthrFltPipeMssGthrPipe_S-1-5-21-1490266278-2490039293-3589649691-1001487_ Global\\UsGthrCtrlFltPipeMssGthrPipe_S-1-5-21-1490266278-2490039293-3589649691-1001487 1 -2147483646 \"Software\\Microsoft\\Windows Search\" \"Mozilla/4.0 (compatible; MSIE 6.0; Windows NT; MS Search 4.0 Robot)\" \"C:\\ProgramData\\Microsoft\\Search\\Data\\Temp\\usgthrsvc\" \"DownLevelDaemon\"  \"1\"\r\nCurrentDirectory: C:\\WINDOWS\\system32\\\r\nUser: NYLPC0LWVEN\\Admin\r\nLogonGuid: {0f4cb63d-8753-6a42-af93-0a0000000000}\r\nLogonId: 0xA93AF\r\nTerminalSessionId: 1\r\nIntegrityLevel: Medium\r\nHashes: SHA256=09B2571EBFADF5CE1429905E8F465C22DBFD5A2A3C3124A0C8AE0FB658BB6025\r\nParentProcessGuid: {0f4cb63d-873d-6a42-8a00-000000006500}\r\nParentProcessId: 6444\r\nParentImage: C:\\Windows\\System32\\SearchIndexer.exe\r\nParentCommandLine: C:\\WINDOWS\\system32\\SearchIndexer.exe /Embedding\r\nParentUser: NT AUTHORITY\\SYSTEM"
    },
    {
        "timestamp": "/Date(1783226698645)/",
        "event_id": 1,
        "event_type": "process_create",
        "host": "local_endpoint",
        "user": "NYLPC0LWVEN\\Admin",
        "image": "C:\\Windows\\System32\\notepad.exe",
        "process_guid": "{0f4cb63d-e14a-6a49-ea45-000000006500}",
        "process_id": "22548",
        "command_line": "\"C:\\WINDOWS\\system32\\notepad.exe\" storage\\database.py",
        "current_directory": "C:\\Users\\Admin\\Documents\\Detection-Engineering-Lab\\",
        "parent_image": "C:\\Windows\\System32\\WindowsPowerShell\\v1.0\\powershell.exe",
        "parent_command_line": "C:\\WINDOWS\\System32\\WindowsPowerShell\\v1.0\\powershell.exe -noexit -command \"try { . \\\"c:\\Users\\Admin\\AppData\\Local\\Programs\\Microsoft VS Code\\6a49527b96\\resources\\app\\out\\vs\\workbench\\contrib\\terminal\\common\\scripts\\shellIntegration.ps1\\\" } catch {}\"",
        "integrity_level": "High",
        "hashes": "SHA256=DA5807BB0997CC6B5132950EC87EDA2B33B1AC4533CF1F7A22A6F3B576ED7C5B",
        "raw_message": "Process Create:\r\nRuleName: -\r\nUtcTime: 2026-07-05 04:44:58.625\r\nProcessGuid: {0f4cb63d-e14a-6a49-ea45-000000006500}\r\nProcessId: 22548\r\nImage: C:\\Windows\\System32\\notepad.exe\r\nFileVersion: 10.0.19041.5794 (WinBuild.160101.0800)\r\nDescription: Notepad\r\nProduct: Microsoftr Windowsr Operating System\r\nCompany: Microsoft Corporation\r\nOriginalFileName: NOTEPAD.EXE\r\nCommandLine: \"C:\\WINDOWS\\system32\\notepad.exe\" storage\\database.py\r\nCurrentDirectory: C:\\Users\\Admin\\Documents\\Detection-Engineering-Lab\\\r\nUser: NYLPC0LWVEN\\Admin\r\nLogonGuid: {0f4cb63d-8753-6a42-8593-0a0000000000}\r\nLogonId: 0xA9385\r\nTerminalSessionId: 1\r\nIntegrityLevel: High\r\nHashes: SHA256=DA5807BB0997CC6B5132950EC87EDA2B33B1AC4533CF1F7A22A6F3B576ED7C5B\r\nParentProcessGuid: {0f4cb63d-5c2f-6a49-513c-000000006500}\r\nParentProcessId: 3948\r\nParentImage: C:\\Windows\\System32\\WindowsPowerShell\\v1.0\\powershell.exe\r\nParentCommandLine: C:\\WINDOWS\\System32\\WindowsPowerShell\\v1.0\\powershell.exe -noexit -command \"try { . \\\"c:\\Users\\Admin\\AppData\\Local\\Programs\\Microsoft VS Code\\6a49527b96\\resources\\app\\out\\vs\\workbench\\contrib\\terminal\\common\\scripts\\shellIntegration.ps1\\\" } catch {}\"\r\nParentUser: NYLPC0LWVEN\\Admin"
    },
    {
        "timestamp": "/Date(1783226697709)/",
        "event_id": 1,
        "event_type": "process_create",
        "host": "local_endpoint",
        "user": "NYLPC0LWVEN\\Admin",
        "image": "C:\\Program Files\\Git\\mingw64\\bin\\git.exe",
        "process_guid": "{0f4cb63d-e149-6a49-e945-000000006500}",
        "process_id": "20612",
        "command_line": "git.exe worktree list --porcelain",
        "current_directory": "C:\\Users\\Admin\\Documents\\Detection-Engineering-Lab\\",
        "parent_image": "C:\\Program Files\\Git\\cmd\\git.exe",
        "parent_command_line": "git worktree list --porcelain",
        "integrity_level": "High",
        "hashes": "SHA256=FE0E064C8283DC50B1CE11A8B90D2EC1B68B5DC714FF0B8A8534BB9C43D1D02E",
        "raw_message": "Process Create:\r\nRuleName: -\r\nUtcTime: 2026-07-05 04:44:57.706\r\nProcessGuid: {0f4cb63d-e149-6a49-e945-000000006500}\r\nProcessId: 20612\r\nImage: C:\\Program Files\\Git\\mingw64\\bin\\git.exe\r\nFileVersion: 2.49.0.windows.1\r\nDescription: Git for Windows\r\nProduct: Git\r\nCompany: The Git Development Community\r\nOriginalFileName: git.exe\r\nCommandLine: git.exe worktree list --porcelain\r\nCurrentDirectory: C:\\Users\\Admin\\Documents\\Detection-Engineering-Lab\\\r\nUser: NYLPC0LWVEN\\Admin\r\nLogonGuid: {0f4cb63d-8753-6a42-8593-0a0000000000}\r\nLogonId: 0xA9385\r\nTerminalSessionId: 1\r\nIntegrityLevel: High\r\nHashes: SHA256=FE0E064C8283DC50B1CE11A8B90D2EC1B68B5DC714FF0B8A8534BB9C43D1D02E\r\nParentProcessGuid: {0f4cb63d-e149-6a49-e745-000000006500}\r\nParentProcessId: 2020\r\nParentImage: C:\\Program Files\\Git\\cmd\\git.exe\r\nParentCommandLine: git worktree list --porcelain\r\nParentUser: NYLPC0LWVEN\\Admin"
    }
]