    {
        "timestamp": "/Date(1783227131314)/",
        "event_id": 1,
        "event_type": "process_create",
        "host": "local_endpoint",
        "user": "NYLPC0LWVEN\\Admin",
        "image": "C:\\Program Files\\Git\\mingw64\\bin\\git.exe",
        "process_guid": "{0f4cb63d-e2fb-6a49-8e46-000000006500}",
        "process_id": "22756",
        "command_line": "git.exe config --get commit.template",
        "current_directory": "C:\\Users\\Admin\\Documents\\Detection-Engineering-Lab\\",
        "parent_image": "C:\\Program Files\\Git\\cmd\\git.exe",
        "parent_command_line": "\"C:\\Program Files\\Git\\cmd\\git.exe\" config --get commit.template",
        "integrity_level": "High",
        "hashes": "SHA256=FE0E064C8283DC50B1CE11A8B90D2EC1B68B5DC714FF0B8A8534BB9C43D1D02E",
        "raw_message": "Process Create:\r\nRuleName: -\r\nUtcTime: 2026-07-05 04:52:11.309\r\nProcessGuid: {0f4cb63d-e2fb-6a49-8e46-000000006500}\r\nProcessId: 22756\r\nImage: C:\\Program Files\\Git\\mingw64\\bin\\git.exe\r\nFileVersion: 2.49.0.windows.1\r\nDescription: Git for Windows\r\nProduct: Git\r\nCompany: The Git Development Community\r\nOriginalFileName: git.exe\r\nCommandLine: git.exe config --get commit.template\r\nCurrentDirectory: C:\\Users\\Admin\\Documents\\Detection-Engineering-Lab\\\r\nUser: NYLPC0LWVEN\\Admin\r\nLogonGuid: {0f4cb63d-8753-6a42-8593-0a0000000000}\r\nLogonId: 0xA9385\r\nTerminalSessionId: 1\r\nIntegrityLevel: High\r\nHashes: SHA256=FE0E064C8283DC50B1CE11A8B90D2EC1B68B5DC714FF0B8A8534BB9C43D1D02E\r\nParentProcessGuid: {0f4cb63d-e2fb-6a49-8a46-000000006500}\r\nParentProcessId: 12200\r\nParentImage: C:\\Program Files\\Git\\cmd\\git.exe\r\nParentCommandLine: \"C:\\Program Files\\Git\\cmd\\git.exe\" config --get commit.template\r\nParentUser: NYLPC0LWVEN\\Admin"
    },
    {
        "timestamp": "/Date(1783227131217)/",
        "event_id": 1,
        "event_type": "process_create",
        "host": "local_endpoint",
        "user": "NYLPC0LWVEN\\Admin",
        "image": "C:\\Windows\\System32\\conhost.exe",
        "process_guid": "{0f4cb63d-e2fb-6a49-8d46-000000006500}",
        "process_id": "19652",
        "command_line": "\\??\\C:\\WINDOWS\\system32\\conhost.exe 0xffffffff -ForceV1",
        "current_directory": "C:\\WINDOWS",
        "parent_image": "C:\\Program Files\\Git\\cmd\\git.exe",
        "parent_command_line": "\"C:\\Program Files\\Git\\cmd\\git.exe\" for-each-ref --format=%(refname)%00%(upstream:short)%00%(objectname)%00%(upstream:track)%00%(upstream:remotename)%00%(upstream:remoteref) --ignore-case refs/heads/feature/sysmon-collector refs/remotes/feature/sysmon-collector",
        "integrity_level": "High",
        "hashes": "SHA256=B02EE54FB2EC69673386D41119EE8ED083A6EAB3BFCA6AA2155D20CE68EF8963",
        "raw_message": "Process Create:\r\nRuleName: -\r\nUtcTime: 2026-07-05 04:52:11.141\r\nProcessGuid: {0f4cb63d-e2fb-6a49-8d46-000000006500}\r\nProcessId: 19652\r\nImage: C:\\Windows\\System32\\conhost.exe\r\nFileVersion: 10.0.19041.5198 (WinBuild.160101.0800)\r\nDescription: Console Window Host\r\nProduct: Microsoftr Windowsr Operating System\r\nCompany: Microsoft Corporation\r\nOriginalFileName: CONHOST.EXE\r\nCommandLine: \\??\\C:\\WINDOWS\\system32\\conhost.exe 0xffffffff -ForceV1\r\nCurrentDirectory: C:\\WINDOWS\r\nUser: NYLPC0LWVEN\\Admin\r\nLogonGuid: {0f4cb63d-8753-6a42-8593-0a0000000000}\r\nLogonId: 0xA9385\r\nTerminalSessionId: 1\r\nIntegrityLevel: High\r\nHashes: SHA256=B02EE54FB2EC69673386D41119EE8ED083A6EAB3BFCA6AA2155D20CE68EF8963\r\nParentProcessGuid: {0f4cb63d-e2fb-6a49-8b46-000000006500}\r\nParentProcessId: 18232\r\nParentImage: C:\\Program Files\\Git\\cmd\\git.exe\r\nParentCommandLine: \"C:\\Program Files\\Git\\cmd\\git.exe\" for-each-ref --format=%(refname)%00%(upstream:short)%00%(objectname)%00%(upstream:track)%00%(upstream:remotename)%00%(upstream:remoteref) --ignore-case refs/heads/feature/sysmon-collector refs/remotes/feature/sysmon-collector\r\nParentUser: NYLPC0LWVEN\\Admin"
    },
    {
        "timestamp": "/Date(1783227131098)/",
        "event_id": 1,
        "event_type": "process_create",
        "host": "local_endpoint",
        "user": "NYLPC0LWVEN\\Admin",
        "image": "C:\\Windows\\System32\\conhost.exe",
        "process_guid": "{0f4cb63d-e2fb-6a49-8c46-000000006500}",
        "process_id": "6024",
        "command_line": "\\??\\C:\\WINDOWS\\system32\\conhost.exe 0xffffffff -ForceV1",
        "current_directory": "C:\\WINDOWS",
        "parent_image": "C:\\Program Files\\Git\\cmd\\git.exe",
        "parent_command_line": "\"C:\\Program Files\\Git\\cmd\\git.exe\" config --get commit.template",
        "integrity_level": "High",
        "hashes": "SHA256=B02EE54FB2EC69673386D41119EE8ED083A6EAB3BFCA6AA2155D20CE68EF8963",
        "raw_message": "Process Create:\r\nRuleName: -\r\nUtcTime: 2026-07-05 04:52:11.090\r\nProcessGuid: {0f4cb63d-e2fb-6a49-8c46-000000006500}\r\nProcessId: 6024\r\nImage: C:\\Windows\\System32\\conhost.exe\r\nFileVersion: 10.0.19041.5198 (WinBuild.160101.0800)\r\nDescription: Console Window Host\r\nProduct: Microsoftr Windowsr Operating System\r\nCompany: Microsoft Corporation\r\nOriginalFileName: CONHOST.EXE\r\nCommandLine: \\??\\C:\\WINDOWS\\system32\\conhost.exe 0xffffffff -ForceV1\r\nCurrentDirectory: C:\\WINDOWS\r\nUser: NYLPC0LWVEN\\Admin\r\nLogonGuid: {0f4cb63d-8753-6a42-8593-0a0000000000}\r\nLogonId: 0xA9385\r\nTerminalSessionId: 1\r\nIntegrityLevel: High\r\nHashes: SHA256=B02EE54FB2EC69673386D41119EE8ED083A6EAB3BFCA6AA2155D20CE68EF8963\r\nParentProcessGuid: {0f4cb63d-e2fb-6a49-8a46-000000006500}\r\nParentProcessId: 12200\r\nParentImage: C:\\Program Files\\Git\\cmd\\git.exe\r\nParentCommandLine: \"C:\\Program Files\\Git\\cmd\\git.exe\" config --get commit.template\r\nParentUser: NYLPC0LWVEN\\Admin"
    },
    {
        "timestamp": "/Date(1783227131097)/",
        "event_id": 1,
        "event_type": "process_create",
        "host": "local_endpoint",
        "user": "NYLPC0LWVEN\\Admin",
        "image": "C:\\Program Files\\Git\\cmd\\git.exe",
        "process_guid": "{0f4cb63d-e2fb-6a49-8b46-000000006500}",
        "process_id": "18232",
        "command_line": "\"C:\\Program Files\\Git\\cmd\\git.exe\" for-each-ref --format=%%(refname)The operation completed successfully.%%(upstream:short)The operation completed successfully.%%(objectname)The operation completed successfully.%%(upstream:track)The operation completed successfully.%%(upstream:remotename)The operation completed successfully.%%(upstream:remoteref) --ignore-case refs/heads/feature/sysmon-collector refs/remotes/feature/sysmon-collector",
        "current_directory": "C:\\Users\\Admin\\Documents\\Detection-Engineering-Lab\\",
        "parent_image": "C:\\Users\\Admin\\AppData\\Local\\Programs\\Microsoft VS Code\\Code.exe",
        "parent_command_line": "\"C:\\Users\\Admin\\AppData\\Local\\Programs\\Microsoft VS Code\\Code.exe\" --type=utility --utility-sub-type=node.mojom.NodeService --lang=en-US --service-sandbox-type=none --dns-result-order=ipv4first --experimental-network-inspection --inspect-port=0 --video-capture-use-gpu-memory-buffer --user-data-dir=\"C:\\Users\\Admin\\AppData\\Roaming\\Code\" --standard-schemes=vscode-webview,vscode-file --enable-sandbox --secure-schemes=vscode-webview,vscode-file --cors-schemes=vscode-webview,vscode-file --fetch-schemes=vscode-webview,vscode-file --service-worker-schemes=vscode-webview --code-cache-schemes=vscode-webview,vscode-file --field-trial-handle=1872,i,11658720543533691094,16837983864148106908,262144 --enable-features=DocumentPolicyIncludeJSCallStacksInCrashReports,EarlyEstablishGpuChannel,EnableTransparentHwndEnlargement,EstablishGpuChannelAsync --disable-features=CalculateNativeWinOcclusion,LocalNetworkAccessChecks,ScreenAIOCREnabled,SpareRendererForSitePerProcess,TraceSiteInstanceGetProcessCreation --variations-seed-version --trace-process-track-uuid=3190708992871164437 --mojo-platform-channel-handle=4368 /prefetch:8",
        "integrity_level": "High",
        "hashes": "SHA256=FEC691D80FCCC35FCC309FBC9F720536C1D795B8A562EC169F28C9923DA9600F",
        "raw_message": "Process Create:\r\nRuleName: -\r\nUtcTime: 2026-07-05 04:52:11.031\r\nProcessGuid: {0f4cb63d-e2fb-6a49-8b46-000000006500}\r\nProcessId: 18232\r\nImage: C:\\Program Files\\Git\\cmd\\git.exe\r\nFileVersion: 2.49.0.windows.1\r\nDescription: Git for Windows\r\nProduct: Git\r\nCompany: The Git Development Community\r\nOriginalFileName: git.exe\r\nCommandLine: \"C:\\Program Files\\Git\\cmd\\git.exe\" for-each-ref --format=%%(refname)The operation completed successfully.%%(upstream:short)The operation completed successfully.%%(objectname)The operation completed successfully.%%(upstream:track)The operation completed successfully.%%(upstream:remotename)The operation completed successfully.%%(upstream:remoteref) --ignore-case refs/heads/feature/sysmon-collector refs/remotes/feature/sysmon-collector\r\nCurrentDirectory: C:\\Users\\Admin\\Documents\\Detection-Engineering-Lab\\\r\nUser: NYLPC0LWVEN\\Admin\r\nLogonGuid: {0f4cb63d-8753-6a42-8593-0a0000000000}\r\nLogonId: 0xA9385\r\nTerminalSessionId: 1\r\nIntegrityLevel: High\r\nHashes: SHA256=FEC691D80FCCC35FCC309FBC9F720536C1D795B8A562EC169F28C9923DA9600F\r\nParentProcessGuid: {0f4cb63d-0b23-6a48-831f-000000006500}\r\nParentProcessId: 11868\r\nParentImage: C:\\Users\\Admin\\AppData\\Local\\Programs\\Microsoft VS Code\\Code.exe\r\nParentCommandLine: \"C:\\Users\\Admin\\AppData\\Local\\Programs\\Microsoft VS Code\\Code.exe\" --type=utility --utility-sub-type=node.mojom.NodeService --lang=en-US --service-sandbox-type=none --dns-result-order=ipv4first --experimental-network-inspection --inspect-port=0 --video-capture-use-gpu-memory-buffer --user-data-dir=\"C:\\Users\\Admin\\AppData\\Roaming\\Code\" --standard-schemes=vscode-webview,vscode-file --enable-sandbox --secure-schemes=vscode-webview,vscode-file --cors-schemes=vscode-webview,vscode-file --fetch-schemes=vscode-webview,vscode-file --service-worker-schemes=vscode-webview --code-cache-schemes=vscode-webview,vscode-file --field-trial-handle=1872,i,11658720543533691094,16837983864148106908,262144 --enable-features=DocumentPolicyIncludeJSCallStacksInCrashReports,EarlyEstablishGpuChannel,EnableTransparentHwndEnlargement,EstablishGpuChannelAsync --disable-features=CalculateNativeWinOcclusion,LocalNetworkAccessChecks,ScreenAIOCREnabled,SpareRendererForSitePerProcess,TraceSiteInstanceGetProcessCreation --variations-seed-version --trace-process-track-uuid=3190708992871164437 --mojo-platform-channel-handle=4368 /prefetch:8\r\nParentUser: NYLPC0LWVEN\\Admin"
    },
    {
        "timestamp": "/Date(1783227131083)/",
        "event_id": 1,
        "event_type": "process_create",
        "host": "local_endpoint",
        "user": "NYLPC0LWVEN\\Admin",
        "image": "C:\\Program Files\\Git\\cmd\\git.exe",
        "process_guid": "{0f4cb63d-e2fb-6a49-8a46-000000006500}",
        "process_id": "12200",
        "command_line": "\"C:\\Program Files\\Git\\cmd\\git.exe\" config --get commit.template",
        "current_directory": "C:\\Users\\Admin\\Documents\\Detection-Engineering-Lab\\",
        "parent_image": "C:\\Users\\Admin\\AppData\\Local\\Programs\\Microsoft VS Code\\Code.exe",
        "parent_command_line": "\"C:\\Users\\Admin\\AppData\\Local\\Programs\\Microsoft VS Code\\Code.exe\" --type=utility --utility-sub-type=node.mojom.NodeService --lang=en-US --service-sandbox-type=none --dns-result-order=ipv4first --experimental-network-inspection --inspect-port=0 --video-capture-use-gpu-memory-buffer --user-data-dir=\"C:\\Users\\Admin\\AppData\\Roaming\\Code\" --standard-schemes=vscode-webview,vscode-file --enable-sandbox --secure-schemes=vscode-webview,vscode-file --cors-schemes=vscode-webview,vscode-file --fetch-schemes=vscode-webview,vscode-file --service-worker-schemes=vscode-webview --code-cache-schemes=vscode-webview,vscode-file --field-trial-handle=1872,i,11658720543533691094,16837983864148106908,262144 --enable-features=DocumentPolicyIncludeJSCallStacksInCrashReports,EarlyEstablishGpuChannel,EnableTransparentHwndEnlargement,EstablishGpuChannelAsync --disable-features=CalculateNativeWinOcclusion,LocalNetworkAccessChecks,ScreenAIOCREnabled,SpareRendererForSitePerProcess,TraceSiteInstanceGetProcessCreation --variations-seed-version --trace-process-track-uuid=3190708992871164437 --mojo-platform-channel-handle=4368 /prefetch:8",
        "integrity_level": "High",
        "hashes": "SHA256=FEC691D80FCCC35FCC309FBC9F720536C1D795B8A562EC169F28C9923DA9600F",
        "raw_message": "Process Create:\r\nRuleName: -\r\nUtcTime: 2026-07-05 04:52:11.023\r\nProcessGuid: {0f4cb63d-e2fb-6a49-8a46-000000006500}\r\nProcessId: 12200\r\nImage: C:\\Program Files\\Git\\cmd\\git.exe\r\nFileVersion: 2.49.0.windows.1\r\nDescription: Git for Windows\r\nProduct: Git\r\nCompany: The Git Development Community\r\nOriginalFileName: git.exe\r\nCommandLine: \"C:\\Program Files\\Git\\cmd\\git.exe\" config --get commit.template\r\nCurrentDirectory: C:\\Users\\Admin\\Documents\\Detection-Engineering-Lab\\\r\nUser: NYLPC0LWVEN\\Admin\r\nLogonGuid: {0f4cb63d-8753-6a42-8593-0a0000000000}\r\nLogonId: 0xA9385\r\nTerminalSessionId: 1\r\nIntegrityLevel: High\r\nHashes: SHA256=FEC691D80FCCC35FCC309FBC9F720536C1D795B8A562EC169F28C9923DA9600F\r\nParentProcessGuid: {0f4cb63d-0b23-6a48-831f-000000006500}\r\nParentProcessId: 11868\r\nParentImage: C:\\Users\\Admin\\AppData\\Local\\Programs\\Microsoft VS Code\\Code.exe\r\nParentCommandLine: \"C:\\Users\\Admin\\AppData\\Local\\Programs\\Microsoft VS Code\\Code.exe\" --type=utility --utility-sub-type=node.mojom.NodeService --lang=en-US --service-sandbox-type=none --dns-result-order=ipv4first --experimental-network-inspection --inspect-port=0 --video-capture-use-gpu-memory-buffer --user-data-dir=\"C:\\Users\\Admin\\AppData\\Roaming\\Code\" --standard-schemes=vscode-webview,vscode-file --enable-sandbox --secure-schemes=vscode-webview,vscode-file --cors-schemes=vscode-webview,vscode-file --fetch-schemes=vscode-webview,vscode-file --service-worker-schemes=vscode-webview --code-cache-schemes=vscode-webview,vscode-file --field-trial-handle=1872,i,11658720543533691094,16837983864148106908,262144 --enable-features=DocumentPolicyIncludeJSCallStacksInCrashReports,EarlyEstablishGpuChannel,EnableTransparentHwndEnlargement,EstablishGpuChannelAsync --disable-features=CalculateNativeWinOcclusion,LocalNetworkAccessChecks,ScreenAIOCREnabled,SpareRendererForSitePerProcess,TraceSiteInstanceGetProcessCreation --variations-seed-version --trace-process-track-uuid=3190708992871164437 --mojo-platform-channel-handle=4368 /prefetch:8\r\nParentUser: NYLPC0LWVEN\\Admin"
    },
    {
        "timestamp": "/Date(1783227127143)/",
        "event_id": 1,
        "event_type": "process_create",
        "host": "local_endpoint",
        "user": "NYLPC0LWVEN\\Admin",
        "image": "C:\\Windows\\System32\\WindowsPowerShell\\v1.0\\powershell.exe",
        "process_guid": "{0f4cb63d-e2f7-6a49-8946-000000006500}",
        "process_id": "18124",
        "command_line": "\"C:\\WINDOWS\\System32\\WindowsPowerShell\\v1.0\\powershell.exe\" -NoProfile -ExecutionPolicy Bypass -EncodedCommand RwBlAHQALQBEAGEAdABlAA==",
        "current_directory": "C:\\Users\\Admin\\Documents\\Detection-Engineering-Lab\\",
        "parent_image": "C:\\Windows\\System32\\WindowsPowerShell\\v1.0\\powershell.exe",
        "parent_command_line": "C:\\WINDOWS\\System32\\WindowsPowerShell\\v1.0\\powershell.exe -noexit -command \"try { . \\\"c:\\Users\\Admin\\AppData\\Local\\Programs\\Microsoft VS Code\\6a49527b96\\resources\\app\\out\\vs\\workbench\\contrib\\terminal\\common\\scripts\\shellIntegration.ps1\\\" } catch {}\"",
        "integrity_level": "High",
        "hashes": "SHA256=9785001B0DCF755EDDB8AF294A373C0B87B2498660F724E76C4D53F9C217C7A3",
        "raw_message": "Process Create:\r\nRuleName: -\r\nUtcTime: 2026-07-05 04:52:07.105\r\nProcessGuid: {0f4cb63d-e2f7-6a49-8946-000000006500}\r\nProcessId: 18124\r\nImage: C:\\Windows\\System32\\WindowsPowerShell\\v1.0\\powershell.exe\r\nFileVersion: 10.0.19041.3996 (WinBuild.160101.0800)\r\nDescription: Windows PowerShell\r\nProduct: Microsoftr Windowsr Operating System\r\nCompany: Microsoft Corporation\r\nOriginalFileName: PowerShell.EXE\r\nCommandLine: \"C:\\WINDOWS\\System32\\WindowsPowerShell\\v1.0\\powershell.exe\" -NoProfile -ExecutionPolicy Bypass -EncodedCommand RwBlAHQALQBEAGEAdABlAA==\r\nCurrentDirectory: C:\\Users\\Admin\\Documents\\Detection-Engineering-Lab\\\r\nUser: NYLPC0LWVEN\\Admin\r\nLogonGuid: {0f4cb63d-8753-6a42-8593-0a0000000000}\r\nLogonId: 0xA9385\r\nTerminalSessionId: 1\r\nIntegrityLevel: High\r\nHashes: SHA256=9785001B0DCF755EDDB8AF294A373C0B87B2498660F724E76C4D53F9C217C7A3\r\nParentProcessGuid: {0f4cb63d-5c2f-6a49-513c-000000006500}\r\nParentProcessId: 3948\r\nParentImage: C:\\Windows\\System32\\WindowsPowerShell\\v1.0\\powershell.exe\r\nParentCommandLine: C:\\WINDOWS\\System32\\WindowsPowerShell\\v1.0\\powershell.exe -noexit -command \"try { . \\\"c:\\Users\\Admin\\AppData\\Local\\Programs\\Microsoft VS Code\\6a49527b96\\resources\\app\\out\\vs\\workbench\\contrib\\terminal\\common\\scripts\\shellIntegration.ps1\\\" } catch {}\"\r\nParentUser: NYLPC0LWVEN\\Admin"
    }
]