[
    {
        "timestamp": "2026-07-05 15:12:33 UTC",
        "event_id": 1,
        "event_type": "process_create",
        "host": "local_endpoint",
        "user": "NYLPC0LWVEN\\Admin",
        "image": "C:\\Windows\\System32\\WindowsPowerShell\\v1.0\\powershell.exe",
        "process_guid": "{0f4cb63d-7461-6a4a-2b4e-000000006500}",
        "process_id": "15932",
        "command_line": "powershell -Command \"",
        "current_directory": "C:\\Users\\Admin\\Documents\\Detection-Engineering-Lab\\",
        "parent_image": "C:\\Users\\Admin\\AppData\\Local\\Python\\pythoncore-3.14-64\\python.exe",
        "parent_command_line": "\"C:\\Users\\Admin\\AppData\\Local\\Python\\pythoncore-3.14-64\\python.exe\"  collectors\\sysmon.py",
        "integrity_level": "High",
        "hashes": "SHA256=9785001B0DCF755EDDB8AF294A373C0B87B2498660F724E76C4D53F9C217C7A3",
        "raw_message": "Process Create:\r\nRuleName: -\r\nUtcTime: 2026-07-05 15:12:33.973\r\nProcessGuid: {0f4cb63d-7461-6a4a-2b4e-000000006500}\r\nProcessId: 15932\r\nImage: C:\\Windows\\System32\\WindowsPowerShell\\v1.0\\powershell.exe\r\nFileVersion: 10.0.19041.3996 (WinBuild.160101.0800)\r\nDescription: Windows PowerShell\r\nProduct: Microsoftr Windowsr Operating System\r\nCompany: Microsoft Corporation\r\nOriginalFileName: PowerShell.EXE\r\nCommandLine: powershell -Command \"\n        Get-WinEvent -LogName 'Microsoft-Windows-Sysmon/Operational' -MaxEvents 50 |\n        Where-Object { $_.Id -in 1,3,7,11,13,22 } |\n        Select-Object TimeCreated, Id, ProviderName, Message |\n        ConvertTo-Json -Depth 4\n        \"\r\nCurrentDirectory: C:\\Users\\Admin\\Documents\\Detection-Engineering-Lab\\\r\nUser: NYLPC0LWVEN\\Admin\r\nLogonGuid: {0f4cb63d-8753-6a42-8593-0a0000000000}\r\nLogonId: 0xA9385\r\nTerminalSessionId: 1\r\nIntegrityLevel: High\r\nHashes: SHA256=9785001B0DCF755EDDB8AF294A373C0B87B2498660F724E76C4D53F9C217C7A3\r\nParentProcessGuid: {0f4cb63d-7461-6a4a-2a4e-000000006500}\r\nParentProcessId: 2924\r\nParentImage: C:\\Users\\Admin\\AppData\\Local\\Python\\pythoncore-3.14-64\\python.exe\r\nParentCommandLine: \"C:\\Users\\Admin\\AppData\\Local\\Python\\pythoncore-3.14-64\\python.exe\"  collectors\\sysmon.py\r\nParentUser: NYLPC0LWVEN\\Admin"
    },
    {
        "timestamp": "2026-07-05 15:12:33 UTC",
        "event_id": 1,
        "event_type": "process_create",
        "host": "local_endpoint",
        "user": "NYLPC0LWVEN\\Admin",
        "image": "C:\\Users\\Admin\\AppData\\Local\\Python\\pythoncore-3.14-64\\python.exe",
        "process_guid": "{0f4cb63d-7461-6a4a-2a4e-000000006500}",
        "process_id": "2924",
        "command_line": "\"C:\\Users\\Admin\\AppData\\Local\\Python\\pythoncore-3.14-64\\python.exe\"  collectors\\sysmon.py",
        "current_directory": "C:\\Users\\Admin\\Documents\\Detection-Engineering-Lab\\",
        "parent_image": "C:\\Program Files\\WindowsApps\\PythonSoftwareFoundation.PythonManager_26.1.240.0_x64__3847v3x7pw1km\\python.exe",
        "parent_command_line": "python  collectors\\sysmon.py",
        "integrity_level": "High",
        "hashes": "SHA256=7CA24F26D6E3F463419EE4F537DDD3ACD312C38FE45E678CCE08572F26A8BD1A",
        "raw_message": "Process Create:\r\nRuleName: -\r\nUtcTime: 2026-07-05 15:12:33.863\r\nProcessGuid: {0f4cb63d-7461-6a4a-2a4e-000000006500}\r\nProcessId: 2924\r\nImage: C:\\Users\\Admin\\AppData\\Local\\Python\\pythoncore-3.14-64\\python.exe\r\nFileVersion: 3.14.4\r\nDescription: Python\r\nProduct: Python\r\nCompany: Python Software Foundation\r\nOriginalFileName: python.exe\r\nCommandLine: \"C:\\Users\\Admin\\AppData\\Local\\Python\\pythoncore-3.14-64\\python.exe\"  collectors\\sysmon.py\r\nCurrentDirectory: C:\\Users\\Admin\\Documents\\Detection-Engineering-Lab\\\r\nUser: NYLPC0LWVEN\\Admin\r\nLogonGuid: {0f4cb63d-8753-6a42-8593-0a0000000000}\r\nLogonId: 0xA9385\r\nTerminalSessionId: 1\r\nIntegrityLevel: High\r\nHashes: SHA256=7CA24F26D6E3F463419EE4F537DDD3ACD312C38FE45E678CCE08572F26A8BD1A\r\nParentProcessGuid: {0f4cb63d-7461-6a4a-294e-000000006500}\r\nParentProcessId: 7296\r\nParentImage: C:\\Program Files\\WindowsApps\\PythonSoftwareFoundation.PythonManager_26.1.240.0_x64__3847v3x7pw1km\\python.exe\r\nParentCommandLine: python  collectors\\sysmon.py\r\nParentUser: NYLPC0LWVEN\\Admin"
    },
    {
        "timestamp": "2026-07-05 15:12:33 UTC",
        "event_id": 1,
        "event_type": "process_create",
        "host": "local_endpoint",
        "user": "NYLPC0LWVEN\\Admin",
        "image": "C:\\Program Files\\WindowsApps\\PythonSoftwareFoundation.PythonManager_26.1.240.0_x64__3847v3x7pw1km\\python.exe",
        "process_guid": "{0f4cb63d-7461-6a4a-294e-000000006500}",
        "process_id": "7296",
        "command_line": "python  collectors\\sysmon.py",
        "current_directory": "C:\\Users\\Admin\\Documents\\Detection-Engineering-Lab\\",
        "parent_image": "C:\\Windows\\System32\\cmd.exe",
        "parent_command_line": "C:\\WINDOWS\\system32\\cmd.exe /c \"python collectors\\sysmon.py\"",
        "integrity_level": "High",
        "hashes": "SHA256=1B2C1088E7897908189C64923CA6F10314204DF3D3563285586BEB8EE85AD5CD",
        "raw_message": "Process Create:\r\nRuleName: -\r\nUtcTime: 2026-07-05 15:12:33.736\r\nProcessGuid: {0f4cb63d-7461-6a4a-294e-000000006500}\r\nProcessId: 7296\r\nImage: C:\\Program Files\\WindowsApps\\PythonSoftwareFoundation.PythonManager_26.1.240.0_x64__3847v3x7pw1km\\python.exe\r\nFileVersion: 26.1\r\nDescription: Python Install Manager\r\nProduct: manage\r\nCompany: Python Software Foundation\r\nOriginalFileName: python.exe\r\nCommandLine: python  collectors\\sysmon.py\r\nCurrentDirectory: C:\\Users\\Admin\\Documents\\Detection-Engineering-Lab\\\r\nUser: NYLPC0LWVEN\\Admin\r\nLogonGuid: {0f4cb63d-8753-6a42-8593-0a0000000000}\r\nLogonId: 0xA9385\r\nTerminalSessionId: 1\r\nIntegrityLevel: High\r\nHashes: SHA256=1B2C1088E7897908189C64923CA6F10314204DF3D3563285586BEB8EE85AD5CD\r\nParentProcessGuid: {0f4cb63d-7461-6a4a-284e-000000006500}\r\nParentProcessId: 20588\r\nParentImage: C:\\Windows\\System32\\cmd.exe\r\nParentCommandLine: C:\\WINDOWS\\system32\\cmd.exe /c \"python collectors\\sysmon.py\"\r\nParentUser: NYLPC0LWVEN\\Admin"
    },
    {
        "timestamp": "2026-07-05 15:12:33 UTC",
        "event_id": 1,
        "event_type": "process_create",
        "host": "local_endpoint",
        "user": "NYLPC0LWVEN\\Admin",
        "image": "C:\\Windows\\System32\\cmd.exe",
        "process_guid": "{0f4cb63d-7461-6a4a-284e-000000006500}",
        "process_id": "20588",
        "command_line": "C:\\WINDOWS\\system32\\cmd.exe /c \"python collectors\\sysmon.py\"",
        "current_directory": "C:\\Users\\Admin\\Documents\\Detection-Engineering-Lab\\",
        "parent_image": "C:\\Users\\Admin\\AppData\\Local\\Python\\pythoncore-3.14-64\\python.exe",
        "parent_command_line": "\"C:\\Users\\Admin\\AppData\\Local\\Python\\pythoncore-3.14-64\\python.exe\"  sensor\\endpoint_sensor.py",
        "integrity_level": "High",
        "hashes": "SHA256=BADF4752413CB0CBDC03FB95820CA167F0CDC63B597CCDB5EF43111180E088B0",
        "raw_message": "Process Create:\r\nRuleName: -\r\nUtcTime: 2026-07-05 15:12:33.616\r\nProcessGuid: {0f4cb63d-7461-6a4a-284e-000000006500}\r\nProcessId: 20588\r\nImage: C:\\Windows\\System32\\cmd.exe\r\nFileVersion: 10.0.19041.4355 (WinBuild.160101.0800)\r\nDescription: Windows Command Processor\r\nProduct: Microsoftr Windowsr Operating System\r\nCompany: Microsoft Corporation\r\nOriginalFileName: Cmd.Exe\r\nCommandLine: C:\\WINDOWS\\system32\\cmd.exe /c \"python collectors\\sysmon.py\"\r\nCurrentDirectory: C:\\Users\\Admin\\Documents\\Detection-Engineering-Lab\\\r\nUser: NYLPC0LWVEN\\Admin\r\nLogonGuid: {0f4cb63d-8753-6a42-8593-0a0000000000}\r\nLogonId: 0xA9385\r\nTerminalSessionId: 1\r\nIntegrityLevel: High\r\nHashes: SHA256=BADF4752413CB0CBDC03FB95820CA167F0CDC63B597CCDB5EF43111180E088B0\r\nParentProcessGuid: {0f4cb63d-7461-6a4a-274e-000000006500}\r\nParentProcessId: 2572\r\nParentImage: C:\\Users\\Admin\\AppData\\Local\\Python\\pythoncore-3.14-64\\python.exe\r\nParentCommandLine: \"C:\\Users\\Admin\\AppData\\Local\\Python\\pythoncore-3.14-64\\python.exe\"  sensor\\endpoint_sensor.py\r\nParentUser: NYLPC0LWVEN\\Admin"
    },
    {
        "timestamp": "2026-07-05 15:12:33 UTC",
        "event_id": 1,
        "event_type": "process_create",
        "host": "local_endpoint",
        "user": "NYLPC0LWVEN\\Admin",
        "image": "C:\\Users\\Admin\\AppData\\Local\\Python\\pythoncore-3.14-64\\python.exe",
        "process_guid": "{0f4cb63d-7461-6a4a-274e-000000006500}",
        "process_id": "2572",
        "command_line": "\"C:\\Users\\Admin\\AppData\\Local\\Python\\pythoncore-3.14-64\\python.exe\"  sensor\\endpoint_sensor.py",
        "current_directory": "C:\\Users\\Admin\\Documents\\Detection-Engineering-Lab\\",
        "parent_image": "C:\\Program Files\\WindowsApps\\PythonSoftwareFoundation.PythonManager_26.1.240.0_x64__3847v3x7pw1km\\python.exe",
        "parent_command_line": "\"C:\\Users\\Admin\\AppData\\Local\\Microsoft\\WindowsApps\\python.exe\" sensor\\endpoint_sensor.py",
        "integrity_level": "High",
        "hashes": "SHA256=7CA24F26D6E3F463419EE4F537DDD3ACD312C38FE45E678CCE08572F26A8BD1A",
        "raw_message": "Process Create:\r\nRuleName: -\r\nUtcTime: 2026-07-05 15:12:33.188\r\nProcessGuid: {0f4cb63d-7461-6a4a-274e-000000006500}\r\nProcessId: 2572\r\nImage: C:\\Users\\Admin\\AppData\\Local\\Python\\pythoncore-3.14-64\\python.exe\r\nFileVersion: 3.14.4\r\nDescription: Python\r\nProduct: Python\r\nCompany: Python Software Foundation\r\nOriginalFileName: python.exe\r\nCommandLine: \"C:\\Users\\Admin\\AppData\\Local\\Python\\pythoncore-3.14-64\\python.exe\"  sensor\\endpoint_sensor.py\r\nCurrentDirectory: C:\\Users\\Admin\\Documents\\Detection-Engineering-Lab\\\r\nUser: NYLPC0LWVEN\\Admin\r\nLogonGuid: {0f4cb63d-8753-6a42-8593-0a0000000000}\r\nLogonId: 0xA9385\r\nTerminalSessionId: 1\r\nIntegrityLevel: High\r\nHashes: SHA256=7CA24F26D6E3F463419EE4F537DDD3ACD312C38FE45E678CCE08572F26A8BD1A\r\nParentProcessGuid: {0f4cb63d-7460-6a4a-234e-000000006500}\r\nParentProcessId: 12096\r\nParentImage: C:\\Program Files\\WindowsApps\\PythonSoftwareFoundation.PythonManager_26.1.240.0_x64__3847v3x7pw1km\\python.exe\r\nParentCommandLine: \"C:\\Users\\Admin\\AppData\\Local\\Microsoft\\WindowsApps\\python.exe\" sensor\\endpoint_sensor.py\r\nParentUser: NYLPC0LWVEN\\Admin"
    },
    {
        "timestamp": "2026-07-05 15:12:33 UTC",
        "event_id": 1,
        "event_type": "process_create",
        "host": "local_endpoint",
        "user": "NYLPC0LWVEN\\Admin",
        "image": "C:\\Program Files\\Git\\mingw64\\bin\\git.exe",
        "process_guid": "{0f4cb63d-7461-6a4a-264e-000000006500}",
        "process_id": "19852",
        "command_line": "git.exe worktree list --porcelain",
        "current_directory": "C:\\Users\\Admin\\Documents\\Detection-Engineering-Lab\\",
        "parent_image": "C:\\Program Files\\Git\\cmd\\git.exe",
        "parent_command_line": "git worktree list --porcelain",
        "integrity_level": "High",
        "hashes": "SHA256=FE0E064C8283DC50B1CE11A8B90D2EC1B68B5DC714FF0B8A8534BB9C43D1D02E",
        "raw_message": "Process Create:\r\nRuleName: -\r\nUtcTime: 2026-07-05 15:12:33.172\r\nProcessGuid: {0f4cb63d-7461-6a4a-264e-000000006500}\r\nProcessId: 19852\r\nImage: C:\\Program Files\\Git\\mingw64\\bin\\git.exe\r\nFileVersion: 2.49.0.windows.1\r\nDescription: Git for Windows\r\nProduct: Git\r\nCompany: The Git Development Community\r\nOriginalFileName: git.exe\r\nCommandLine: git.exe worktree list --porcelain\r\nCurrentDirectory: C:\\Users\\Admin\\Documents\\Detection-Engineering-Lab\\\r\nUser: NYLPC0LWVEN\\Admin\r\nLogonGuid: {0f4cb63d-8753-6a42-8593-0a0000000000}\r\nLogonId: 0xA9385\r\nTerminalSessionId: 1\r\nIntegrityLevel: High\r\nHashes: SHA256=FE0E064C8283DC50B1CE11A8B90D2EC1B68B5DC714FF0B8A8534BB9C43D1D02E\r\nParentProcessGuid: {0f4cb63d-7461-6a4a-244e-000000006500}\r\nParentProcessId: 20200\r\nParentImage: C:\\Program Files\\Git\\cmd\\git.exe\r\nParentCommandLine: git worktree list --porcelain\r\nParentUser: NYLPC0LWVEN\\Admin"
    },
    {
        "timestamp": "2026-07-05 15:12:33 UTC",
        "event_id": 1,
        "event_type": "process_create",
        "host": "local_endpoint",
        "user": "NYLPC0LWVEN\\Admin",
        "image": "C:\\Windows\\System32\\conhost.exe",
        "process_guid": "{0f4cb63d-7461-6a4a-254e-000000006500}",
        "process_id": "12796",
        "command_line": "\\??\\C:\\WINDOWS\\system32\\conhost.exe 0xffffffff -ForceV1",
        "current_directory": "C:\\WINDOWS",
        "parent_image": "C:\\Program Files\\Git\\cmd\\git.exe",
        "parent_command_line": "git worktree list --porcelain",
        "integrity_level": "High",
        "hashes": "SHA256=B02EE54FB2EC69673386D41119EE8ED083A6EAB3BFCA6AA2155D20CE68EF8963",
        "raw_message": "Process Create:\r\nRuleName: -\r\nUtcTime: 2026-07-05 15:12:33.078\r\nProcessGuid: {0f4cb63d-7461-6a4a-254e-000000006500}\r\nProcessId: 12796\r\nImage: C:\\Windows\\System32\\conhost.exe\r\nFileVersion: 10.0.19041.5198 (WinBuild.160101.0800)\r\nDescription: Console Window Host\r\nProduct: Microsoftr Windowsr Operating System\r\nCompany: Microsoft Corporation\r\nOriginalFileName: CONHOST.EXE\r\nCommandLine: \\??\\C:\\WINDOWS\\system32\\conhost.exe 0xffffffff -ForceV1\r\nCurrentDirectory: C:\\WINDOWS\r\nUser: NYLPC0LWVEN\\Admin\r\nLogonGuid: {0f4cb63d-8753-6a42-8593-0a0000000000}\r\nLogonId: 0xA9385\r\nTerminalSessionId: 1\r\nIntegrityLevel: High\r\nHashes: SHA256=B02EE54FB2EC69673386D41119EE8ED083A6EAB3BFCA6AA2155D20CE68EF8963\r\nParentProcessGuid: {0f4cb63d-7461-6a4a-244e-000000006500}\r\nParentProcessId: 20200\r\nParentImage: C:\\Program Files\\Git\\cmd\\git.exe\r\nParentCommandLine: git worktree list --porcelain\r\nParentUser: NYLPC0LWVEN\\Admin"
    },
    {
        "timestamp": "2026-07-05 15:12:33 UTC",
        "event_id": 1,
        "event_type": "process_create",
        "host": "local_endpoint",
        "user": "NYLPC0LWVEN\\Admin",
        "image": "C:\\Program Files\\Git\\cmd\\git.exe",
        "process_guid": "{0f4cb63d-7461-6a4a-244e-000000006500}",
        "process_id": "20200",
        "command_line": "git worktree list --porcelain",
        "current_directory": "C:\\Users\\Admin\\Documents\\Detection-Engineering-Lab\\",
        "parent_image": "C:\\Users\\Admin\\AppData\\Local\\Programs\\Microsoft VS Code\\Code.exe",
        "parent_command_line": "\"C:\\Users\\Admin\\AppData\\Local\\Programs\\Microsoft VS Code\\Code.exe\" --type=utility --utility-sub-type=node.mojom.NodeService --lang=en-US --service-sandbox-type=none --dns-result-order=ipv4first --experimental-network-inspection --inspect-port=0 --video-capture-use-gpu-memory-buffer --user-data-dir=\"C:\\Users\\Admin\\AppData\\Roaming\\Code\" --standard-schemes=vscode-webview,vscode-file --enable-sandbox --secure-schemes=vscode-webview,vscode-file --cors-schemes=vscode-webview,vscode-file --fetch-schemes=vscode-webview,vscode-file --service-worker-schemes=vscode-webview --code-cache-schemes=vscode-webview,vscode-file --field-trial-handle=1872,i,11658720543533691094,16837983864148106908,262144 --enable-features=DocumentPolicyIncludeJSCallStacksInCrashReports,EarlyEstablishGpuChannel,EnableTransparentHwndEnlargement,EstablishGpuChannelAsync --disable-features=CalculateNativeWinOcclusion,LocalNetworkAccessChecks,ScreenAIOCREnabled,SpareRendererForSitePerProcess,TraceSiteInstanceGetProcessCreation --variations-seed-version --trace-process-track-uuid=3190708992871164437 --mojo-platform-channel-handle=4368 /prefetch:8",
        "integrity_level": "High",
        "hashes": "SHA256=FEC691D80FCCC35FCC309FBC9F720536C1D795B8A562EC169F28C9923DA9600F",
        "raw_message": "Process Create:\r\nRuleName: -\r\nUtcTime: 2026-07-05 15:12:33.061\r\nProcessGuid: {0f4cb63d-7461-6a4a-244e-000000006500}\r\nProcessId: 20200\r\nImage: C:\\Program Files\\Git\\cmd\\git.exe\r\nFileVersion: 2.49.0.windows.1\r\nDescription: Git for Windows\r\nProduct: Git\r\nCompany: The Git Development Community\r\nOriginalFileName: git.exe\r\nCommandLine: git worktree list --porcelain\r\nCurrentDirectory: C:\\Users\\Admin\\Documents\\Detection-Engineering-Lab\\\r\nUser: NYLPC0LWVEN\\Admin\r\nLogonGuid: {0f4cb63d-8753-6a42-8593-0a0000000000}\r\nLogonId: 0xA9385\r\nTerminalSessionId: 1\r\nIntegrityLevel: High\r\nHashes: SHA256=FEC691D80FCCC35FCC309FBC9F720536C1D795B8A562EC169F28C9923DA9600F\r\nParentProcessGuid: {0f4cb63d-0b23-6a48-831f-000000006500}\r\nParentProcessId: 11868\r\nParentImage: C:\\Users\\Admin\\AppData\\Local\\Programs\\Microsoft VS Code\\Code.exe\r\nParentCommandLine: \"C:\\Users\\Admin\\AppData\\Local\\Programs\\Microsoft VS Code\\Code.exe\" --type=utility --utility-sub-type=node.mojom.NodeService --lang=en-US --service-sandbox-type=none --dns-result-order=ipv4first --experimental-network-inspection --inspect-port=0 --video-capture-use-gpu-memory-buffer --user-data-dir=\"C:\\Users\\Admin\\AppData\\Roaming\\Code\" --standard-schemes=vscode-webview,vscode-file --enable-sandbox --secure-schemes=vscode-webview,vscode-file --cors-schemes=vscode-webview,vscode-file --fetch-schemes=vscode-webview,vscode-file --service-worker-schemes=vscode-webview --code-cache-schemes=vscode-webview,vscode-file --field-trial-handle=1872,i,11658720543533691094,16837983864148106908,262144 --enable-features=DocumentPolicyIncludeJSCallStacksInCrashReports,EarlyEstablishGpuChannel,EnableTransparentHwndEnlargement,EstablishGpuChannelAsync --disable-features=CalculateNativeWinOcclusion,LocalNetworkAccessChecks,ScreenAIOCREnabled,SpareRendererForSitePerProcess,TraceSiteInstanceGetProcessCreation --variations-seed-version --trace-process-track-uuid=3190708992871164437 --mojo-platform-channel-handle=4368 /prefetch:8\r\nParentUser: NYLPC0LWVEN\\Admin"
    },
    {
        "timestamp": "2026-07-05 15:12:32 UTC",
        "event_id": 1,
        "event_type": "process_create",
        "host": "local_endpoint",
        "user": "NYLPC0LWVEN\\Admin",
        "image": "C:\\Program Files\\WindowsApps\\PythonSoftwareFoundation.PythonManager_26.1.240.0_x64__3847v3x7pw1km\\python.exe",
        "process_guid": "{0f4cb63d-7460-6a4a-234e-000000006500}",
        "process_id": "12096",
        "command_line": "\"C:\\Users\\Admin\\AppData\\Local\\Microsoft\\WindowsApps\\python.exe\" sensor\\endpoint_sensor.py",
        "current_directory": "C:\\Users\\Admin\\Documents\\Detection-Engineering-Lab\\",
        "parent_image": "C:\\Windows\\System32\\WindowsPowerShell\\v1.0\\powershell.exe",
        "parent_command_line": "C:\\WINDOWS\\System32\\WindowsPowerShell\\v1.0\\powershell.exe -noexit -command \"try { . \\\"c:\\Users\\Admin\\AppData\\Local\\Programs\\Microsoft VS Code\\6a49527b96\\resources\\app\\out\\vs\\workbench\\contrib\\terminal\\common\\scripts\\shellIntegration.ps1\\\" } catch {}\"",
        "integrity_level": "High",
        "hashes": "SHA256=1B2C1088E7897908189C64923CA6F10314204DF3D3563285586BEB8EE85AD5CD",
        "raw_message": "Process Create:\r\nRuleName: -\r\nUtcTime: 2026-07-05 15:12:32.732\r\nProcessGuid: {0f4cb63d-7460-6a4a-234e-000000006500}\r\nProcessId: 12096\r\nImage: C:\\Program Files\\WindowsApps\\PythonSoftwareFoundation.PythonManager_26.1.240.0_x64__3847v3x7pw1km\\python.exe\r\nFileVersion: 26.1\r\nDescription: Python Install Manager\r\nProduct: manage\r\nCompany: Python Software Foundation\r\nOriginalFileName: python.exe\r\nCommandLine: \"C:\\Users\\Admin\\AppData\\Local\\Microsoft\\WindowsApps\\python.exe\" sensor\\endpoint_sensor.py\r\nCurrentDirectory: C:\\Users\\Admin\\Documents\\Detection-Engineering-Lab\\\r\nUser: NYLPC0LWVEN\\Admin\r\nLogonGuid: {0f4cb63d-8753-6a42-8593-0a0000000000}\r\nLogonId: 0xA9385\r\nTerminalSessionId: 1\r\nIntegrityLevel: High\r\nHashes: SHA256=1B2C1088E7897908189C64923CA6F10314204DF3D3563285586BEB8EE85AD5CD\r\nParentProcessGuid: {0f4cb63d-5c2f-6a49-513c-000000006500}\r\nParentProcessId: 3948\r\nParentImage: C:\\Windows\\System32\\WindowsPowerShell\\v1.0\\powershell.exe\r\nParentCommandLine: C:\\WINDOWS\\System32\\WindowsPowerShell\\v1.0\\powershell.exe -noexit -command \"try { . \\\"c:\\Users\\Admin\\AppData\\Local\\Programs\\Microsoft VS Code\\6a49527b96\\resources\\app\\out\\vs\\workbench\\contrib\\terminal\\common\\scripts\\shellIntegration.ps1\\\" } catch {}\"\r\nParentUser: NYLPC0LWVEN\\Admin"
    },
    {
        "timestamp": "2026-07-05 15:12:32 UTC",
        "event_id": 1,
        "event_type": "process_create",
        "host": "local_endpoint",
        "user": "NYLPC0LWVEN\\Admin",
        "image": "C:\\Program Files\\Git\\mingw64\\bin\\git.exe",
        "process_guid": "{0f4cb63d-7460-6a4a-224e-000000006500}",
        "process_id": "17124",
        "command_line": "git.exe check-ignore -v -z --stdin",
        "current_directory": "C:\\Users\\Admin\\Documents\\Detection-Engineering-Lab\\",
        "parent_image": "C:\\Program Files\\Git\\cmd\\git.exe",
        "parent_command_line": "\"C:\\Program Files\\Git\\cmd\\git.exe\" check-ignore -v -z --stdin",
        "integrity_level": "High",
        "hashes": "SHA256=FE0E064C8283DC50B1CE11A8B90D2EC1B68B5DC714FF0B8A8534BB9C43D1D02E",
        "raw_message": "Process Create:\r\nRuleName: -\r\nUtcTime: 2026-07-05 15:12:32.051\r\nProcessGuid: {0f4cb63d-7460-6a4a-224e-000000006500}\r\nProcessId: 17124\r\nImage: C:\\Program Files\\Git\\mingw64\\bin\\git.exe\r\nFileVersion: 2.49.0.windows.1\r\nDescription: Git for Windows\r\nProduct: Git\r\nCompany: The Git Development Community\r\nOriginalFileName: git.exe\r\nCommandLine: git.exe check-ignore -v -z --stdin\r\nCurrentDirectory: C:\\Users\\Admin\\Documents\\Detection-Engineering-Lab\\\r\nUser: NYLPC0LWVEN\\Admin\r\nLogonGuid: {0f4cb63d-8753-6a42-8593-0a0000000000}\r\nLogonId: 0xA9385\r\nTerminalSessionId: 1\r\nIntegrityLevel: High\r\nHashes: SHA256=FE0E064C8283DC50B1CE11A8B90D2EC1B68B5DC714FF0B8A8534BB9C43D1D02E\r\nParentProcessGuid: {0f4cb63d-7460-6a4a-204e-000000006500}\r\nParentProcessId: 15044\r\nParentImage: C:\\Program Files\\Git\\cmd\\git.exe\r\nParentCommandLine: \"C:\\Program Files\\Git\\cmd\\git.exe\" check-ignore -v -z --stdin\r\nParentUser: NYLPC0LWVEN\\Admin"
    },
    {
        "timestamp": "2026-07-05 15:12:32 UTC",
        "event_id": 1,
        "event_type": "process_create",
        "host": "local_endpoint",
        "user": "NYLPC0LWVEN\\Admin",
        "image": "C:\\Windows\\System32\\conhost.exe",
        "process_guid": "{0f4cb63d-7460-6a4a-214e-000000006500}",
        "process_id": "24016",
        "command_line": "\\??\\C:\\WINDOWS\\system32\\conhost.exe 0xffffffff -ForceV1",
        "current_directory": "C:\\WINDOWS",
        "parent_image": "C:\\Program Files\\Git\\cmd\\git.exe",
        "parent_command_line": "\"C:\\Program Files\\Git\\cmd\\git.exe\" check-ignore -v -z --stdin",
        "integrity_level": "High",
        "hashes": "SHA256=B02EE54FB2EC69673386D41119EE8ED083A6EAB3BFCA6AA2155D20CE68EF8963",
        "raw_message": "Process Create:\r\nRuleName: -\r\nUtcTime: 2026-07-05 15:12:32.016\r\nProcessGuid: {0f4cb63d-7460-6a4a-214e-000000006500}\r\nProcessId: 24016\r\nImage: C:\\Windows\\System32\\conhost.exe\r\nFileVersion: 10.0.19041.5198 (WinBuild.160101.0800)\r\nDescription: Console Window Host\r\nProduct: Microsoftr Windowsr Operating System\r\nCompany: Microsoft Corporation\r\nOriginalFileName: CONHOST.EXE\r\nCommandLine: \\??\\C:\\WINDOWS\\system32\\conhost.exe 0xffffffff -ForceV1\r\nCurrentDirectory: C:\\WINDOWS\r\nUser: NYLPC0LWVEN\\Admin\r\nLogonGuid: {0f4cb63d-8753-6a42-8593-0a0000000000}\r\nLogonId: 0xA9385\r\nTerminalSessionId: 1\r\nIntegrityLevel: High\r\nHashes: SHA256=B02EE54FB2EC69673386D41119EE8ED083A6EAB3BFCA6AA2155D20CE68EF8963\r\nParentProcessGuid: {0f4cb63d-7460-6a4a-204e-000000006500}\r\nParentProcessId: 15044\r\nParentImage: C:\\Program Files\\Git\\cmd\\git.exe\r\nParentCommandLine: \"C:\\Program Files\\Git\\cmd\\git.exe\" check-ignore -v -z --stdin\r\nParentUser: NYLPC0LWVEN\\Admin"
    },
    {
        "timestamp": "2026-07-05 15:12:32 UTC",
        "event_id": 1,
        "event_type": "process_create",
        "host": "local_endpoint",
        "user": "NYLPC0LWVEN\\Admin",
        "image": "C:\\Program Files\\Git\\cmd\\git.exe",
        "process_guid": "{0f4cb63d-7460-6a4a-204e-000000006500}",
        "process_id": "15044",
        "command_line": "\"C:\\Program Files\\Git\\cmd\\git.exe\" check-ignore -v -z --stdin",
        "current_directory": "C:\\Users\\Admin\\Documents\\Detection-Engineering-Lab\\",
        "parent_image": "C:\\Users\\Admin\\AppData\\Local\\Programs\\Microsoft VS Code\\Code.exe",
        "parent_command_line": "\"C:\\Users\\Admin\\AppData\\Local\\Programs\\Microsoft VS Code\\Code.exe\" --type=utility --utility-sub-type=node.mojom.NodeService --lang=en-US --service-sandbox-type=none --dns-result-order=ipv4first --experimental-network-inspection --inspect-port=0 --video-capture-use-gpu-memory-buffer --user-data-dir=\"C:\\Users\\Admin\\AppData\\Roaming\\Code\" --standard-schemes=vscode-webview,vscode-file --enable-sandbox --secure-schemes=vscode-webview,vscode-file --cors-schemes=vscode-webview,vscode-file --fetch-schemes=vscode-webview,vscode-file --service-worker-schemes=vscode-webview --code-cache-schemes=vscode-webview,vscode-file --field-trial-handle=1872,i,11658720543533691094,16837983864148106908,262144 --enable-features=DocumentPolicyIncludeJSCallStacksInCrashReports,EarlyEstablishGpuChannel,EnableTransparentHwndEnlargement,EstablishGpuChannelAsync --disable-features=CalculateNativeWinOcclusion,LocalNetworkAccessChecks,ScreenAIOCREnabled,SpareRendererForSitePerProcess,TraceSiteInstanceGetProcessCreation --variations-seed-version --trace-process-track-uuid=3190708992871164437 --mojo-platform-channel-handle=4368 /prefetch:8",
        "integrity_level": "High",
        "hashes": "SHA256=FEC691D80FCCC35FCC309FBC9F720536C1D795B8A562EC169F28C9923DA9600F",
        "raw_message": "Process Create:\r\nRuleName: -\r\nUtcTime: 2026-07-05 15:12:32.006\r\nProcessGuid: {0f4cb63d-7460-6a4a-204e-000000006500}\r\nProcessId: 15044\r\nImage: C:\\Program Files\\Git\\cmd\\git.exe\r\nFileVersion: 2.49.0.windows.1\r\nDescription: Git for Windows\r\nProduct: Git\r\nCompany: The Git Development Community\r\nOriginalFileName: git.exe\r\nCommandLine: \"C:\\Program Files\\Git\\cmd\\git.exe\" check-ignore -v -z --stdin\r\nCurrentDirectory: C:\\Users\\Admin\\Documents\\Detection-Engineering-Lab\\\r\nUser: NYLPC0LWVEN\\Admin\r\nLogonGuid: {0f4cb63d-8753-6a42-8593-0a0000000000}\r\nLogonId: 0xA9385\r\nTerminalSessionId: 1\r\nIntegrityLevel: High\r\nHashes: SHA256=FEC691D80FCCC35FCC309FBC9F720536C1D795B8A562EC169F28C9923DA9600F\r\nParentProcessGuid: {0f4cb63d-0b23-6a48-831f-000000006500}\r\nParentProcessId: 11868\r\nParentImage: C:\\Users\\Admin\\AppData\\Local\\Programs\\Microsoft VS Code\\Code.exe\r\nParentCommandLine: \"C:\\Users\\Admin\\AppData\\Local\\Programs\\Microsoft VS Code\\Code.exe\" --type=utility --utility-sub-type=node.mojom.NodeService --lang=en-US --service-sandbox-type=none --dns-result-order=ipv4first --experimental-network-inspection --inspect-port=0 --video-capture-use-gpu-memory-buffer --user-data-dir=\"C:\\Users\\Admin\\AppData\\Roaming\\Code\" --standard-schemes=vscode-webview,vscode-file --enable-sandbox --secure-schemes=vscode-webview,vscode-file --cors-schemes=vscode-webview,vscode-file --fetch-schemes=vscode-webview,vscode-file --service-worker-schemes=vscode-webview --code-cache-schemes=vscode-webview,vscode-file --field-trial-handle=1872,i,11658720543533691094,16837983864148106908,262144 --enable-features=DocumentPolicyIncludeJSCallStacksInCrashReports,EarlyEstablishGpuChannel,EnableTransparentHwndEnlargement,EstablishGpuChannelAsync --disable-features=CalculateNativeWinOcclusion,LocalNetworkAccessChecks,ScreenAIOCREnabled,SpareRendererForSitePerProcess,TraceSiteInstanceGetProcessCreation --variations-seed-version --trace-process-track-uuid=3190708992871164437 --mojo-platform-channel-handle=4368 /prefetch:8\r\nParentUser: NYLPC0LWVEN\\Admin"
    },
    {
        "timestamp": "2026-07-05 15:12:31 UTC",
        "event_id": 1,
        "event_type": "process_create",
        "host": "local_endpoint",
        "user": "NYLPC0LWVEN\\Admin",
        "image": "C:\\Program Files\\Git\\mingw64\\bin\\git.exe",
        "process_guid": "{0f4cb63d-745f-6a4a-1f4e-000000006500}",
        "process_id": "20136",
        "command_line": "git.exe for-each-ref --sort -committerdate --format %%(refname)The operation completed successfully.%%(objectname)The operation completed successfully.%%(*objectname)",
        "current_directory": "C:\\Users\\Admin\\Documents\\Detection-Engineering-Lab\\",
        "parent_image": "C:\\Program Files\\Git\\cmd\\git.exe",
        "parent_command_line": "\"C:\\Program Files\\Git\\cmd\\git.exe\" for-each-ref --sort -committerdate --format %(refname)%00%(objectname)%00%(*objectname)",
        "integrity_level": "High",
        "hashes": "SHA256=FE0E064C8283DC50B1CE11A8B90D2EC1B68B5DC714FF0B8A8534BB9C43D1D02E",
        "raw_message": "Process Create:\r\nRuleName: -\r\nUtcTime: 2026-07-05 15:12:31.575\r\nProcessGuid: {0f4cb63d-745f-6a4a-1f4e-000000006500}\r\nProcessId: 20136\r\nImage: C:\\Program Files\\Git\\mingw64\\bin\\git.exe\r\nFileVersion: 2.49.0.windows.1\r\nDescription: Git for Windows\r\nProduct: Git\r\nCompany: The Git Development Community\r\nOriginalFileName: git.exe\r\nCommandLine: git.exe for-each-ref --sort -committerdate --format %%(refname)The operation completed successfully.%%(objectname)The operation completed successfully.%%(*objectname)\r\nCurrentDirectory: C:\\Users\\Admin\\Documents\\Detection-Engineering-Lab\\\r\nUser: NYLPC0LWVEN\\Admin\r\nLogonGuid: {0f4cb63d-8753-6a42-8593-0a0000000000}\r\nLogonId: 0xA9385\r\nTerminalSessionId: 1\r\nIntegrityLevel: High\r\nHashes: SHA256=FE0E064C8283DC50B1CE11A8B90D2EC1B68B5DC714FF0B8A8534BB9C43D1D02E\r\nParentProcessGuid: {0f4cb63d-745f-6a4a-1b4e-000000006500}\r\nParentProcessId: 20716\r\nParentImage: C:\\Program Files\\Git\\cmd\\git.exe\r\nParentCommandLine: \"C:\\Program Files\\Git\\cmd\\git.exe\" for-each-ref --sort -committerdate --format %(refname)%00%(objectname)%00%(*objectname)\r\nParentUser: NYLPC0LWVEN\\Admin"
    },
    {
        "timestamp": "2026-07-05 15:12:31 UTC",
        "event_id": 1,
        "event_type": "process_create",
        "host": "local_endpoint",
        "user": "NYLPC0LWVEN\\Admin",
        "image": "C:\\Program Files\\Git\\mingw64\\bin\\git.exe",
        "process_guid": "{0f4cb63d-745f-6a4a-1e4e-000000006500}",
        "process_id": "19652",
        "command_line": "git.exe status -z -uall",
        "current_directory": "C:\\Users\\Admin\\Documents\\Detection-Engineering-Lab\\",
        "parent_image": "C:\\Program Files\\Git\\cmd\\git.exe",
        "parent_command_line": "\"C:\\Program Files\\Git\\cmd\\git.exe\" status -z -uall",
        "integrity_level": "High",
        "hashes": "SHA256=FE0E064C8283DC50B1CE11A8B90D2EC1B68B5DC714FF0B8A8534BB9C43D1D02E",
        "raw_message": "Process Create:\r\nRuleName: -\r\nUtcTime: 2026-07-05 15:12:31.574\r\nProcessGuid: {0f4cb63d-745f-6a4a-1e4e-000000006500}\r\nProcessId: 19652\r\nImage: C:\\Program Files\\Git\\mingw64\\bin\\git.exe\r\nFileVersion: 2.49.0.windows.1\r\nDescription: Git for Windows\r\nProduct: Git\r\nCompany: The Git Development Community\r\nOriginalFileName: git.exe\r\nCommandLine: git.exe status -z -uall\r\nCurrentDirectory: C:\\Users\\Admin\\Documents\\Detection-Engineering-Lab\\\r\nUser: NYLPC0LWVEN\\Admin\r\nLogonGuid: {0f4cb63d-8753-6a42-8593-0a0000000000}\r\nLogonId: 0xA9385\r\nTerminalSessionId: 1\r\nIntegrityLevel: High\r\nHashes: SHA256=FE0E064C8283DC50B1CE11A8B90D2EC1B68B5DC714FF0B8A8534BB9C43D1D02E\r\nParentProcessGuid: {0f4cb63d-745f-6a4a-1a4e-000000006500}\r\nParentProcessId: 22808\r\nParentImage: C:\\Program Files\\Git\\cmd\\git.exe\r\nParentCommandLine: \"C:\\Program Files\\Git\\cmd\\git.exe\" status -z -uall\r\nParentUser: NYLPC0LWVEN\\Admin"
    },
    {
        "timestamp": "2026-07-05 15:12:31 UTC",
        "event_id": 1,
        "event_type": "process_create",
        "host": "local_endpoint",
        "user": "NYLPC0LWVEN\\Admin",
        "image": "C:\\Windows\\System32\\conhost.exe",
        "process_guid": "{0f4cb63d-745f-6a4a-1d4e-000000006500}",
        "process_id": "6616",
        "command_line": "\\??\\C:\\WINDOWS\\system32\\conhost.exe 0xffffffff -ForceV1",
        "current_directory": "C:\\WINDOWS",
        "parent_image": "C:\\Program Files\\Git\\cmd\\git.exe",
        "parent_command_line": "\"C:\\Program Files\\Git\\cmd\\git.exe\" for-each-ref --sort -committerdate --format %(refname)%00%(objectname)%00%(*objectname)",
        "integrity_level": "High",
        "hashes": "SHA256=B02EE54FB2EC69673386D41119EE8ED083A6EAB3BFCA6AA2155D20CE68EF8963",
        "raw_message": "Process Create:\r\nRuleName: -\r\nUtcTime: 2026-07-05 15:12:31.509\r\nProcessGuid: {0f4cb63d-745f-6a4a-1d4e-000000006500}\r\nProcessId: 6616\r\nImage: C:\\Windows\\System32\\conhost.exe\r\nFileVersion: 10.0.19041.5198 (WinBuild.160101.0800)\r\nDescription: Console Window Host\r\nProduct: Microsoftr Windowsr Operating System\r\nCompany: Microsoft Corporation\r\nOriginalFileName: CONHOST.EXE\r\nCommandLine: \\??\\C:\\WINDOWS\\system32\\conhost.exe 0xffffffff -ForceV1\r\nCurrentDirectory: C:\\WINDOWS\r\nUser: NYLPC0LWVEN\\Admin\r\nLogonGuid: {0f4cb63d-8753-6a42-8593-0a0000000000}\r\nLogonId: 0xA9385\r\nTerminalSessionId: 1\r\nIntegrityLevel: High\r\nHashes: SHA256=B02EE54FB2EC69673386D41119EE8ED083A6EAB3BFCA6AA2155D20CE68EF8963\r\nParentProcessGuid: {0f4cb63d-745f-6a4a-1b4e-000000006500}\r\nParentProcessId: 20716\r\nParentImage: C:\\Program Files\\Git\\cmd\\git.exe\r\nParentCommandLine: \"C:\\Program Files\\Git\\cmd\\git.exe\" for-each-ref --sort -committerdate --format %(refname)%00%(objectname)%00%(*objectname)\r\nParentUser: NYLPC0LWVEN\\Admin"
    },
    {
        "timestamp": "2026-07-05 15:12:31 UTC",
        "event_id": 1,
        "event_type": "process_create",
        "host": "local_endpoint",
        "user": "NYLPC0LWVEN\\Admin",
        "image": "C:\\Windows\\System32\\conhost.exe",
        "process_guid": "{0f4cb63d-745f-6a4a-1c4e-000000006500}",
        "process_id": "15584",
        "command_line": "\\??\\C:\\WINDOWS\\system32\\conhost.exe 0xffffffff -ForceV1",
        "current_directory": "C:\\WINDOWS",
        "parent_image": "C:\\Program Files\\Git\\cmd\\git.exe",
        "parent_command_line": "\"C:\\Program Files\\Git\\cmd\\git.exe\" status -z -uall",
        "integrity_level": "High",
        "hashes": "SHA256=B02EE54FB2EC69673386D41119EE8ED083A6EAB3BFCA6AA2155D20CE68EF8963",
        "raw_message": "Process Create:\r\nRuleName: -\r\nUtcTime: 2026-07-05 15:12:31.504\r\nProcessGuid: {0f4cb63d-745f-6a4a-1c4e-000000006500}\r\nProcessId: 15584\r\nImage: C:\\Windows\\System32\\conhost.exe\r\nFileVersion: 10.0.19041.5198 (WinBuild.160101.0800)\r\nDescription: Console Window Host\r\nProduct: Microsoftr Windowsr Operating System\r\nCompany: Microsoft Corporation\r\nOriginalFileName: CONHOST.EXE\r\nCommandLine: \\??\\C:\\WINDOWS\\system32\\conhost.exe 0xffffffff -ForceV1\r\nCurrentDirectory: C:\\WINDOWS\r\nUser: NYLPC0LWVEN\\Admin\r\nLogonGuid: {0f4cb63d-8753-6a42-8593-0a0000000000}\r\nLogonId: 0xA9385\r\nTerminalSessionId: 1\r\nIntegrityLevel: High\r\nHashes: SHA256=B02EE54FB2EC69673386D41119EE8ED083A6EAB3BFCA6AA2155D20CE68EF8963\r\nParentProcessGuid: {0f4cb63d-745f-6a4a-1a4e-000000006500}\r\nParentProcessId: 22808\r\nParentImage: C:\\Program Files\\Git\\cmd\\git.exe\r\nParentCommandLine: \"C:\\Program Files\\Git\\cmd\\git.exe\" status -z -uall\r\nParentUser: NYLPC0LWVEN\\Admin"
    },
    {
        "timestamp": "2026-07-05 15:12:31 UTC",
        "event_id": 1,
        "event_type": "process_create",
        "host": "local_endpoint",
        "user": "NYLPC0LWVEN\\Admin",
        "image": "C:\\Program Files\\Git\\cmd\\git.exe",
        "process_guid": "{0f4cb63d-745f-6a4a-1b4e-000000006500}",
        "process_id": "20716",
        "command_line": "\"C:\\Program Files\\Git\\cmd\\git.exe\" for-each-ref --sort -committerdate --format %%(refname)The operation completed successfully.%%(objectname)The operation completed successfully.%%(*objectname)",
        "current_directory": "C:\\Users\\Admin\\Documents\\Detection-Engineering-Lab\\",
        "parent_image": "C:\\Users\\Admin\\AppData\\Local\\Programs\\Microsoft VS Code\\Code.exe",
        "parent_command_line": "\"C:\\Users\\Admin\\AppData\\Local\\Programs\\Microsoft VS Code\\Code.exe\" --type=utility --utility-sub-type=node.mojom.NodeService --lang=en-US --service-sandbox-type=none --dns-result-order=ipv4first --experimental-network-inspection --inspect-port=0 --video-capture-use-gpu-memory-buffer --user-data-dir=\"C:\\Users\\Admin\\AppData\\Roaming\\Code\" --standard-schemes=vscode-webview,vscode-file --enable-sandbox --secure-schemes=vscode-webview,vscode-file --cors-schemes=vscode-webview,vscode-file --fetch-schemes=vscode-webview,vscode-file --service-worker-schemes=vscode-webview --code-cache-schemes=vscode-webview,vscode-file --field-trial-handle=1872,i,11658720543533691094,16837983864148106908,262144 --enable-features=DocumentPolicyIncludeJSCallStacksInCrashReports,EarlyEstablishGpuChannel,EnableTransparentHwndEnlargement,EstablishGpuChannelAsync --disable-features=CalculateNativeWinOcclusion,LocalNetworkAccessChecks,ScreenAIOCREnabled,SpareRendererForSitePerProcess,TraceSiteInstanceGetProcessCreation --variations-seed-version --trace-process-track-uuid=3190708992871164437 --mojo-platform-channel-handle=4368 /prefetch:8",
        "integrity_level": "High",
        "hashes": "SHA256=FEC691D80FCCC35FCC309FBC9F720536C1D795B8A562EC169F28C9923DA9600F",
        "raw_message": "Process Create:\r\nRuleName: -\r\nUtcTime: 2026-07-05 15:12:31.499\r\nProcessGuid: {0f4cb63d-745f-6a4a-1b4e-000000006500}\r\nProcessId: 20716\r\nImage: C:\\Program Files\\Git\\cmd\\git.exe\r\nFileVersion: 2.49.0.windows.1\r\nDescription: Git for Windows\r\nProduct: Git\r\nCompany: The Git Development Community\r\nOriginalFileName: git.exe\r\nCommandLine: \"C:\\Program Files\\Git\\cmd\\git.exe\" for-each-ref --sort -committerdate --format %%(refname)The operation completed successfully.%%(objectname)The operation completed successfully.%%(*objectname)\r\nCurrentDirectory: C:\\Users\\Admin\\Documents\\Detection-Engineering-Lab\\\r\nUser: NYLPC0LWVEN\\Admin\r\nLogonGuid: {0f4cb63d-8753-6a42-8593-0a0000000000}\r\nLogonId: 0xA9385\r\nTerminalSessionId: 1\r\nIntegrityLevel: High\r\nHashes: SHA256=FEC691D80FCCC35FCC309FBC9F720536C1D795B8A562EC169F28C9923DA9600F\r\nParentProcessGuid: {0f4cb63d-0b23-6a48-831f-000000006500}\r\nParentProcessId: 11868\r\nParentImage: C:\\Users\\Admin\\AppData\\Local\\Programs\\Microsoft VS Code\\Code.exe\r\nParentCommandLine: \"C:\\Users\\Admin\\AppData\\Local\\Programs\\Microsoft VS Code\\Code.exe\" --type=utility --utility-sub-type=node.mojom.NodeService --lang=en-US --service-sandbox-type=none --dns-result-order=ipv4first --experimental-network-inspection --inspect-port=0 --video-capture-use-gpu-memory-buffer --user-data-dir=\"C:\\Users\\Admin\\AppData\\Roaming\\Code\" --standard-schemes=vscode-webview,vscode-file --enable-sandbox --secure-schemes=vscode-webview,vscode-file --cors-schemes=vscode-webview,vscode-file --fetch-schemes=vscode-webview,vscode-file --service-worker-schemes=vscode-webview --code-cache-schemes=vscode-webview,vscode-file --field-trial-handle=1872,i,11658720543533691094,16837983864148106908,262144 --enable-features=DocumentPolicyIncludeJSCallStacksInCrashReports,EarlyEstablishGpuChannel,EnableTransparentHwndEnlargement,EstablishGpuChannelAsync --disable-features=CalculateNativeWinOcclusion,LocalNetworkAccessChecks,ScreenAIOCREnabled,SpareRendererForSitePerProcess,TraceSiteInstanceGetProcessCreation --variations-seed-version --trace-process-track-uuid=3190708992871164437 --mojo-platform-channel-handle=4368 /prefetch:8\r\nParentUser: NYLPC0LWVEN\\Admin"
    },
    {
        "timestamp": "2026-07-05 15:12:31 UTC",
        "event_id": 1,
        "event_type": "process_create",
        "host": "local_endpoint",
        "user": "NYLPC0LWVEN\\Admin",
        "image": "C:\\Program Files\\Git\\cmd\\git.exe",
        "process_guid": "{0f4cb63d-745f-6a4a-1a4e-000000006500}",
        "process_id": "22808",
        "command_line": "\"C:\\Program Files\\Git\\cmd\\git.exe\" status -z -uall",
        "current_directory": "C:\\Users\\Admin\\Documents\\Detection-Engineering-Lab\\",
        "parent_image": "C:\\Users\\Admin\\AppData\\Local\\Programs\\Microsoft VS Code\\Code.exe",
        "parent_command_line": "\"C:\\Users\\Admin\\AppData\\Local\\Programs\\Microsoft VS Code\\Code.exe\" --type=utility --utility-sub-type=node.mojom.NodeService --lang=en-US --service-sandbox-type=none --dns-result-order=ipv4first --experimental-network-inspection --inspect-port=0 --video-capture-use-gpu-memory-buffer --user-data-dir=\"C:\\Users\\Admin\\AppData\\Roaming\\Code\" --standard-schemes=vscode-webview,vscode-file --enable-sandbox --secure-schemes=vscode-webview,vscode-file --cors-schemes=vscode-webview,vscode-file --fetch-schemes=vscode-webview,vscode-file --service-worker-schemes=vscode-webview --code-cache-schemes=vscode-webview,vscode-file --field-trial-handle=1872,i,11658720543533691094,16837983864148106908,262144 --enable-features=DocumentPolicyIncludeJSCallStacksInCrashReports,EarlyEstablishGpuChannel,EnableTransparentHwndEnlargement,EstablishGpuChannelAsync --disable-features=CalculateNativeWinOcclusion,LocalNetworkAccessChecks,ScreenAIOCREnabled,SpareRendererForSitePerProcess,TraceSiteInstanceGetProcessCreation --variations-seed-version --trace-process-track-uuid=3190708992871164437 --mojo-platform-channel-handle=4368 /prefetch:8",
        "integrity_level": "High",
        "hashes": "SHA256=FEC691D80FCCC35FCC309FBC9F720536C1D795B8A562EC169F28C9923DA9600F",
        "raw_message": "Process Create:\r\nRuleName: -\r\nUtcTime: 2026-07-05 15:12:31.490\r\nProcessGuid: {0f4cb63d-745f-6a4a-1a4e-000000006500}\r\nProcessId: 22808\r\nImage: C:\\Program Files\\Git\\cmd\\git.exe\r\nFileVersion: 2.49.0.windows.1\r\nDescription: Git for Windows\r\nProduct: Git\r\nCompany: The Git Development Community\r\nOriginalFileName: git.exe\r\nCommandLine: \"C:\\Program Files\\Git\\cmd\\git.exe\" status -z -uall\r\nCurrentDirectory: C:\\Users\\Admin\\Documents\\Detection-Engineering-Lab\\\r\nUser: NYLPC0LWVEN\\Admin\r\nLogonGuid: {0f4cb63d-8753-6a42-8593-0a0000000000}\r\nLogonId: 0xA9385\r\nTerminalSessionId: 1\r\nIntegrityLevel: High\r\nHashes: SHA256=FEC691D80FCCC35FCC309FBC9F720536C1D795B8A562EC169F28C9923DA9600F\r\nParentProcessGuid: {0f4cb63d-0b23-6a48-831f-000000006500}\r\nParentProcessId: 11868\r\nParentImage: C:\\Users\\Admin\\AppData\\Local\\Programs\\Microsoft VS Code\\Code.exe\r\nParentCommandLine: \"C:\\Users\\Admin\\AppData\\Local\\Programs\\Microsoft VS Code\\Code.exe\" --type=utility --utility-sub-type=node.mojom.NodeService --lang=en-US --service-sandbox-type=none --dns-result-order=ipv4first --experimental-network-inspection --inspect-port=0 --video-capture-use-gpu-memory-buffer --user-data-dir=\"C:\\Users\\Admin\\AppData\\Roaming\\Code\" --standard-schemes=vscode-webview,vscode-file --enable-sandbox --secure-schemes=vscode-webview,vscode-file --cors-schemes=vscode-webview,vscode-file --fetch-schemes=vscode-webview,vscode-file --service-worker-schemes=vscode-webview --code-cache-schemes=vscode-webview,vscode-file --field-trial-handle=1872,i,11658720543533691094,16837983864148106908,262144 --enable-features=DocumentPolicyIncludeJSCallStacksInCrashReports,EarlyEstablishGpuChannel,EnableTransparentHwndEnlargement,EstablishGpuChannelAsync --disable-features=CalculateNativeWinOcclusion,LocalNetworkAccessChecks,ScreenAIOCREnabled,SpareRendererForSitePerProcess,TraceSiteInstanceGetProcessCreation --variations-seed-version --trace-process-track-uuid=3190708992871164437 --mojo-platform-channel-handle=4368 /prefetch:8\r\nParentUser: NYLPC0LWVEN\\Admin"
    },
    {
        "timestamp": "2026-07-05 15:12:31 UTC",
        "event_id": 1,
        "event_type": "process_create",
        "host": "local_endpoint",
        "user": "NYLPC0LWVEN\\Admin",
        "image": "C:\\Program Files\\Git\\mingw64\\bin\\git.exe",
        "process_guid": "{0f4cb63d-745f-6a4a-194e-000000006500}",
        "process_id": "15220",
        "command_line": "git.exe worktree list --porcelain",
        "current_directory": "C:\\Users\\Admin\\Documents\\Detection-Engineering-Lab\\",
        "parent_image": "C:\\Program Files\\Git\\cmd\\git.exe",
        "parent_command_line": "git worktree list --porcelain",
        "integrity_level": "High",
        "hashes": "SHA256=FE0E064C8283DC50B1CE11A8B90D2EC1B68B5DC714FF0B8A8534BB9C43D1D02E",
        "raw_message": "Process Create:\r\nRuleName: -\r\nUtcTime: 2026-07-05 15:12:31.370\r\nProcessGuid: {0f4cb63d-745f-6a4a-194e-000000006500}\r\nProcessId: 15220\r\nImage: C:\\Program Files\\Git\\mingw64\\bin\\git.exe\r\nFileVersion: 2.49.0.windows.1\r\nDescription: Git for Windows\r\nProduct: Git\r\nCompany: The Git Development Community\r\nOriginalFileName: git.exe\r\nCommandLine: git.exe worktree list --porcelain\r\nCurrentDirectory: C:\\Users\\Admin\\Documents\\Detection-Engineering-Lab\\\r\nUser: NYLPC0LWVEN\\Admin\r\nLogonGuid: {0f4cb63d-8753-6a42-8593-0a0000000000}\r\nLogonId: 0xA9385\r\nTerminalSessionId: 1\r\nIntegrityLevel: High\r\nHashes: SHA256=FE0E064C8283DC50B1CE11A8B90D2EC1B68B5DC714FF0B8A8534BB9C43D1D02E\r\nParentProcessGuid: {0f4cb63d-745f-6a4a-154e-000000006500}\r\nParentProcessId: 18172\r\nParentImage: C:\\Program Files\\Git\\cmd\\git.exe\r\nParentCommandLine: git worktree list --porcelain\r\nParentUser: NYLPC0LWVEN\\Admin"
    },
    {
        "timestamp": "2026-07-05 15:12:31 UTC",
        "event_id": 1,
        "event_type": "process_create",
        "host": "local_endpoint",
        "user": "NYLPC0LWVEN\\Admin",
        "image": "C:\\Program Files\\Git\\mingw64\\bin\\git.exe",
        "process_guid": "{0f4cb63d-745f-6a4a-184e-000000006500}",
        "process_id": "11548",
        "command_line": "git.exe config --get commit.template",
        "current_directory": "C:\\Users\\Admin\\Documents\\Detection-Engineering-Lab\\",
        "parent_image": "C:\\Program Files\\Git\\cmd\\git.exe",
        "parent_command_line": "\"C:\\Program Files\\Git\\cmd\\git.exe\" config --get commit.template",
        "integrity_level": "High",
        "hashes": "SHA256=FE0E064C8283DC50B1CE11A8B90D2EC1B68B5DC714FF0B8A8534BB9C43D1D02E",
        "raw_message": "Process Create:\r\nRuleName: -\r\nUtcTime: 2026-07-05 15:12:31.355\r\nProcessGuid: {0f4cb63d-745f-6a4a-184e-000000006500}\r\nProcessId: 11548\r\nImage: C:\\Program Files\\Git\\mingw64\\bin\\git.exe\r\nFileVersion: 2.49.0.windows.1\r\nDescription: Git for Windows\r\nProduct: Git\r\nCompany: The Git Development Community\r\nOriginalFileName: git.exe\r\nCommandLine: git.exe config --get commit.template\r\nCurrentDirectory: C:\\Users\\Admin\\Documents\\Detection-Engineering-Lab\\\r\nUser: NYLPC0LWVEN\\Admin\r\nLogonGuid: {0f4cb63d-8753-6a42-8593-0a0000000000}\r\nLogonId: 0xA9385\r\nTerminalSessionId: 1\r\nIntegrityLevel: High\r\nHashes: SHA256=FE0E064C8283DC50B1CE11A8B90D2EC1B68B5DC714FF0B8A8534BB9C43D1D02E\r\nParentProcessGuid: {0f4cb63d-745e-6a4a-114e-000000006500}\r\nParentProcessId: 6524\r\nParentImage: C:\\Program Files\\Git\\cmd\\git.exe\r\nParentCommandLine: \"C:\\Program Files\\Git\\cmd\\git.exe\" config --get commit.template\r\nParentUser: NYLPC0LWVEN\\Admin"
    },
