[
    {
        "timestamp": "/Date(1783226744154)/",
        "event_id": 1,
        "event_type": "process_create",
        "host": "local_endpoint",
        "user": "NYLPC0LWVEN\\Admin",
        "image": "C:\\Program Files\\WindowsApps\\PythonSoftwareFoundation.PythonManager_26.1.240.0_x64__3847v3x7pw1km\\python.exe",
        "process_guid": "{0f4cb63d-e178-6a49-0146-000000006500}",
        "process_id": "15992",
        "command_line": "\"C:\\Users\\Admin\\AppData\\Local\\Microsoft\\WindowsApps\\python.exe\" collectors\\sysmon.py",
        "current_directory": "C:\\Users\\Admin\\Documents\\Detection-Engineering-Lab\\",
        "parent_image": "C:\\Windows\\System32\\WindowsPowerShell\\v1.0\\powershell.exe",
        "parent_command_line": "C:\\WINDOWS\\System32\\WindowsPowerShell\\v1.0\\powershell.exe -noexit -command \"try { . \\\"c:\\Users\\Admin\\AppData\\Local\\Programs\\Microsoft VS Code\\6a49527b96\\resources\\app\\out\\vs\\workbench\\contrib\\terminal\\common\\scripts\\shellIntegration.ps1\\\" } catch {}\"",
        "integrity_level": "High",
        "hashes": "SHA256=1B2C1088E7897908189C64923CA6F10314204DF3D3563285586BEB8EE85AD5CD",
        "raw_message": "Process Create:\r\nRuleName: -\r\nUtcTime: 2026-07-05 04:45:44.150\r\nProcessGuid: {0f4cb63d-e178-6a49-0146-000000006500}\r\nProcessId: 15992\r\nImage: C:\\Program Files\\WindowsApps\\PythonSoftwareFoundation.PythonManager_26.1.240.0_x64__3847v3x7pw1km\\python.exe\r\nFileVersion: 26.1\r\nDescription: Python Install Manager\r\nProduct: manage\r\nCompany: Python Software Foundation\r\nOriginalFileName: python.exe\r\nCommandLine: \"C:\\Users\\Admin\\AppData\\Local\\Microsoft\\WindowsApps\\python.exe\" collectors\\sysmon.py\r\nCurrentDirectory: C:\\Users\\Admin\\Documents\\Detection-Engineering-Lab\\\r\nUser: NYLPC0LWVEN\\Admin\r\nLogonGuid: {0f4cb63d-8753-6a42-8593-0a0000000000}\r\nLogonId: 0xA9385\r\nTerminalSessionId: 1\r\nIntegrityLevel: High\r\nHashes: SHA256=1B2C1088E7897908189C64923CA6F10314204DF3D3563285586BEB8EE85AD5CD\r\nParentProcessGuid: {0f4cb63d-5c2f-6a49-513c-000000006500}\r\nParentProcessId: 3948\r\nParentImage: C:\\Windows\\System32\\WindowsPowerShell\\v1.0\\powershell.exe\r\nParentCommandLine: C:\\WINDOWS\\System32\\WindowsPowerShell\\v1.0\\powershell.exe -noexit -command \"try { . \\\"c:\\Users\\Admin\\AppData\\Local\\Programs\\Microsoft VS Code\\6a49527b96\\resources\\app\\out\\vs\\workbench\\contrib\\terminal\\common\\scripts\\shellIntegration.ps1\\\" } catch {}\"\r\nParentUser: NYLPC0LWVEN\\Admin"
    },
    {
        "timestamp": "/Date(1783226743853)/",
        "event_id": 1,
        "event_type": "process_create",
        "host": "local_endpoint",
        "user": "NYLPC0LWVEN\\Admin",
        "image": "C:\\Program Files\\Git\\mingw64\\bin\\git.exe",
        "process_guid": "{0f4cb63d-e177-6a49-0046-000000006500}",
        "process_id": "5772",
        "command_line": "git.exe worktree list --porcelain",
        "current_directory": "C:\\Users\\Admin\\Documents\\Detection-Engineering-Lab\\",
        "parent_image": "C:\\Program Files\\Git\\cmd\\git.exe",
        "parent_command_line": "git worktree list --porcelain",
        "integrity_level": "High",
        "hashes": "SHA256=FE0E064C8283DC50B1CE11A8B90D2EC1B68B5DC714FF0B8A8534BB9C43D1D02E",
        "raw_message": "Process Create:\r\nRuleName: -\r\nUtcTime: 2026-07-05 04:45:43.841\r\nProcessGuid: {0f4cb63d-e177-6a49-0046-000000006500}\r\nProcessId: 5772\r\nImage: C:\\Program Files\\Git\\mingw64\\bin\\git.exe\r\nFileVersion: 2.49.0.windows.1\r\nDescription: Git for Windows\r\nProduct: Git\r\nCompany: The Git Development Community\r\nOriginalFileName: git.exe\r\nCommandLine: git.exe worktree list --porcelain\r\nCurrentDirectory: C:\\Users\\Admin\\Documents\\Detection-Engineering-Lab\\\r\nUser: NYLPC0LWVEN\\Admin\r\nLogonGuid: {0f4cb63d-8753-6a42-8593-0a0000000000}\r\nLogonId: 0xA9385\r\nTerminalSessionId: 1\r\nIntegrityLevel: High\r\nHashes: SHA256=FE0E064C8283DC50B1CE11A8B90D2EC1B68B5DC714FF0B8A8534BB9C43D1D02E\r\nParentProcessGuid: {0f4cb63d-e177-6a49-fd45-000000006500}\r\nParentProcessId: 4168\r\nParentImage: C:\\Program Files\\Git\\cmd\\git.exe\r\nParentCommandLine: git worktree list --porcelain\r\nParentUser: NYLPC0LWVEN\\Admin"
    },
    {
        "timestamp": "/Date(1783226743778)/",
        "event_id": 1,
        "event_type": "process_create",
        "host": "local_endpoint",
        "user": "NYLPC0LWVEN\\Admin",
        "image": "C:\\Program Files\\Git\\mingw64\\bin\\git.exe",
        "process_guid": "{0f4cb63d-e177-6a49-ff45-000000006500}",
        "process_id": "17824",
        "command_line": "git.exe check-ignore -v -z --stdin",
        "current_directory": "C:\\Users\\Admin\\Documents\\Detection-Engineering-Lab\\",
        "parent_image": "C:\\Program Files\\Git\\cmd\\git.exe",
        "parent_command_line": "\"C:\\Program Files\\Git\\cmd\\git.exe\" check-ignore -v -z --stdin",
        "integrity_level": "High",
        "hashes": "SHA256=FE0E064C8283DC50B1CE11A8B90D2EC1B68B5DC714FF0B8A8534BB9C43D1D02E",
        "raw_message": "Process Create:\r\nRuleName: -\r\nUtcTime: 2026-07-05 04:45:43.758\r\nProcessGuid: {0f4cb63d-e177-6a49-ff45-000000006500}\r\nProcessId: 17824\r\nImage: C:\\Program Files\\Git\\mingw64\\bin\\git.exe\r\nFileVersion: 2.49.0.windows.1\r\nDescription: Git for Windows\r\nProduct: Git\r\nCompany: The Git Development Community\r\nOriginalFileName: git.exe\r\nCommandLine: git.exe check-ignore -v -z --stdin\r\nCurrentDirectory: C:\\Users\\Admin\\Documents\\Detection-Engineering-Lab\\\r\nUser: NYLPC0LWVEN\\Admin\r\nLogonGuid: {0f4cb63d-8753-6a42-8593-0a0000000000}\r\nLogonId: 0xA9385\r\nTerminalSessionId: 1\r\nIntegrityLevel: High\r\nHashes: SHA256=FE0E064C8283DC50B1CE11A8B90D2EC1B68B5DC714FF0B8A8534BB9C43D1D02E\r\nParentProcessGuid: {0f4cb63d-e177-6a49-fb45-000000006500}\r\nParentProcessId: 23668\r\nParentImage: C:\\Program Files\\Git\\cmd\\git.exe\r\nParentCommandLine: \"C:\\Program Files\\Git\\cmd\\git.exe\" check-ignore -v -z --stdin\r\nParentUser: NYLPC0LWVEN\\Admin"
    },
    {
        "timestamp": "/Date(1783226743616)/",
        "event_id": 1,
        "event_type": "process_create",
        "host": "local_endpoint",
        "user": "NYLPC0LWVEN\\Admin",
        "image": "C:\\Windows\\System32\\conhost.exe",
        "process_guid": "{0f4cb63d-e177-6a49-fe45-000000006500}",
        "process_id": "21716",
        "command_line": "\\??\\C:\\WINDOWS\\system32\\conhost.exe 0xffffffff -ForceV1",
        "current_directory": "C:\\WINDOWS",
        "parent_image": "C:\\Program Files\\Git\\cmd\\git.exe",
        "parent_command_line": "git worktree list --porcelain",
        "integrity_level": "High",
        "hashes": "SHA256=B02EE54FB2EC69673386D41119EE8ED083A6EAB3BFCA6AA2155D20CE68EF8963",
        "raw_message": "Process Create:\r\nRuleName: -\r\nUtcTime: 2026-07-05 04:45:43.533\r\nProcessGuid: {0f4cb63d-e177-6a49-fe45-000000006500}\r\nProcessId: 21716\r\nImage: C:\\Windows\\System32\\conhost.exe\r\nFileVersion: 10.0.19041.5198 (WinBuild.160101.0800)\r\nDescription: Console Window Host\r\nProduct: Microsoftr Windowsr Operating System\r\nCompany: Microsoft Corporation\r\nOriginalFileName: CONHOST.EXE\r\nCommandLine: \\??\\C:\\WINDOWS\\system32\\conhost.exe 0xffffffff -ForceV1\r\nCurrentDirectory: C:\\WINDOWS\r\nUser: NYLPC0LWVEN\\Admin\r\nLogonGuid: {0f4cb63d-8753-6a42-8593-0a0000000000}\r\nLogonId: 0xA9385\r\nTerminalSessionId: 1\r\nIntegrityLevel: High\r\nHashes: SHA256=B02EE54FB2EC69673386D41119EE8ED083A6EAB3BFCA6AA2155D20CE68EF8963\r\nParentProcessGuid: {0f4cb63d-e177-6a49-fd45-000000006500}\r\nParentProcessId: 4168\r\nParentImage: C:\\Program Files\\Git\\cmd\\git.exe\r\nParentCommandLine: git worktree list --porcelain\r\nParentUser: NYLPC0LWVEN\\Admin"
    },
    {
        "timestamp": "/Date(1783226743503)/",
        "event_id": 1,
        "event_type": "process_create",
        "host": "local_endpoint",
        "user": "NYLPC0LWVEN\\Admin",
        "image": "C:\\Program Files\\Git\\cmd\\git.exe",
        "process_guid": "{0f4cb63d-e177-6a49-fd45-000000006500}",
        "process_id": "4168",
        "command_line": "git worktree list --porcelain",
        "current_directory": "C:\\Users\\Admin\\Documents\\Detection-Engineering-Lab\\",
        "parent_image": "C:\\Users\\Admin\\AppData\\Local\\Programs\\Microsoft VS Code\\Code.exe",
        "parent_command_line": "\"C:\\Users\\Admin\\AppData\\Local\\Programs\\Microsoft VS Code\\Code.exe\" --type=utility --utility-sub-type=node.mojom.NodeService --lang=en-US --service-sandbox-type=none --dns-result-order=ipv4first --experimental-network-inspection --inspect-port=0 --video-capture-use-gpu-memory-buffer --user-data-dir=\"C:\\Users\\Admin\\AppData\\Roaming\\Code\" --standard-schemes=vscode-webview,vscode-file --enable-sandbox --secure-schemes=vscode-webview,vscode-file --cors-schemes=vscode-webview,vscode-file --fetch-schemes=vscode-webview,vscode-file --service-worker-schemes=vscode-webview --code-cache-schemes=vscode-webview,vscode-file --field-trial-handle=1872,i,11658720543533691094,16837983864148106908,262144 --enable-features=DocumentPolicyIncludeJSCallStacksInCrashReports,EarlyEstablishGpuChannel,EnableTransparentHwndEnlargement,EstablishGpuChannelAsync --disable-features=CalculateNativeWinOcclusion,LocalNetworkAccessChecks,ScreenAIOCREnabled,SpareRendererForSitePerProcess,TraceSiteInstanceGetProcessCreation --variations-seed-version --trace-process-track-uuid=3190708992871164437 --mojo-platform-channel-handle=4368 /prefetch:8",
        "integrity_level": "High",
        "hashes": "SHA256=FEC691D80FCCC35FCC309FBC9F720536C1D795B8A562EC169F28C9923DA9600F",
        "raw_message": "Process Create:\r\nRuleName: -\r\nUtcTime: 2026-07-05 04:45:43.463\r\nProcessGuid: {0f4cb63d-e177-6a49-fd45-000000006500}\r\nProcessId: 4168\r\nImage: C:\\Program Files\\Git\\cmd\\git.exe\r\nFileVersion: 2.49.0.windows.1\r\nDescription: Git for Windows\r\nProduct: Git\r\nCompany: The Git Development Community\r\nOriginalFileName: git.exe\r\nCommandLine: git worktree list --porcelain\r\nCurrentDirectory: C:\\Users\\Admin\\Documents\\Detection-Engineering-Lab\\\r\nUser: NYLPC0LWVEN\\Admin\r\nLogonGuid: {0f4cb63d-8753-6a42-8593-0a0000000000}\r\nLogonId: 0xA9385\r\nTerminalSessionId: 1\r\nIntegrityLevel: High\r\nHashes: SHA256=FEC691D80FCCC35FCC309FBC9F720536C1D795B8A562EC169F28C9923DA9600F\r\nParentProcessGuid: {0f4cb63d-0b23-6a48-831f-000000006500}\r\nParentProcessId: 11868\r\nParentImage: C:\\Users\\Admin\\AppData\\Local\\Programs\\Microsoft VS Code\\Code.exe\r\nParentCommandLine: \"C:\\Users\\Admin\\AppData\\Local\\Programs\\Microsoft VS Code\\Code.exe\" --type=utility --utility-sub-type=node.mojom.NodeService --lang=en-US --service-sandbox-type=none --dns-result-order=ipv4first --experimental-network-inspection --inspect-port=0 --video-capture-use-gpu-memory-buffer --user-data-dir=\"C:\\Users\\Admin\\AppData\\Roaming\\Code\" --standard-schemes=vscode-webview,vscode-file --enable-sandbox --secure-schemes=vscode-webview,vscode-file --cors-schemes=vscode-webview,vscode-file --fetch-schemes=vscode-webview,vscode-file --service-worker-schemes=vscode-webview --code-cache-schemes=vscode-webview,vscode-file --field-trial-handle=1872,i,11658720543533691094,16837983864148106908,262144 --enable-features=DocumentPolicyIncludeJSCallStacksInCrashReports,EarlyEstablishGpuChannel,EnableTransparentHwndEnlargement,EstablishGpuChannelAsync --disable-features=CalculateNativeWinOcclusion,LocalNetworkAccessChecks,ScreenAIOCREnabled,SpareRendererForSitePerProcess,TraceSiteInstanceGetProcessCreation --variations-seed-version --trace-process-track-uuid=3190708992871164437 --mojo-platform-channel-handle=4368 /prefetch:8\r\nParentUser: NYLPC0LWVEN\\Admin"
    },
    {
        "timestamp": "/Date(1783226743406)/",
        "event_id": 1,
        "event_type": "process_create",
        "host": "local_endpoint",
        "user": "NYLPC0LWVEN\\Admin",
        "image": "C:\\Windows\\System32\\conhost.exe",
        "process_guid": "{0f4cb63d-e177-6a49-fc45-000000006500}",
        "process_id": "18344",
        "command_line": "\\??\\C:\\WINDOWS\\system32\\conhost.exe 0xffffffff -ForceV1",
        "current_directory": "C:\\WINDOWS",
        "parent_image": "C:\\Program Files\\Git\\cmd\\git.exe",
        "parent_command_line": "\"C:\\Program Files\\Git\\cmd\\git.exe\" check-ignore -v -z --stdin",
        "integrity_level": "High",
        "hashes": "SHA256=B02EE54FB2EC69673386D41119EE8ED083A6EAB3BFCA6AA2155D20CE68EF8963",
        "raw_message": "Process Create:\r\nRuleName: -\r\nUtcTime: 2026-07-05 04:45:43.370\r\nProcessGuid: {0f4cb63d-e177-6a49-fc45-000000006500}\r\nProcessId: 18344\r\nImage: C:\\Windows\\System32\\conhost.exe\r\nFileVersion: 10.0.19041.5198 (WinBuild.160101.0800)\r\nDescription: Console Window Host\r\nProduct: Microsoftr Windowsr Operating System\r\nCompany: Microsoft Corporation\r\nOriginalFileName: CONHOST.EXE\r\nCommandLine: \\??\\C:\\WINDOWS\\system32\\conhost.exe 0xffffffff -ForceV1\r\nCurrentDirectory: C:\\WINDOWS\r\nUser: NYLPC0LWVEN\\Admin\r\nLogonGuid: {0f4cb63d-8753-6a42-8593-0a0000000000}\r\nLogonId: 0xA9385\r\nTerminalSessionId: 1\r\nIntegrityLevel: High\r\nHashes: SHA256=B02EE54FB2EC69673386D41119EE8ED083A6EAB3BFCA6AA2155D20CE68EF8963\r\nParentProcessGuid: {0f4cb63d-e177-6a49-fb45-000000006500}\r\nParentProcessId: 23668\r\nParentImage: C:\\Program Files\\Git\\cmd\\git.exe\r\nParentCommandLine: \"C:\\Program Files\\Git\\cmd\\git.exe\" check-ignore -v -z --stdin\r\nParentUser: NYLPC0LWVEN\\Admin"
    },
    {
        "timestamp": "/Date(1783226743264)/",
        "event_id": 1,
        "event_type": "process_create",
        "host": "local_endpoint",
        "user": "NYLPC0LWVEN\\Admin",
        "image": "C:\\Program Files\\Git\\cmd\\git.exe",
        "process_guid": "{0f4cb63d-e177-6a49-fb45-000000006500}",
        "process_id": "23668",
        "command_line": "\"C:\\Program Files\\Git\\cmd\\git.exe\" check-ignore -v -z --stdin",
        "current_directory": "C:\\Users\\Admin\\Documents\\Detection-Engineering-Lab\\",
        "parent_image": "C:\\Users\\Admin\\AppData\\Local\\Programs\\Microsoft VS Code\\Code.exe",
        "parent_command_line": "\"C:\\Users\\Admin\\AppData\\Local\\Programs\\Microsoft VS Code\\Code.exe\" --type=utility --utility-sub-type=node.mojom.NodeService --lang=en-US --service-sandbox-type=none --dns-result-order=ipv4first --experimental-network-inspection --inspect-port=0 --video-capture-use-gpu-memory-buffer --user-data-dir=\"C:\\Users\\Admin\\AppData\\Roaming\\Code\" --standard-schemes=vscode-webview,vscode-file --enable-sandbox --secure-schemes=vscode-webview,vscode-file --cors-schemes=vscode-webview,vscode-file --fetch-schemes=vscode-webview,vscode-file --service-worker-schemes=vscode-webview --code-cache-schemes=vscode-webview,vscode-file --field-trial-handle=1872,i,11658720543533691094,16837983864148106908,262144 --enable-features=DocumentPolicyIncludeJSCallStacksInCrashReports,EarlyEstablishGpuChannel,EnableTransparentHwndEnlargement,EstablishGpuChannelAsync --disable-features=CalculateNativeWinOcclusion,LocalNetworkAccessChecks,ScreenAIOCREnabled,SpareRendererForSitePerProcess,TraceSiteInstanceGetProcessCreation --variations-seed-version --trace-process-track-uuid=3190708992871164437 --mojo-platform-channel-handle=4368 /prefetch:8",
        "integrity_level": "High",
        "hashes": "SHA256=FEC691D80FCCC35FCC309FBC9F720536C1D795B8A562EC169F28C9923DA9600F",
        "raw_message": "Process Create:\r\nRuleName: -\r\nUtcTime: 2026-07-05 04:45:43.116\r\nProcessGuid: {0f4cb63d-e177-6a49-fb45-000000006500}\r\nProcessId: 23668\r\nImage: C:\\Program Files\\Git\\cmd\\git.exe\r\nFileVersion: 2.49.0.windows.1\r\nDescription: Git for Windows\r\nProduct: Git\r\nCompany: The Git Development Community\r\nOriginalFileName: git.exe\r\nCommandLine: \"C:\\Program Files\\Git\\cmd\\git.exe\" check-ignore -v -z --stdin\r\nCurrentDirectory: C:\\Users\\Admin\\Documents\\Detection-Engineering-Lab\\\r\nUser: NYLPC0LWVEN\\Admin\r\nLogonGuid: {0f4cb63d-8753-6a42-8593-0a0000000000}\r\nLogonId: 0xA9385\r\nTerminalSessionId: 1\r\nIntegrityLevel: High\r\nHashes: SHA256=FEC691D80FCCC35FCC309FBC9F720536C1D795B8A562EC169F28C9923DA9600F\r\nParentProcessGuid: {0f4cb63d-0b23-6a48-831f-000000006500}\r\nParentProcessId: 11868\r\nParentImage: C:\\Users\\Admin\\AppData\\Local\\Programs\\Microsoft VS Code\\Code.exe\r\nParentCommandLine: \"C:\\Users\\Admin\\AppData\\Local\\Programs\\Microsoft VS Code\\Code.exe\" --type=utility --utility-sub-type=node.mojom.NodeService --lang=en-US --service-sandbox-type=none --dns-result-order=ipv4first --experimental-network-inspection --inspect-port=0 --video-capture-use-gpu-memory-buffer --user-data-dir=\"C:\\Users\\Admin\\AppData\\Roaming\\Code\" --standard-schemes=vscode-webview,vscode-file --enable-sandbox --secure-schemes=vscode-webview,vscode-file --cors-schemes=vscode-webview,vscode-file --fetch-schemes=vscode-webview,vscode-file --service-worker-schemes=vscode-webview --code-cache-schemes=vscode-webview,vscode-file --field-trial-handle=1872,i,11658720543533691094,16837983864148106908,262144 --enable-features=DocumentPolicyIncludeJSCallStacksInCrashReports,EarlyEstablishGpuChannel,EnableTransparentHwndEnlargement,EstablishGpuChannelAsync --disable-features=CalculateNativeWinOcclusion,LocalNetworkAccessChecks,ScreenAIOCREnabled,SpareRendererForSitePerProcess,TraceSiteInstanceGetProcessCreation --variations-seed-version --trace-process-track-uuid=3190708992871164437 --mojo-platform-channel-handle=4368 /prefetch:8\r\nParentUser: NYLPC0LWVEN\\Admin"
    },
    {
        "timestamp": "/Date(1783226742451)/",
        "event_id": 1,
        "event_type": "process_create",
        "host": "local_endpoint",
        "user": "NYLPC0LWVEN\\Admin",
        "image": "C:\\Program Files\\Git\\mingw64\\bin\\git.exe",
        "process_guid": "{0f4cb63d-e176-6a49-fa45-000000006500}",
        "process_id": "11036",
        "command_line": "git.exe status -z -uall",
        "current_directory": "C:\\Users\\Admin\\Documents\\Detection-Engineering-Lab\\",
        "parent_image": "C:\\Program Files\\Git\\cmd\\git.exe",
        "parent_command_line": "\"C:\\Program Files\\Git\\cmd\\git.exe\" status -z -uall",
        "integrity_level": "High",
        "hashes": "SHA256=FE0E064C8283DC50B1CE11A8B90D2EC1B68B5DC714FF0B8A8534BB9C43D1D02E",
        "raw_message": "Process Create:\r\nRuleName: -\r\nUtcTime: 2026-07-05 04:45:42.446\r\nProcessGuid: {0f4cb63d-e176-6a49-fa45-000000006500}\r\nProcessId: 11036\r\nImage: C:\\Program Files\\Git\\mingw64\\bin\\git.exe\r\nFileVersion: 2.49.0.windows.1\r\nDescription: Git for Windows\r\nProduct: Git\r\nCompany: The Git Development Community\r\nOriginalFileName: git.exe\r\nCommandLine: git.exe status -z -uall\r\nCurrentDirectory: C:\\Users\\Admin\\Documents\\Detection-Engineering-Lab\\\r\nUser: NYLPC0LWVEN\\Admin\r\nLogonGuid: {0f4cb63d-8753-6a42-8593-0a0000000000}\r\nLogonId: 0xA9385\r\nTerminalSessionId: 1\r\nIntegrityLevel: High\r\nHashes: SHA256=FE0E064C8283DC50B1CE11A8B90D2EC1B68B5DC714FF0B8A8534BB9C43D1D02E\r\nParentProcessGuid: {0f4cb63d-e176-6a49-f545-000000006500}\r\nParentProcessId: 17024\r\nParentImage: C:\\Program Files\\Git\\cmd\\git.exe\r\nParentCommandLine: \"C:\\Program Files\\Git\\cmd\\git.exe\" status -z -uall\r\nParentUser: NYLPC0LWVEN\\Admin"
    },
    {
        "timestamp": "/Date(1783226742435)/",
        "event_id": 1,
        "event_type": "process_create",
        "host": "local_endpoint",
        "user": "NYLPC0LWVEN\\Admin",
        "image": "C:\\Program Files\\Git\\mingw64\\bin\\git.exe",
        "process_guid": "{0f4cb63d-e176-6a49-f945-000000006500}",
        "process_id": "11760",
        "command_line": "git.exe for-each-ref --sort -committerdate --format %%(refname)The operation completed successfully.%%(objectname)The operation completed successfully.%%(*objectname)",
        "current_directory": "C:\\Users\\Admin\\Documents\\Detection-Engineering-Lab\\",
        "parent_image": "C:\\Program Files\\Git\\cmd\\git.exe",
        "parent_command_line": "\"C:\\Program Files\\Git\\cmd\\git.exe\" for-each-ref --sort -committerdate --format %(refname)%00%(objectname)%00%(*objectname)",
        "integrity_level": "High",
        "hashes": "SHA256=FE0E064C8283DC50B1CE11A8B90D2EC1B68B5DC714FF0B8A8534BB9C43D1D02E",
        "raw_message": "Process Create:\r\nRuleName: -\r\nUtcTime: 2026-07-05 04:45:42.417\r\nProcessGuid: {0f4cb63d-e176-6a49-f945-000000006500}\r\nProcessId: 11760\r\nImage: C:\\Program Files\\Git\\mingw64\\bin\\git.exe\r\nFileVersion: 2.49.0.windows.1\r\nDescription: Git for Windows\r\nProduct: Git\r\nCompany: The Git Development Community\r\nOriginalFileName: git.exe\r\nCommandLine: git.exe for-each-ref --sort -committerdate --format %%(refname)The operation completed successfully.%%(objectname)The operation completed successfully.%%(*objectname)\r\nCurrentDirectory: C:\\Users\\Admin\\Documents\\Detection-Engineering-Lab\\\r\nUser: NYLPC0LWVEN\\Admin\r\nLogonGuid: {0f4cb63d-8753-6a42-8593-0a0000000000}\r\nLogonId: 0xA9385\r\nTerminalSessionId: 1\r\nIntegrityLevel: High\r\nHashes: SHA256=FE0E064C8283DC50B1CE11A8B90D2EC1B68B5DC714FF0B8A8534BB9C43D1D02E\r\nParentProcessGuid: {0f4cb63d-e176-6a49-f645-000000006500}\r\nParentProcessId: 20528\r\nParentImage: C:\\Program Files\\Git\\cmd\\git.exe\r\nParentCommandLine: \"C:\\Program Files\\Git\\cmd\\git.exe\" for-each-ref --sort -committerdate --format %(refname)%00%(objectname)%00%(*objectname)\r\nParentUser: NYLPC0LWVEN\\Admin"
    },
    {
        "timestamp": "/Date(1783226742250)/",
        "event_id": 1,
        "event_type": "process_create",
        "host": "local_endpoint",
        "user": "NYLPC0LWVEN\\Admin",
        "image": "C:\\Windows\\System32\\conhost.exe",
        "process_guid": "{0f4cb63d-e176-6a49-f845-000000006500}",
        "process_id": "12108",
        "command_line": "\\??\\C:\\WINDOWS\\system32\\conhost.exe 0xffffffff -ForceV1",
        "current_directory": "C:\\WINDOWS",
        "parent_image": "C:\\Program Files\\Git\\cmd\\git.exe",
        "parent_command_line": "\"C:\\Program Files\\Git\\cmd\\git.exe\" for-each-ref --sort -committerdate --format %(refname)%00%(objectname)%00%(*objectname)",
        "integrity_level": "High",
        "hashes": "SHA256=B02EE54FB2EC69673386D41119EE8ED083A6EAB3BFCA6AA2155D20CE68EF8963",
        "raw_message": "Process Create:\r\nRuleName: -\r\nUtcTime: 2026-07-05 04:45:42.245\r\nProcessGuid: {0f4cb63d-e176-6a49-f845-000000006500}\r\nProcessId: 12108\r\nImage: C:\\Windows\\System32\\conhost.exe\r\nFileVersion: 10.0.19041.5198 (WinBuild.160101.0800)\r\nDescription: Console Window Host\r\nProduct: Microsoftr Windowsr Operating System\r\nCompany: Microsoft Corporation\r\nOriginalFileName: CONHOST.EXE\r\nCommandLine: \\??\\C:\\WINDOWS\\system32\\conhost.exe 0xffffffff -ForceV1\r\nCurrentDirectory: C:\\WINDOWS\r\nUser: NYLPC0LWVEN\\Admin\r\nLogonGuid: {0f4cb63d-8753-6a42-8593-0a0000000000}\r\nLogonId: 0xA9385\r\nTerminalSessionId: 1\r\nIntegrityLevel: High\r\nHashes: SHA256=B02EE54FB2EC69673386D41119EE8ED083A6EAB3BFCA6AA2155D20CE68EF8963\r\nParentProcessGuid: {0f4cb63d-e176-6a49-f645-000000006500}\r\nParentProcessId: 20528\r\nParentImage: C:\\Program Files\\Git\\cmd\\git.exe\r\nParentCommandLine: \"C:\\Program Files\\Git\\cmd\\git.exe\" for-each-ref --sort -committerdate --format %(refname)%00%(objectname)%00%(*objectname)\r\nParentUser: NYLPC0LWVEN\\Admin"
    },
    {
        "timestamp": "/Date(1783226742248)/",
        "event_id": 1,
        "event_type": "process_create",
        "host": "local_endpoint",
        "user": "NYLPC0LWVEN\\Admin",
        "image": "C:\\Windows\\System32\\conhost.exe",
        "process_guid": "{0f4cb63d-e176-6a49-f745-000000006500}",
        "process_id": "6676",
        "command_line": "\\??\\C:\\WINDOWS\\system32\\conhost.exe 0xffffffff -ForceV1",
        "current_directory": "C:\\WINDOWS",
        "parent_image": "C:\\Program Files\\Git\\cmd\\git.exe",
        "parent_command_line": "\"C:\\Program Files\\Git\\cmd\\git.exe\" status -z -uall",
        "integrity_level": "High",
        "hashes": "SHA256=B02EE54FB2EC69673386D41119EE8ED083A6EAB3BFCA6AA2155D20CE68EF8963",
        "raw_message": "Process Create:\r\nRuleName: -\r\nUtcTime: 2026-07-05 04:45:42.243\r\nProcessGuid: {0f4cb63d-e176-6a49-f745-000000006500}\r\nProcessId: 6676\r\nImage: C:\\Windows\\System32\\conhost.exe\r\nFileVersion: 10.0.19041.5198 (WinBuild.160101.0800)\r\nDescription: Console Window Host\r\nProduct: Microsoftr Windowsr Operating System\r\nCompany: Microsoft Corporation\r\nOriginalFileName: CONHOST.EXE\r\nCommandLine: \\??\\C:\\WINDOWS\\system32\\conhost.exe 0xffffffff -ForceV1\r\nCurrentDirectory: C:\\WINDOWS\r\nUser: NYLPC0LWVEN\\Admin\r\nLogonGuid: {0f4cb63d-8753-6a42-8593-0a0000000000}\r\nLogonId: 0xA9385\r\nTerminalSessionId: 1\r\nIntegrityLevel: High\r\nHashes: SHA256=B02EE54FB2EC69673386D41119EE8ED083A6EAB3BFCA6AA2155D20CE68EF8963\r\nParentProcessGuid: {0f4cb63d-e176-6a49-f545-000000006500}\r\nParentProcessId: 17024\r\nParentImage: C:\\Program Files\\Git\\cmd\\git.exe\r\nParentCommandLine: \"C:\\Program Files\\Git\\cmd\\git.exe\" status -z -uall\r\nParentUser: NYLPC0LWVEN\\Admin"
    },
    {
        "timestamp": "/Date(1783226742229)/",
        "event_id": 1,
        "event_type": "process_create",
        "host": "local_endpoint",
        "user": "NYLPC0LWVEN\\Admin",
        "image": "C:\\Program Files\\Git\\cmd\\git.exe",
        "process_guid": "{0f4cb63d-e176-6a49-f645-000000006500}",
        "process_id": "20528",
        "command_line": "\"C:\\Program Files\\Git\\cmd\\git.exe\" for-each-ref --sort -committerdate --format %%(refname)The operation completed successfully.%%(objectname)The operation completed successfully.%%(*objectname)",
        "current_directory": "C:\\Users\\Admin\\Documents\\Detection-Engineering-Lab\\",
        "parent_image": "C:\\Users\\Admin\\AppData\\Local\\Programs\\Microsoft VS Code\\Code.exe",
        "parent_command_line": "\"C:\\Users\\Admin\\AppData\\Local\\Programs\\Microsoft VS Code\\Code.exe\" --type=utility --utility-sub-type=node.mojom.NodeService --lang=en-US --service-sandbox-type=none --dns-result-order=ipv4first --experimental-network-inspection --inspect-port=0 --video-capture-use-gpu-memory-buffer --user-data-dir=\"C:\\Users\\Admin\\AppData\\Roaming\\Code\" --standard-schemes=vscode-webview,vscode-file --enable-sandbox --secure-schemes=vscode-webview,vscode-file --cors-schemes=vscode-webview,vscode-file --fetch-schemes=vscode-webview,vscode-file --service-worker-schemes=vscode-webview --code-cache-schemes=vscode-webview,vscode-file --field-trial-handle=1872,i,11658720543533691094,16837983864148106908,262144 --enable-features=DocumentPolicyIncludeJSCallStacksInCrashReports,EarlyEstablishGpuChannel,EnableTransparentHwndEnlargement,EstablishGpuChannelAsync --disable-features=CalculateNativeWinOcclusion,LocalNetworkAccessChecks,ScreenAIOCREnabled,SpareRendererForSitePerProcess,TraceSiteInstanceGetProcessCreation --variations-seed-version --trace-process-track-uuid=3190708992871164437 --mojo-platform-channel-handle=4368 /prefetch:8",
        "integrity_level": "High",
        "hashes": "SHA256=FEC691D80FCCC35FCC309FBC9F720536C1D795B8A562EC169F28C9923DA9600F",
        "raw_message": "Process Create:\r\nRuleName: -\r\nUtcTime: 2026-07-05 04:45:42.224\r\nProcessGuid: {0f4cb63d-e176-6a49-f645-000000006500}\r\nProcessId: 20528\r\nImage: C:\\Program Files\\Git\\cmd\\git.exe\r\nFileVersion: 2.49.0.windows.1\r\nDescription: Git for Windows\r\nProduct: Git\r\nCompany: The Git Development Community\r\nOriginalFileName: git.exe\r\nCommandLine: \"C:\\Program Files\\Git\\cmd\\git.exe\" for-each-ref --sort -committerdate --format %%(refname)The operation completed successfully.%%(objectname)The operation completed successfully.%%(*objectname)\r\nCurrentDirectory: C:\\Users\\Admin\\Documents\\Detection-Engineering-Lab\\\r\nUser: NYLPC0LWVEN\\Admin\r\nLogonGuid: {0f4cb63d-8753-6a42-8593-0a0000000000}\r\nLogonId: 0xA9385\r\nTerminalSessionId: 1\r\nIntegrityLevel: High\r\nHashes: SHA256=FEC691D80FCCC35FCC309FBC9F720536C1D795B8A562EC169F28C9923DA9600F\r\nParentProcessGuid: {0f4cb63d-0b23-6a48-831f-000000006500}\r\nParentProcessId: 11868\r\nParentImage: C:\\Users\\Admin\\AppData\\Local\\Programs\\Microsoft VS Code\\Code.exe\r\nParentCommandLine: \"C:\\Users\\Admin\\AppData\\Local\\Programs\\Microsoft VS Code\\Code.exe\" --type=utility --utility-sub-type=node.mojom.NodeService --lang=en-US --service-sandbox-type=none --dns-result-order=ipv4first --experimental-network-inspection --inspect-port=0 --video-capture-use-gpu-memory-buffer --user-data-dir=\"C:\\Users\\Admin\\AppData\\Roaming\\Code\" --standard-schemes=vscode-webview,vscode-file --enable-sandbox --secure-schemes=vscode-webview,vscode-file --cors-schemes=vscode-webview,vscode-file --fetch-schemes=vscode-webview,vscode-file --service-worker-schemes=vscode-webview --code-cache-schemes=vscode-webview,vscode-file --field-trial-handle=1872,i,11658720543533691094,16837983864148106908,262144 --enable-features=DocumentPolicyIncludeJSCallStacksInCrashReports,EarlyEstablishGpuChannel,EnableTransparentHwndEnlargement,EstablishGpuChannelAsync --disable-features=CalculateNativeWinOcclusion,LocalNetworkAccessChecks,ScreenAIOCREnabled,SpareRendererForSitePerProcess,TraceSiteInstanceGetProcessCreation --variations-seed-version --trace-process-track-uuid=3190708992871164437 --mojo-platform-channel-handle=4368 /prefetch:8\r\nParentUser: NYLPC0LWVEN\\Admin"
    },
    {
        "timestamp": "/Date(1783226742228)/",
        "event_id": 1,
        "event_type": "process_create",
        "host": "local_endpoint",
        "user": "NYLPC0LWVEN\\Admin",
        "image": "C:\\Program Files\\Git\\cmd\\git.exe",
        "process_guid": "{0f4cb63d-e176-6a49-f545-000000006500}",
        "process_id": "17024",
        "command_line": "\"C:\\Program Files\\Git\\cmd\\git.exe\" status -z -uall",
        "current_directory": "C:\\Users\\Admin\\Documents\\Detection-Engineering-Lab\\",
        "parent_image": "C:\\Users\\Admin\\AppData\\Local\\Programs\\Microsoft VS Code\\Code.exe",
        "parent_command_line": "\"C:\\Users\\Admin\\AppData\\Local\\Programs\\Microsoft VS Code\\Code.exe\" --type=utility --utility-sub-type=node.mojom.NodeService --lang=en-US --service-sandbox-type=none --dns-result-order=ipv4first --experimental-network-inspection --inspect-port=0 --video-capture-use-gpu-memory-buffer --user-data-dir=\"C:\\Users\\Admin\\AppData\\Roaming\\Code\" --standard-schemes=vscode-webview,vscode-file --enable-sandbox --secure-schemes=vscode-webview,vscode-file --cors-schemes=vscode-webview,vscode-file --fetch-schemes=vscode-webview,vscode-file --service-worker-schemes=vscode-webview --code-cache-schemes=vscode-webview,vscode-file --field-trial-handle=1872,i,11658720543533691094,16837983864148106908,262144 --enable-features=DocumentPolicyIncludeJSCallStacksInCrashReports,EarlyEstablishGpuChannel,EnableTransparentHwndEnlargement,EstablishGpuChannelAsync --disable-features=CalculateNativeWinOcclusion,LocalNetworkAccessChecks,ScreenAIOCREnabled,SpareRendererForSitePerProcess,TraceSiteInstanceGetProcessCreation --variations-seed-version --trace-process-track-uuid=3190708992871164437 --mojo-platform-channel-handle=4368 /prefetch:8",
        "integrity_level": "High",
        "hashes": "SHA256=FEC691D80FCCC35FCC309FBC9F720536C1D795B8A562EC169F28C9923DA9600F",
        "raw_message": "Process Create:\r\nRuleName: -\r\nUtcTime: 2026-07-05 04:45:42.216\r\nProcessGuid: {0f4cb63d-e176-6a49-f545-000000006500}\r\nProcessId: 17024\r\nImage: C:\\Program Files\\Git\\cmd\\git.exe\r\nFileVersion: 2.49.0.windows.1\r\nDescription: Git for Windows\r\nProduct: Git\r\nCompany: The Git Development Community\r\nOriginalFileName: git.exe\r\nCommandLine: \"C:\\Program Files\\Git\\cmd\\git.exe\" status -z -uall\r\nCurrentDirectory: C:\\Users\\Admin\\Documents\\Detection-Engineering-Lab\\\r\nUser: NYLPC0LWVEN\\Admin\r\nLogonGuid: {0f4cb63d-8753-6a42-8593-0a0000000000}\r\nLogonId: 0xA9385\r\nTerminalSessionId: 1\r\nIntegrityLevel: High\r\nHashes: SHA256=FEC691D80FCCC35FCC309FBC9F720536C1D795B8A562EC169F28C9923DA9600F\r\nParentProcessGuid: {0f4cb63d-0b23-6a48-831f-000000006500}\r\nParentProcessId: 11868\r\nParentImage: C:\\Users\\Admin\\AppData\\Local\\Programs\\Microsoft VS Code\\Code.exe\r\nParentCommandLine: \"C:\\Users\\Admin\\AppData\\Local\\Programs\\Microsoft VS Code\\Code.exe\" --type=utility --utility-sub-type=node.mojom.NodeService --lang=en-US --service-sandbox-type=none --dns-result-order=ipv4first --experimental-network-inspection --inspect-port=0 --video-capture-use-gpu-memory-buffer --user-data-dir=\"C:\\Users\\Admin\\AppData\\Roaming\\Code\" --standard-schemes=vscode-webview,vscode-file --enable-sandbox --secure-schemes=vscode-webview,vscode-file --cors-schemes=vscode-webview,vscode-file --fetch-schemes=vscode-webview,vscode-file --service-worker-schemes=vscode-webview --code-cache-schemes=vscode-webview,vscode-file --field-trial-handle=1872,i,11658720543533691094,16837983864148106908,262144 --enable-features=DocumentPolicyIncludeJSCallStacksInCrashReports,EarlyEstablishGpuChannel,EnableTransparentHwndEnlargement,EstablishGpuChannelAsync --disable-features=CalculateNativeWinOcclusion,LocalNetworkAccessChecks,ScreenAIOCREnabled,SpareRendererForSitePerProcess,TraceSiteInstanceGetProcessCreation --variations-seed-version --trace-process-track-uuid=3190708992871164437 --mojo-platform-channel-handle=4368 /prefetch:8\r\nParentUser: NYLPC0LWVEN\\Admin"
    },
    {
        "timestamp": "/Date(1783226742104)/",
        "event_id": 1,
        "event_type": "process_create",
        "host": "local_endpoint",
        "user": "NYLPC0LWVEN\\Admin",
        "image": "C:\\Program Files\\Git\\mingw64\\bin\\git.exe",
        "process_guid": "{0f4cb63d-e176-6a49-f445-000000006500}",
        "process_id": "16956",
        "command_line": "git.exe worktree list --porcelain",
        "current_directory": "C:\\Users\\Admin\\Documents\\Detection-Engineering-Lab\\",
        "parent_image": "C:\\Program Files\\Git\\cmd\\git.exe",
        "parent_command_line": "git worktree list --porcelain",
        "integrity_level": "High",
        "hashes": "SHA256=FE0E064C8283DC50B1CE11A8B90D2EC1B68B5DC714FF0B8A8534BB9C43D1D02E",
        "raw_message": "Process Create:\r\nRuleName: -\r\nUtcTime: 2026-07-05 04:45:42.085\r\nProcessGuid: {0f4cb63d-e176-6a49-f445-000000006500}\r\nProcessId: 16956\r\nImage: C:\\Program Files\\Git\\mingw64\\bin\\git.exe\r\nFileVersion: 2.49.0.windows.1\r\nDescription: Git for Windows\r\nProduct: Git\r\nCompany: The Git Development Community\r\nOriginalFileName: git.exe\r\nCommandLine: git.exe worktree list --porcelain\r\nCurrentDirectory: C:\\Users\\Admin\\Documents\\Detection-Engineering-Lab\\\r\nUser: NYLPC0LWVEN\\Admin\r\nLogonGuid: {0f4cb63d-8753-6a42-8593-0a0000000000}\r\nLogonId: 0xA9385\r\nTerminalSessionId: 1\r\nIntegrityLevel: High\r\nHashes: SHA256=FE0E064C8283DC50B1CE11A8B90D2EC1B68B5DC714FF0B8A8534BB9C43D1D02E\r\nParentProcessGuid: {0f4cb63d-e175-6a49-f045-000000006500}\r\nParentProcessId: 18020\r\nParentImage: C:\\Program Files\\Git\\cmd\\git.exe\r\nParentCommandLine: git worktree list --porcelain\r\nParentUser: NYLPC0LWVEN\\Admin"
    },
    {
        "timestamp": "/Date(1783226742049)/",
        "event_id": 1,
        "event_type": "process_create",
        "host": "local_endpoint",
        "user": "NYLPC0LWVEN\\Admin",
        "image": "C:\\Program Files\\Git\\mingw64\\bin\\git.exe",
        "process_guid": "{0f4cb63d-e176-6a49-f345-000000006500}",
        "process_id": "9156",
        "command_line": "git.exe for-each-ref --format=%%(refname)The operation completed successfully.%%(upstream:short)The operation completed successfully.%%(objectname)The operation completed successfully.%%(upstream:track)The operation completed successfully.%%(upstream:remotename)The operation completed successfully.%%(upstream:remoteref) --ignore-case refs/heads/feature/sysmon-collector refs/remotes/feature/sysmon-collector",
        "current_directory": "C:\\Users\\Admin\\Documents\\Detection-Engineering-Lab\\",
        "parent_image": "C:\\Program Files\\Git\\cmd\\git.exe",
        "parent_command_line": "\"C:\\Program Files\\Git\\cmd\\git.exe\" for-each-ref --format=%(refname)%00%(upstream:short)%00%(objectname)%00%(upstream:track)%00%(upstream:remotename)%00%(upstream:remoteref) --ignore-case refs/heads/feature/sysmon-collector refs/remotes/feature/sysmon-collector",
        "integrity_level": "High",
        "hashes": "SHA256=FE0E064C8283DC50B1CE11A8B90D2EC1B68B5DC714FF0B8A8534BB9C43D1D02E",
        "raw_message": "Process Create:\r\nRuleName: -\r\nUtcTime: 2026-07-05 04:45:42.033\r\nProcessGuid: {0f4cb63d-e176-6a49-f345-000000006500}\r\nProcessId: 9156\r\nImage: C:\\Program Files\\Git\\mingw64\\bin\\git.exe\r\nFileVersion: 2.49.0.windows.1\r\nDescription: Git for Windows\r\nProduct: Git\r\nCompany: The Git Development Community\r\nOriginalFileName: git.exe\r\nCommandLine: git.exe for-each-ref --format=%%(refname)The operation completed successfully.%%(upstream:short)The operation completed successfully.%%(objectname)The operation completed successfully.%%(upstream:track)The operation completed successfully.%%(upstream:remotename)The operation completed successfully.%%(upstream:remoteref) --ignore-case refs/heads/feature/sysmon-collector refs/remotes/feature/sysmon-collector\r\nCurrentDirectory: C:\\Users\\Admin\\Documents\\Detection-Engineering-Lab\\\r\nUser: NYLPC0LWVEN\\Admin\r\nLogonGuid: {0f4cb63d-8753-6a42-8593-0a0000000000}\r\nLogonId: 0xA9385\r\nTerminalSessionId: 1\r\nIntegrityLevel: High\r\nHashes: SHA256=FE0E064C8283DC50B1CE11A8B90D2EC1B68B5DC714FF0B8A8534BB9C43D1D02E\r\nParentProcessGuid: {0f4cb63d-e175-6a49-ed45-000000006500}\r\nParentProcessId: 20084\r\nParentImage: C:\\Program Files\\Git\\cmd\\git.exe\r\nParentCommandLine: \"C:\\Program Files\\Git\\cmd\\git.exe\" for-each-ref --format=%(refname)%00%(upstream:short)%00%(objectname)%00%(upstream:track)%00%(upstream:remotename)%00%(upstream:remoteref) --ignore-case refs/heads/feature/sysmon-collector refs/remotes/feature/sysmon-collector\r\nParentUser: NYLPC0LWVEN\\Admin"
    },
    {
        "timestamp": "/Date(1783226741995)/",
        "event_id": 1,
        "event_type": "process_create",
        "host": "local_endpoint",
        "user": "NYLPC0LWVEN\\Admin",
        "image": "C:\\Program Files\\Git\\mingw64\\bin\\git.exe",
        "process_guid": "{0f4cb63d-e175-6a49-f245-000000006500}",
        "process_id": "15692",
        "command_line": "git.exe config --get commit.template",
        "current_directory": "C:\\Users\\Admin\\Documents\\Detection-Engineering-Lab\\",
        "parent_image": "C:\\Program Files\\Git\\cmd\\git.exe",
        "parent_command_line": "\"C:\\Program Files\\Git\\cmd\\git.exe\" config --get commit.template",
        "integrity_level": "High",
        "hashes": "SHA256=FE0E064C8283DC50B1CE11A8B90D2EC1B68B5DC714FF0B8A8534BB9C43D1D02E",
        "raw_message": "Process Create:\r\nRuleName: -\r\nUtcTime: 2026-07-05 04:45:41.976\r\nProcessGuid: {0f4cb63d-e175-6a49-f245-000000006500}\r\nProcessId: 15692\r\nImage: C:\\Program Files\\Git\\mingw64\\bin\\git.exe\r\nFileVersion: 2.49.0.windows.1\r\nDescription: Git for Windows\r\nProduct: Git\r\nCompany: The Git Development Community\r\nOriginalFileName: git.exe\r\nCommandLine: git.exe config --get commit.template\r\nCurrentDirectory: C:\\Users\\Admin\\Documents\\Detection-Engineering-Lab\\\r\nUser: NYLPC0LWVEN\\Admin\r\nLogonGuid: {0f4cb63d-8753-6a42-8593-0a0000000000}\r\nLogonId: 0xA9385\r\nTerminalSessionId: 1\r\nIntegrityLevel: High\r\nHashes: SHA256=FE0E064C8283DC50B1CE11A8B90D2EC1B68B5DC714FF0B8A8534BB9C43D1D02E\r\nParentProcessGuid: {0f4cb63d-e175-6a49-ec45-000000006500}\r\nParentProcessId: 17548\r\nParentImage: C:\\Program Files\\Git\\cmd\\git.exe\r\nParentCommandLine: \"C:\\Program Files\\Git\\cmd\\git.exe\" config --get commit.template\r\nParentUser: NYLPC0LWVEN\\Admin"
    },
    {
        "timestamp": "/Date(1783226741682)/",
        "event_id": 1,
        "event_type": "process_create",
        "host": "local_endpoint",
        "user": "NYLPC0LWVEN\\Admin",
        "image": "C:\\Windows\\System32\\conhost.exe",
        "process_guid": "{0f4cb63d-e175-6a49-f145-000000006500}",
        "process_id": "19732",
        "command_line": "\\??\\C:\\WINDOWS\\system32\\conhost.exe 0xffffffff -ForceV1",
        "current_directory": "C:\\WINDOWS",
        "parent_image": "C:\\Program Files\\Git\\cmd\\git.exe",
        "parent_command_line": "git worktree list --porcelain",
        "integrity_level": "High",
        "hashes": "SHA256=B02EE54FB2EC69673386D41119EE8ED083A6EAB3BFCA6AA2155D20CE68EF8963",
        "raw_message": "Process Create:\r\nRuleName: -\r\nUtcTime: 2026-07-05 04:45:41.678\r\nProcessGuid: {0f4cb63d-e175-6a49-f145-000000006500}\r\nProcessId: 19732\r\nImage: C:\\Windows\\System32\\conhost.exe\r\nFileVersion: 10.0.19041.5198 (WinBuild.160101.0800)\r\nDescription: Console Window Host\r\nProduct: Microsoftr Windowsr Operating System\r\nCompany: Microsoft Corporation\r\nOriginalFileName: CONHOST.EXE\r\nCommandLine: \\??\\C:\\WINDOWS\\system32\\conhost.exe 0xffffffff -ForceV1\r\nCurrentDirectory: C:\\WINDOWS\r\nUser: NYLPC0LWVEN\\Admin\r\nLogonGuid: {0f4cb63d-8753-6a42-8593-0a0000000000}\r\nLogonId: 0xA9385\r\nTerminalSessionId: 1\r\nIntegrityLevel: High\r\nHashes: SHA256=B02EE54FB2EC69673386D41119EE8ED083A6EAB3BFCA6AA2155D20CE68EF8963\r\nParentProcessGuid: {0f4cb63d-e175-6a49-f045-000000006500}\r\nParentProcessId: 18020\r\nParentImage: C:\\Program Files\\Git\\cmd\\git.exe\r\nParentCommandLine: git worktree list --porcelain\r\nParentUser: NYLPC0LWVEN\\Admin"
    },
    {
        "timestamp": "/Date(1783226741674)/",
        "event_id": 1,
        "event_type": "process_create",
        "host": "local_endpoint",
        "user": "NYLPC0LWVEN\\Admin",
        "image": "C:\\Program Files\\Git\\cmd\\git.exe",
        "process_guid": "{0f4cb63d-e175-6a49-f045-000000006500}",
        "process_id": "18020",
        "command_line": "git worktree list --porcelain",
        "current_directory": "C:\\Users\\Admin\\Documents\\Detection-Engineering-Lab\\",
        "parent_image": "C:\\Users\\Admin\\AppData\\Local\\Programs\\Microsoft VS Code\\Code.exe",
        "parent_command_line": "\"C:\\Users\\Admin\\AppData\\Local\\Programs\\Microsoft VS Code\\Code.exe\" --type=utility --utility-sub-type=node.mojom.NodeService --lang=en-US --service-sandbox-type=none --dns-result-order=ipv4first --experimental-network-inspection --inspect-port=0 --video-capture-use-gpu-memory-buffer --user-data-dir=\"C:\\Users\\Admin\\AppData\\Roaming\\Code\" --standard-schemes=vscode-webview,vscode-file --enable-sandbox --secure-schemes=vscode-webview,vscode-file --cors-schemes=vscode-webview,vscode-file --fetch-schemes=vscode-webview,vscode-file --service-worker-schemes=vscode-webview --code-cache-schemes=vscode-webview,vscode-file --field-trial-handle=1872,i,11658720543533691094,16837983864148106908,262144 --enable-features=DocumentPolicyIncludeJSCallStacksInCrashReports,EarlyEstablishGpuChannel,EnableTransparentHwndEnlargement,EstablishGpuChannelAsync --disable-features=CalculateNativeWinOcclusion,LocalNetworkAccessChecks,ScreenAIOCREnabled,SpareRendererForSitePerProcess,TraceSiteInstanceGetProcessCreation --variations-seed-version --trace-process-track-uuid=3190708992871164437 --mojo-platform-channel-handle=4368 /prefetch:8",
        "integrity_level": "High",
        "hashes": "SHA256=FEC691D80FCCC35FCC309FBC9F720536C1D795B8A562EC169F28C9923DA9600F",
        "raw_message": "Process Create:\r\nRuleName: -\r\nUtcTime: 2026-07-05 04:45:41.607\r\nProcessGuid: {0f4cb63d-e175-6a49-f045-000000006500}\r\nProcessId: 18020\r\nImage: C:\\Program Files\\Git\\cmd\\git.exe\r\nFileVersion: 2.49.0.windows.1\r\nDescription: Git for Windows\r\nProduct: Git\r\nCompany: The Git Development Community\r\nOriginalFileName: git.exe\r\nCommandLine: git worktree list --porcelain\r\nCurrentDirectory: C:\\Users\\Admin\\Documents\\Detection-Engineering-Lab\\\r\nUser: NYLPC0LWVEN\\Admin\r\nLogonGuid: {0f4cb63d-8753-6a42-8593-0a0000000000}\r\nLogonId: 0xA9385\r\nTerminalSessionId: 1\r\nIntegrityLevel: High\r\nHashes: SHA256=FEC691D80FCCC35FCC309FBC9F720536C1D795B8A562EC169F28C9923DA9600F\r\nParentProcessGuid: {0f4cb63d-0b23-6a48-831f-000000006500}\r\nParentProcessId: 11868\r\nParentImage: C:\\Users\\Admin\\AppData\\Local\\Programs\\Microsoft VS Code\\Code.exe\r\nParentCommandLine: \"C:\\Users\\Admin\\AppData\\Local\\Programs\\Microsoft VS Code\\Code.exe\" --type=utility --utility-sub-type=node.mojom.NodeService --lang=en-US --service-sandbox-type=none --dns-result-order=ipv4first --experimental-network-inspection --inspect-port=0 --video-capture-use-gpu-memory-buffer --user-data-dir=\"C:\\Users\\Admin\\AppData\\Roaming\\Code\" --standard-schemes=vscode-webview,vscode-file --enable-sandbox --secure-schemes=vscode-webview,vscode-file --cors-schemes=vscode-webview,vscode-file --fetch-schemes=vscode-webview,vscode-file --service-worker-schemes=vscode-webview --code-cache-schemes=vscode-webview,vscode-file --field-trial-handle=1872,i,11658720543533691094,16837983864148106908,262144 --enable-features=DocumentPolicyIncludeJSCallStacksInCrashReports,EarlyEstablishGpuChannel,EnableTransparentHwndEnlargement,EstablishGpuChannelAsync --disable-features=CalculateNativeWinOcclusion,LocalNetworkAccessChecks,ScreenAIOCREnabled,SpareRendererForSitePerProcess,TraceSiteInstanceGetProcessCreation --variations-seed-version --trace-process-track-uuid=3190708992871164437 --mojo-platform-channel-handle=4368 /prefetch:8\r\nParentUser: NYLPC0LWVEN\\Admin"
    },
    {
        "timestamp": "/Date(1783226741270)/",
        "event_id": 1,
        "event_type": "process_create",
        "host": "local_endpoint",
        "user": "NYLPC0LWVEN\\Admin",
        "image": "C:\\Windows\\System32\\conhost.exe",
        "process_guid": "{0f4cb63d-e175-6a49-ef45-000000006500}",
        "process_id": "19336",
        "command_line": "\\??\\C:\\WINDOWS\\system32\\conhost.exe 0xffffffff -ForceV1",
        "current_directory": "C:\\WINDOWS",
        "parent_image": "C:\\Program Files\\Git\\cmd\\git.exe",
        "parent_command_line": "\"C:\\Program Files\\Git\\cmd\\git.exe\" config --get commit.template",
        "integrity_level": "High",
        "hashes": "SHA256=B02EE54FB2EC69673386D41119EE8ED083A6EAB3BFCA6AA2155D20CE68EF8963",
        "raw_message": "Process Create:\r\nRuleName: -\r\nUtcTime: 2026-07-05 04:45:41.248\r\nProcessGuid: {0f4cb63d-e175-6a49-ef45-000000006500}\r\nProcessId: 19336\r\nImage: C:\\Windows\\System32\\conhost.exe\r\nFileVersion: 10.0.19041.5198 (WinBuild.160101.0800)\r\nDescription: Console Window Host\r\nProduct: Microsoftr Windowsr Operating System\r\nCompany: Microsoft Corporation\r\nOriginalFileName: CONHOST.EXE\r\nCommandLine: \\??\\C:\\WINDOWS\\system32\\conhost.exe 0xffffffff -ForceV1\r\nCurrentDirectory: C:\\WINDOWS\r\nUser: NYLPC0LWVEN\\Admin\r\nLogonGuid: {0f4cb63d-8753-6a42-8593-0a0000000000}\r\nLogonId: 0xA9385\r\nTerminalSessionId: 1\r\nIntegrityLevel: High\r\nHashes: SHA256=B02EE54FB2EC69673386D41119EE8ED083A6EAB3BFCA6AA2155D20CE68EF8963\r\nParentProcessGuid: {0f4cb63d-e175-6a49-ec45-000000006500}\r\nParentProcessId: 17548\r\nParentImage: C:\\Program Files\\Git\\cmd\\git.exe\r\nParentCommandLine: \"C:\\Program Files\\Git\\cmd\\git.exe\" config --get commit.template\r\nParentUser: NYLPC0LWVEN\\Admin"
    },
    {
        "timestamp": "/Date(1783226741268)/",
        "event_id": 1,
        "event_type": "process_create",
        "host": "local_endpoint",
        "user": "NYLPC0LWVEN\\Admin",
        "image": "C:\\Windows\\System32\\conhost.exe",
        "process_guid": "{0f4cb63d-e175-6a49-ee45-000000006500}",
        "process_id": "1424",
        "command_line": "\\??\\C:\\WINDOWS\\system32\\conhost.exe 0xffffffff -ForceV1",
        "current_directory": "C:\\WINDOWS",
        "parent_image": "C:\\Program Files\\Git\\cmd\\git.exe",
        "parent_command_line": "\"C:\\Program Files\\Git\\cmd\\git.exe\" for-each-ref --format=%(refname)%00%(upstream:short)%00%(objectname)%00%(upstream:track)%00%(upstream:remotename)%00%(upstream:remoteref) --ignore-case refs/heads/feature/sysmon-collector refs/remotes/feature/sysmon-collector",
        "integrity_level": "High",
        "hashes": "SHA256=B02EE54FB2EC69673386D41119EE8ED083A6EAB3BFCA6AA2155D20CE68EF8963",
        "raw_message": "Process Create:\r\nRuleName: -\r\nUtcTime: 2026-07-05 04:45:41.162\r\nProcessGuid: {0f4cb63d-e175-6a49-ee45-000000006500}\r\nProcessId: 1424\r\nImage: C:\\Windows\\System32\\conhost.exe\r\nFileVersion: 10.0.19041.5198 (WinBuild.160101.0800)\r\nDescription: Console Window Host\r\nProduct: Microsoftr Windowsr Operating System\r\nCompany: Microsoft Corporation\r\nOriginalFileName: CONHOST.EXE\r\nCommandLine: \\??\\C:\\WINDOWS\\system32\\conhost.exe 0xffffffff -ForceV1\r\nCurrentDirectory: C:\\WINDOWS\r\nUser: NYLPC0LWVEN\\Admin\r\nLogonGuid: {0f4cb63d-8753-6a42-8593-0a0000000000}\r\nLogonId: 0xA9385\r\nTerminalSessionId: 1\r\nIntegrityLevel: High\r\nHashes: SHA256=B02EE54FB2EC69673386D41119EE8ED083A6EAB3BFCA6AA2155D20CE68EF8963\r\nParentProcessGuid: {0f4cb63d-e175-6a49-ed45-000000006500}\r\nParentProcessId: 20084\r\nParentImage: C:\\Program Files\\Git\\cmd\\git.exe\r\nParentCommandLine: \"C:\\Program Files\\Git\\cmd\\git.exe\" for-each-ref --format=%(refname)%00%(upstream:short)%00%(objectname)%00%(upstream:track)%00%(upstream:remotename)%00%(upstream:remoteref) --ignore-case refs/heads/feature/sysmon-collector refs/remotes/feature/sysmon-collector\r\nParentUser: NYLPC0LWVEN\\Admin"
    },
