[
    {
        "timestamp": "/Date(1783227139672)/",
        "event_id": 1,
        "event_type": "process_create",
        "host": "local_endpoint",
        "user": "NYLPC0LWVEN\\Admin",
        "image": "C:\\Windows\\System32\\WindowsPowerShell\\v1.0\\powershell.exe",
        "process_guid": "{0f4cb63d-e303-6a49-a146-000000006500}",
        "process_id": "15136",
        "command_line": "powershell -Command \"",
        "current_directory": "C:\\Users\\Admin\\Documents\\Detection-Engineering-Lab\\",
        "parent_image": "C:\\Users\\Admin\\AppData\\Local\\Python\\pythoncore-3.14-64\\python.exe",
        "parent_command_line": "\"C:\\Users\\Admin\\AppData\\Local\\Python\\pythoncore-3.14-64\\python.exe\"  collectors\\sysmon.py",
        "integrity_level": "High",
        "hashes": "SHA256=9785001B0DCF755EDDB8AF294A373C0B87B2498660F724E76C4D53F9C217C7A3",
        "raw_message": "Process Create:\r\nRuleName: -\r\nUtcTime: 2026-07-05 04:52:19.643\r\nProcessGuid: {0f4cb63d-e303-6a49-a146-000000006500}\r\nProcessId: 15136\r\nImage: C:\\Windows\\System32\\WindowsPowerShell\\v1.0\\powershell.exe\r\nFileVersion: 10.0.19041.3996 (WinBuild.160101.0800)\r\nDescription: Windows PowerShell\r\nProduct: Microsoftr Windowsr Operating System\r\nCompany: Microsoft Corporation\r\nOriginalFileName: PowerShell.EXE\r\nCommandLine: powershell -Command \"\n        Get-WinEvent -LogName 'Microsoft-Windows-Sysmon/Operational' -MaxEvents 50 |\n        Where-Object { $_.Id -in 1,3,7,11,13,22 } |\n        Select-Object TimeCreated, Id, ProviderName, Message |\n        ConvertTo-Json -Depth 4\n        \"\r\nCurrentDirectory: C:\\Users\\Admin\\Documents\\Detection-Engineering-Lab\\\r\nUser: NYLPC0LWVEN\\Admin\r\nLogonGuid: {0f4cb63d-8753-6a42-8593-0a0000000000}\r\nLogonId: 0xA9385\r\nTerminalSessionId: 1\r\nIntegrityLevel: High\r\nHashes: SHA256=9785001B0DCF755EDDB8AF294A373C0B87B2498660F724E76C4D53F9C217C7A3\r\nParentProcessGuid: {0f4cb63d-e303-6a49-a046-000000006500}\r\nParentProcessId: 20172\r\nParentImage: C:\\Users\\Admin\\AppData\\Local\\Python\\pythoncore-3.14-64\\python.exe\r\nParentCommandLine: \"C:\\Users\\Admin\\AppData\\Local\\Python\\pythoncore-3.14-64\\python.exe\"  collectors\\sysmon.py\r\nParentUser: NYLPC0LWVEN\\Admin"
    },
    {
        "timestamp": "/Date(1783227139479)/",
        "event_id": 1,
        "event_type": "process_create",
        "host": "local_endpoint",
        "user": "NYLPC0LWVEN\\Admin",
        "image": "C:\\Users\\Admin\\AppData\\Local\\Python\\pythoncore-3.14-64\\python.exe",
        "process_guid": "{0f4cb63d-e303-6a49-a046-000000006500}",
        "process_id": "20172",
        "command_line": "\"C:\\Users\\Admin\\AppData\\Local\\Python\\pythoncore-3.14-64\\python.exe\"  collectors\\sysmon.py",
        "current_directory": "C:\\Users\\Admin\\Documents\\Detection-Engineering-Lab\\",
        "parent_image": "C:\\Program Files\\WindowsApps\\PythonSoftwareFoundation.PythonManager_26.1.240.0_x64__3847v3x7pw1km\\python.exe",
        "parent_command_line": "\"C:\\Users\\Admin\\AppData\\Local\\Microsoft\\WindowsApps\\python.exe\" collectors\\sysmon.py",
        "integrity_level": "High",
        "hashes": "SHA256=7CA24F26D6E3F463419EE4F537DDD3ACD312C38FE45E678CCE08572F26A8BD1A",
        "raw_message": "Process Create:\r\nRuleName: -\r\nUtcTime: 2026-07-05 04:52:19.472\r\nProcessGuid: {0f4cb63d-e303-6a49-a046-000000006500}\r\nProcessId: 20172\r\nImage: C:\\Users\\Admin\\AppData\\Local\\Python\\pythoncore-3.14-64\\python.exe\r\nFileVersion: 3.14.4\r\nDescription: Python\r\nProduct: Python\r\nCompany: Python Software Foundation\r\nOriginalFileName: python.exe\r\nCommandLine: \"C:\\Users\\Admin\\AppData\\Local\\Python\\pythoncore-3.14-64\\python.exe\"  collectors\\sysmon.py\r\nCurrentDirectory: C:\\Users\\Admin\\Documents\\Detection-Engineering-Lab\\\r\nUser: NYLPC0LWVEN\\Admin\r\nLogonGuid: {0f4cb63d-8753-6a42-8593-0a0000000000}\r\nLogonId: 0xA9385\r\nTerminalSessionId: 1\r\nIntegrityLevel: High\r\nHashes: SHA256=7CA24F26D6E3F463419EE4F537DDD3ACD312C38FE45E678CCE08572F26A8BD1A\r\nParentProcessGuid: {0f4cb63d-e303-6a49-9f46-000000006500}\r\nParentProcessId: 10528\r\nParentImage: C:\\Program Files\\WindowsApps\\PythonSoftwareFoundation.PythonManager_26.1.240.0_x64__3847v3x7pw1km\\python.exe\r\nParentCommandLine: \"C:\\Users\\Admin\\AppData\\Local\\Microsoft\\WindowsApps\\python.exe\" collectors\\sysmon.py\r\nParentUser: NYLPC0LWVEN\\Admin"
    },
    {
        "timestamp": "/Date(1783227139145)/",
        "event_id": 1,
        "event_type": "process_create",
        "host": "local_endpoint",
        "user": "NYLPC0LWVEN\\Admin",
        "image": "C:\\Program Files\\WindowsApps\\PythonSoftwareFoundation.PythonManager_26.1.240.0_x64__3847v3x7pw1km\\python.exe",
        "process_guid": "{0f4cb63d-e303-6a49-9f46-000000006500}",
        "process_id": "10528",
        "command_line": "\"C:\\Users\\Admin\\AppData\\Local\\Microsoft\\WindowsApps\\python.exe\" collectors\\sysmon.py",
        "current_directory": "C:\\Users\\Admin\\Documents\\Detection-Engineering-Lab\\",
        "parent_image": "C:\\Windows\\System32\\WindowsPowerShell\\v1.0\\powershell.exe",
        "parent_command_line": "C:\\WINDOWS\\System32\\WindowsPowerShell\\v1.0\\powershell.exe -noexit -command \"try { . \\\"c:\\Users\\Admin\\AppData\\Local\\Programs\\Microsoft VS Code\\6a49527b96\\resources\\app\\out\\vs\\workbench\\contrib\\terminal\\common\\scripts\\shellIntegration.ps1\\\" } catch {}\"",
        "integrity_level": "High",
        "hashes": "SHA256=1B2C1088E7897908189C64923CA6F10314204DF3D3563285586BEB8EE85AD5CD",
        "raw_message": "Process Create:\r\nRuleName: -\r\nUtcTime: 2026-07-05 04:52:19.134\r\nProcessGuid: {0f4cb63d-e303-6a49-9f46-000000006500}\r\nProcessId: 10528\r\nImage: C:\\Program Files\\WindowsApps\\PythonSoftwareFoundation.PythonManager_26.1.240.0_x64__3847v3x7pw1km\\python.exe\r\nFileVersion: 26.1\r\nDescription: Python Install Manager\r\nProduct: manage\r\nCompany: Python Software Foundation\r\nOriginalFileName: python.exe\r\nCommandLine: \"C:\\Users\\Admin\\AppData\\Local\\Microsoft\\WindowsApps\\python.exe\" collectors\\sysmon.py\r\nCurrentDirectory: C:\\Users\\Admin\\Documents\\Detection-Engineering-Lab\\\r\nUser: NYLPC0LWVEN\\Admin\r\nLogonGuid: {0f4cb63d-8753-6a42-8593-0a0000000000}\r\nLogonId: 0xA9385\r\nTerminalSessionId: 1\r\nIntegrityLevel: High\r\nHashes: SHA256=1B2C1088E7897908189C64923CA6F10314204DF3D3563285586BEB8EE85AD5CD\r\nParentProcessGuid: {0f4cb63d-5c2f-6a49-513c-000000006500}\r\nParentProcessId: 3948\r\nParentImage: C:\\Windows\\System32\\WindowsPowerShell\\v1.0\\powershell.exe\r\nParentCommandLine: C:\\WINDOWS\\System32\\WindowsPowerShell\\v1.0\\powershell.exe -noexit -command \"try { . \\\"c:\\Users\\Admin\\AppData\\Local\\Programs\\Microsoft VS Code\\6a49527b96\\resources\\app\\out\\vs\\workbench\\contrib\\terminal\\common\\scripts\\shellIntegration.ps1\\\" } catch {}\"\r\nParentUser: NYLPC0LWVEN\\Admin"
    },
    {
        "timestamp": "/Date(1783227139091)/",
        "event_id": 1,
        "event_type": "process_create",
        "host": "local_endpoint",
        "user": "NYLPC0LWVEN\\Admin",
        "image": "C:\\Program Files\\Git\\mingw64\\bin\\git.exe",
        "process_guid": "{0f4cb63d-e303-6a49-9e46-000000006500}",
        "process_id": "9300",
        "command_line": "git.exe worktree list --porcelain",
        "current_directory": "C:\\Users\\Admin\\Documents\\Detection-Engineering-Lab\\",
        "parent_image": "C:\\Program Files\\Git\\cmd\\git.exe",
        "parent_command_line": "git worktree list --porcelain",
        "integrity_level": "High",
        "hashes": "SHA256=FE0E064C8283DC50B1CE11A8B90D2EC1B68B5DC714FF0B8A8534BB9C43D1D02E",
        "raw_message": "Process Create:\r\nRuleName: -\r\nUtcTime: 2026-07-05 04:52:19.084\r\nProcessGuid: {0f4cb63d-e303-6a49-9e46-000000006500}\r\nProcessId: 9300\r\nImage: C:\\Program Files\\Git\\mingw64\\bin\\git.exe\r\nFileVersion: 2.49.0.windows.1\r\nDescription: Git for Windows\r\nProduct: Git\r\nCompany: The Git Development Community\r\nOriginalFileName: git.exe\r\nCommandLine: git.exe worktree list --porcelain\r\nCurrentDirectory: C:\\Users\\Admin\\Documents\\Detection-Engineering-Lab\\\r\nUser: NYLPC0LWVEN\\Admin\r\nLogonGuid: {0f4cb63d-8753-6a42-8593-0a0000000000}\r\nLogonId: 0xA9385\r\nTerminalSessionId: 1\r\nIntegrityLevel: High\r\nHashes: SHA256=FE0E064C8283DC50B1CE11A8B90D2EC1B68B5DC714FF0B8A8534BB9C43D1D02E\r\nParentProcessGuid: {0f4cb63d-e302-6a49-9c46-000000006500}\r\nParentProcessId: 25456\r\nParentImage: C:\\Program Files\\Git\\cmd\\git.exe\r\nParentCommandLine: git worktree list --porcelain\r\nParentUser: NYLPC0LWVEN\\Admin"
    },
    {
        "timestamp": "/Date(1783227138928)/",
        "event_id": 1,
        "event_type": "process_create",
        "host": "local_endpoint",
        "user": "NYLPC0LWVEN\\Admin",
        "image": "C:\\Windows\\System32\\conhost.exe",
        "process_guid": "{0f4cb63d-e302-6a49-9d46-000000006500}",
        "process_id": "25484",
        "command_line": "\\??\\C:\\WINDOWS\\system32\\conhost.exe 0xffffffff -ForceV1",
        "current_directory": "C:\\WINDOWS",
        "parent_image": "C:\\Program Files\\Git\\cmd\\git.exe",
        "parent_command_line": "git worktree list --porcelain",
        "integrity_level": "High",
        "hashes": "SHA256=B02EE54FB2EC69673386D41119EE8ED083A6EAB3BFCA6AA2155D20CE68EF8963",
        "raw_message": "Process Create:\r\nRuleName: -\r\nUtcTime: 2026-07-05 04:52:18.923\r\nProcessGuid: {0f4cb63d-e302-6a49-9d46-000000006500}\r\nProcessId: 25484\r\nImage: C:\\Windows\\System32\\conhost.exe\r\nFileVersion: 10.0.19041.5198 (WinBuild.160101.0800)\r\nDescription: Console Window Host\r\nProduct: Microsoftr Windowsr Operating System\r\nCompany: Microsoft Corporation\r\nOriginalFileName: CONHOST.EXE\r\nCommandLine: \\??\\C:\\WINDOWS\\system32\\conhost.exe 0xffffffff -ForceV1\r\nCurrentDirectory: C:\\WINDOWS\r\nUser: NYLPC0LWVEN\\Admin\r\nLogonGuid: {0f4cb63d-8753-6a42-8593-0a0000000000}\r\nLogonId: 0xA9385\r\nTerminalSessionId: 1\r\nIntegrityLevel: High\r\nHashes: SHA256=B02EE54FB2EC69673386D41119EE8ED083A6EAB3BFCA6AA2155D20CE68EF8963\r\nParentProcessGuid: {0f4cb63d-e302-6a49-9c46-000000006500}\r\nParentProcessId: 25456\r\nParentImage: C:\\Program Files\\Git\\cmd\\git.exe\r\nParentCommandLine: git worktree list --porcelain\r\nParentUser: NYLPC0LWVEN\\Admin"
    },
    {
        "timestamp": "/Date(1783227138911)/",
        "event_id": 1,
        "event_type": "process_create",
        "host": "local_endpoint",
        "user": "NYLPC0LWVEN\\Admin",
        "image": "C:\\Program Files\\Git\\cmd\\git.exe",
        "process_guid": "{0f4cb63d-e302-6a49-9c46-000000006500}",
        "process_id": "25456",
        "command_line": "git worktree list --porcelain",
        "current_directory": "C:\\Users\\Admin\\Documents\\Detection-Engineering-Lab\\",
        "parent_image": "C:\\Users\\Admin\\AppData\\Local\\Programs\\Microsoft VS Code\\Code.exe",
        "parent_command_line": "\"C:\\Users\\Admin\\AppData\\Local\\Programs\\Microsoft VS Code\\Code.exe\" --type=utility --utility-sub-type=node.mojom.NodeService --lang=en-US --service-sandbox-type=none --dns-result-order=ipv4first --experimental-network-inspection --inspect-port=0 --video-capture-use-gpu-memory-buffer --user-data-dir=\"C:\\Users\\Admin\\AppData\\Roaming\\Code\" --standard-schemes=vscode-webview,vscode-file --enable-sandbox --secure-schemes=vscode-webview,vscode-file --cors-schemes=vscode-webview,vscode-file --fetch-schemes=vscode-webview,vscode-file --service-worker-schemes=vscode-webview --code-cache-schemes=vscode-webview,vscode-file --field-trial-handle=1872,i,11658720543533691094,16837983864148106908,262144 --enable-features=DocumentPolicyIncludeJSCallStacksInCrashReports,EarlyEstablishGpuChannel,EnableTransparentHwndEnlargement,EstablishGpuChannelAsync --disable-features=CalculateNativeWinOcclusion,LocalNetworkAccessChecks,ScreenAIOCREnabled,SpareRendererForSitePerProcess,TraceSiteInstanceGetProcessCreation --variations-seed-version --trace-process-track-uuid=3190708992871164437 --mojo-platform-channel-handle=4368 /prefetch:8",
        "integrity_level": "High",
        "hashes": "SHA256=FEC691D80FCCC35FCC309FBC9F720536C1D795B8A562EC169F28C9923DA9600F",
        "raw_message": "Process Create:\r\nRuleName: -\r\nUtcTime: 2026-07-05 04:52:18.891\r\nProcessGuid: {0f4cb63d-e302-6a49-9c46-000000006500}\r\nProcessId: 25456\r\nImage: C:\\Program Files\\Git\\cmd\\git.exe\r\nFileVersion: 2.49.0.windows.1\r\nDescription: Git for Windows\r\nProduct: Git\r\nCompany: The Git Development Community\r\nOriginalFileName: git.exe\r\nCommandLine: git worktree list --porcelain\r\nCurrentDirectory: C:\\Users\\Admin\\Documents\\Detection-Engineering-Lab\\\r\nUser: NYLPC0LWVEN\\Admin\r\nLogonGuid: {0f4cb63d-8753-6a42-8593-0a0000000000}\r\nLogonId: 0xA9385\r\nTerminalSessionId: 1\r\nIntegrityLevel: High\r\nHashes: SHA256=FEC691D80FCCC35FCC309FBC9F720536C1D795B8A562EC169F28C9923DA9600F\r\nParentProcessGuid: {0f4cb63d-0b23-6a48-831f-000000006500}\r\nParentProcessId: 11868\r\nParentImage: C:\\Users\\Admin\\AppData\\Local\\Programs\\Microsoft VS Code\\Code.exe\r\nParentCommandLine: \"C:\\Users\\Admin\\AppData\\Local\\Programs\\Microsoft VS Code\\Code.exe\" --type=utility --utility-sub-type=node.mojom.NodeService --lang=en-US --service-sandbox-type=none --dns-result-order=ipv4first --experimental-network-inspection --inspect-port=0 --video-capture-use-gpu-memory-buffer --user-data-dir=\"C:\\Users\\Admin\\AppData\\Roaming\\Code\" --standard-schemes=vscode-webview,vscode-file --enable-sandbox --secure-schemes=vscode-webview,vscode-file --cors-schemes=vscode-webview,vscode-file --fetch-schemes=vscode-webview,vscode-file --service-worker-schemes=vscode-webview --code-cache-schemes=vscode-webview,vscode-file --field-trial-handle=1872,i,11658720543533691094,16837983864148106908,262144 --enable-features=DocumentPolicyIncludeJSCallStacksInCrashReports,EarlyEstablishGpuChannel,EnableTransparentHwndEnlargement,EstablishGpuChannelAsync --disable-features=CalculateNativeWinOcclusion,LocalNetworkAccessChecks,ScreenAIOCREnabled,SpareRendererForSitePerProcess,TraceSiteInstanceGetProcessCreation --variations-seed-version --trace-process-track-uuid=3190708992871164437 --mojo-platform-channel-handle=4368 /prefetch:8\r\nParentUser: NYLPC0LWVEN\\Admin"
    },
    {
        "timestamp": "/Date(1783227137307)/",
        "event_id": 1,
        "event_type": "process_create",
        "host": "local_endpoint",
        "user": "NYLPC0LWVEN\\Admin",
        "image": "C:\\Program Files\\Git\\mingw64\\bin\\git.exe",
        "process_guid": "{0f4cb63d-e301-6a49-9b46-000000006500}",
        "process_id": "18596",
        "command_line": "git.exe worktree list --porcelain",
        "current_directory": "C:\\Users\\Admin\\Documents\\Detection-Engineering-Lab\\",
        "parent_image": "C:\\Program Files\\Git\\cmd\\git.exe",
        "parent_command_line": "git worktree list --porcelain",
        "integrity_level": "High",
        "hashes": "SHA256=FE0E064C8283DC50B1CE11A8B90D2EC1B68B5DC714FF0B8A8534BB9C43D1D02E",
        "raw_message": "Process Create:\r\nRuleName: -\r\nUtcTime: 2026-07-05 04:52:17.303\r\nProcessGuid: {0f4cb63d-e301-6a49-9b46-000000006500}\r\nProcessId: 18596\r\nImage: C:\\Program Files\\Git\\mingw64\\bin\\git.exe\r\nFileVersion: 2.49.0.windows.1\r\nDescription: Git for Windows\r\nProduct: Git\r\nCompany: The Git Development Community\r\nOriginalFileName: git.exe\r\nCommandLine: git.exe worktree list --porcelain\r\nCurrentDirectory: C:\\Users\\Admin\\Documents\\Detection-Engineering-Lab\\\r\nUser: NYLPC0LWVEN\\Admin\r\nLogonGuid: {0f4cb63d-8753-6a42-8593-0a0000000000}\r\nLogonId: 0xA9385\r\nTerminalSessionId: 1\r\nIntegrityLevel: High\r\nHashes: SHA256=FE0E064C8283DC50B1CE11A8B90D2EC1B68B5DC714FF0B8A8534BB9C43D1D02E\r\nParentProcessGuid: {0f4cb63d-e301-6a49-9946-000000006500}\r\nParentProcessId: 18888\r\nParentImage: C:\\Program Files\\Git\\cmd\\git.exe\r\nParentCommandLine: git worktree list --porcelain\r\nParentUser: NYLPC0LWVEN\\Admin"
    },
    {
        "timestamp": "/Date(1783227137218)/",
        "event_id": 1,
        "event_type": "process_create",
        "host": "local_endpoint",
        "user": "NYLPC0LWVEN\\Admin",
        "image": "C:\\Windows\\System32\\conhost.exe",
        "process_guid": "{0f4cb63d-e301-6a49-9a46-000000006500}",
        "process_id": "4292",
        "command_line": "\\??\\C:\\WINDOWS\\system32\\conhost.exe 0xffffffff -ForceV1",
        "current_directory": "C:\\WINDOWS",
        "parent_image": "C:\\Program Files\\Git\\cmd\\git.exe",
        "parent_command_line": "git worktree list --porcelain",
        "integrity_level": "High",
        "hashes": "SHA256=B02EE54FB2EC69673386D41119EE8ED083A6EAB3BFCA6AA2155D20CE68EF8963",
        "raw_message": "Process Create:\r\nRuleName: -\r\nUtcTime: 2026-07-05 04:52:17.212\r\nProcessGuid: {0f4cb63d-e301-6a49-9a46-000000006500}\r\nProcessId: 4292\r\nImage: C:\\Windows\\System32\\conhost.exe\r\nFileVersion: 10.0.19041.5198 (WinBuild.160101.0800)\r\nDescription: Console Window Host\r\nProduct: Microsoftr Windowsr Operating System\r\nCompany: Microsoft Corporation\r\nOriginalFileName: CONHOST.EXE\r\nCommandLine: \\??\\C:\\WINDOWS\\system32\\conhost.exe 0xffffffff -ForceV1\r\nCurrentDirectory: C:\\WINDOWS\r\nUser: NYLPC0LWVEN\\Admin\r\nLogonGuid: {0f4cb63d-8753-6a42-8593-0a0000000000}\r\nLogonId: 0xA9385\r\nTerminalSessionId: 1\r\nIntegrityLevel: High\r\nHashes: SHA256=B02EE54FB2EC69673386D41119EE8ED083A6EAB3BFCA6AA2155D20CE68EF8963\r\nParentProcessGuid: {0f4cb63d-e301-6a49-9946-000000006500}\r\nParentProcessId: 18888\r\nParentImage: C:\\Program Files\\Git\\cmd\\git.exe\r\nParentCommandLine: git worktree list --porcelain\r\nParentUser: NYLPC0LWVEN\\Admin"
    },
    {
        "timestamp": "/Date(1783227137205)/",
        "event_id": 1,
        "event_type": "process_create",
        "host": "local_endpoint",
        "user": "NYLPC0LWVEN\\Admin",
        "image": "C:\\Program Files\\Git\\cmd\\git.exe",
        "process_guid": "{0f4cb63d-e301-6a49-9946-000000006500}",
        "process_id": "18888",
        "command_line": "git worktree list --porcelain",
        "current_directory": "C:\\Users\\Admin\\Documents\\Detection-Engineering-Lab\\",
        "parent_image": "C:\\Users\\Admin\\AppData\\Local\\Programs\\Microsoft VS Code\\Code.exe",
        "parent_command_line": "\"C:\\Users\\Admin\\AppData\\Local\\Programs\\Microsoft VS Code\\Code.exe\" --type=utility --utility-sub-type=node.mojom.NodeService --lang=en-US --service-sandbox-type=none --dns-result-order=ipv4first --experimental-network-inspection --inspect-port=0 --video-capture-use-gpu-memory-buffer --user-data-dir=\"C:\\Users\\Admin\\AppData\\Roaming\\Code\" --standard-schemes=vscode-webview,vscode-file --enable-sandbox --secure-schemes=vscode-webview,vscode-file --cors-schemes=vscode-webview,vscode-file --fetch-schemes=vscode-webview,vscode-file --service-worker-schemes=vscode-webview --code-cache-schemes=vscode-webview,vscode-file --field-trial-handle=1872,i,11658720543533691094,16837983864148106908,262144 --enable-features=DocumentPolicyIncludeJSCallStacksInCrashReports,EarlyEstablishGpuChannel,EnableTransparentHwndEnlargement,EstablishGpuChannelAsync --disable-features=CalculateNativeWinOcclusion,LocalNetworkAccessChecks,ScreenAIOCREnabled,SpareRendererForSitePerProcess,TraceSiteInstanceGetProcessCreation --variations-seed-version --trace-process-track-uuid=3190708992871164437 --mojo-platform-channel-handle=4368 /prefetch:8",
        "integrity_level": "High",
        "hashes": "SHA256=FEC691D80FCCC35FCC309FBC9F720536C1D795B8A562EC169F28C9923DA9600F",
        "raw_message": "Process Create:\r\nRuleName: -\r\nUtcTime: 2026-07-05 04:52:17.193\r\nProcessGuid: {0f4cb63d-e301-6a49-9946-000000006500}\r\nProcessId: 18888\r\nImage: C:\\Program Files\\Git\\cmd\\git.exe\r\nFileVersion: 2.49.0.windows.1\r\nDescription: Git for Windows\r\nProduct: Git\r\nCompany: The Git Development Community\r\nOriginalFileName: git.exe\r\nCommandLine: git worktree list --porcelain\r\nCurrentDirectory: C:\\Users\\Admin\\Documents\\Detection-Engineering-Lab\\\r\nUser: NYLPC0LWVEN\\Admin\r\nLogonGuid: {0f4cb63d-8753-6a42-8593-0a0000000000}\r\nLogonId: 0xA9385\r\nTerminalSessionId: 1\r\nIntegrityLevel: High\r\nHashes: SHA256=FEC691D80FCCC35FCC309FBC9F720536C1D795B8A562EC169F28C9923DA9600F\r\nParentProcessGuid: {0f4cb63d-0b23-6a48-831f-000000006500}\r\nParentProcessId: 11868\r\nParentImage: C:\\Users\\Admin\\AppData\\Local\\Programs\\Microsoft VS Code\\Code.exe\r\nParentCommandLine: \"C:\\Users\\Admin\\AppData\\Local\\Programs\\Microsoft VS Code\\Code.exe\" --type=utility --utility-sub-type=node.mojom.NodeService --lang=en-US --service-sandbox-type=none --dns-result-order=ipv4first --experimental-network-inspection --inspect-port=0 --video-capture-use-gpu-memory-buffer --user-data-dir=\"C:\\Users\\Admin\\AppData\\Roaming\\Code\" --standard-schemes=vscode-webview,vscode-file --enable-sandbox --secure-schemes=vscode-webview,vscode-file --cors-schemes=vscode-webview,vscode-file --fetch-schemes=vscode-webview,vscode-file --service-worker-schemes=vscode-webview --code-cache-schemes=vscode-webview,vscode-file --field-trial-handle=1872,i,11658720543533691094,16837983864148106908,262144 --enable-features=DocumentPolicyIncludeJSCallStacksInCrashReports,EarlyEstablishGpuChannel,EnableTransparentHwndEnlargement,EstablishGpuChannelAsync --disable-features=CalculateNativeWinOcclusion,LocalNetworkAccessChecks,ScreenAIOCREnabled,SpareRendererForSitePerProcess,TraceSiteInstanceGetProcessCreation --variations-seed-version --trace-process-track-uuid=3190708992871164437 --mojo-platform-channel-handle=4368 /prefetch:8\r\nParentUser: NYLPC0LWVEN\\Admin"
    },
    {
        "timestamp": "/Date(1783227132083)/",
        "event_id": 1,
        "event_type": "process_create",
        "host": "local_endpoint",
        "user": "NYLPC0LWVEN\\Admin",
        "image": "C:\\Program Files\\Git\\mingw64\\bin\\git.exe",
        "process_guid": "{0f4cb63d-e2fc-6a49-9846-000000006500}",
        "process_id": "5504",
        "command_line": "git.exe check-ignore -v -z --stdin",
        "current_directory": "C:\\Users\\Admin\\Documents\\Detection-Engineering-Lab\\",
        "parent_image": "C:\\Program Files\\Git\\cmd\\git.exe",
        "parent_command_line": "\"C:\\Program Files\\Git\\cmd\\git.exe\" check-ignore -v -z --stdin",
        "integrity_level": "High",
        "hashes": "SHA256=FE0E064C8283DC50B1CE11A8B90D2EC1B68B5DC714FF0B8A8534BB9C43D1D02E",
        "raw_message": "Process Create:\r\nRuleName: -\r\nUtcTime: 2026-07-05 04:52:12.078\r\nProcessGuid: {0f4cb63d-e2fc-6a49-9846-000000006500}\r\nProcessId: 5504\r\nImage: C:\\Program Files\\Git\\mingw64\\bin\\git.exe\r\nFileVersion: 2.49.0.windows.1\r\nDescription: Git for Windows\r\nProduct: Git\r\nCompany: The Git Development Community\r\nOriginalFileName: git.exe\r\nCommandLine: git.exe check-ignore -v -z --stdin\r\nCurrentDirectory: C:\\Users\\Admin\\Documents\\Detection-Engineering-Lab\\\r\nUser: NYLPC0LWVEN\\Admin\r\nLogonGuid: {0f4cb63d-8753-6a42-8593-0a0000000000}\r\nLogonId: 0xA9385\r\nTerminalSessionId: 1\r\nIntegrityLevel: High\r\nHashes: SHA256=FE0E064C8283DC50B1CE11A8B90D2EC1B68B5DC714FF0B8A8534BB9C43D1D02E\r\nParentProcessGuid: {0f4cb63d-e2fb-6a49-9646-000000006500}\r\nParentProcessId: 744\r\nParentImage: C:\\Program Files\\Git\\cmd\\git.exe\r\nParentCommandLine: \"C:\\Program Files\\Git\\cmd\\git.exe\" check-ignore -v -z --stdin\r\nParentUser: NYLPC0LWVEN\\Admin"
    },
    {
        "timestamp": "/Date(1783227131979)/",
        "event_id": 1,
        "event_type": "process_create",
        "host": "local_endpoint",
        "user": "NYLPC0LWVEN\\Admin",
        "image": "C:\\Windows\\System32\\conhost.exe",
        "process_guid": "{0f4cb63d-e2fb-6a49-9746-000000006500}",
        "process_id": "10624",
        "command_line": "\\??\\C:\\WINDOWS\\system32\\conhost.exe 0xffffffff -ForceV1",
        "current_directory": "C:\\WINDOWS",
        "parent_image": "C:\\Program Files\\Git\\cmd\\git.exe",
        "parent_command_line": "\"C:\\Program Files\\Git\\cmd\\git.exe\" check-ignore -v -z --stdin",
        "integrity_level": "High",
        "hashes": "SHA256=B02EE54FB2EC69673386D41119EE8ED083A6EAB3BFCA6AA2155D20CE68EF8963",
        "raw_message": "Process Create:\r\nRuleName: -\r\nUtcTime: 2026-07-05 04:52:11.975\r\nProcessGuid: {0f4cb63d-e2fb-6a49-9746-000000006500}\r\nProcessId: 10624\r\nImage: C:\\Windows\\System32\\conhost.exe\r\nFileVersion: 10.0.19041.5198 (WinBuild.160101.0800)\r\nDescription: Console Window Host\r\nProduct: Microsoftr Windowsr Operating System\r\nCompany: Microsoft Corporation\r\nOriginalFileName: CONHOST.EXE\r\nCommandLine: \\??\\C:\\WINDOWS\\system32\\conhost.exe 0xffffffff -ForceV1\r\nCurrentDirectory: C:\\WINDOWS\r\nUser: NYLPC0LWVEN\\Admin\r\nLogonGuid: {0f4cb63d-8753-6a42-8593-0a0000000000}\r\nLogonId: 0xA9385\r\nTerminalSessionId: 1\r\nIntegrityLevel: High\r\nHashes: SHA256=B02EE54FB2EC69673386D41119EE8ED083A6EAB3BFCA6AA2155D20CE68EF8963\r\nParentProcessGuid: {0f4cb63d-e2fb-6a49-9646-000000006500}\r\nParentProcessId: 744\r\nParentImage: C:\\Program Files\\Git\\cmd\\git.exe\r\nParentCommandLine: \"C:\\Program Files\\Git\\cmd\\git.exe\" check-ignore -v -z --stdin\r\nParentUser: NYLPC0LWVEN\\Admin"
    },
    {
        "timestamp": "/Date(1783227131968)/",
        "event_id": 1,
        "event_type": "process_create",
        "host": "local_endpoint",
        "user": "NYLPC0LWVEN\\Admin",
        "image": "C:\\Program Files\\Git\\cmd\\git.exe",
        "process_guid": "{0f4cb63d-e2fb-6a49-9646-000000006500}",
        "process_id": "744",
        "command_line": "\"C:\\Program Files\\Git\\cmd\\git.exe\" check-ignore -v -z --stdin",
        "current_directory": "C:\\Users\\Admin\\Documents\\Detection-Engineering-Lab\\",
        "parent_image": "C:\\Users\\Admin\\AppData\\Local\\Programs\\Microsoft VS Code\\Code.exe",
        "parent_command_line": "\"C:\\Users\\Admin\\AppData\\Local\\Programs\\Microsoft VS Code\\Code.exe\" --type=utility --utility-sub-type=node.mojom.NodeService --lang=en-US --service-sandbox-type=none --dns-result-order=ipv4first --experimental-network-inspection --inspect-port=0 --video-capture-use-gpu-memory-buffer --user-data-dir=\"C:\\Users\\Admin\\AppData\\Roaming\\Code\" --standard-schemes=vscode-webview,vscode-file --enable-sandbox --secure-schemes=vscode-webview,vscode-file --cors-schemes=vscode-webview,vscode-file --fetch-schemes=vscode-webview,vscode-file --service-worker-schemes=vscode-webview --code-cache-schemes=vscode-webview,vscode-file --field-trial-handle=1872,i,11658720543533691094,16837983864148106908,262144 --enable-features=DocumentPolicyIncludeJSCallStacksInCrashReports,EarlyEstablishGpuChannel,EnableTransparentHwndEnlargement,EstablishGpuChannelAsync --disable-features=CalculateNativeWinOcclusion,LocalNetworkAccessChecks,ScreenAIOCREnabled,SpareRendererForSitePerProcess,TraceSiteInstanceGetProcessCreation --variations-seed-version --trace-process-track-uuid=3190708992871164437 --mojo-platform-channel-handle=4368 /prefetch:8",
        "integrity_level": "High",
        "hashes": "SHA256=FEC691D80FCCC35FCC309FBC9F720536C1D795B8A562EC169F28C9923DA9600F",
        "raw_message": "Process Create:\r\nRuleName: -\r\nUtcTime: 2026-07-05 04:52:11.964\r\nProcessGuid: {0f4cb63d-e2fb-6a49-9646-000000006500}\r\nProcessId: 744\r\nImage: C:\\Program Files\\Git\\cmd\\git.exe\r\nFileVersion: 2.49.0.windows.1\r\nDescription: Git for Windows\r\nProduct: Git\r\nCompany: The Git Development Community\r\nOriginalFileName: git.exe\r\nCommandLine: \"C:\\Program Files\\Git\\cmd\\git.exe\" check-ignore -v -z --stdin\r\nCurrentDirectory: C:\\Users\\Admin\\Documents\\Detection-Engineering-Lab\\\r\nUser: NYLPC0LWVEN\\Admin\r\nLogonGuid: {0f4cb63d-8753-6a42-8593-0a0000000000}\r\nLogonId: 0xA9385\r\nTerminalSessionId: 1\r\nIntegrityLevel: High\r\nHashes: SHA256=FEC691D80FCCC35FCC309FBC9F720536C1D795B8A562EC169F28C9923DA9600F\r\nParentProcessGuid: {0f4cb63d-0b23-6a48-831f-000000006500}\r\nParentProcessId: 11868\r\nParentImage: C:\\Users\\Admin\\AppData\\Local\\Programs\\Microsoft VS Code\\Code.exe\r\nParentCommandLine: \"C:\\Users\\Admin\\AppData\\Local\\Programs\\Microsoft VS Code\\Code.exe\" --type=utility --utility-sub-type=node.mojom.NodeService --lang=en-US --service-sandbox-type=none --dns-result-order=ipv4first --experimental-network-inspection --inspect-port=0 --video-capture-use-gpu-memory-buffer --user-data-dir=\"C:\\Users\\Admin\\AppData\\Roaming\\Code\" --standard-schemes=vscode-webview,vscode-file --enable-sandbox --secure-schemes=vscode-webview,vscode-file --cors-schemes=vscode-webview,vscode-file --fetch-schemes=vscode-webview,vscode-file --service-worker-schemes=vscode-webview --code-cache-schemes=vscode-webview,vscode-file --field-trial-handle=1872,i,11658720543533691094,16837983864148106908,262144 --enable-features=DocumentPolicyIncludeJSCallStacksInCrashReports,EarlyEstablishGpuChannel,EnableTransparentHwndEnlargement,EstablishGpuChannelAsync --disable-features=CalculateNativeWinOcclusion,LocalNetworkAccessChecks,ScreenAIOCREnabled,SpareRendererForSitePerProcess,TraceSiteInstanceGetProcessCreation --variations-seed-version --trace-process-track-uuid=3190708992871164437 --mojo-platform-channel-handle=4368 /prefetch:8\r\nParentUser: NYLPC0LWVEN\\Admin"
    },
    {
        "timestamp": "/Date(1783227131533)/",
        "event_id": 1,
        "event_type": "process_create",
        "host": "local_endpoint",
        "user": "NYLPC0LWVEN\\Admin",
        "image": "C:\\Program Files\\Git\\mingw64\\bin\\git.exe",
        "process_guid": "{0f4cb63d-e2fb-6a49-9546-000000006500}",
        "process_id": "3016",
        "command_line": "git.exe for-each-ref --sort -committerdate --format %%(refname)The operation completed successfully.%%(objectname)The operation completed successfully.%%(*objectname)",
        "current_directory": "C:\\Users\\Admin\\Documents\\Detection-Engineering-Lab\\",
        "parent_image": "C:\\Program Files\\Git\\cmd\\git.exe",
        "parent_command_line": "\"C:\\Program Files\\Git\\cmd\\git.exe\" for-each-ref --sort -committerdate --format %(refname)%00%(objectname)%00%(*objectname)",
        "integrity_level": "High",
        "hashes": "SHA256=FE0E064C8283DC50B1CE11A8B90D2EC1B68B5DC714FF0B8A8534BB9C43D1D02E",
        "raw_message": "Process Create:\r\nRuleName: -\r\nUtcTime: 2026-07-05 04:52:11.529\r\nProcessGuid: {0f4cb63d-e2fb-6a49-9546-000000006500}\r\nProcessId: 3016\r\nImage: C:\\Program Files\\Git\\mingw64\\bin\\git.exe\r\nFileVersion: 2.49.0.windows.1\r\nDescription: Git for Windows\r\nProduct: Git\r\nCompany: The Git Development Community\r\nOriginalFileName: git.exe\r\nCommandLine: git.exe for-each-ref --sort -committerdate --format %%(refname)The operation completed successfully.%%(objectname)The operation completed successfully.%%(*objectname)\r\nCurrentDirectory: C:\\Users\\Admin\\Documents\\Detection-Engineering-Lab\\\r\nUser: NYLPC0LWVEN\\Admin\r\nLogonGuid: {0f4cb63d-8753-6a42-8593-0a0000000000}\r\nLogonId: 0xA9385\r\nTerminalSessionId: 1\r\nIntegrityLevel: High\r\nHashes: SHA256=FE0E064C8283DC50B1CE11A8B90D2EC1B68B5DC714FF0B8A8534BB9C43D1D02E\r\nParentProcessGuid: {0f4cb63d-e2fb-6a49-9146-000000006500}\r\nParentProcessId: 9812\r\nParentImage: C:\\Program Files\\Git\\cmd\\git.exe\r\nParentCommandLine: \"C:\\Program Files\\Git\\cmd\\git.exe\" for-each-ref --sort -committerdate --format %(refname)%00%(objectname)%00%(*objectname)\r\nParentUser: NYLPC0LWVEN\\Admin"
    },
    {
        "timestamp": "/Date(1783227131527)/",
        "event_id": 1,
        "event_type": "process_create",
        "host": "local_endpoint",
        "user": "NYLPC0LWVEN\\Admin",
        "image": "C:\\Program Files\\Git\\mingw64\\bin\\git.exe",
        "process_guid": "{0f4cb63d-e2fb-6a49-9446-000000006500}",
        "process_id": "24900",
        "command_line": "git.exe status -z -uall",
        "current_directory": "C:\\Users\\Admin\\Documents\\Detection-Engineering-Lab\\",
        "parent_image": "C:\\Program Files\\Git\\cmd\\git.exe",
        "parent_command_line": "\"C:\\Program Files\\Git\\cmd\\git.exe\" status -z -uall",
        "integrity_level": "High",
        "hashes": "SHA256=FE0E064C8283DC50B1CE11A8B90D2EC1B68B5DC714FF0B8A8534BB9C43D1D02E",
        "raw_message": "Process Create:\r\nRuleName: -\r\nUtcTime: 2026-07-05 04:52:11.517\r\nProcessGuid: {0f4cb63d-e2fb-6a49-9446-000000006500}\r\nProcessId: 24900\r\nImage: C:\\Program Files\\Git\\mingw64\\bin\\git.exe\r\nFileVersion: 2.49.0.windows.1\r\nDescription: Git for Windows\r\nProduct: Git\r\nCompany: The Git Development Community\r\nOriginalFileName: git.exe\r\nCommandLine: git.exe status -z -uall\r\nCurrentDirectory: C:\\Users\\Admin\\Documents\\Detection-Engineering-Lab\\\r\nUser: NYLPC0LWVEN\\Admin\r\nLogonGuid: {0f4cb63d-8753-6a42-8593-0a0000000000}\r\nLogonId: 0xA9385\r\nTerminalSessionId: 1\r\nIntegrityLevel: High\r\nHashes: SHA256=FE0E064C8283DC50B1CE11A8B90D2EC1B68B5DC714FF0B8A8534BB9C43D1D02E\r\nParentProcessGuid: {0f4cb63d-e2fb-6a49-9046-000000006500}\r\nParentProcessId: 8852\r\nParentImage: C:\\Program Files\\Git\\cmd\\git.exe\r\nParentCommandLine: \"C:\\Program Files\\Git\\cmd\\git.exe\" status -z -uall\r\nParentUser: NYLPC0LWVEN\\Admin"
    },
    {
        "timestamp": "/Date(1783227131457)/",
        "event_id": 1,
        "event_type": "process_create",
        "host": "local_endpoint",
        "user": "NYLPC0LWVEN\\Admin",
        "image": "C:\\Windows\\System32\\conhost.exe",
        "process_guid": "{0f4cb63d-e2fb-6a49-9346-000000006500}",
        "process_id": "1908",
        "command_line": "\\??\\C:\\WINDOWS\\system32\\conhost.exe 0xffffffff -ForceV1",
        "current_directory": "C:\\WINDOWS",
        "parent_image": "C:\\Program Files\\Git\\cmd\\git.exe",
        "parent_command_line": "\"C:\\Program Files\\Git\\cmd\\git.exe\" for-each-ref --sort -committerdate --format %(refname)%00%(objectname)%00%(*objectname)",
        "integrity_level": "High",
        "hashes": "SHA256=B02EE54FB2EC69673386D41119EE8ED083A6EAB3BFCA6AA2155D20CE68EF8963",
        "raw_message": "Process Create:\r\nRuleName: -\r\nUtcTime: 2026-07-05 04:52:11.448\r\nProcessGuid: {0f4cb63d-e2fb-6a49-9346-000000006500}\r\nProcessId: 1908\r\nImage: C:\\Windows\\System32\\conhost.exe\r\nFileVersion: 10.0.19041.5198 (WinBuild.160101.0800)\r\nDescription: Console Window Host\r\nProduct: Microsoftr Windowsr Operating System\r\nCompany: Microsoft Corporation\r\nOriginalFileName: CONHOST.EXE\r\nCommandLine: \\??\\C:\\WINDOWS\\system32\\conhost.exe 0xffffffff -ForceV1\r\nCurrentDirectory: C:\\WINDOWS\r\nUser: NYLPC0LWVEN\\Admin\r\nLogonGuid: {0f4cb63d-8753-6a42-8593-0a0000000000}\r\nLogonId: 0xA9385\r\nTerminalSessionId: 1\r\nIntegrityLevel: High\r\nHashes: SHA256=B02EE54FB2EC69673386D41119EE8ED083A6EAB3BFCA6AA2155D20CE68EF8963\r\nParentProcessGuid: {0f4cb63d-e2fb-6a49-9146-000000006500}\r\nParentProcessId: 9812\r\nParentImage: C:\\Program Files\\Git\\cmd\\git.exe\r\nParentCommandLine: \"C:\\Program Files\\Git\\cmd\\git.exe\" for-each-ref --sort -committerdate --format %(refname)%00%(objectname)%00%(*objectname)\r\nParentUser: NYLPC0LWVEN\\Admin"
    },
    {
        "timestamp": "/Date(1783227131442)/",
        "event_id": 1,
        "event_type": "process_create",
        "host": "local_endpoint",
        "user": "NYLPC0LWVEN\\Admin",
        "image": "C:\\Windows\\System32\\conhost.exe",
        "process_guid": "{0f4cb63d-e2fb-6a49-9246-000000006500}",
        "process_id": "22408",
        "command_line": "\\??\\C:\\WINDOWS\\system32\\conhost.exe 0xffffffff -ForceV1",
        "current_directory": "C:\\WINDOWS",
        "parent_image": "C:\\Program Files\\Git\\cmd\\git.exe",
        "parent_command_line": "\"C:\\Program Files\\Git\\cmd\\git.exe\" status -z -uall",
        "integrity_level": "High",
        "hashes": "SHA256=B02EE54FB2EC69673386D41119EE8ED083A6EAB3BFCA6AA2155D20CE68EF8963",
        "raw_message": "Process Create:\r\nRuleName: -\r\nUtcTime: 2026-07-05 04:52:11.434\r\nProcessGuid: {0f4cb63d-e2fb-6a49-9246-000000006500}\r\nProcessId: 22408\r\nImage: C:\\Windows\\System32\\conhost.exe\r\nFileVersion: 10.0.19041.5198 (WinBuild.160101.0800)\r\nDescription: Console Window Host\r\nProduct: Microsoftr Windowsr Operating System\r\nCompany: Microsoft Corporation\r\nOriginalFileName: CONHOST.EXE\r\nCommandLine: \\??\\C:\\WINDOWS\\system32\\conhost.exe 0xffffffff -ForceV1\r\nCurrentDirectory: C:\\WINDOWS\r\nUser: NYLPC0LWVEN\\Admin\r\nLogonGuid: {0f4cb63d-8753-6a42-8593-0a0000000000}\r\nLogonId: 0xA9385\r\nTerminalSessionId: 1\r\nIntegrityLevel: High\r\nHashes: SHA256=B02EE54FB2EC69673386D41119EE8ED083A6EAB3BFCA6AA2155D20CE68EF8963\r\nParentProcessGuid: {0f4cb63d-e2fb-6a49-9046-000000006500}\r\nParentProcessId: 8852\r\nParentImage: C:\\Program Files\\Git\\cmd\\git.exe\r\nParentCommandLine: \"C:\\Program Files\\Git\\cmd\\git.exe\" status -z -uall\r\nParentUser: NYLPC0LWVEN\\Admin"
    },
    {
        "timestamp": "/Date(1783227131438)/",
        "event_id": 1,
        "event_type": "process_create",
        "host": "local_endpoint",
        "user": "NYLPC0LWVEN\\Admin",
        "image": "C:\\Program Files\\Git\\cmd\\git.exe",
        "process_guid": "{0f4cb63d-e2fb-6a49-9146-000000006500}",
        "process_id": "9812",
        "command_line": "\"C:\\Program Files\\Git\\cmd\\git.exe\" for-each-ref --sort -committerdate --format %%(refname)The operation completed successfully.%%(objectname)The operation completed successfully.%%(*objectname)",
        "current_directory": "C:\\Users\\Admin\\Documents\\Detection-Engineering-Lab\\",
        "parent_image": "C:\\Users\\Admin\\AppData\\Local\\Programs\\Microsoft VS Code\\Code.exe",
        "parent_command_line": "\"C:\\Users\\Admin\\AppData\\Local\\Programs\\Microsoft VS Code\\Code.exe\" --type=utility --utility-sub-type=node.mojom.NodeService --lang=en-US --service-sandbox-type=none --dns-result-order=ipv4first --experimental-network-inspection --inspect-port=0 --video-capture-use-gpu-memory-buffer --user-data-dir=\"C:\\Users\\Admin\\AppData\\Roaming\\Code\" --standard-schemes=vscode-webview,vscode-file --enable-sandbox --secure-schemes=vscode-webview,vscode-file --cors-schemes=vscode-webview,vscode-file --fetch-schemes=vscode-webview,vscode-file --service-worker-schemes=vscode-webview --code-cache-schemes=vscode-webview,vscode-file --field-trial-handle=1872,i,11658720543533691094,16837983864148106908,262144 --enable-features=DocumentPolicyIncludeJSCallStacksInCrashReports,EarlyEstablishGpuChannel,EnableTransparentHwndEnlargement,EstablishGpuChannelAsync --disable-features=CalculateNativeWinOcclusion,LocalNetworkAccessChecks,ScreenAIOCREnabled,SpareRendererForSitePerProcess,TraceSiteInstanceGetProcessCreation --variations-seed-version --trace-process-track-uuid=3190708992871164437 --mojo-platform-channel-handle=4368 /prefetch:8",
        "integrity_level": "High",
        "hashes": "SHA256=FEC691D80FCCC35FCC309FBC9F720536C1D795B8A562EC169F28C9923DA9600F",
        "raw_message": "Process Create:\r\nRuleName: -\r\nUtcTime: 2026-07-05 04:52:11.433\r\nProcessGuid: {0f4cb63d-e2fb-6a49-9146-000000006500}\r\nProcessId: 9812\r\nImage: C:\\Program Files\\Git\\cmd\\git.exe\r\nFileVersion: 2.49.0.windows.1\r\nDescription: Git for Windows\r\nProduct: Git\r\nCompany: The Git Development Community\r\nOriginalFileName: git.exe\r\nCommandLine: \"C:\\Program Files\\Git\\cmd\\git.exe\" for-each-ref --sort -committerdate --format %%(refname)The operation completed successfully.%%(objectname)The operation completed successfully.%%(*objectname)\r\nCurrentDirectory: C:\\Users\\Admin\\Documents\\Detection-Engineering-Lab\\\r\nUser: NYLPC0LWVEN\\Admin\r\nLogonGuid: {0f4cb63d-8753-6a42-8593-0a0000000000}\r\nLogonId: 0xA9385\r\nTerminalSessionId: 1\r\nIntegrityLevel: High\r\nHashes: SHA256=FEC691D80FCCC35FCC309FBC9F720536C1D795B8A562EC169F28C9923DA9600F\r\nParentProcessGuid: {0f4cb63d-0b23-6a48-831f-000000006500}\r\nParentProcessId: 11868\r\nParentImage: C:\\Users\\Admin\\AppData\\Local\\Programs\\Microsoft VS Code\\Code.exe\r\nParentCommandLine: \"C:\\Users\\Admin\\AppData\\Local\\Programs\\Microsoft VS Code\\Code.exe\" --type=utility --utility-sub-type=node.mojom.NodeService --lang=en-US --service-sandbox-type=none --dns-result-order=ipv4first --experimental-network-inspection --inspect-port=0 --video-capture-use-gpu-memory-buffer --user-data-dir=\"C:\\Users\\Admin\\AppData\\Roaming\\Code\" --standard-schemes=vscode-webview,vscode-file --enable-sandbox --secure-schemes=vscode-webview,vscode-file --cors-schemes=vscode-webview,vscode-file --fetch-schemes=vscode-webview,vscode-file --service-worker-schemes=vscode-webview --code-cache-schemes=vscode-webview,vscode-file --field-trial-handle=1872,i,11658720543533691094,16837983864148106908,262144 --enable-features=DocumentPolicyIncludeJSCallStacksInCrashReports,EarlyEstablishGpuChannel,EnableTransparentHwndEnlargement,EstablishGpuChannelAsync --disable-features=CalculateNativeWinOcclusion,LocalNetworkAccessChecks,ScreenAIOCREnabled,SpareRendererForSitePerProcess,TraceSiteInstanceGetProcessCreation --variations-seed-version --trace-process-track-uuid=3190708992871164437 --mojo-platform-channel-handle=4368 /prefetch:8\r\nParentUser: NYLPC0LWVEN\\Admin"
    },
    {
        "timestamp": "/Date(1783227131430)/",
        "event_id": 1,
        "event_type": "process_create",
        "host": "local_endpoint",
        "user": "NYLPC0LWVEN\\Admin",
        "image": "C:\\Program Files\\Git\\cmd\\git.exe",
        "process_guid": "{0f4cb63d-e2fb-6a49-9046-000000006500}",
        "process_id": "8852",
        "command_line": "\"C:\\Program Files\\Git\\cmd\\git.exe\" status -z -uall",
        "current_directory": "C:\\Users\\Admin\\Documents\\Detection-Engineering-Lab\\",
        "parent_image": "C:\\Users\\Admin\\AppData\\Local\\Programs\\Microsoft VS Code\\Code.exe",
        "parent_command_line": "\"C:\\Users\\Admin\\AppData\\Local\\Programs\\Microsoft VS Code\\Code.exe\" --type=utility --utility-sub-type=node.mojom.NodeService --lang=en-US --service-sandbox-type=none --dns-result-order=ipv4first --experimental-network-inspection --inspect-port=0 --video-capture-use-gpu-memory-buffer --user-data-dir=\"C:\\Users\\Admin\\AppData\\Roaming\\Code\" --standard-schemes=vscode-webview,vscode-file --enable-sandbox --secure-schemes=vscode-webview,vscode-file --cors-schemes=vscode-webview,vscode-file --fetch-schemes=vscode-webview,vscode-file --service-worker-schemes=vscode-webview --code-cache-schemes=vscode-webview,vscode-file --field-trial-handle=1872,i,11658720543533691094,16837983864148106908,262144 --enable-features=DocumentPolicyIncludeJSCallStacksInCrashReports,EarlyEstablishGpuChannel,EnableTransparentHwndEnlargement,EstablishGpuChannelAsync --disable-features=CalculateNativeWinOcclusion,LocalNetworkAccessChecks,ScreenAIOCREnabled,SpareRendererForSitePerProcess,TraceSiteInstanceGetProcessCreation --variations-seed-version --trace-process-track-uuid=3190708992871164437 --mojo-platform-channel-handle=4368 /prefetch:8",
        "integrity_level": "High",
        "hashes": "SHA256=FEC691D80FCCC35FCC309FBC9F720536C1D795B8A562EC169F28C9923DA9600F",
        "raw_message": "Process Create:\r\nRuleName: -\r\nUtcTime: 2026-07-05 04:52:11.428\r\nProcessGuid: {0f4cb63d-e2fb-6a49-9046-000000006500}\r\nProcessId: 8852\r\nImage: C:\\Program Files\\Git\\cmd\\git.exe\r\nFileVersion: 2.49.0.windows.1\r\nDescription: Git for Windows\r\nProduct: Git\r\nCompany: The Git Development Community\r\nOriginalFileName: git.exe\r\nCommandLine: \"C:\\Program Files\\Git\\cmd\\git.exe\" status -z -uall\r\nCurrentDirectory: C:\\Users\\Admin\\Documents\\Detection-Engineering-Lab\\\r\nUser: NYLPC0LWVEN\\Admin\r\nLogonGuid: {0f4cb63d-8753-6a42-8593-0a0000000000}\r\nLogonId: 0xA9385\r\nTerminalSessionId: 1\r\nIntegrityLevel: High\r\nHashes: SHA256=FEC691D80FCCC35FCC309FBC9F720536C1D795B8A562EC169F28C9923DA9600F\r\nParentProcessGuid: {0f4cb63d-0b23-6a48-831f-000000006500}\r\nParentProcessId: 11868\r\nParentImage: C:\\Users\\Admin\\AppData\\Local\\Programs\\Microsoft VS Code\\Code.exe\r\nParentCommandLine: \"C:\\Users\\Admin\\AppData\\Local\\Programs\\Microsoft VS Code\\Code.exe\" --type=utility --utility-sub-type=node.mojom.NodeService --lang=en-US --service-sandbox-type=none --dns-result-order=ipv4first --experimental-network-inspection --inspect-port=0 --video-capture-use-gpu-memory-buffer --user-data-dir=\"C:\\Users\\Admin\\AppData\\Roaming\\Code\" --standard-schemes=vscode-webview,vscode-file --enable-sandbox --secure-schemes=vscode-webview,vscode-file --cors-schemes=vscode-webview,vscode-file --fetch-schemes=vscode-webview,vscode-file --service-worker-schemes=vscode-webview --code-cache-schemes=vscode-webview,vscode-file --field-trial-handle=1872,i,11658720543533691094,16837983864148106908,262144 --enable-features=DocumentPolicyIncludeJSCallStacksInCrashReports,EarlyEstablishGpuChannel,EnableTransparentHwndEnlargement,EstablishGpuChannelAsync --disable-features=CalculateNativeWinOcclusion,LocalNetworkAccessChecks,ScreenAIOCREnabled,SpareRendererForSitePerProcess,TraceSiteInstanceGetProcessCreation --variations-seed-version --trace-process-track-uuid=3190708992871164437 --mojo-platform-channel-handle=4368 /prefetch:8\r\nParentUser: NYLPC0LWVEN\\Admin"
    },
    {
        "timestamp": "/Date(1783227131350)/",
        "event_id": 1,
        "event_type": "process_create",
        "host": "local_endpoint",
        "user": "NYLPC0LWVEN\\Admin",
        "image": "C:\\Program Files\\Git\\mingw64\\bin\\git.exe",
        "process_guid": "{0f4cb63d-e2fb-6a49-8f46-000000006500}",
        "process_id": "12860",
        "command_line": "git.exe for-each-ref --format=%%(refname)The operation completed successfully.%%(upstream:short)The operation completed successfully.%%(objectname)The operation completed successfully.%%(upstream:track)The operation completed successfully.%%(upstream:remotename)The operation completed successfully.%%(upstream:remoteref) --ignore-case refs/heads/feature/sysmon-collector refs/remotes/feature/sysmon-collector",
        "current_directory": "C:\\Users\\Admin\\Documents\\Detection-Engineering-Lab\\",
        "parent_image": "C:\\Program Files\\Git\\cmd\\git.exe",
        "parent_command_line": "\"C:\\Program Files\\Git\\cmd\\git.exe\" for-each-ref --format=%(refname)%00%(upstream:short)%00%(objectname)%00%(upstream:track)%00%(upstream:remotename)%00%(upstream:remoteref) --ignore-case refs/heads/feature/sysmon-collector refs/remotes/feature/sysmon-collector",
        "integrity_level": "High",
        "hashes": "SHA256=FE0E064C8283DC50B1CE11A8B90D2EC1B68B5DC714FF0B8A8534BB9C43D1D02E",
        "raw_message": "Process Create:\r\nRuleName: -\r\nUtcTime: 2026-07-05 04:52:11.343\r\nProcessGuid: {0f4cb63d-e2fb-6a49-8f46-000000006500}\r\nProcessId: 12860\r\nImage: C:\\Program Files\\Git\\mingw64\\bin\\git.exe\r\nFileVersion: 2.49.0.windows.1\r\nDescription: Git for Windows\r\nProduct: Git\r\nCompany: The Git Development Community\r\nOriginalFileName: git.exe\r\nCommandLine: git.exe for-each-ref --format=%%(refname)The operation completed successfully.%%(upstream:short)The operation completed successfully.%%(objectname)The operation completed successfully.%%(upstream:track)The operation completed successfully.%%(upstream:remotename)The operation completed successfully.%%(upstream:remoteref) --ignore-case refs/heads/feature/sysmon-collector refs/remotes/feature/sysmon-collector\r\nCurrentDirectory: C:\\Users\\Admin\\Documents\\Detection-Engineering-Lab\\\r\nUser: NYLPC0LWVEN\\Admin\r\nLogonGuid: {0f4cb63d-8753-6a42-8593-0a0000000000}\r\nLogonId: 0xA9385\r\nTerminalSessionId: 1\r\nIntegrityLevel: High\r\nHashes: SHA256=FE0E064C8283DC50B1CE11A8B90D2EC1B68B5DC714FF0B8A8534BB9C43D1D02E\r\nParentProcessGuid: {0f4cb63d-e2fb-6a49-8b46-000000006500}\r\nParentProcessId: 18232\r\nParentImage: C:\\Program Files\\Git\\cmd\\git.exe\r\nParentCommandLine: \"C:\\Program Files\\Git\\cmd\\git.exe\" for-each-ref --format=%(refname)%00%(upstream:short)%00%(objectname)%00%(upstream:track)%00%(upstream:remotename)%00%(upstream:remoteref) --ignore-case refs/heads/feature/sysmon-collector refs/remotes/feature/sysmon-collector\r\nParentUser: NYLPC0LWVEN\\Admin"
    },
