[
    {
        "timestamp": "/Date(1783171521478)/",
        "event_id": 1,
        "provider": "Microsoft-Windows-Sysmon",
        "utc_time": "2026-07-04 13:25:21.461",
        "process_guid": "{0f4cb63d-09c1-6a49-ee35-000000006500}",
        "process_id": "19744",
        "image": "C:\\Windows\\System32\\WindowsPowerShell\\v1.0\\powershell.exe",
        "command_line": "powershell -Command \"",
        "current_directory": "C:\\Users\\Admin\\Documents\\Detection-Engineering-Lab\\",
        "user": "NYLPC0LWVEN\\Admin",
        "integrity_level": "High",
        "hashes": "SHA256=9785001B0DCF755EDDB8AF294A373C0B87B2498660F724E76C4D53F9C217C7A3",
        "parent_image": "C:\\Users\\Admin\\AppData\\Local\\Python\\pythoncore-3.14-64\\python.exe",
        "parent_process_id": "25324",
        "parent_command_line": "\"C:\\Users\\Admin\\AppData\\Local\\Python\\pythoncore-3.14-64\\python.exe\"  collectors\\sysmon.py",
        "company": "Microsoft Corporation",
        "description": "Windows PowerShell",
        "product": "Microsoftr Windowsr Operating System"
    },
    {
        "timestamp": "/Date(1783171521423)/",
        "event_id": 5,
        "provider": "Microsoft-Windows-Sysmon",
        "utc_time": "2026-07-04 13:25:21.422",
        "process_guid": "{0f4cb63d-09c1-6a49-ec35-000000006500}",
        "process_id": "23784",
        "image": "C:\\Windows\\System32\\conhost.exe",
        "command_line": "Unknown",
        "current_directory": "Unknown",
        "user": "NYLPC0LWVEN\\Admin",
        "integrity_level": "Unknown",
        "hashes": "Unknown",
        "parent_image": "Unknown",
        "parent_process_id": "Unknown",
        "parent_command_line": "Unknown",
        "company": "Unknown",
        "description": "Unknown",
        "product": "Unknown"
    },
    {
        "timestamp": "/Date(1783171521422)/",
        "event_id": 5,
        "provider": "Microsoft-Windows-Sysmon",
        "utc_time": "2026-07-04 13:25:21.421",
        "process_guid": "{0f4cb63d-09c1-6a49-eb35-000000006500}",
        "process_id": "24172",
        "image": "C:\\Program Files\\Git\\cmd\\git.exe",
        "command_line": "Unknown",
        "current_directory": "Unknown",
        "user": "NYLPC0LWVEN\\Admin",
        "integrity_level": "Unknown",
        "hashes": "Unknown",
        "parent_image": "Unknown",
        "parent_process_id": "Unknown",
        "parent_command_line": "Unknown",
        "company": "Unknown",
        "description": "Unknown",
        "product": "Unknown"
    },
    {
        "timestamp": "/Date(1783171521418)/",
        "event_id": 5,
        "provider": "Microsoft-Windows-Sysmon",
        "utc_time": "2026-07-04 13:25:21.417",
        "process_guid": "{0f4cb63d-09c1-6a49-ed35-000000006500}",
        "process_id": "14640",
        "image": "C:\\Program Files\\Git\\mingw64\\bin\\git.exe",
        "command_line": "Unknown",
        "current_directory": "Unknown",
        "user": "NYLPC0LWVEN\\Admin",
        "integrity_level": "Unknown",
        "hashes": "Unknown",
        "parent_image": "Unknown",
        "parent_process_id": "Unknown",
        "parent_command_line": "Unknown",
        "company": "Unknown",
        "description": "Unknown",
        "product": "Unknown"
    },
    {
        "timestamp": "/Date(1783171521383)/",
        "event_id": 1,
        "provider": "Microsoft-Windows-Sysmon",
        "utc_time": "2026-07-04 13:25:21.379",
        "process_guid": "{0f4cb63d-09c1-6a49-ed35-000000006500}",
        "process_id": "14640",
        "image": "C:\\Program Files\\Git\\mingw64\\bin\\git.exe",
        "command_line": "git.exe worktree list --porcelain",
        "current_directory": "C:\\Users\\Admin\\Documents\\Detection-Engineering-Lab\\",
        "user": "NYLPC0LWVEN\\Admin",
        "integrity_level": "High",
        "hashes": "SHA256=FE0E064C8283DC50B1CE11A8B90D2EC1B68B5DC714FF0B8A8534BB9C43D1D02E",
        "parent_image": "C:\\Program Files\\Git\\cmd\\git.exe",
        "parent_process_id": "24172",
        "parent_command_line": "git worktree list --porcelain",
        "company": "The Git Development Community",
        "description": "Git for Windows",
        "product": "Git"
    },
    {
        "timestamp": "/Date(1783171521333)/",
        "event_id": 1,
        "provider": "Microsoft-Windows-Sysmon",
        "utc_time": "2026-07-04 13:25:21.327",
        "process_guid": "{0f4cb63d-09c1-6a49-ec35-000000006500}",
        "process_id": "23784",
        "image": "C:\\Windows\\System32\\conhost.exe",
        "command_line": "\\??\\C:\\WINDOWS\\system32\\conhost.exe 0xffffffff -ForceV1",
        "current_directory": "C:\\WINDOWS",
        "user": "NYLPC0LWVEN\\Admin",
        "integrity_level": "High",
        "hashes": "SHA256=B02EE54FB2EC69673386D41119EE8ED083A6EAB3BFCA6AA2155D20CE68EF8963",
        "parent_image": "C:\\Program Files\\Git\\cmd\\git.exe",
        "parent_process_id": "24172",
        "parent_command_line": "git worktree list --porcelain",
        "company": "Microsoft Corporation",
        "description": "Console Window Host",
        "product": "Microsoftr Windowsr Operating System"
    },
    {
        "timestamp": "/Date(1783171521311)/",
        "event_id": 1,
        "provider": "Microsoft-Windows-Sysmon",
        "utc_time": "2026-07-04 13:25:21.307",
        "process_guid": "{0f4cb63d-09c1-6a49-eb35-000000006500}",
        "process_id": "24172",
        "image": "C:\\Program Files\\Git\\cmd\\git.exe",
        "command_line": "git worktree list --porcelain",
        "current_directory": "C:\\Users\\Admin\\Documents\\Detection-Engineering-Lab\\",
        "user": "NYLPC0LWVEN\\Admin",
        "integrity_level": "High",
        "hashes": "SHA256=FEC691D80FCCC35FCC309FBC9F720536C1D795B8A562EC169F28C9923DA9600F",
        "parent_image": "C:\\Users\\Admin\\AppData\\Local\\Programs\\Microsoft VS Code\\Code.exe",
        "parent_process_id": "11868",
        "parent_command_line": "\"C:\\Users\\Admin\\AppData\\Local\\Programs\\Microsoft VS Code\\Code.exe\" --type=utility --utility-sub-type=node.mojom.NodeService --lang=en-US --service-sandbox-type=none --dns-result-order=ipv4first --experimental-network-inspection --inspect-port=0 --video-capture-use-gpu-memory-buffer --user-data-dir=\"C:\\Users\\Admin\\AppData\\Roaming\\Code\" --standard-schemes=vscode-webview,vscode-file --enable-sandbox --secure-schemes=vscode-webview,vscode-file --cors-schemes=vscode-webview,vscode-file --fetch-schemes=vscode-webview,vscode-file --service-worker-schemes=vscode-webview --code-cache-schemes=vscode-webview,vscode-file --field-trial-handle=1872,i,11658720543533691094,16837983864148106908,262144 --enable-features=DocumentPolicyIncludeJSCallStacksInCrashReports,EarlyEstablishGpuChannel,EnableTransparentHwndEnlargement,EstablishGpuChannelAsync --disable-features=CalculateNativeWinOcclusion,LocalNetworkAccessChecks,ScreenAIOCREnabled,SpareRendererForSitePerProcess,TraceSiteInstanceGetProcessCreation --variations-seed-version --trace-process-track-uuid=3190708992871164437 --mojo-platform-channel-handle=4368 /prefetch:8",
        "company": "The Git Development Community",
        "description": "Git for Windows",
        "product": "Git"
    },
    {
        "timestamp": "/Date(1783171521306)/",
        "event_id": 1,
        "provider": "Microsoft-Windows-Sysmon",
        "utc_time": "2026-07-04 13:25:21.289",
        "process_guid": "{0f4cb63d-09c1-6a49-ea35-000000006500}",
        "process_id": "25324",
        "image": "C:\\Users\\Admin\\AppData\\Local\\Python\\pythoncore-3.14-64\\python.exe",
        "command_line": "\"C:\\Users\\Admin\\AppData\\Local\\Python\\pythoncore-3.14-64\\python.exe\"  collectors\\sysmon.py",
        "current_directory": "C:\\Users\\Admin\\Documents\\Detection-Engineering-Lab\\",
        "user": "NYLPC0LWVEN\\Admin",
        "integrity_level": "High",
        "hashes": "SHA256=7CA24F26D6E3F463419EE4F537DDD3ACD312C38FE45E678CCE08572F26A8BD1A",
        "parent_image": "C:\\Program Files\\WindowsApps\\PythonSoftwareFoundation.PythonManager_26.1.240.0_x64__3847v3x7pw1km\\python.exe",
        "parent_process_id": "9964",
        "parent_command_line": "\"C:\\Users\\Admin\\AppData\\Local\\Microsoft\\WindowsApps\\python.exe\" collectors\\sysmon.py",
        "company": "Python Software Foundation",
        "description": "Python",
        "product": "Python"
    },
    {
        "timestamp": "/Date(1783171521038)/",
        "event_id": 1,
        "provider": "Microsoft-Windows-Sysmon",
        "utc_time": "2026-07-04 13:25:21.035",
        "process_guid": "{0f4cb63d-09c1-6a49-e935-000000006500}",
        "process_id": "9964",
        "image": "C:\\Program Files\\WindowsApps\\PythonSoftwareFoundation.PythonManager_26.1.240.0_x64__3847v3x7pw1km\\python.exe",
        "command_line": "\"C:\\Users\\Admin\\AppData\\Local\\Microsoft\\WindowsApps\\python.exe\" collectors\\sysmon.py",
        "current_directory": "C:\\Users\\Admin\\Documents\\Detection-Engineering-Lab\\",
        "user": "NYLPC0LWVEN\\Admin",
        "integrity_level": "High",
        "hashes": "SHA256=1B2C1088E7897908189C64923CA6F10314204DF3D3563285586BEB8EE85AD5CD",
        "parent_image": "C:\\Windows\\System32\\WindowsPowerShell\\v1.0\\powershell.exe",
        "parent_process_id": "23268",
        "parent_command_line": "C:\\WINDOWS\\System32\\WindowsPowerShell\\v1.0\\powershell.exe -noexit -command \"try { . \\\"c:\\Users\\Admin\\AppData\\Local\\Programs\\Microsoft VS Code\\6a49527b96\\resources\\app\\out\\vs\\workbench\\contrib\\terminal\\common\\scripts\\shellIntegration.ps1\\\" } catch {}\"",
        "company": "Python Software Foundation",
        "description": "Python Install Manager",
        "product": "manage"
    },
    {
        "timestamp": "/Date(1783171519723)/",
        "event_id": 5,
        "provider": "Microsoft-Windows-Sysmon",
        "utc_time": "2026-07-04 13:25:19.723",
        "process_guid": "{0f4cb63d-09bf-6a49-e735-000000006500}",
        "process_id": "12796",
        "image": "C:\\Windows\\System32\\conhost.exe",
        "command_line": "Unknown",
        "current_directory": "Unknown",
        "user": "NYLPC0LWVEN\\Admin",
        "integrity_level": "Unknown",
        "hashes": "Unknown",
        "parent_image": "Unknown",
        "parent_process_id": "Unknown",
        "parent_command_line": "Unknown",
        "company": "Unknown",
        "description": "Unknown",
        "product": "Unknown"
    },
    {
        "timestamp": "/Date(1783171519722)/",
        "event_id": 5,
        "provider": "Microsoft-Windows-Sysmon",
        "utc_time": "2026-07-04 13:25:19.722",
        "process_guid": "{0f4cb63d-09bf-6a49-e635-000000006500}",
        "process_id": "24884",
        "image": "C:\\Program Files\\Git\\cmd\\git.exe",
        "command_line": "Unknown",
        "current_directory": "Unknown",
        "user": "NYLPC0LWVEN\\Admin",
        "integrity_level": "Unknown",
        "hashes": "Unknown",
        "parent_image": "Unknown",
        "parent_process_id": "Unknown",
        "parent_command_line": "Unknown",
        "company": "Unknown",
        "description": "Unknown",
        "product": "Unknown"
    },
    {
        "timestamp": "/Date(1783171519719)/",
        "event_id": 5,
        "provider": "Microsoft-Windows-Sysmon",
        "utc_time": "2026-07-04 13:25:19.719",
        "process_guid": "{0f4cb63d-09bf-6a49-e835-000000006500}",
        "process_id": "9904",
        "image": "C:\\Program Files\\Git\\mingw64\\bin\\git.exe",
        "command_line": "Unknown",
        "current_directory": "Unknown",
        "user": "NYLPC0LWVEN\\Admin",
        "integrity_level": "Unknown",
        "hashes": "Unknown",
        "parent_image": "Unknown",
        "parent_process_id": "Unknown",
        "parent_command_line": "Unknown",
        "company": "Unknown",
        "description": "Unknown",
        "product": "Unknown"
    },
    {
        "timestamp": "/Date(1783171519687)/",
        "event_id": 1,
        "provider": "Microsoft-Windows-Sysmon",
        "utc_time": "2026-07-04 13:25:19.683",
        "process_guid": "{0f4cb63d-09bf-6a49-e835-000000006500}",
        "process_id": "9904",
        "image": "C:\\Program Files\\Git\\mingw64\\bin\\git.exe",
        "command_line": "git.exe worktree list --porcelain",
        "current_directory": "C:\\Users\\Admin\\Documents\\Detection-Engineering-Lab\\",
        "user": "NYLPC0LWVEN\\Admin",
        "integrity_level": "High",
        "hashes": "SHA256=FE0E064C8283DC50B1CE11A8B90D2EC1B68B5DC714FF0B8A8534BB9C43D1D02E",
        "parent_image": "C:\\Program Files\\Git\\cmd\\git.exe",
        "parent_process_id": "24884",
        "parent_command_line": "git worktree list --porcelain",
        "company": "The Git Development Community",
        "description": "Git for Windows",
        "product": "Git"
    },
    {
        "timestamp": "/Date(1783171519632)/",
        "event_id": 1,
        "provider": "Microsoft-Windows-Sysmon",
        "utc_time": "2026-07-04 13:25:19.626",
        "process_guid": "{0f4cb63d-09bf-6a49-e735-000000006500}",
        "process_id": "12796",
        "image": "C:\\Windows\\System32\\conhost.exe",
        "command_line": "\\??\\C:\\WINDOWS\\system32\\conhost.exe 0xffffffff -ForceV1",
        "current_directory": "C:\\WINDOWS",
        "user": "NYLPC0LWVEN\\Admin",
        "integrity_level": "High",
        "hashes": "SHA256=B02EE54FB2EC69673386D41119EE8ED083A6EAB3BFCA6AA2155D20CE68EF8963",
        "parent_image": "C:\\Program Files\\Git\\cmd\\git.exe",
        "parent_process_id": "24884",
        "parent_command_line": "git worktree list --porcelain",
        "company": "Microsoft Corporation",
        "description": "Console Window Host",
        "product": "Microsoftr Windowsr Operating System"
    },
    {
        "timestamp": "/Date(1783171519615)/",
        "event_id": 1,
        "provider": "Microsoft-Windows-Sysmon",
        "utc_time": "2026-07-04 13:25:19.608",
        "process_guid": "{0f4cb63d-09bf-6a49-e635-000000006500}",
        "process_id": "24884",
        "image": "C:\\Program Files\\Git\\cmd\\git.exe",
        "command_line": "git worktree list --porcelain",
        "current_directory": "C:\\Users\\Admin\\Documents\\Detection-Engineering-Lab\\",
        "user": "NYLPC0LWVEN\\Admin",
        "integrity_level": "High",
        "hashes": "SHA256=FEC691D80FCCC35FCC309FBC9F720536C1D795B8A562EC169F28C9923DA9600F",
        "parent_image": "C:\\Users\\Admin\\AppData\\Local\\Programs\\Microsoft VS Code\\Code.exe",
        "parent_process_id": "11868",
        "parent_command_line": "\"C:\\Users\\Admin\\AppData\\Local\\Programs\\Microsoft VS Code\\Code.exe\" --type=utility --utility-sub-type=node.mojom.NodeService --lang=en-US --service-sandbox-type=none --dns-result-order=ipv4first --experimental-network-inspection --inspect-port=0 --video-capture-use-gpu-memory-buffer --user-data-dir=\"C:\\Users\\Admin\\AppData\\Roaming\\Code\" --standard-schemes=vscode-webview,vscode-file --enable-sandbox --secure-schemes=vscode-webview,vscode-file --cors-schemes=vscode-webview,vscode-file --fetch-schemes=vscode-webview,vscode-file --service-worker-schemes=vscode-webview --code-cache-schemes=vscode-webview,vscode-file --field-trial-handle=1872,i,11658720543533691094,16837983864148106908,262144 --enable-features=DocumentPolicyIncludeJSCallStacksInCrashReports,EarlyEstablishGpuChannel,EnableTransparentHwndEnlargement,EstablishGpuChannelAsync --disable-features=CalculateNativeWinOcclusion,LocalNetworkAccessChecks,ScreenAIOCREnabled,SpareRendererForSitePerProcess,TraceSiteInstanceGetProcessCreation --variations-seed-version --trace-process-track-uuid=3190708992871164437 --mojo-platform-channel-handle=4368 /prefetch:8",
        "company": "The Git Development Community",
        "description": "Git for Windows",
        "product": "Git"
    },
    {
        "timestamp": "/Date(1783171513598)/",
        "event_id": 5,
        "provider": "Microsoft-Windows-Sysmon",
        "utc_time": "2026-07-04 13:25:13.597",
        "process_guid": "{0f4cb63d-097d-6a49-9f35-000000006500}",
        "process_id": "2528",
        "image": "C:\\Program Files\\Internet Explorer\\ielowutil.exe",
        "command_line": "Unknown",
        "current_directory": "Unknown",
        "user": "NYLPC0LWVEN\\Admin",
        "integrity_level": "Unknown",
        "hashes": "Unknown",
        "parent_image": "Unknown",
        "parent_process_id": "Unknown",
        "parent_command_line": "Unknown",
        "company": "Unknown",
        "description": "Unknown",
        "product": "Unknown"
    },
    {
        "timestamp": "/Date(1783171508502)/",
        "event_id": 5,
        "provider": "Microsoft-Windows-Sysmon",
        "utc_time": "2026-07-04 13:25:08.501",
        "process_guid": "{0f4cb63d-09b4-6a49-e535-000000006500}",
        "process_id": "24868",
        "image": "C:\\Windows\\System32\\WindowsPowerShell\\v1.0\\powershell.exe",
        "command_line": "Unknown",
        "current_directory": "Unknown",
        "user": "NYLPC0LWVEN\\Admin",
        "integrity_level": "Unknown",
        "hashes": "Unknown",
        "parent_image": "Unknown",
        "parent_process_id": "Unknown",
        "parent_command_line": "Unknown",
        "company": "Unknown",
        "description": "Unknown",
        "product": "Unknown"
    },
    {
        "timestamp": "/Date(1783171508040)/",
        "event_id": 1,
        "provider": "Microsoft-Windows-Sysmon",
        "utc_time": "2026-07-04 13:25:08.038",
        "process_guid": "{0f4cb63d-09b4-6a49-e535-000000006500}",
        "process_id": "24868",
        "image": "C:\\Windows\\System32\\WindowsPowerShell\\v1.0\\powershell.exe",
        "command_line": "\"C:\\WINDOWS\\System32\\WindowsPowerShell\\v1.0\\powershell.exe\" -NoProfile -ExecutionPolicy Bypass -Command Get-Date",
        "current_directory": "C:\\Users\\Admin\\Documents\\Detection-Engineering-Lab\\",
        "user": "NYLPC0LWVEN\\Admin",
        "integrity_level": "High",
        "hashes": "SHA256=9785001B0DCF755EDDB8AF294A373C0B87B2498660F724E76C4D53F9C217C7A3",
        "parent_image": "C:\\Windows\\System32\\WindowsPowerShell\\v1.0\\powershell.exe",
        "parent_process_id": "23268",
        "parent_command_line": "C:\\WINDOWS\\System32\\WindowsPowerShell\\v1.0\\powershell.exe -noexit -command \"try { . \\\"c:\\Users\\Admin\\AppData\\Local\\Programs\\Microsoft VS Code\\6a49527b96\\resources\\app\\out\\vs\\workbench\\contrib\\terminal\\common\\scripts\\shellIntegration.ps1\\\" } catch {}\"",
        "company": "Microsoft Corporation",
        "description": "Windows PowerShell",
        "product": "Microsoftr Windowsr Operating System"
    },
    {
        "timestamp": "/Date(1783171507403)/",
        "event_id": 5,
        "provider": "Microsoft-Windows-Sysmon",
        "utc_time": "2026-07-04 13:25:07.402",
        "process_guid": "{0f4cb63d-09b3-6a49-e335-000000006500}",
        "process_id": "25328",
        "image": "C:\\Windows\\System32\\conhost.exe",
        "command_line": "Unknown",
        "current_directory": "Unknown",
        "user": "NYLPC0LWVEN\\Admin",
        "integrity_level": "Unknown",
        "hashes": "Unknown",
        "parent_image": "Unknown",
        "parent_process_id": "Unknown",
        "parent_command_line": "Unknown",
        "company": "Unknown",
        "description": "Unknown",
        "product": "Unknown"
    },
    {
        "timestamp": "/Date(1783171507402)/",
        "event_id": 5,
        "provider": "Microsoft-Windows-Sysmon",
        "utc_time": "2026-07-04 13:25:07.401",
        "process_guid": "{0f4cb63d-09b3-6a49-e235-000000006500}",
        "process_id": "25120",
        "image": "C:\\Program Files\\Git\\cmd\\git.exe",
        "command_line": "Unknown",
        "current_directory": "Unknown",
        "user": "NYLPC0LWVEN\\Admin",
        "integrity_level": "Unknown",
        "hashes": "Unknown",
        "parent_image": "Unknown",
        "parent_process_id": "Unknown",
        "parent_command_line": "Unknown",
        "company": "Unknown",
        "description": "Unknown",
        "product": "Unknown"
    },
    {
        "timestamp": "/Date(1783171507398)/",
        "event_id": 5,
        "provider": "Microsoft-Windows-Sysmon",
        "utc_time": "2026-07-04 13:25:07.397",
        "process_guid": "{0f4cb63d-09b3-6a49-e435-000000006500}",
        "process_id": "2776",
        "image": "C:\\Program Files\\Git\\mingw64\\bin\\git.exe",
        "command_line": "Unknown",
        "current_directory": "Unknown",
        "user": "NYLPC0LWVEN\\Admin",
        "integrity_level": "Unknown",
        "hashes": "Unknown",
        "parent_image": "Unknown",
        "parent_process_id": "Unknown",
        "parent_command_line": "Unknown",
        "company": "Unknown",
        "description": "Unknown",
        "product": "Unknown"
    },
    {
        "timestamp": "/Date(1783171507355)/",
        "event_id": 1,
        "provider": "Microsoft-Windows-Sysmon",
        "utc_time": "2026-07-04 13:25:07.352",
        "process_guid": "{0f4cb63d-09b3-6a49-e435-000000006500}",
        "process_id": "2776",
        "image": "C:\\Program Files\\Git\\mingw64\\bin\\git.exe",
        "command_line": "git.exe worktree list --porcelain",
        "current_directory": "C:\\Users\\Admin\\Documents\\Detection-Engineering-Lab\\",
        "user": "NYLPC0LWVEN\\Admin",
        "integrity_level": "High",
        "hashes": "SHA256=FE0E064C8283DC50B1CE11A8B90D2EC1B68B5DC714FF0B8A8534BB9C43D1D02E",
        "parent_image": "C:\\Program Files\\Git\\cmd\\git.exe",
        "parent_process_id": "25120",
        "parent_command_line": "git worktree list --porcelain",
        "company": "The Git Development Community",
        "description": "Git for Windows",
        "product": "Git"
    },
    {
        "timestamp": "/Date(1783171507305)/",
        "event_id": 1,
        "provider": "Microsoft-Windows-Sysmon",
        "utc_time": "2026-07-04 13:25:07.293",
        "process_guid": "{0f4cb63d-09b3-6a49-e335-000000006500}",
        "process_id": "25328",
        "image": "C:\\Windows\\System32\\conhost.exe",
        "command_line": "\\??\\C:\\WINDOWS\\system32\\conhost.exe 0xffffffff -ForceV1",
        "current_directory": "C:\\WINDOWS",
        "user": "NYLPC0LWVEN\\Admin",
        "integrity_level": "High",
        "hashes": "SHA256=B02EE54FB2EC69673386D41119EE8ED083A6EAB3BFCA6AA2155D20CE68EF8963",
        "parent_image": "C:\\Program Files\\Git\\cmd\\git.exe",
        "parent_process_id": "25120",
        "parent_command_line": "git worktree list --porcelain",
        "company": "Microsoft Corporation",
        "description": "Console Window Host",
        "product": "Microsoftr Windowsr Operating System"
    },
    {
        "timestamp": "/Date(1783171507274)/",
        "event_id": 1,
        "provider": "Microsoft-Windows-Sysmon",
        "utc_time": "2026-07-04 13:25:07.271",
        "process_guid": "{0f4cb63d-09b3-6a49-e235-000000006500}",
        "process_id": "25120",
        "image": "C:\\Program Files\\Git\\cmd\\git.exe",
        "command_line": "git worktree list --porcelain",
        "current_directory": "C:\\Users\\Admin\\Documents\\Detection-Engineering-Lab\\",
        "user": "NYLPC0LWVEN\\Admin",
        "integrity_level": "High",
        "hashes": "SHA256=FEC691D80FCCC35FCC309FBC9F720536C1D795B8A562EC169F28C9923DA9600F",
        "parent_image": "C:\\Users\\Admin\\AppData\\Local\\Programs\\Microsoft VS Code\\Code.exe",
        "parent_process_id": "11868",
        "parent_command_line": "\"C:\\Users\\Admin\\AppData\\Local\\Programs\\Microsoft VS Code\\Code.exe\" --type=utility --utility-sub-type=node.mojom.NodeService --lang=en-US --service-sandbox-type=none --dns-result-order=ipv4first --experimental-network-inspection --inspect-port=0 --video-capture-use-gpu-memory-buffer --user-data-dir=\"C:\\Users\\Admin\\AppData\\Roaming\\Code\" --standard-schemes=vscode-webview,vscode-file --enable-sandbox --secure-schemes=vscode-webview,vscode-file --cors-schemes=vscode-webview,vscode-file --fetch-schemes=vscode-webview,vscode-file --service-worker-schemes=vscode-webview --code-cache-schemes=vscode-webview,vscode-file --field-trial-handle=1872,i,11658720543533691094,16837983864148106908,262144 --enable-features=DocumentPolicyIncludeJSCallStacksInCrashReports,EarlyEstablishGpuChannel,EnableTransparentHwndEnlargement,EstablishGpuChannelAsync --disable-features=CalculateNativeWinOcclusion,LocalNetworkAccessChecks,ScreenAIOCREnabled,SpareRendererForSitePerProcess,TraceSiteInstanceGetProcessCreation --variations-seed-version --trace-process-track-uuid=3190708992871164437 --mojo-platform-channel-handle=4368 /prefetch:8",
        "company": "The Git Development Community",
        "description": "Git for Windows",
        "product": "Git"
    },
    {
        "timestamp": "/Date(1783171502478)/",
        "event_id": 5,
        "provider": "Microsoft-Windows-Sysmon",
        "utc_time": "2026-07-04 13:25:02.477",
        "process_guid": "{0f4cb63d-08cb-6a49-c334-000000006500}",
        "process_id": "8264",
        "image": "C:\\Windows\\System32\\svchost.exe",
        "command_line": "Unknown",
        "current_directory": "Unknown",
        "user": "NT AUTHORITY\\SYSTEM",
        "integrity_level": "Unknown",
        "hashes": "Unknown",
        "parent_image": "Unknown",
        "parent_process_id": "Unknown",
        "parent_command_line": "Unknown",
        "company": "Unknown",
        "description": "Unknown",
        "product": "Unknown"
    },
    {
        "timestamp": "/Date(1783171495191)/",
        "event_id": 5,
        "provider": "Microsoft-Windows-Sysmon",
        "utc_time": "2026-07-04 13:24:55.190",
        "process_guid": "{0f4cb63d-09a6-6a49-df35-000000006500}",
        "process_id": "21628",
        "image": "C:\\Windows\\System32\\conhost.exe",
        "command_line": "Unknown",
        "current_directory": "Unknown",
        "user": "NYLPC0LWVEN\\Admin",
        "integrity_level": "Unknown",
        "hashes": "Unknown",
        "parent_image": "Unknown",
        "parent_process_id": "Unknown",
        "parent_command_line": "Unknown",
        "company": "Unknown",
        "description": "Unknown",
        "product": "Unknown"
    },
    {
        "timestamp": "/Date(1783171495187)/",
        "event_id": 5,
        "provider": "Microsoft-Windows-Sysmon",
        "utc_time": "2026-07-04 13:24:55.185",
        "process_guid": "{0f4cb63d-09a6-6a49-dc35-000000006500}",
        "process_id": "25564",
        "image": "C:\\Program Files\\Git\\cmd\\git.exe",
        "command_line": "Unknown",
        "current_directory": "Unknown",
        "user": "NYLPC0LWVEN\\Admin",
        "integrity_level": "Unknown",
        "hashes": "Unknown",
        "parent_image": "Unknown",
        "parent_process_id": "Unknown",
        "parent_command_line": "Unknown",
        "company": "Unknown",
        "description": "Unknown",
        "product": "Unknown"
    },
    {
        "timestamp": "/Date(1783171495184)/",
        "event_id": 5,
        "provider": "Microsoft-Windows-Sysmon",
        "utc_time": "2026-07-04 13:24:55.183",
        "process_guid": "{0f4cb63d-09a6-6a49-de35-000000006500}",
        "process_id": "21732",
        "image": "C:\\Windows\\System32\\conhost.exe",
        "command_line": "Unknown",
        "current_directory": "Unknown",
        "user": "NYLPC0LWVEN\\Admin",
        "integrity_level": "Unknown",
        "hashes": "Unknown",
        "parent_image": "Unknown",
        "parent_process_id": "Unknown",
        "parent_command_line": "Unknown",
        "company": "Unknown",
        "description": "Unknown",
        "product": "Unknown"
    },
    {
        "timestamp": "/Date(1783171495182)/",
        "event_id": 5,
        "provider": "Microsoft-Windows-Sysmon",
        "utc_time": "2026-07-04 13:24:55.180",
        "process_guid": "{0f4cb63d-09a7-6a49-e035-000000006500}",
        "process_id": "11220",
        "image": "C:\\Program Files\\Git\\mingw64\\bin\\git.exe",
        "command_line": "Unknown",
        "current_directory": "Unknown",
        "user": "NYLPC0LWVEN\\Admin",
        "integrity_level": "Unknown",
        "hashes": "Unknown",
        "parent_image": "Unknown",
        "parent_process_id": "Unknown",
        "parent_command_line": "Unknown",
        "company": "Unknown",
        "description": "Unknown",
        "product": "Unknown"
    },
    {
        "timestamp": "/Date(1783171495182)/",
        "event_id": 5,
        "provider": "Microsoft-Windows-Sysmon",
        "utc_time": "2026-07-04 13:24:55.180",
        "process_guid": "{0f4cb63d-09a6-6a49-dd35-000000006500}",
        "process_id": "16272",
        "image": "C:\\Program Files\\Git\\cmd\\git.exe",
        "command_line": "Unknown",
        "current_directory": "Unknown",
        "user": "NYLPC0LWVEN\\Admin",
        "integrity_level": "Unknown",
        "hashes": "Unknown",
        "parent_image": "Unknown",
        "parent_process_id": "Unknown",
        "parent_command_line": "Unknown",
        "company": "Unknown",
        "description": "Unknown",
        "product": "Unknown"
    },
    {
        "timestamp": "/Date(1783171495173)/",
        "event_id": 5,
        "provider": "Microsoft-Windows-Sysmon",
        "utc_time": "2026-07-04 13:24:55.172",
        "process_guid": "{0f4cb63d-09a7-6a49-e135-000000006500}",
        "process_id": "3880",
        "image": "C:\\Program Files\\Git\\mingw64\\bin\\git.exe",
        "command_line": "Unknown",
        "current_directory": "Unknown",
        "user": "NYLPC0LWVEN\\Admin",
        "integrity_level": "Unknown",
        "hashes": "Unknown",
        "parent_image": "Unknown",
        "parent_process_id": "Unknown",
        "parent_command_line": "Unknown",
        "company": "Unknown",
        "description": "Unknown",
        "product": "Unknown"
    },
    {
        "timestamp": "/Date(1783171495083)/",
        "event_id": 1,
        "provider": "Microsoft-Windows-Sysmon",
        "utc_time": "2026-07-04 13:24:55.066",
        "process_guid": "{0f4cb63d-09a7-6a49-e135-000000006500}",
        "process_id": "3880",
        "image": "C:\\Program Files\\Git\\mingw64\\bin\\git.exe",
        "command_line": "git.exe for-each-ref --sort -committerdate --format %%(refname)The operation completed successfully.%%(objectname)The operation completed successfully.%%(*objectname)",
        "current_directory": "C:\\Users\\Admin\\Documents\\Detection-Engineering-Lab\\",
        "user": "NYLPC0LWVEN\\Admin",
        "integrity_level": "High",
        "hashes": "SHA256=FE0E064C8283DC50B1CE11A8B90D2EC1B68B5DC714FF0B8A8534BB9C43D1D02E",
        "parent_image": "C:\\Program Files\\Git\\cmd\\git.exe",
        "parent_process_id": "16272",
        "parent_command_line": "\"C:\\Program Files\\Git\\cmd\\git.exe\" for-each-ref --sort -committerdate --format %(refname)%00%(objectname)%00%(*objectname)",
        "company": "The Git Development Community",
        "description": "Git for Windows",
        "product": "Git"
    },
    {
        "timestamp": "/Date(1783171495034)/",
        "event_id": 1,
        "provider": "Microsoft-Windows-Sysmon",
        "utc_time": "2026-07-04 13:24:55.022",
        "process_guid": "{0f4cb63d-09a7-6a49-e035-000000006500}",
        "process_id": "11220",
        "image": "C:\\Program Files\\Git\\mingw64\\bin\\git.exe",
        "command_line": "git.exe status -z -uall",
        "current_directory": "C:\\Users\\Admin\\Documents\\Detection-Engineering-Lab\\",
        "user": "NYLPC0LWVEN\\Admin",
        "integrity_level": "High",
        "hashes": "SHA256=FE0E064C8283DC50B1CE11A8B90D2EC1B68B5DC714FF0B8A8534BB9C43D1D02E",
        "parent_image": "C:\\Program Files\\Git\\cmd\\git.exe",
        "parent_process_id": "25564",
        "parent_command_line": "\"C:\\Program Files\\Git\\cmd\\git.exe\" status -z -uall",
        "company": "The Git Development Community",
        "description": "Git for Windows",
        "product": "Git"
    },
    {
        "timestamp": "/Date(1783171494932)/",
        "event_id": 1,
        "provider": "Microsoft-Windows-Sysmon",
        "utc_time": "2026-07-04 13:24:54.926",
        "process_guid": "{0f4cb63d-09a6-6a49-df35-000000006500}",
        "process_id": "21628",
        "image": "C:\\Windows\\System32\\conhost.exe",
        "command_line": "\\??\\C:\\WINDOWS\\system32\\conhost.exe 0xffffffff -ForceV1",
        "current_directory": "C:\\WINDOWS",
        "user": "NYLPC0LWVEN\\Admin",
        "integrity_level": "High",
        "hashes": "SHA256=B02EE54FB2EC69673386D41119EE8ED083A6EAB3BFCA6AA2155D20CE68EF8963",
        "parent_image": "C:\\Program Files\\Git\\cmd\\git.exe",
        "parent_process_id": "25564",
        "parent_command_line": "\"C:\\Program Files\\Git\\cmd\\git.exe\" status -z -uall",
        "company": "Microsoft Corporation",
        "description": "Console Window Host",
        "product": "Microsoftr Windowsr Operating System"
    },
    {
        "timestamp": "/Date(1783171494919)/",
        "event_id": 1,
        "provider": "Microsoft-Windows-Sysmon",
        "utc_time": "2026-07-04 13:24:54.911",
        "process_guid": "{0f4cb63d-09a6-6a49-de35-000000006500}",
        "process_id": "21732",
        "image": "C:\\Windows\\System32\\conhost.exe",
        "command_line": "\\??\\C:\\WINDOWS\\system32\\conhost.exe 0xffffffff -ForceV1",
        "current_directory": "C:\\WINDOWS",
        "user": "NYLPC0LWVEN\\Admin",
        "integrity_level": "High",
        "hashes": "SHA256=B02EE54FB2EC69673386D41119EE8ED083A6EAB3BFCA6AA2155D20CE68EF8963",
        "parent_image": "C:\\Program Files\\Git\\cmd\\git.exe",
        "parent_process_id": "16272",
        "parent_command_line": "\"C:\\Program Files\\Git\\cmd\\git.exe\" for-each-ref --sort -committerdate --format %(refname)%00%(objectname)%00%(*objectname)",
        "company": "Microsoft Corporation",
        "description": "Console Window Host",
        "product": "Microsoftr Windowsr Operating System"
    },
    {
        "timestamp": "/Date(1783171494903)/",
        "event_id": 1,
        "provider": "Microsoft-Windows-Sysmon",
        "utc_time": "2026-07-04 13:24:54.900",
        "process_guid": "{0f4cb63d-09a6-6a49-dd35-000000006500}",
        "process_id": "16272",
        "image": "C:\\Program Files\\Git\\cmd\\git.exe",
        "command_line": "\"C:\\Program Files\\Git\\cmd\\git.exe\" for-each-ref --sort -committerdate --format %%(refname)The operation completed successfully.%%(objectname)The operation completed successfully.%%(*objectname)",
        "current_directory": "C:\\Users\\Admin\\Documents\\Detection-Engineering-Lab\\",
        "user": "NYLPC0LWVEN\\Admin",
        "integrity_level": "High",
        "hashes": "SHA256=FEC691D80FCCC35FCC309FBC9F720536C1D795B8A562EC169F28C9923DA9600F",
        "parent_image": "C:\\Users\\Admin\\AppData\\Local\\Programs\\Microsoft VS Code\\Code.exe",
        "parent_process_id": "11868",
        "parent_command_line": "\"C:\\Users\\Admin\\AppData\\Local\\Programs\\Microsoft VS Code\\Code.exe\" --type=utility --utility-sub-type=node.mojom.NodeService --lang=en-US --service-sandbox-type=none --dns-result-order=ipv4first --experimental-network-inspection --inspect-port=0 --video-capture-use-gpu-memory-buffer --user-data-dir=\"C:\\Users\\Admin\\AppData\\Roaming\\Code\" --standard-schemes=vscode-webview,vscode-file --enable-sandbox --secure-schemes=vscode-webview,vscode-file --cors-schemes=vscode-webview,vscode-file --fetch-schemes=vscode-webview,vscode-file --service-worker-schemes=vscode-webview --code-cache-schemes=vscode-webview,vscode-file --field-trial-handle=1872,i,11658720543533691094,16837983864148106908,262144 --enable-features=DocumentPolicyIncludeJSCallStacksInCrashReports,EarlyEstablishGpuChannel,EnableTransparentHwndEnlargement,EstablishGpuChannelAsync --disable-features=CalculateNativeWinOcclusion,LocalNetworkAccessChecks,ScreenAIOCREnabled,SpareRendererForSitePerProcess,TraceSiteInstanceGetProcessCreation --variations-seed-version --trace-process-track-uuid=3190708992871164437 --mojo-platform-channel-handle=4368 /prefetch:8",
        "company": "The Git Development Community",
        "description": "Git for Windows",
        "product": "Git"
    },
    {
        "timestamp": "/Date(1783171494899)/",
        "event_id": 1,
        "provider": "Microsoft-Windows-Sysmon",
        "utc_time": "2026-07-04 13:24:54.891",
        "process_guid": "{0f4cb63d-09a6-6a49-dc35-000000006500}",
        "process_id": "25564",
        "image": "C:\\Program Files\\Git\\cmd\\git.exe",
        "command_line": "\"C:\\Program Files\\Git\\cmd\\git.exe\" status -z -uall",
        "current_directory": "C:\\Users\\Admin\\Documents\\Detection-Engineering-Lab\\",
        "user": "NYLPC0LWVEN\\Admin",
        "integrity_level": "High",
        "hashes": "SHA256=FEC691D80FCCC35FCC309FBC9F720536C1D795B8A562EC169F28C9923DA9600F",
        "parent_image": "C:\\Users\\Admin\\AppData\\Local\\Programs\\Microsoft VS Code\\Code.exe",
        "parent_process_id": "11868",
        "parent_command_line": "\"C:\\Users\\Admin\\AppData\\Local\\Programs\\Microsoft VS Code\\Code.exe\" --type=utility --utility-sub-type=node.mojom.NodeService --lang=en-US --service-sandbox-type=none --dns-result-order=ipv4first --experimental-network-inspection --inspect-port=0 --video-capture-use-gpu-memory-buffer --user-data-dir=\"C:\\Users\\Admin\\AppData\\Roaming\\Code\" --standard-schemes=vscode-webview,vscode-file --enable-sandbox --secure-schemes=vscode-webview,vscode-file --cors-schemes=vscode-webview,vscode-file --fetch-schemes=vscode-webview,vscode-file --service-worker-schemes=vscode-webview --code-cache-schemes=vscode-webview,vscode-file --field-trial-handle=1872,i,11658720543533691094,16837983864148106908,262144 --enable-features=DocumentPolicyIncludeJSCallStacksInCrashReports,EarlyEstablishGpuChannel,EnableTransparentHwndEnlargement,EstablishGpuChannelAsync --disable-features=CalculateNativeWinOcclusion,LocalNetworkAccessChecks,ScreenAIOCREnabled,SpareRendererForSitePerProcess,TraceSiteInstanceGetProcessCreation --variations-seed-version --trace-process-track-uuid=3190708992871164437 --mojo-platform-channel-handle=4368 /prefetch:8",
        "company": "The Git Development Community",
        "description": "Git for Windows",
        "product": "Git"
    },
    {
        "timestamp": "/Date(1783171494892)/",
        "event_id": 5,
        "provider": "Microsoft-Windows-Sysmon",
        "utc_time": "2026-07-04 13:24:54.889",
        "process_guid": "{0f4cb63d-09a6-6a49-d835-000000006500}",
        "process_id": "17460",
        "image": "C:\\Windows\\System32\\conhost.exe",
        "command_line": "Unknown",
        "current_directory": "Unknown",
        "user": "NYLPC0LWVEN\\Admin",
        "integrity_level": "Unknown",
        "hashes": "Unknown",
        "parent_image": "Unknown",
        "parent_process_id": "Unknown",
        "parent_command_line": "Unknown",
        "company": "Unknown",
        "description": "Unknown",
        "product": "Unknown"
    },
    {
        "timestamp": "/Date(1783171494887)/",
        "event_id": 5,
        "provider": "Microsoft-Windows-Sysmon",
        "utc_time": "2026-07-04 13:24:54.886",
        "process_guid": "{0f4cb63d-09a6-6a49-d935-000000006500}",
        "process_id": "16876",
        "image": "C:\\Windows\\System32\\conhost.exe",
        "command_line": "Unknown",
        "current_directory": "Unknown",
        "user": "NYLPC0LWVEN\\Admin",
        "integrity_level": "Unknown",
        "hashes": "Unknown",
        "parent_image": "Unknown",
        "parent_process_id": "Unknown",
        "parent_command_line": "Unknown",
        "company": "Unknown",
        "description": "Unknown",
        "product": "Unknown"
    },
    {
        "timestamp": "/Date(1783171494887)/",
        "event_id": 5,
        "provider": "Microsoft-Windows-Sysmon",
        "utc_time": "2026-07-04 13:24:54.884",
        "process_guid": "{0f4cb63d-09a6-6a49-d735-000000006500}",
        "process_id": "14732",
        "image": "C:\\Program Files\\Git\\cmd\\git.exe",
        "command_line": "Unknown",
        "current_directory": "Unknown",
        "user": "NYLPC0LWVEN\\Admin",
        "integrity_level": "Unknown",
        "hashes": "Unknown",
        "parent_image": "Unknown",
        "parent_process_id": "Unknown",
        "parent_command_line": "Unknown",
        "company": "Unknown",
        "description": "Unknown",
        "product": "Unknown"
    },
    {
        "timestamp": "/Date(1783171494883)/",
        "event_id": 5,
        "provider": "Microsoft-Windows-Sysmon",
        "utc_time": "2026-07-04 13:24:54.883",
        "process_guid": "{0f4cb63d-09a6-6a49-d635-000000006500}",
        "process_id": "14536",
        "image": "C:\\Program Files\\Git\\cmd\\git.exe",
        "command_line": "Unknown",
        "current_directory": "Unknown",
        "user": "NYLPC0LWVEN\\Admin",
        "integrity_level": "Unknown",
        "hashes": "Unknown",
        "parent_image": "Unknown",
        "parent_process_id": "Unknown",
        "parent_command_line": "Unknown",
        "company": "Unknown",
        "description": "Unknown",
        "product": "Unknown"
    },
    {
        "timestamp": "/Date(1783171494881)/",
        "event_id": 5,
        "provider": "Microsoft-Windows-Sysmon",
        "utc_time": "2026-07-04 13:24:54.880",
        "process_guid": "{0f4cb63d-09a6-6a49-da35-000000006500}",
        "process_id": "24388",
        "image": "C:\\Program Files\\Git\\mingw64\\bin\\git.exe",
        "command_line": "Unknown",
        "current_directory": "Unknown",
        "user": "NYLPC0LWVEN\\Admin",
        "integrity_level": "Unknown",
        "hashes": "Unknown",
        "parent_image": "Unknown",
        "parent_process_id": "Unknown",
        "parent_command_line": "Unknown",
        "company": "Unknown",
        "description": "Unknown",
        "product": "Unknown"
    },
    {
        "timestamp": "/Date(1783171494879)/",
        "event_id": 5,
        "provider": "Microsoft-Windows-Sysmon",
        "utc_time": "2026-07-04 13:24:54.876",
        "process_guid": "{0f4cb63d-09a6-6a49-db35-000000006500}",
        "process_id": "24940",
        "image": "C:\\Program Files\\Git\\mingw64\\bin\\git.exe",
        "command_line": "Unknown",
        "current_directory": "Unknown",
        "user": "NYLPC0LWVEN\\Admin",
        "integrity_level": "Unknown",
        "hashes": "Unknown",
        "parent_image": "Unknown",
        "parent_process_id": "Unknown",
        "parent_command_line": "Unknown",
        "company": "Unknown",
        "description": "Unknown",
        "product": "Unknown"
    },
    {
        "timestamp": "/Date(1783171494806)/",
        "event_id": 1,
        "provider": "Microsoft-Windows-Sysmon",
        "utc_time": "2026-07-04 13:24:54.797",
        "process_guid": "{0f4cb63d-09a6-6a49-db35-000000006500}",
        "process_id": "24940",
        "image": "C:\\Program Files\\Git\\mingw64\\bin\\git.exe",
        "command_line": "git.exe config --get commit.template",
        "current_directory": "C:\\Users\\Admin\\Documents\\Detection-Engineering-Lab\\",
        "user": "NYLPC0LWVEN\\Admin",
        "integrity_level": "High",
        "hashes": "SHA256=FE0E064C8283DC50B1CE11A8B90D2EC1B68B5DC714FF0B8A8534BB9C43D1D02E",
        "parent_image": "C:\\Program Files\\Git\\cmd\\git.exe",
        "parent_process_id": "14536",
        "parent_command_line": "\"C:\\Program Files\\Git\\cmd\\git.exe\" config --get commit.template",
        "company": "The Git Development Community",
        "description": "Git for Windows",
        "product": "Git"
    },
    {
        "timestamp": "/Date(1783171494787)/",
        "event_id": 1,
        "provider": "Microsoft-Windows-Sysmon",
        "utc_time": "2026-07-04 13:24:54.781",
        "process_guid": "{0f4cb63d-09a6-6a49-da35-000000006500}",
        "process_id": "24388",
        "image": "C:\\Program Files\\Git\\mingw64\\bin\\git.exe",
        "command_line": "git.exe for-each-ref --format=%%(refname)The operation completed successfully.%%(upstream:short)The operation completed successfully.%%(objectname)The operation completed successfully.%%(upstream:track)The operation completed successfully.%%(upstream:remotename)The operation completed successfully.%%(upstream:remoteref) --ignore-case refs/heads/main refs/remotes/main",
        "current_directory": "C:\\Users\\Admin\\Documents\\Detection-Engineering-Lab\\",
        "user": "NYLPC0LWVEN\\Admin",
        "integrity_level": "High",
        "hashes": "SHA256=FE0E064C8283DC50B1CE11A8B90D2EC1B68B5DC714FF0B8A8534BB9C43D1D02E",
        "parent_image": "C:\\Program Files\\Git\\cmd\\git.exe",
        "parent_process_id": "14732",
        "parent_command_line": "\"C:\\Program Files\\Git\\cmd\\git.exe\" for-each-ref --format=%(refname)%00%(upstream:short)%00%(objectname)%00%(upstream:track)%00%(upstream:remotename)%00%(upstream:remoteref) --ignore-case refs/heads/main refs/remotes/main",
        "company": "The Git Development Community",
        "description": "Git for Windows",
        "product": "Git"
    },
    {
        "timestamp": "/Date(1783171494733)/",
        "event_id": 1,
        "provider": "Microsoft-Windows-Sysmon",
        "utc_time": "2026-07-04 13:24:54.728",
        "process_guid": "{0f4cb63d-09a6-6a49-d935-000000006500}",
        "process_id": "16876",
        "image": "C:\\Windows\\System32\\conhost.exe",
        "command_line": "\\??\\C:\\WINDOWS\\system32\\conhost.exe 0xffffffff -ForceV1",
        "current_directory": "C:\\WINDOWS",
        "user": "NYLPC0LWVEN\\Admin",
        "integrity_level": "High",
        "hashes": "SHA256=B02EE54FB2EC69673386D41119EE8ED083A6EAB3BFCA6AA2155D20CE68EF8963",
        "parent_image": "C:\\Program Files\\Git\\cmd\\git.exe",
        "parent_process_id": "14536",
        "parent_command_line": "\"C:\\Program Files\\Git\\cmd\\git.exe\" config --get commit.template",
        "company": "Microsoft Corporation",
        "description": "Console Window Host",
        "product": "Microsoftr Windowsr Operating System"
    },
    {
        "timestamp": "/Date(1783171494717)/",
        "event_id": 1,
        "provider": "Microsoft-Windows-Sysmon",
        "utc_time": "2026-07-04 13:24:54.706",
        "process_guid": "{0f4cb63d-09a6-6a49-d835-000000006500}",
        "process_id": "17460",
        "image": "C:\\Windows\\System32\\conhost.exe",
        "command_line": "\\??\\C:\\WINDOWS\\system32\\conhost.exe 0xffffffff -ForceV1",
        "current_directory": "C:\\WINDOWS",
        "user": "NYLPC0LWVEN\\Admin",
        "integrity_level": "High",
        "hashes": "SHA256=B02EE54FB2EC69673386D41119EE8ED083A6EAB3BFCA6AA2155D20CE68EF8963",
        "parent_image": "C:\\Program Files\\Git\\cmd\\git.exe",
        "parent_process_id": "14732",
        "parent_command_line": "\"C:\\Program Files\\Git\\cmd\\git.exe\" for-each-ref --format=%(refname)%00%(upstream:short)%00%(objectname)%00%(upstream:track)%00%(upstream:remotename)%00%(upstream:remoteref) --ignore-case refs/heads/main refs/remotes/main",
        "company": "Microsoft Corporation",
        "description": "Console Window Host",
        "product": "Microsoftr Windowsr Operating System"
    },
    {
        "timestamp": "/Date(1783171494696)/",
        "event_id": 1,
        "provider": "Microsoft-Windows-Sysmon",
        "utc_time": "2026-07-04 13:24:54.673",
        "process_guid": "{0f4cb63d-09a6-6a49-d735-000000006500}",
        "process_id": "14732",
        "image": "C:\\Program Files\\Git\\cmd\\git.exe",
        "command_line": "\"C:\\Program Files\\Git\\cmd\\git.exe\" for-each-ref --format=%%(refname)The operation completed successfully.%%(upstream:short)The operation completed successfully.%%(objectname)The operation completed successfully.%%(upstream:track)The operation completed successfully.%%(upstream:remotename)The operation completed successfully.%%(upstream:remoteref) --ignore-case refs/heads/main refs/remotes/main",
        "current_directory": "C:\\Users\\Admin\\Documents\\Detection-Engineering-Lab\\",
        "user": "NYLPC0LWVEN\\Admin",
        "integrity_level": "High",
        "hashes": "SHA256=FEC691D80FCCC35FCC309FBC9F720536C1D795B8A562EC169F28C9923DA9600F",
        "parent_image": "C:\\Users\\Admin\\AppData\\Local\\Programs\\Microsoft VS Code\\Code.exe",
        "parent_process_id": "11868",
        "parent_command_line": "\"C:\\Users\\Admin\\AppData\\Local\\Programs\\Microsoft VS Code\\Code.exe\" --type=utility --utility-sub-type=node.mojom.NodeService --lang=en-US --service-sandbox-type=none --dns-result-order=ipv4first --experimental-network-inspection --inspect-port=0 --video-capture-use-gpu-memory-buffer --user-data-dir=\"C:\\Users\\Admin\\AppData\\Roaming\\Code\" --standard-schemes=vscode-webview,vscode-file --enable-sandbox --secure-schemes=vscode-webview,vscode-file --cors-schemes=vscode-webview,vscode-file --fetch-schemes=vscode-webview,vscode-file --service-worker-schemes=vscode-webview --code-cache-schemes=vscode-webview,vscode-file --field-trial-handle=1872,i,11658720543533691094,16837983864148106908,262144 --enable-features=DocumentPolicyIncludeJSCallStacksInCrashReports,EarlyEstablishGpuChannel,EnableTransparentHwndEnlargement,EstablishGpuChannelAsync --disable-features=CalculateNativeWinOcclusion,LocalNetworkAccessChecks,ScreenAIOCREnabled,SpareRendererForSitePerProcess,TraceSiteInstanceGetProcessCreation --variations-seed-version --trace-process-track-uuid=3190708992871164437 --mojo-platform-channel-handle=4368 /prefetch:8",
        "company": "The Git Development Community",
        "description": "Git for Windows",
        "product": "Git"
    },
